[4.162s] Invoking command in '/home/mi/workplace/src/learning': PYTHONPATH=/home/mi/workplace/install/learning/lib/python3.6/site-packages:${PYTHONPATH} /usr/bin/python3 setup.py egg_info --egg-base ../../build/learning build --build-base /home/mi/workplace/build/learning/build install --prefix /home/mi/workplace/install/learning --record /home/mi/workplace/build/learning/install.log --single-version-externally-managed
[5.793s] running egg_info
[5.796s] writing ../../build/learning/learning.egg-info/PKG-INFO
[5.796s] writing dependency_links to ../../build/learning/learning.egg-info/dependency_links.txt
[5.802s] writing entry points to ../../build/learning/learning.egg-info/entry_points.txt
[5.803s] writing requirements to ../../build/learning/learning.egg-info/requires.txt
[5.803s] writing top-level names to ../../build/learning/learning.egg-info/top_level.txt
[5.816s] reading manifest file '../../build/learning/learning.egg-info/SOURCES.txt'
[5.823s] writing manifest file '../../build/learning/learning.egg-info/SOURCES.txt'
[5.823s] running build
[5.825s] running build_py
[5.826s] copying learning/realsense_cam_suber.py -> /home/mi/workplace/build/learning/build/lib/learning
[5.829s] running install
[5.831s] /usr/local/lib/python3.6/dist-packages/setuptools/command/install.py:37: SetuptoolsDeprecationWarning: setup.py install is deprecated. Use build and pip and other standards-based tools.
[5.832s]   setuptools.SetuptoolsDeprecationWarning,
[5.833s] running install_lib
[5.835s] copying /home/mi/workplace/build/learning/build/lib/learning/realsense_cam_suber.py -> /home/mi/workplace/install/learning/lib/python3.6/site-packages/learning
[5.839s] byte-compiling /home/mi/workplace/install/learning/lib/python3.6/site-packages/learning/realsense_cam_suber.py to realsense_cam_suber.cpython-36.pyc
[5.842s] running install_data
[5.848s] running install_egg_info
[5.854s] removing '/home/mi/workplace/install/learning/lib/python3.6/site-packages/learning-0.0.0-py3.6.egg-info' (and everything under it)
[5.856s] Copying ../../build/learning/learning.egg-info to /home/mi/workplace/install/learning/lib/python3.6/site-packages/learning-0.0.0-py3.6.egg-info
[5.861s] running install_scripts
[5.951s] Installing camera script to /home/mi/workplace/install/learning/lib/learning
[5.952s] Installing data_receive script to /home/mi/workplace/install/learning/lib/learning
[5.953s] Installing get_data script to /home/mi/workplace/install/learning/lib/learning
[5.953s] Installing keeper script to /home/mi/workplace/install/learning/lib/learning
[5.955s] Installing move_horizontal script to /home/mi/workplace/install/learning/lib/learning
[5.956s] Installing realsense_cam_suber script to /home/mi/workplace/install/learning/lib/learning
[5.958s] Installing rgb_cam_suber script to /home/mi/workplace/install/learning/lib/learning
[5.959s] Installing stand script to /home/mi/workplace/install/learning/lib/learning
[5.960s] Installing track script to /home/mi/workplace/install/learning/lib/learning
[5.962s] writing list of installed files to '/home/mi/workplace/build/learning/install.log'
[6.078s] Invoked command in '/home/mi/workplace/src/learning' returned '0': PYTHONPATH=/home/mi/workplace/install/learning/lib/python3.6/site-packages:${PYTHONPATH} /usr/bin/python3 setup.py egg_info --egg-base ../../build/learning build --build-base /home/mi/workplace/build/learning/build install --prefix /home/mi/workplace/install/learning --record /home/mi/workplace/build/learning/install.log --single-version-externally-managed
