[4.708s] Invoking command in '/home/mi/workplace/src/learning': PYTHONPATH=/home/mi/workplace/install/learning/lib/python3.6/site-packages:${PYTHONPATH} /usr/bin/python3 setup.py egg_info --egg-base ../../build/learning build --build-base /home/mi/workplace/build/learning/build install --prefix /home/mi/workplace/install/learning --record /home/mi/workplace/build/learning/install.log --single-version-externally-managed
[6.365s] running egg_info
[6.373s] writing ../../build/learning/learning.egg-info/PKG-INFO
[6.374s] writing dependency_links to ../../build/learning/learning.egg-info/dependency_links.txt
[6.375s] writing entry points to ../../build/learning/learning.egg-info/entry_points.txt
[6.375s] writing requirements to ../../build/learning/learning.egg-info/requires.txt
[6.376s] writing top-level names to ../../build/learning/learning.egg-info/top_level.txt
[6.392s] reading manifest file '../../build/learning/learning.egg-info/SOURCES.txt'
[6.400s] writing manifest file '../../build/learning/learning.egg-info/SOURCES.txt'
[6.400s] running build
[6.401s] running build_py
[6.402s] copying learning/data_receive.py -> /home/mi/workplace/build/learning/build/lib/learning
[6.409s] copying learning/move_x.py -> /home/mi/workplace/build/learning/build/lib/learning
[6.411s] copying learning/get_data.py -> /home/mi/workplace/build/learning/build/lib/learning
[6.412s] running install
[6.413s] /usr/local/lib/python3.6/dist-packages/setuptools/command/install.py:37: SetuptoolsDeprecationWarning: setup.py install is deprecated. Use build and pip and other standards-based tools.
[6.413s]   setuptools.SetuptoolsDeprecationWarning,
[6.414s] running install_lib
[6.419s] copying /home/mi/workplace/build/learning/build/lib/learning/data_receive.py -> /home/mi/workplace/install/learning/lib/python3.6/site-packages/learning
[6.420s] copying /home/mi/workplace/build/learning/build/lib/learning/move_x.py -> /home/mi/workplace/install/learning/lib/python3.6/site-packages/learning
[6.420s] copying /home/mi/workplace/build/learning/build/lib/learning/get_data.py -> /home/mi/workplace/install/learning/lib/python3.6/site-packages/learning
[6.421s] byte-compiling /home/mi/workplace/install/learning/lib/python3.6/site-packages/learning/data_receive.py to data_receive.cpython-36.pyc
[6.427s] byte-compiling /home/mi/workplace/install/learning/lib/python3.6/site-packages/learning/move_x.py to move_x.cpython-36.pyc
[6.432s] byte-compiling /home/mi/workplace/install/learning/lib/python3.6/site-packages/learning/get_data.py to get_data.cpython-36.pyc
[6.437s] running install_data
[6.442s] running install_egg_info
[6.448s] removing '/home/mi/workplace/install/learning/lib/python3.6/site-packages/learning-0.0.0-py3.6.egg-info' (and everything under it)
[6.451s] Copying ../../build/learning/learning.egg-info to /home/mi/workplace/install/learning/lib/python3.6/site-packages/learning-0.0.0-py3.6.egg-info
[6.456s] running install_scripts
[6.550s] Installing camera script to /home/mi/workplace/install/learning/lib/learning
[6.552s] Installing data_receive script to /home/mi/workplace/install/learning/lib/learning
[6.553s] Installing get_data script to /home/mi/workplace/install/learning/lib/learning
[6.554s] Installing keeper script to /home/mi/workplace/install/learning/lib/learning
[6.555s] Installing move_x script to /home/mi/workplace/install/learning/lib/learning
[6.555s] Installing stand script to /home/mi/workplace/install/learning/lib/learning
[6.556s] Installing track script to /home/mi/workplace/install/learning/lib/learning
[6.564s] writing list of installed files to '/home/mi/workplace/build/learning/install.log'
[6.680s] Invoked command in '/home/mi/workplace/src/learning' returned '0': PYTHONPATH=/home/mi/workplace/install/learning/lib/python3.6/site-packages:${PYTHONPATH} /usr/bin/python3 setup.py egg_info --egg-base ../../build/learning build --build-base /home/mi/workplace/build/learning/build install --prefix /home/mi/workplace/install/learning --record /home/mi/workplace/build/learning/install.log --single-version-externally-managed
