[4.491s] Invoking command in '/home/mi/workplace/src/learning': PYTHONPATH=/home/mi/workplace/install/learning/lib/python3.6/site-packages:${PYTHONPATH} /usr/bin/python3 setup.py egg_info --egg-base ../../build/learning build --build-base /home/mi/workplace/build/learning/build install --prefix /home/mi/workplace/install/learning --record /home/mi/workplace/build/learning/install.log --single-version-externally-managed
[6.196s] running egg_info
[6.199s] writing ../../build/learning/learning.egg-info/PKG-INFO
[6.200s] writing dependency_links to ../../build/learning/learning.egg-info/dependency_links.txt
[6.201s] writing entry points to ../../build/learning/learning.egg-info/entry_points.txt
[6.202s] writing requirements to ../../build/learning/learning.egg-info/requires.txt
[6.203s] writing top-level names to ../../build/learning/learning.egg-info/top_level.txt
[6.222s] reading manifest file '../../build/learning/learning.egg-info/SOURCES.txt'
[6.226s] writing manifest file '../../build/learning/learning.egg-info/SOURCES.txt'
[6.227s] running build
[6.227s] running build_py
[6.231s] copying learning/realsense_cam_suber.py -> /home/mi/workplace/build/learning/build/lib/learning
[6.232s] running install
[6.235s] /usr/local/lib/python3.6/dist-packages/setuptools/command/install.py:37: SetuptoolsDeprecationWarning: setup.py install is deprecated. Use build and pip and other standards-based tools.
[6.236s]   setuptools.SetuptoolsDeprecationWarning,
[6.236s] running install_lib
[6.243s] copying /home/mi/workplace/build/learning/build/lib/learning/realsense_cam_suber.py -> /home/mi/workplace/install/learning/lib/python3.6/site-packages/learning
[6.243s] byte-compiling /home/mi/workplace/install/learning/lib/python3.6/site-packages/learning/realsense_cam_suber.py to realsense_cam_suber.cpython-36.pyc
[6.248s] running install_data
[6.250s] running install_egg_info
[6.255s] removing '/home/mi/workplace/install/learning/lib/python3.6/site-packages/learning-0.0.0-py3.6.egg-info' (and everything under it)
[6.257s] Copying ../../build/learning/learning.egg-info to /home/mi/workplace/install/learning/lib/python3.6/site-packages/learning-0.0.0-py3.6.egg-info
[6.262s] running install_scripts
[6.359s] Installing camera script to /home/mi/workplace/install/learning/lib/learning
[6.360s] Installing data_receive script to /home/mi/workplace/install/learning/lib/learning
[6.360s] Installing get_data script to /home/mi/workplace/install/learning/lib/learning
[6.363s] Installing keeper script to /home/mi/workplace/install/learning/lib/learning
[6.363s] Installing move_horizontal script to /home/mi/workplace/install/learning/lib/learning
[6.364s] Installing realsense_cam_suber script to /home/mi/workplace/install/learning/lib/learning
[6.364s] Installing rgb_cam_suber script to /home/mi/workplace/install/learning/lib/learning
[6.365s] Installing stand script to /home/mi/workplace/install/learning/lib/learning
[6.365s] Installing track script to /home/mi/workplace/install/learning/lib/learning
[6.369s] writing list of installed files to '/home/mi/workplace/build/learning/install.log'
[6.495s] Invoked command in '/home/mi/workplace/src/learning' returned '0': PYTHONPATH=/home/mi/workplace/install/learning/lib/python3.6/site-packages:${PYTHONPATH} /usr/bin/python3 setup.py egg_info --egg-base ../../build/learning build --build-base /home/mi/workplace/build/learning/build install --prefix /home/mi/workplace/install/learning --record /home/mi/workplace/build/learning/install.log --single-version-externally-managed
