2024-05-17 22:03:20.365 [info] 日志级别: Info
2024-05-17 22:03:20.365 [info] 正在验证在以下位置找到的 git: "git"
2024-05-17 22:03:20.365 [info] 将使用位于 "2.17.1" 的 Git "git"
2024-05-17 22:03:20.366 [info] > git rev-parse --show-toplevel [41ms]
2024-05-17 22:03:20.366 [info] fatal: not a git repository (or any of the parent directories): .git
2024-05-17 22:03:20.366 [info] > git rev-parse --show-toplevel [7ms]
2024-05-17 22:03:20.366 [info] fatal: not a git repository (or any of the parent directories): .git
2024-05-17 22:03:20.366 [info] > git rev-parse --show-toplevel [7ms]
2024-05-17 22:03:20.366 [info] fatal: not a git repository (or any of the parent directories): .git
2024-05-17 22:03:20.386 [info] > git rev-parse --show-toplevel [5ms]
2024-05-17 22:03:20.387 [info] fatal: not a git repository (or any of the parent directories): .git
2024-05-17 22:03:20.409 [info] > git rev-parse --show-toplevel [8ms]
2024-05-17 22:03:20.409 [info] fatal: not a git repository (or any of the parent directories): .git
2024-05-17 22:03:20.744 [info] > git rev-parse --show-toplevel [11ms]
2024-05-17 22:03:20.744 [info] fatal: not a git repository (or any of the parent directories): .git
2024-05-17 22:03:20.770 [info] > git rev-parse --show-toplevel [4ms]
2024-05-17 22:03:20.770 [info] fatal: not a git repository (or any of the parent directories): .git
2024-05-17 22:03:20.796 [info] > git rev-parse --show-toplevel [7ms]
2024-05-17 22:03:20.796 [info] fatal: not a git repository (or any of the parent directories): .git
2024-05-17 22:03:20.821 [info] > git rev-parse --show-toplevel [7ms]
2024-05-17 22:03:20.821 [info] fatal: not a git repository (or any of the parent directories): .git
2024-05-17 22:03:20.844 [info] > git rev-parse --show-toplevel [6ms]
2024-05-17 22:03:20.844 [info] fatal: not a git repository (or any of the parent directories): .git
2024-05-17 22:03:20.866 [info] > git rev-parse --show-toplevel [5ms]
2024-05-17 22:03:20.867 [info] fatal: not a git repository (or any of the parent directories): .git
2024-05-17 22:03:20.894 [info] > git rev-parse --show-toplevel [10ms]
2024-05-17 22:03:20.894 [info] fatal: not a git repository (or any of the parent directories): .git
2024-05-17 22:03:20.921 [info] > git rev-parse --show-toplevel [11ms]
2024-05-17 22:03:20.921 [info] fatal: not a git repository (or any of the parent directories): .git
2024-05-17 22:03:20.938 [info] > git rev-parse --show-toplevel [5ms]
2024-05-17 22:03:20.938 [info] fatal: not a git repository (or any of the parent directories): .git
2024-05-17 22:03:20.961 [info] > git rev-parse --show-toplevel [8ms]
2024-05-17 22:03:20.961 [info] fatal: not a git repository (or any of the parent directories): .git
2024-05-17 22:03:20.984 [info] > git rev-parse --show-toplevel [4ms]
2024-05-17 22:03:20.984 [info] fatal: not a git repository (or any of the parent directories): .git
2024-05-17 22:03:21.003 [info] > git rev-parse --show-toplevel [5ms]
2024-05-17 22:03:21.003 [info] fatal: not a git repository (or any of the parent directories): .git
2024-05-17 22:03:21.020 [info] > git rev-parse --show-toplevel [4ms]
2024-05-17 22:03:21.020 [info] fatal: not a git repository (or any of the parent directories): .git
2024-05-17 22:03:21.038 [info] > git rev-parse --show-toplevel [4ms]
2024-05-17 22:03:21.038 [info] fatal: not a git repository (or any of the parent directories): .git
2024-05-17 22:03:21.055 [info] > git rev-parse --show-toplevel [4ms]
2024-05-17 22:03:21.055 [info] fatal: not a git repository (or any of the parent directories): .git
2024-05-17 22:03:21.074 [info] > git rev-parse --show-toplevel [4ms]
2024-05-17 22:03:21.074 [info] fatal: not a git repository (or any of the parent directories): .git
2024-05-17 22:03:21.114 [info] > git rev-parse --show-toplevel [26ms]
2024-05-17 22:03:21.114 [info] fatal: not a git repository (or any of the parent directories): .git
2024-05-17 22:03:21.131 [info] > git rev-parse --show-toplevel [4ms]
2024-05-17 22:03:21.131 [info] fatal: not a git repository (or any of the parent directories): .git
2024-05-17 22:03:21.148 [info] > git rev-parse --show-toplevel [4ms]
2024-05-17 22:03:21.148 [info] fatal: not a git repository (or any of the parent directories): .git
2024-05-17 22:04:46.689 [info] > git rev-parse --show-toplevel [7ms]
2024-05-17 22:04:46.689 [info] fatal: not a git repository (or any of the parent directories): .git
2024-05-17 22:06:13.431 [info] > git rev-parse --show-toplevel [3ms]
2024-05-17 22:06:13.431 [info] fatal: not a git repository (or any of the parent directories): .git
2024-05-17 22:07:03.871 [info] > git rev-parse --show-toplevel [4ms]
2024-05-17 22:07:03.872 [info] fatal: not a git repository (or any of the parent directories): .git
2024-05-17 22:07:45.054 [info] > git rev-parse --show-toplevel [3ms]
2024-05-17 22:07:45.054 [info] fatal: not a git repository (or any of the parent directories): .git
