[4.316s] Invoking command in '/home/mi/workplace/src/learning': PYTHONPATH=/home/mi/workplace/install/learning/lib/python3.6/site-packages:${PYTHONPATH} /usr/bin/python3 setup.py egg_info --egg-base ../../build/learning build --build-base /home/mi/workplace/build/learning/build install --prefix /home/mi/workplace/install/learning --record /home/mi/workplace/build/learning/install.log --single-version-externally-managed
[5.967s] running egg_info
[5.975s] writing ../../build/learning/learning.egg-info/PKG-INFO
[5.978s] writing dependency_links to ../../build/learning/learning.egg-info/dependency_links.txt
[5.979s] writing entry points to ../../build/learning/learning.egg-info/entry_points.txt
[5.980s] writing requirements to ../../build/learning/learning.egg-info/requires.txt
[5.981s] writing top-level names to ../../build/learning/learning.egg-info/top_level.txt
[5.989s] reading manifest file '../../build/learning/learning.egg-info/SOURCES.txt'
[5.995s] writing manifest file '../../build/learning/learning.egg-info/SOURCES.txt'
[5.996s] running build
[5.997s] running build_py
[5.997s] copying learning/realsense_cam_suber.py -> /home/mi/workplace/build/learning/build/lib/learning
[6.004s] running install
[6.005s] /usr/local/lib/python3.6/dist-packages/setuptools/command/install.py:37: SetuptoolsDeprecationWarning: setup.py install is deprecated. Use build and pip and other standards-based tools.
[6.006s]   setuptools.SetuptoolsDeprecationWarning,
[6.006s] running install_lib
[6.009s] copying /home/mi/workplace/build/learning/build/lib/learning/realsense_cam_suber.py -> /home/mi/workplace/install/learning/lib/python3.6/site-packages/learning
[6.012s] byte-compiling /home/mi/workplace/install/learning/lib/python3.6/site-packages/learning/realsense_cam_suber.py to realsense_cam_suber.cpython-36.pyc
[6.016s] running install_data
[6.018s] running install_egg_info
[6.026s] removing '/home/mi/workplace/install/learning/lib/python3.6/site-packages/learning-0.0.0-py3.6.egg-info' (and everything under it)
[6.027s] Copying ../../build/learning/learning.egg-info to /home/mi/workplace/install/learning/lib/python3.6/site-packages/learning-0.0.0-py3.6.egg-info
[6.038s] running install_scripts
[6.153s] Installing camera script to /home/mi/workplace/install/learning/lib/learning
[6.155s] Installing data_receive script to /home/mi/workplace/install/learning/lib/learning
[6.156s] Installing get_data script to /home/mi/workplace/install/learning/lib/learning
[6.156s] Installing keeper script to /home/mi/workplace/install/learning/lib/learning
[6.157s] Installing move_horizontal script to /home/mi/workplace/install/learning/lib/learning
[6.158s] Installing realsense_cam_suber script to /home/mi/workplace/install/learning/lib/learning
[6.172s] Installing rgb_cam_suber script to /home/mi/workplace/install/learning/lib/learning
[6.174s] Installing stand script to /home/mi/workplace/install/learning/lib/learning
[6.174s] Installing track script to /home/mi/workplace/install/learning/lib/learning
[6.175s] writing list of installed files to '/home/mi/workplace/build/learning/install.log'
[6.305s] Invoked command in '/home/mi/workplace/src/learning' returned '0': PYTHONPATH=/home/mi/workplace/install/learning/lib/python3.6/site-packages:${PYTHONPATH} /usr/bin/python3 setup.py egg_info --egg-base ../../build/learning build --build-base /home/mi/workplace/build/learning/build install --prefix /home/mi/workplace/install/learning --record /home/mi/workplace/build/learning/install.log --single-version-externally-managed
