[4.235s] Invoking command in '/home/mi/workplace/src/learning': PYTHONPATH=/home/mi/workplace/install/learning/lib/python3.6/site-packages:${PYTHONPATH} /usr/bin/python3 setup.py egg_info --egg-base ../../build/learning build --build-base /home/mi/workplace/build/learning/build install --prefix /home/mi/workplace/install/learning --record /home/mi/workplace/build/learning/install.log --single-version-externally-managed
[5.962s] running egg_info
[5.965s] writing ../../build/learning/learning.egg-info/PKG-INFO
[5.966s] writing dependency_links to ../../build/learning/learning.egg-info/dependency_links.txt
[5.967s] writing entry points to ../../build/learning/learning.egg-info/entry_points.txt
[5.968s] writing requirements to ../../build/learning/learning.egg-info/requires.txt
[5.969s] writing top-level names to ../../build/learning/learning.egg-info/top_level.txt
[5.987s] reading manifest file '../../build/learning/learning.egg-info/SOURCES.txt'
[5.994s] writing manifest file '../../build/learning/learning.egg-info/SOURCES.txt'
[5.996s] running build
[5.997s] running build_py
[5.999s] running install
[6.000s] /usr/local/lib/python3.6/dist-packages/setuptools/command/install.py:37: SetuptoolsDeprecationWarning: setup.py install is deprecated. Use build and pip and other standards-based tools.
[6.001s]   setuptools.SetuptoolsDeprecationWarning,
[6.001s] running install_lib
[6.006s] running install_data
[6.009s] running install_egg_info
[6.022s] removing '/home/mi/workplace/install/learning/lib/python3.6/site-packages/learning-0.0.0-py3.6.egg-info' (and everything under it)
[6.022s] Copying ../../build/learning/learning.egg-info to /home/mi/workplace/install/learning/lib/python3.6/site-packages/learning-0.0.0-py3.6.egg-info
[6.029s] running install_scripts
[6.126s] Installing keeper script to /home/mi/workplace/install/learning/lib/learning
[6.127s] Installing move_x script to /home/mi/workplace/install/learning/lib/learning
[6.128s] Installing stand script to /home/mi/workplace/install/learning/lib/learning
[6.129s] Installing track script to /home/mi/workplace/install/learning/lib/learning
[6.132s] writing list of installed files to '/home/mi/workplace/build/learning/install.log'
[6.252s] Invoked command in '/home/mi/workplace/src/learning' returned '0': PYTHONPATH=/home/mi/workplace/install/learning/lib/python3.6/site-packages:${PYTHONPATH} /usr/bin/python3 setup.py egg_info --egg-base ../../build/learning build --build-base /home/mi/workplace/build/learning/build install --prefix /home/mi/workplace/install/learning --record /home/mi/workplace/build/learning/install.log --single-version-externally-managed
