[4.573s] Invoking command in '/home/mi/workplace/src/learning': PYTHONPATH=/home/mi/workplace/install/learning/lib/python3.6/site-packages:${PYTHONPATH} /usr/bin/python3 setup.py egg_info --egg-base ../../build/learning build --build-base /home/mi/workplace/build/learning/build install --prefix /home/mi/workplace/install/learning --record /home/mi/workplace/build/learning/install.log --single-version-externally-managed
[6.361s] running egg_info
[6.364s] writing ../../build/learning/learning.egg-info/PKG-INFO
[6.376s] writing dependency_links to ../../build/learning/learning.egg-info/dependency_links.txt
[6.377s] writing entry points to ../../build/learning/learning.egg-info/entry_points.txt
[6.378s] writing requirements to ../../build/learning/learning.egg-info/requires.txt
[6.379s] writing top-level names to ../../build/learning/learning.egg-info/top_level.txt
[6.403s] reading manifest file '../../build/learning/learning.egg-info/SOURCES.txt'
[6.406s] writing manifest file '../../build/learning/learning.egg-info/SOURCES.txt'
[6.407s] running build
[6.408s] running build_py
[6.410s] running install
[6.411s] /usr/local/lib/python3.6/dist-packages/setuptools/command/install.py:37: SetuptoolsDeprecationWarning: setup.py install is deprecated. Use build and pip and other standards-based tools.
[6.412s]   setuptools.SetuptoolsDeprecationWarning,
[6.414s] running install_lib
[6.420s] running install_data
[6.424s] running install_egg_info
[6.434s] removing '/home/mi/workplace/install/learning/lib/python3.6/site-packages/learning-0.0.0-py3.6.egg-info' (and everything under it)
[6.439s] Copying ../../build/learning/learning.egg-info to /home/mi/workplace/install/learning/lib/python3.6/site-packages/learning-0.0.0-py3.6.egg-info
[6.449s] running install_scripts
[6.566s] Installing keeper script to /home/mi/workplace/install/learning/lib/learning
[6.567s] Installing move_x script to /home/mi/workplace/install/learning/lib/learning
[6.569s] Installing stand script to /home/mi/workplace/install/learning/lib/learning
[6.570s] Installing track script to /home/mi/workplace/install/learning/lib/learning
[6.572s] writing list of installed files to '/home/mi/workplace/build/learning/install.log'
[6.718s] Invoked command in '/home/mi/workplace/src/learning' returned '0': PYTHONPATH=/home/mi/workplace/install/learning/lib/python3.6/site-packages:${PYTHONPATH} /usr/bin/python3 setup.py egg_info --egg-base ../../build/learning build --build-base /home/mi/workplace/build/learning/build install --prefix /home/mi/workplace/install/learning --record /home/mi/workplace/build/learning/install.log --single-version-externally-managed
