2024-05-19 00:13:23.054 [info] Log level: Info
2024-05-19 00:13:23.054 [info] Validating found git in: "D:\app2\git\Git\cmd\git.exe"
2024-05-19 00:13:23.054 [info] Unable to find git on the PATH: "D:\app2\git\Git\cmd\git.exe". Error: spawn D:\app2\git\Git\cmd\git.exe ENOENT
2024-05-19 00:13:23.054 [info] Validating found git in: "git"
2024-05-19 00:13:23.054 [info] Using git "2.17.1" from "git"
2024-05-19 00:13:23.054 [info] > git rev-parse --show-toplevel [1226ms]
2024-05-19 00:13:23.054 [info] > git rev-parse --git-dir --git-common-dir [24ms]
2024-05-19 00:13:23.055 [info] Open repository: /home/mi
2024-05-19 00:13:23.202 [info] > git rev-parse --show-toplevel [106ms]
2024-05-19 00:13:23.208 [info] > git config --get commit.template [126ms]
2024-05-19 00:13:23.293 [info] > git rev-parse --show-toplevel [65ms]
2024-05-19 00:13:23.317 [info] > git for-each-ref --format=%(refname)%00%(upstream:short)%00%(objectname)%00%(upstream:track)%00%(upstream:remotename)%00%(upstream:remoteref) refs/heads/master refs/remotes/master [35ms]
2024-05-19 00:13:25.217 [info] > git status -z -uall [1875ms]
2024-05-19 00:13:25.218 [info] > git check-ignore -v -z --stdin [66ms]
2024-05-19 00:13:25.229 [info] > git rev-parse --show-toplevel [1851ms]
2024-05-19 00:13:27.348 [info] > git rev-parse --show-toplevel [2061ms]
2024-05-19 00:13:27.465 [info] > git config --get commit.template [276ms]
2024-05-19 00:13:27.469 [info] > git rev-parse --show-toplevel [53ms]
2024-05-19 00:13:28.040 [info] > git for-each-ref --format=%(refname)%00%(upstream:short)%00%(objectname)%00%(upstream:track)%00%(upstream:remotename)%00%(upstream:remoteref) refs/heads/master refs/remotes/master [550ms]
2024-05-19 00:13:28.202 [info] > git rev-parse --show-toplevel [692ms]
2024-05-19 00:13:28.241 [info] > git status -z -uall [180ms]
2024-05-19 00:13:28.242 [info] > git rev-parse --show-toplevel [23ms]
2024-05-19 00:13:29.652 [info] > git rev-parse --show-toplevel [76ms]
2024-05-19 00:13:29.690 [info] > git rev-parse --show-toplevel [7ms]
2024-05-19 00:13:29.736 [info] > git rev-parse --show-toplevel [13ms]
2024-05-19 00:13:29.768 [info] > git rev-parse --show-toplevel [9ms]
2024-05-19 00:13:29.799 [info] > git rev-parse --show-toplevel [7ms]
2024-05-19 00:13:29.886 [info] > git rev-parse --show-toplevel [24ms]
2024-05-19 00:13:30.275 [info] > git rev-parse --show-toplevel [363ms]
2024-05-19 00:13:30.339 [info] > git rev-parse --show-toplevel [35ms]
2024-05-19 00:13:30.376 [info] > git rev-parse --show-toplevel [12ms]
2024-05-19 00:13:30.771 [info] > git rev-parse --show-toplevel [53ms]
2024-05-19 00:13:30.798 [info] > git rev-parse --show-toplevel [5ms]
2024-05-19 00:13:30.826 [info] > git rev-parse --show-toplevel [5ms]
2024-05-19 00:13:30.852 [info] > git rev-parse --show-toplevel [6ms]
2024-05-19 00:13:30.879 [info] > git rev-parse --show-toplevel [6ms]
2024-05-19 00:13:30.909 [info] > git rev-parse --show-toplevel [5ms]
2024-05-19 00:13:30.935 [info] > git rev-parse --show-toplevel [4ms]
2024-05-19 00:13:30.965 [info] > git rev-parse --show-toplevel [9ms]
2024-05-19 00:13:30.993 [info] > git rev-parse --show-toplevel [6ms]
2024-05-19 00:13:31.047 [info] > git rev-parse --show-toplevel [5ms]
2024-05-19 00:13:31.074 [info] > git rev-parse --show-toplevel [5ms]
2024-05-19 00:13:31.102 [info] > git rev-parse --show-toplevel [4ms]
2024-05-19 00:13:31.176 [info] > git show --textconv :workplace/src/learning/setup.py [32ms]
2024-05-19 00:13:31.188 [info] > git ls-files --stage -- /home/mi/workplace/src/learning/setup.py [20ms]
2024-05-19 00:13:31.217 [info] > git cat-file -s 43ffd3762b18085f424bb9ae62b700da23eaa62b [7ms]
2024-05-19 00:13:47.265 [info] > git show --textconv :readme.md [46ms]
2024-05-19 00:13:47.273 [info] > git ls-files --stage -- /home/mi/readme.md [26ms]
2024-05-19 00:13:47.506 [info] > git check-ignore -v -z --stdin [12ms]
2024-05-19 00:15:43.086 [info] > git show --textconv :.bashrc [36ms]
2024-05-19 00:15:43.094 [info] > git ls-files --stage -- /home/mi/.bashrc [13ms]
2024-05-19 00:18:03.879 [info] > git ls-files --stage -- /home/mi/.bashrc [6ms]
2024-05-19 00:18:03.949 [info] > git show --textconv :.bashrc [6ms]
2024-05-19 00:18:16.308 [info] > git ls-files --stage -- /home/mi/.bashrc [5ms]
2024-05-19 00:18:16.366 [info] > git show --textconv :.bashrc [6ms]
2024-05-19 00:18:49.114 [info] > git ls-files --stage -- /home/mi/.bashrc [3ms]
2024-05-19 00:18:49.177 [info] > git show --textconv :.bashrc [8ms]
2024-05-19 00:20:06.736 [info] > git show --textconv :workplace/src/learning/learning/keeper.py [40ms]
2024-05-19 00:20:06.737 [info] > git ls-files --stage -- /home/mi/workplace/src/learning/learning/keeper.py [18ms]
2024-05-19 00:20:07.240 [info] > git show --textconv :readme.md [43ms]
2024-05-19 00:20:07.247 [info] > git ls-files --stage -- /home/mi/readme.md [18ms]
2024-05-19 00:20:42.527 [info] > git ls-files --stage -- /home/mi/readme.md [5ms]
2024-05-19 00:20:42.588 [info] > git show --textconv :readme.md [5ms]
2024-05-19 00:21:39.572 [info] > git ls-files --stage -- /home/mi/readme.md [7ms]
2024-05-19 00:21:39.654 [info] > git show --textconv :readme.md [6ms]
2024-05-19 00:21:52.197 [info] > git show --textconv :workplace/src/learning/learning/move_x.py [44ms]
2024-05-19 00:21:52.202 [info] > git ls-files --stage -- /home/mi/workplace/src/learning/learning/move_x.py [10ms]
2024-05-19 00:22:14.877 [info] > git check-ignore -v -z --stdin [4ms]
2024-05-19 00:22:18.934 [info] > git show --textconv :workplace/src/learning/learning/readme.md [53ms]
2024-05-19 00:22:18.941 [info] > git ls-files --stage -- /home/mi/workplace/src/learning/learning/readme.md [19ms]
2024-05-19 00:22:22.941 [info] > git check-ignore -v -z --stdin [6ms]
2024-05-19 00:22:25.977 [info] > git show --textconv :workplace/readme.md [53ms]
2024-05-19 00:22:25.984 [info] > git ls-files --stage -- /home/mi/workplace/readme.md [25ms]
2024-05-19 00:22:26.172 [info] > git check-ignore -v -z --stdin [5ms]
2024-05-19 00:22:34.711 [info] > git ls-files --stage -- /home/mi/workplace/readme.md [9ms]
2024-05-19 00:22:34.771 [info] > git show --textconv :workplace/readme.md [7ms]
2024-05-19 00:22:49.898 [info] > git show --textconv :workplace/src/learning/learning/keeper.py [41ms]
2024-05-19 00:22:49.908 [info] > git ls-files --stage -- /home/mi/workplace/src/learning/learning/keeper.py [17ms]
2024-05-19 00:22:52.451 [info] > git config --get commit.template [7ms]
2024-05-19 00:22:52.494 [info] > git for-each-ref --format=%(refname)%00%(upstream:short)%00%(objectname)%00%(upstream:track)%00%(upstream:remotename)%00%(upstream:remoteref) refs/heads/master refs/remotes/master [8ms]
2024-05-19 00:22:52.679 [info] > git status -z -uall [149ms]
2024-05-19 00:22:58.166 [info] > git merge-base refs/heads/master refs/remotes/origin/master [5366ms]
2024-05-19 00:22:58.237 [info] > git rev-list --count --left-right refs/heads/master...refs/remotes/origin/master [18ms]
2024-05-19 00:22:58.292 [info] > git diff --name-status -z --diff-filter=ADMR 4aaca56b2fead5830e65493bf022052298019d08...refs/remotes/origin/master [7ms]
2024-05-19 00:23:15.353 [info] > git merge-base refs/heads/master refs/remotes/origin/master [5ms]
2024-05-19 00:23:15.404 [info] > git rev-list --count --left-right refs/heads/master...refs/remotes/origin/master [7ms]
2024-05-19 00:23:16.429 [info] > git check-ignore -v -z --stdin [11ms]
2024-05-19 00:23:17.599 [info] > git ls-files --stage -- /home/mi/workplace/src/learning/learning/keeper.py [7ms]
2024-05-19 00:23:17.644 [info] > git cat-file -s 2991628a82f194739b56b3a0cf8e206d4b839cd9 [5ms]
2024-05-19 00:23:17.714 [info] > git show --textconv :workplace/src/learning/learning/keeper.py [8ms]
2024-05-19 00:23:24.341 [info] > git ls-files --stage -- /home/mi/workplace/src/learning/learning/keeper.py [7ms]
2024-05-19 00:23:24.392 [info] > git cat-file -s 2991628a82f194739b56b3a0cf8e206d4b839cd9 [7ms]
2024-05-19 00:23:24.507 [info] > git show --textconv :workplace/src/learning/learning/keeper.py [10ms]
2024-05-19 00:23:45.810 [info] > git ls-files --stage -- /home/mi/workplace/src/learning/learning/keeper.py [7ms]
2024-05-19 00:23:45.862 [info] > git cat-file -s e75319f133867d0692c03d9adaa19d897d9218cf [7ms]
2024-05-19 00:23:45.987 [info] > git show --textconv :workplace/src/learning/learning/keeper.py [7ms]
2024-05-19 00:23:56.206 [info] > git ls-files --stage -- /home/mi/workplace/src/learning/learning/keeper.py [9ms]
2024-05-19 00:23:56.250 [info] > git cat-file -s e75319f133867d0692c03d9adaa19d897d9218cf [5ms]
2024-05-19 00:23:56.317 [info] > git show --textconv :workplace/src/learning/learning/keeper.py [10ms]
2024-05-19 00:25:37.659 [info] > git config --get commit.template [5ms]
2024-05-19 00:25:37.710 [info] > git for-each-ref --format=%(refname)%00%(upstream:short)%00%(objectname)%00%(upstream:track)%00%(upstream:remotename)%00%(upstream:remoteref) refs/heads/master refs/remotes/master [8ms]
2024-05-19 00:25:37.831 [info] > git status -z -uall [75ms]
2024-05-19 00:25:38.030 [info] > git merge-base refs/heads/master refs/remotes/origin/master [142ms]
2024-05-19 00:25:38.136 [info] > git rev-list --count --left-right refs/heads/master...refs/remotes/origin/master [61ms]
2024-05-19 00:25:38.180 [info] > git merge-base refs/heads/master refs/remotes/origin/master [56ms]
2024-05-19 00:25:38.225 [info] > git diff --name-status -z --diff-filter=ADMR 4aaca56b2fead5830e65493bf022052298019d08...refs/remotes/origin/master [50ms]
2024-05-19 00:25:38.230 [info] > git rev-list --count --left-right refs/heads/master...refs/remotes/origin/master [12ms]
2024-05-19 00:25:38.936 [info] > git check-ignore -v -z --stdin [10ms]
2024-05-19 00:25:43.044 [info] > git config --get commit.template [7ms]
2024-05-19 00:25:43.099 [info] > git for-each-ref --format=%(refname)%00%(upstream:short)%00%(objectname)%00%(upstream:track)%00%(upstream:remotename)%00%(upstream:remoteref) refs/heads/master refs/remotes/master [10ms]
2024-05-19 00:25:43.227 [info] > git status -z -uall [82ms]
2024-05-19 00:25:43.940 [info] > git check-ignore -v -z --stdin [7ms]
2024-05-19 00:25:51.066 [info] > git ls-files --stage -- /home/mi/workplace/src/learning/learning/keeper.py [9ms]
2024-05-19 00:25:51.112 [info] > git cat-file -s e75319f133867d0692c03d9adaa19d897d9218cf [6ms]
2024-05-19 00:25:51.186 [info] > git show --textconv :workplace/src/learning/learning/keeper.py [9ms]
2024-05-19 00:25:53.778 [info] > git ls-files --stage -- /home/mi/workplace/src/learning/learning/keeper.py [6ms]
2024-05-19 00:25:53.822 [info] > git cat-file -s e75319f133867d0692c03d9adaa19d897d9218cf [5ms]
2024-05-19 00:25:53.891 [info] > git show --textconv :workplace/src/learning/learning/keeper.py [10ms]
