2024-05-26 01:02:52.706 [info] Log level: Info
2024-05-26 01:02:52.706 [info] Validating found git in: "D:\app2\git\Git\cmd\git.exe"
2024-05-26 01:02:52.706 [info] Unable to find git on the PATH: "D:\app2\git\Git\cmd\git.exe". Error: spawn D:\app2\git\Git\cmd\git.exe ENOENT
2024-05-26 01:02:52.706 [info] Validating found git in: "git"
2024-05-26 01:02:52.706 [info] Using git "2.17.1" from "git"
2024-05-26 01:02:52.706 [info] > git rev-parse --show-toplevel [1626ms]
2024-05-26 01:02:52.706 [info] > git rev-parse --git-dir --git-common-dir [962ms]
2024-05-26 01:02:52.708 [info] Open repository: /home/mi
2024-05-26 01:02:52.708 [info] > git rev-parse --show-toplevel [972ms]
2024-05-26 01:02:52.708 [info] > git config --get commit.template [994ms]
2024-05-26 01:02:52.878 [info] > git check-ignore -v -z --stdin [217ms]
2024-05-26 01:02:52.892 [info] > git rev-parse --show-toplevel [165ms]
2024-05-26 01:02:53.332 [info] > git for-each-ref --format=%(refname)%00%(upstream:short)%00%(objectname)%00%(upstream:track)%00%(upstream:remotename)%00%(upstream:remoteref) refs/heads/master refs/remotes/master [489ms]
2024-05-26 01:02:54.608 [info] > git rev-parse --show-toplevel [1509ms]
2024-05-26 01:02:54.714 [info] > git log --format=%H%n%aN%n%aE%n%at%n%ct%n%P%n%D%n%B -z -n120 --follow -- /home/mi/workplace/src/learning/learning/realsense_cam_suber.py [677ms]
2024-05-26 01:02:54.904 [info] > git rev-parse --show-toplevel [204ms]
2024-05-26 01:02:55.104 [info] > git status -z -uall [172ms]
2024-05-26 01:02:55.105 [info] > git rev-parse --show-toplevel [131ms]
2024-05-26 01:02:56.149 [info] > git merge-base refs/heads/master refs/remotes/origin/master [952ms]
2024-05-26 01:02:56.179 [info] > git rev-parse --show-toplevel [1054ms]
2024-05-26 01:02:56.253 [info] > git rev-list --count --left-right refs/heads/master...refs/remotes/origin/master [76ms]
2024-05-26 01:02:56.290 [info] > git config --get commit.template [308ms]
2024-05-26 01:02:56.387 [info] > git diff --name-status -z --diff-filter=ADMR 7fe3a803ce6102ce89f79eb3d61e53c5b1046660...refs/remotes/origin/master [105ms]
2024-05-26 01:02:56.393 [info] > git rev-parse --show-toplevel [181ms]
2024-05-26 01:02:56.536 [info] > git rev-parse --show-toplevel [21ms]
2024-05-26 01:02:56.539 [info] > git for-each-ref --format=%(refname)%00%(upstream:short)%00%(objectname)%00%(upstream:track)%00%(upstream:remotename)%00%(upstream:remoteref) refs/heads/master refs/remotes/master [120ms]
2024-05-26 01:02:56.757 [info] > git rev-parse --show-toplevel [191ms]
2024-05-26 01:02:57.128 [info] > git rev-parse --show-toplevel [109ms]
2024-05-26 01:02:57.168 [info] > git status -z -uall [125ms]
2024-05-26 01:02:57.296 [info] > git rev-parse --show-toplevel [143ms]
2024-05-26 01:02:58.299 [info] > git rev-parse --show-toplevel [72ms]
2024-05-26 01:02:58.331 [info] > git rev-parse --show-toplevel [8ms]
2024-05-26 01:02:58.375 [info] > git rev-parse --show-toplevel [22ms]
2024-05-26 01:02:58.402 [info] > git rev-parse --show-toplevel [6ms]
2024-05-26 01:02:58.428 [info] > git rev-parse --show-toplevel [6ms]
2024-05-26 01:02:58.481 [info] > git rev-parse --show-toplevel [31ms]
2024-05-26 01:02:58.507 [info] > git rev-parse --show-toplevel [5ms]
2024-05-26 01:02:58.532 [info] > git rev-parse --show-toplevel [5ms]
2024-05-26 01:02:58.559 [info] > git rev-parse --show-toplevel [7ms]
2024-05-26 01:02:58.603 [info] > git rev-parse --show-toplevel [21ms]
2024-05-26 01:02:58.631 [info] > git rev-parse --show-toplevel [7ms]
2024-05-26 01:02:58.659 [info] > git rev-parse --show-toplevel [6ms]
2024-05-26 01:02:58.686 [info] > git rev-parse --show-toplevel [7ms]
2024-05-26 01:02:58.712 [info] > git rev-parse --show-toplevel [6ms]
2024-05-26 01:02:58.737 [info] > git rev-parse --show-toplevel [4ms]
2024-05-26 01:02:58.767 [info] > git rev-parse --show-toplevel [6ms]
2024-05-26 01:02:58.811 [info] > git rev-parse --show-toplevel [20ms]
2024-05-26 01:02:58.928 [info] > git show --textconv :workplace/src/learning/learning/realsense_cam_suber.py [74ms]
2024-05-26 01:02:58.950 [info] > git rev-parse --show-toplevel [26ms]
2024-05-26 01:02:58.951 [info] > git ls-files --stage -- /home/mi/workplace/src/learning/learning/realsense_cam_suber.py [72ms]
2024-05-26 01:02:59.018 [info] > git rev-parse --show-toplevel [43ms]
2024-05-26 01:03:01.135 [info] > git log --format=%H%n%aN%n%aE%n%at%n%ct%n%P%n%D%n%B -z -n120 --follow -- /home/mi/workplace/readme.md [278ms]
2024-05-26 01:03:01.964 [info] > git show --textconv :workplace/readme.md [477ms]
2024-05-26 01:03:01.966 [info] > git ls-files --stage -- /home/mi/workplace/readme.md [454ms]
2024-05-26 01:03:02.210 [info] > git cat-file -s 1915dcc75bf2568d2926be2950118e50adb002f2 [221ms]
2024-05-26 01:03:24.118 [info] > git log --format=%H%n%aN%n%aE%n%at%n%ct%n%P%n%D%n%B -z -n120 --follow -- /home/mi/workplace/src/learning/learning/realsense_cam_suber.py [16ms]
2024-05-26 01:03:24.365 [info] > git show --textconv :workplace/src/learning/learning/realsense_cam_suber.py [77ms]
2024-05-26 01:03:24.398 [info] > git ls-files --stage -- /home/mi/workplace/src/learning/learning/realsense_cam_suber.py [59ms]
2024-05-26 01:03:39.958 [info] > git log --format=%H%n%aN%n%aE%n%at%n%ct%n%P%n%D%n%B -z -n120 --follow -- /home/mi/workplace/src/learning/learning/rgb_cam_suber.py [61ms]
2024-05-26 01:03:40.049 [info] > git show --textconv :workplace/src/learning/learning/rgb_cam_suber.py [35ms]
2024-05-26 01:03:40.056 [info] > git ls-files --stage -- /home/mi/workplace/src/learning/learning/rgb_cam_suber.py [16ms]
2024-05-26 01:03:46.862 [info] > git log --format=%H%n%aN%n%aE%n%at%n%ct%n%P%n%D%n%B -z -n120 --follow -- /home/mi/workplace/readme.md [67ms]
2024-05-26 01:03:46.983 [info] > git show --textconv :workplace/readme.md [46ms]
2024-05-26 01:03:46.989 [info] > git ls-files --stage -- /home/mi/workplace/readme.md [24ms]
2024-05-26 01:03:47.021 [info] > git cat-file -s 1915dcc75bf2568d2926be2950118e50adb002f2 [8ms]
2024-05-26 01:06:33.062 [info] > git log --format=%H%n%aN%n%aE%n%at%n%ct%n%P%n%D%n%B -z -n120 --follow -- /home/mi/workplace/src/learning/learning/realsense_cam_suber.py [13ms]
2024-05-26 01:06:33.289 [info] > git show --textconv :workplace/src/learning/learning/realsense_cam_suber.py [43ms]
2024-05-26 01:06:33.290 [info] > git ls-files --stage -- /home/mi/workplace/src/learning/learning/realsense_cam_suber.py [13ms]
2024-05-26 01:07:10.746 [info] > git log --format=%H%n%aN%n%aE%n%at%n%ct%n%P%n%D%n%B -z -n120 --follow -- /home/mi/workplace/src/learning/learning/keeper.py [85ms]
2024-05-26 01:07:10.891 [info] > git show --textconv :workplace/src/learning/learning/keeper.py [48ms]
2024-05-26 01:07:10.892 [info] > git ls-files --stage -- /home/mi/workplace/src/learning/learning/keeper.py [14ms]
2024-05-26 01:07:10.929 [info] > git cat-file -s d009c29ab076d3fcf35823c4836a768bdb1a13c3 [12ms]
2024-05-26 01:07:11.410 [info] > git log --format=%H%n%aN%n%aE%n%at%n%ct%n%P%n%D%n%B -z -n120 --follow -- /home/mi/workplace/src/learning/learning/get_data.py [14ms]
2024-05-26 01:07:11.583 [info] > git show --textconv :workplace/src/learning/learning/get_data.py [37ms]
2024-05-26 01:07:11.589 [info] > git ls-files --stage -- /home/mi/workplace/src/learning/learning/get_data.py [16ms]
2024-05-26 01:07:12.053 [info] > git log --format=%H%n%aN%n%aE%n%at%n%ct%n%P%n%D%n%B -z -n120 --follow -- /home/mi/workplace/readme.md [71ms]
2024-05-26 01:07:12.179 [info] > git show --textconv :workplace/readme.md [40ms]
2024-05-26 01:07:12.185 [info] > git ls-files --stage -- /home/mi/workplace/readme.md [19ms]
2024-05-26 01:07:12.214 [info] > git cat-file -s 1915dcc75bf2568d2926be2950118e50adb002f2 [8ms]
2024-05-26 01:08:59.762 [info] > git log --format=%H%n%aN%n%aE%n%at%n%ct%n%P%n%D%n%B -z -n120 --follow -- /home/mi/workplace/src/learning/learning/realsense_cam_suber.py [13ms]
2024-05-26 01:08:59.962 [info] > git show --textconv :workplace/src/learning/learning/realsense_cam_suber.py [35ms]
2024-05-26 01:08:59.968 [info] > git ls-files --stage -- /home/mi/workplace/src/learning/learning/realsense_cam_suber.py [14ms]
2024-05-26 01:09:02.802 [info] > git log --format=%H%n%aN%n%aE%n%at%n%ct%n%P%n%D%n%B -z -n120 --follow -- /home/mi/workplace/src/learning/setup.py [21ms]
2024-05-26 01:09:02.955 [info] > git show --textconv :workplace/src/learning/setup.py [39ms]
2024-05-26 01:09:02.960 [info] > git ls-files --stage -- /home/mi/workplace/src/learning/setup.py [13ms]
2024-05-26 01:09:02.988 [info] > git cat-file -s 1f44bee359b424d4b2d6e195d435209324e9cf87 [5ms]
2024-05-26 01:09:04.016 [info] > git log --format=%H%n%aN%n%aE%n%at%n%ct%n%P%n%D%n%B -z -n120 --follow -- /home/mi/workplace/readme.md [71ms]
2024-05-26 01:09:04.159 [info] > git show --textconv :workplace/readme.md [39ms]
2024-05-26 01:09:04.167 [info] > git ls-files --stage -- /home/mi/workplace/readme.md [17ms]
2024-05-26 01:09:04.198 [info] > git cat-file -s 1915dcc75bf2568d2926be2950118e50adb002f2 [8ms]
2024-05-26 01:09:05.965 [info] > git log --format=%H%n%aN%n%aE%n%at%n%ct%n%P%n%D%n%B -z -n120 --follow -- /home/mi/workplace/src/learning/learning/realsense_cam_suber.py [14ms]
2024-05-26 01:09:06.156 [info] > git show --textconv :workplace/src/learning/learning/realsense_cam_suber.py [36ms]
2024-05-26 01:09:06.165 [info] > git ls-files --stage -- /home/mi/workplace/src/learning/learning/realsense_cam_suber.py [19ms]
2024-05-26 01:10:48.050 [info] > git log --format=%H%n%aN%n%aE%n%at%n%ct%n%P%n%D%n%B -z -n120 --follow -- /home/mi/workplace/readme.md [73ms]
2024-05-26 01:10:48.178 [info] > git show --textconv :workplace/readme.md [42ms]
2024-05-26 01:10:48.186 [info] > git ls-files --stage -- /home/mi/workplace/readme.md [22ms]
2024-05-26 01:10:48.217 [info] > git cat-file -s 1915dcc75bf2568d2926be2950118e50adb002f2 [9ms]
2024-05-26 01:11:02.298 [info] > git log --format=%H%n%aN%n%aE%n%at%n%ct%n%P%n%D%n%B -z -n120 --follow -- /home/mi/workplace/src/learning/learning/rgb_cam_suber.py [17ms]
2024-05-26 01:11:02.481 [info] > git show --textconv :workplace/src/learning/learning/rgb_cam_suber.py [35ms]
2024-05-26 01:11:02.492 [info] > git ls-files --stage -- /home/mi/workplace/src/learning/learning/rgb_cam_suber.py [20ms]
2024-05-26 01:11:09.283 [info] > git log --format=%H%n%aN%n%aE%n%at%n%ct%n%P%n%D%n%B -z -n120 --follow -- /home/mi/workplace/src/learning/learning/realsense_cam_suber.py [14ms]
2024-05-26 01:11:09.459 [info] > git show --textconv :workplace/src/learning/learning/realsense_cam_suber.py [30ms]
2024-05-26 01:11:09.465 [info] > git ls-files --stage -- /home/mi/workplace/src/learning/learning/realsense_cam_suber.py [12ms]
2024-05-26 01:11:31.589 [info] > git log --format=%H%n%aN%n%aE%n%at%n%ct%n%P%n%D%n%B -z -n120 --follow -- /home/mi/workplace/readme.md [63ms]
2024-05-26 01:11:31.732 [info] > git show --textconv :workplace/readme.md [35ms]
2024-05-26 01:11:31.746 [info] > git ls-files --stage -- /home/mi/workplace/readme.md [22ms]
2024-05-26 01:11:31.778 [info] > git cat-file -s 1915dcc75bf2568d2926be2950118e50adb002f2 [7ms]
2024-05-26 01:12:03.328 [info] > git rev-list --count f8d2046bc80fbb306718171705b1b93fa7007162.. -- /home/mi/workplace/readme.md [7ms]
2024-05-26 01:12:03.426 [info] > git log --format=%H%n%aN%n%aE%n%at%n%ct%n%P%n%D%n%B -z -n3 --follow -- /home/mi/workplace/readme.md [70ms]
2024-05-26 01:12:03.942 [info] > git ls-files --stage -- /home/mi/workplace/readme.md [8ms]
2024-05-26 01:12:03.970 [info] > git cat-file -s 1b728b3c893cf705fbe6d71ac96fd7413cc4b2cb [6ms]
2024-05-26 01:12:04.020 [info] > git show --textconv :workplace/readme.md [9ms]
2024-05-26 01:12:13.496 [info] > git rev-list --count f8d2046bc80fbb306718171705b1b93fa7007162.. -- /home/mi/workplace/readme.md [9ms]
2024-05-26 01:12:13.585 [info] > git log --format=%H%n%aN%n%aE%n%at%n%ct%n%P%n%D%n%B -z -n4 --follow -- /home/mi/workplace/readme.md [64ms]
2024-05-26 01:12:14.096 [info] > git ls-files --stage -- /home/mi/workplace/readme.md [8ms]
2024-05-26 01:12:14.125 [info] > git cat-file -s 1b728b3c893cf705fbe6d71ac96fd7413cc4b2cb [4ms]
2024-05-26 01:12:14.197 [info] > git show --textconv :workplace/readme.md [10ms]
2024-05-26 01:17:17.457 [info] > git config --get commit.template [7ms]
2024-05-26 01:17:17.492 [info] > git for-each-ref --format=%(refname)%00%(upstream:short)%00%(objectname)%00%(upstream:track)%00%(upstream:remotename)%00%(upstream:remoteref) refs/heads/master refs/remotes/master [8ms]
2024-05-26 01:17:17.606 [info] > git status -z -uall [80ms]
2024-05-26 01:17:18.251 [info] > git merge-base refs/heads/master refs/remotes/origin/master [584ms]
2024-05-26 01:17:18.284 [info] > git rev-list --count --left-right refs/heads/master...refs/remotes/origin/master [7ms]
2024-05-26 01:17:18.316 [info] > git diff --name-status -z --diff-filter=ADMR 7fe3a803ce6102ce89f79eb3d61e53c5b1046660...refs/remotes/origin/master [6ms]
2024-05-26 01:17:22.818 [info] > git config --get commit.template [33ms]
2024-05-26 01:17:22.819 [info] > git for-each-ref --format=%(refname)%00%(upstream:short)%00%(objectname)%00%(upstream:track)%00%(upstream:remotename)%00%(upstream:remoteref) refs/heads/master refs/remotes/master [9ms]
2024-05-26 01:17:22.924 [info] > git status -z -uall [79ms]
2024-05-26 01:19:07.251 [info] > git rev-list --count f8d2046bc80fbb306718171705b1b93fa7007162.. -- /home/mi/workplace/readme.md [8ms]
2024-05-26 01:19:07.341 [info] > git log --format=%H%n%aN%n%aE%n%at%n%ct%n%P%n%D%n%B -z -n4 --follow -- /home/mi/workplace/readme.md [64ms]
2024-05-26 01:19:07.889 [info] > git ls-files --stage -- /home/mi/workplace/readme.md [9ms]
2024-05-26 01:19:07.921 [info] > git cat-file -s 1b728b3c893cf705fbe6d71ac96fd7413cc4b2cb [4ms]
2024-05-26 01:19:07.982 [info] > git show --textconv :workplace/readme.md [8ms]
2024-05-26 01:19:15.981 [info] > git rev-list --count f8d2046bc80fbb306718171705b1b93fa7007162.. -- /home/mi/workplace/readme.md [9ms]
2024-05-26 01:19:16.078 [info] > git log --format=%H%n%aN%n%aE%n%at%n%ct%n%P%n%D%n%B -z -n4 --follow -- /home/mi/workplace/readme.md [71ms]
2024-05-26 01:19:16.585 [info] > git ls-files --stage -- /home/mi/workplace/readme.md [9ms]
2024-05-26 01:19:16.615 [info] > git cat-file -s 1b728b3c893cf705fbe6d71ac96fd7413cc4b2cb [6ms]
2024-05-26 01:19:16.665 [info] > git show --textconv :workplace/readme.md [9ms]
2024-05-26 01:20:37.928 [info] > git config --get commit.template [26ms]
2024-05-26 01:20:37.932 [info] > git for-each-ref --format=%(refname)%00%(upstream:short)%00%(objectname)%00%(upstream:track)%00%(upstream:remotename)%00%(upstream:remoteref) refs/heads/master refs/remotes/master [8ms]
2024-05-26 01:20:38.032 [info] > git status -z -uall [76ms]
2024-05-26 01:20:38.153 [info] > git merge-base refs/heads/master refs/remotes/origin/master [60ms]
2024-05-26 01:20:38.599 [info] > git rev-list --count --left-right refs/heads/master...refs/remotes/origin/master [419ms]
2024-05-26 01:20:38.635 [info] > git diff --name-status -z --diff-filter=ADMR 7fe3a803ce6102ce89f79eb3d61e53c5b1046660...refs/remotes/origin/master [8ms]
2024-05-26 01:20:43.731 [info] > git check-ignore -v -z --stdin [12ms]
2024-05-26 01:20:43.964 [info] > git merge-base refs/heads/master refs/remotes/origin/master [6ms]
2024-05-26 01:20:44.001 [info] > git rev-list --count --left-right refs/heads/master...refs/remotes/origin/master [7ms]
2024-05-26 01:20:44.824 [info] > git check-ignore -v -z --stdin [14ms]
2024-05-26 01:20:51.215 [info] > git check-ignore -v -z --stdin [20ms]
2024-05-26 01:21:33.158 [info] > git add -A -- . [4074ms]
2024-05-26 01:21:34.053 [info] > git show --textconv :.git/COMMIT_EDITMSG [40ms]
2024-05-26 01:21:34.060 [info] > git ls-files --stage -- /home/mi/.git/COMMIT_EDITMSG [15ms]
2024-05-26 01:21:34.373 [info] > git check-ignore -v -z --stdin [12ms]
2024-05-26 01:21:34.697 [info] > git ls-files --stage -- /home/mi/.git/COMMIT_EDITMSG [6ms]
2024-05-26 01:21:34.748 [info] > git show --textconv :.git/COMMIT_EDITMSG [7ms]
2024-05-26 01:21:57.348 [info] > git -c user.useConfigOnly=true commit --quiet [24164ms]
2024-05-26 01:21:57.349 [info] Aborting commit due to empty commit message.
2024-05-26 01:21:57.413 [info] > git config --get commit.template [28ms]
2024-05-26 01:21:57.415 [info] > git for-each-ref --format=%(refname)%00%(upstream:short)%00%(objectname)%00%(upstream:track)%00%(upstream:remotename)%00%(upstream:remoteref) refs/heads/master refs/remotes/master [9ms]
2024-05-26 01:21:57.581 [info] > git status -z -uall [142ms]
2024-05-26 01:21:57.582 [info] > git show --textconv :workplace/readme.md [45ms]
2024-05-26 01:21:57.710 [info] > git ls-files --stage -- /home/mi/workplace/readme.md [146ms]
2024-05-26 01:21:58.253 [info] > git cat-file -s 1b728b3c893cf705fbe6d71ac96fd7413cc4b2cb [519ms]
2024-05-26 01:21:58.256 [info] > git config --get commit.template [551ms]
2024-05-26 01:21:58.300 [info] > git for-each-ref --format=%(refname)%00%(upstream:short)%00%(objectname)%00%(upstream:track)%00%(upstream:remotename)%00%(upstream:remoteref) refs/heads/master refs/remotes/master [10ms]
2024-05-26 01:21:58.420 [info] > git status -z -uall [94ms]
2024-05-26 01:22:08.288 [info] > git show --textconv :.git/COMMIT_EDITMSG [35ms]
2024-05-26 01:22:08.297 [info] > git ls-files --stage -- /home/mi/.git/COMMIT_EDITMSG [14ms]
2024-05-26 01:22:08.959 [info] > git ls-files --stage -- /home/mi/.git/COMMIT_EDITMSG [9ms]
2024-05-26 01:22:09.008 [info] > git show --textconv :.git/COMMIT_EDITMSG [8ms]
2024-05-26 01:22:11.610 [info] > git -c user.useConfigOnly=true commit --quiet [3985ms]
2024-05-26 01:22:11.611 [info] Aborting commit due to empty commit message.
2024-05-26 01:22:11.672 [info] > git config --get commit.template [31ms]
2024-05-26 01:22:11.674 [info] > git for-each-ref --format=%(refname)%00%(upstream:short)%00%(objectname)%00%(upstream:track)%00%(upstream:remotename)%00%(upstream:remoteref) refs/heads/master refs/remotes/master [9ms]
2024-05-26 01:22:11.817 [info] > git status -z -uall [112ms]
2024-05-26 01:22:12.441 [info] > git show --textconv :workplace/readme.md [446ms]
2024-05-26 01:22:12.443 [info] > git ls-files --stage -- /home/mi/workplace/readme.md [426ms]
2024-05-26 01:22:12.474 [info] > git config --get commit.template [520ms]
2024-05-26 01:22:12.479 [info] > git cat-file -s 1b728b3c893cf705fbe6d71ac96fd7413cc4b2cb [11ms]
2024-05-26 01:22:12.513 [info] > git for-each-ref --format=%(refname)%00%(upstream:short)%00%(objectname)%00%(upstream:track)%00%(upstream:remotename)%00%(upstream:remoteref) refs/heads/master refs/remotes/master [6ms]
2024-05-26 01:22:12.632 [info] > git status -z -uall [94ms]
2024-05-26 01:22:16.004 [info] > git check-ignore -v -z --stdin [10ms]
2024-05-26 01:23:04.900 [info] > git show --textconv :.git/COMMIT_EDITMSG [51ms]
2024-05-26 01:23:04.907 [info] > git ls-files --stage -- /home/mi/.git/COMMIT_EDITMSG [23ms]
2024-05-26 01:23:05.579 [info] > git ls-files --stage -- /home/mi/.git/COMMIT_EDITMSG [10ms]
2024-05-26 01:23:05.632 [info] > git show --textconv :.git/COMMIT_EDITMSG [9ms]
2024-05-26 01:23:09.462 [info] > git log --format=%H%n%aN%n%aE%n%at%n%ct%n%P%n%D%n%B -z --shortstat --author-date-order 7fe3a803ce6102ce89f79eb3d61e53c5b1046660..997d9fd38b73821def5cdb47a5a7e19b39a23454 [541ms]
2024-05-26 01:23:09.896 [info] > git diff --shortstat 7fe3a803ce6102ce89f79eb3d61e53c5b1046660...997d9fd38b73821def5cdb47a5a7e19b39a23454 [383ms]
2024-05-26 01:23:16.494 [info] > git -c user.useConfigOnly=true commit --quiet [12279ms]
2024-05-26 01:23:16.494 [info] Aborting commit due to empty commit message.
2024-05-26 01:23:16.533 [info] > git config --get commit.template [9ms]
2024-05-26 01:23:16.568 [info] > git for-each-ref --format=%(refname)%00%(upstream:short)%00%(objectname)%00%(upstream:track)%00%(upstream:remotename)%00%(upstream:remoteref) refs/heads/master refs/remotes/master [8ms]
2024-05-26 01:23:16.719 [info] > git status -z -uall [126ms]
2024-05-26 01:23:16.719 [info] > git show --textconv :workplace/readme.md [36ms]
2024-05-26 01:23:16.841 [info] > git ls-files --stage -- /home/mi/workplace/readme.md [132ms]
2024-05-26 01:23:17.286 [info] > git cat-file -s 1b728b3c893cf705fbe6d71ac96fd7413cc4b2cb [420ms]
2024-05-26 01:23:17.290 [info] > git config --get commit.template [451ms]
2024-05-26 01:23:17.323 [info] > git for-each-ref --format=%(refname)%00%(upstream:short)%00%(objectname)%00%(upstream:track)%00%(upstream:remotename)%00%(upstream:remoteref) refs/heads/master refs/remotes/master [8ms]
2024-05-26 01:23:17.434 [info] > git status -z -uall [83ms]
2024-05-26 01:23:25.312 [info] > git diff --name-status -z --diff-filter=ADMR 7fe3a803ce6102ce89f79eb3d61e53c5b1046660...997d9fd38b73821def5cdb47a5a7e19b39a23454 [13ms]
2024-05-26 01:23:26.005 [info] > git check-ignore -v -z --stdin [14ms]
2024-05-26 01:23:46.231 [info] > git show --textconv :.git/COMMIT_EDITMSG [36ms]
2024-05-26 01:23:46.258 [info] > git ls-files --stage -- /home/mi/.git/COMMIT_EDITMSG [14ms]
2024-05-26 01:23:46.908 [info] > git ls-files --stage -- /home/mi/.git/COMMIT_EDITMSG [10ms]
2024-05-26 01:23:46.960 [info] > git show --textconv :.git/COMMIT_EDITMSG [3ms]
2024-05-26 01:24:02.171 [info] > git -c user.useConfigOnly=true commit --quiet [16609ms]
2024-05-26 01:24:02.171 [info] Aborting commit due to empty commit message.
2024-05-26 01:24:02.228 [info] > git config --get commit.template [32ms]
2024-05-26 01:24:02.249 [info] > git for-each-ref --format=%(refname)%00%(upstream:short)%00%(objectname)%00%(upstream:track)%00%(upstream:remotename)%00%(upstream:remoteref) refs/heads/master refs/remotes/master [11ms]
2024-05-26 01:24:02.394 [info] > git status -z -uall [117ms]
2024-05-26 01:24:02.394 [info] > git show --textconv :workplace/readme.md [36ms]
2024-05-26 01:24:02.506 [info] > git ls-files --stage -- /home/mi/workplace/readme.md [121ms]
2024-05-26 01:24:02.950 [info] > git cat-file -s 1b728b3c893cf705fbe6d71ac96fd7413cc4b2cb [422ms]
2024-05-26 01:24:02.953 [info] > git config --get commit.template [450ms]
2024-05-26 01:24:02.989 [info] > git for-each-ref --format=%(refname)%00%(upstream:short)%00%(objectname)%00%(upstream:track)%00%(upstream:remotename)%00%(upstream:remoteref) refs/heads/master refs/remotes/master [7ms]
2024-05-26 01:24:03.109 [info] > git status -z -uall [91ms]
2024-05-26 01:24:14.493 [info] > git ls-files --stage -- /home/mi/workplace/readme.md [9ms]
2024-05-26 01:24:14.522 [info] > git cat-file -s 1b728b3c893cf705fbe6d71ac96fd7413cc4b2cb [5ms]
2024-05-26 01:24:14.571 [info] > git show --textconv :workplace/readme.md [10ms]
2024-05-26 01:27:04.869 [info] > git config --get commit.template [35ms]
2024-05-26 01:27:04.874 [info] > git for-each-ref --format=%(refname)%00%(upstream:short)%00%(objectname)%00%(upstream:track)%00%(upstream:remotename)%00%(upstream:remoteref) refs/heads/master refs/remotes/master [8ms]
2024-05-26 01:27:04.998 [info] > git status -z -uall [93ms]
2024-05-26 01:27:05.096 [info] > git merge-base refs/heads/master refs/remotes/origin/master [50ms]
2024-05-26 01:27:05.540 [info] > git rev-list --count --left-right refs/heads/master...refs/remotes/origin/master [417ms]
2024-05-26 01:27:05.570 [info] > git merge-base refs/heads/master refs/remotes/origin/master [50ms]
2024-05-26 01:27:05.601 [info] > git diff --name-status -z --diff-filter=ADMR 997d9fd38b73821def5cdb47a5a7e19b39a23454...refs/remotes/origin/master [33ms]
2024-05-26 01:27:05.606 [info] > git rev-list --count --left-right refs/heads/master...refs/remotes/origin/master [9ms]
