[5.561s] Invoking command in '/home/mi/workplace/src/learning': PYTHONPATH=/home/mi/workplace/install/learning/lib/python3.6/site-packages:${PYTHONPATH} /usr/bin/python3 setup.py egg_info --egg-base ../../build/learning build --build-base /home/mi/workplace/build/learning/build install --prefix /home/mi/workplace/install/learning --record /home/mi/workplace/build/learning/install.log --single-version-externally-managed
[7.382s] running egg_info
[7.385s] writing ../../build/learning/learning.egg-info/PKG-INFO
[7.387s] writing dependency_links to ../../build/learning/learning.egg-info/dependency_links.txt
[7.389s] writing entry points to ../../build/learning/learning.egg-info/entry_points.txt
[7.391s] writing requirements to ../../build/learning/learning.egg-info/requires.txt
[7.392s] writing top-level names to ../../build/learning/learning.egg-info/top_level.txt
[7.420s] reading manifest file '../../build/learning/learning.egg-info/SOURCES.txt'
[7.434s] writing manifest file '../../build/learning/learning.egg-info/SOURCES.txt'
[7.436s] running build
[7.437s] running build_py
[7.438s] copying learning/data_receive.py -> /home/mi/workplace/build/learning/build/lib/learning
[7.442s] running install
[7.449s] /usr/local/lib/python3.6/dist-packages/setuptools/command/install.py:37: SetuptoolsDeprecationWarning: setup.py install is deprecated. Use build and pip and other standards-based tools.
[7.449s]   setuptools.SetuptoolsDeprecationWarning,
[7.454s] running install_lib
[7.459s] copying /home/mi/workplace/build/learning/build/lib/learning/data_receive.py -> /home/mi/workplace/install/learning/lib/python3.6/site-packages/learning
[7.463s] byte-compiling /home/mi/workplace/install/learning/lib/python3.6/site-packages/learning/data_receive.py to data_receive.cpython-36.pyc
[7.471s] running install_data
[7.476s] running install_egg_info
[7.486s] removing '/home/mi/workplace/install/learning/lib/python3.6/site-packages/learning-0.0.0-py3.6.egg-info' (and everything under it)
[7.490s] Copying ../../build/learning/learning.egg-info to /home/mi/workplace/install/learning/lib/python3.6/site-packages/learning-0.0.0-py3.6.egg-info
[7.500s] running install_scripts
[7.606s] Installing data_receive script to /home/mi/workplace/install/learning/lib/learning
[7.616s] Installing keeper script to /home/mi/workplace/install/learning/lib/learning
[7.616s] Installing move_x script to /home/mi/workplace/install/learning/lib/learning
[7.617s] Installing stand script to /home/mi/workplace/install/learning/lib/learning
[7.618s] Installing track script to /home/mi/workplace/install/learning/lib/learning
[7.619s] writing list of installed files to '/home/mi/workplace/build/learning/install.log'
[7.759s] Invoked command in '/home/mi/workplace/src/learning' returned '0': PYTHONPATH=/home/mi/workplace/install/learning/lib/python3.6/site-packages:${PYTHONPATH} /usr/bin/python3 setup.py egg_info --egg-base ../../build/learning build --build-base /home/mi/workplace/build/learning/build install --prefix /home/mi/workplace/install/learning --record /home/mi/workplace/build/learning/install.log --single-version-externally-managed
