[4.403s] Invoking command in '/home/mi/workplace/src/learning': PYTHONPATH=/home/mi/workplace/install/learning/lib/python3.6/site-packages:${PYTHONPATH} /usr/bin/python3 setup.py egg_info --egg-base ../../build/learning build --build-base /home/mi/workplace/build/learning/build install --prefix /home/mi/workplace/install/learning --record /home/mi/workplace/build/learning/install.log --single-version-externally-managed
[6.187s] running egg_info
[6.190s] writing ../../build/learning/learning.egg-info/PKG-INFO
[6.190s] writing dependency_links to ../../build/learning/learning.egg-info/dependency_links.txt
[6.192s] writing entry points to ../../build/learning/learning.egg-info/entry_points.txt
[6.193s] writing requirements to ../../build/learning/learning.egg-info/requires.txt
[6.194s] writing top-level names to ../../build/learning/learning.egg-info/top_level.txt
[6.212s] reading manifest file '../../build/learning/learning.egg-info/SOURCES.txt'
[6.220s] writing manifest file '../../build/learning/learning.egg-info/SOURCES.txt'
[6.220s] running build
[6.221s] running build_py
[6.222s] copying learning/realsense_cam_suber.py -> /home/mi/workplace/build/learning/build/lib/learning
[6.225s] running install
[6.227s] /usr/local/lib/python3.6/dist-packages/setuptools/command/install.py:37: SetuptoolsDeprecationWarning: setup.py install is deprecated. Use build and pip and other standards-based tools.
[6.227s]   setuptools.SetuptoolsDeprecationWarning,
[6.230s] running install_lib
[6.234s] copying /home/mi/workplace/build/learning/build/lib/learning/realsense_cam_suber.py -> /home/mi/workplace/install/learning/lib/python3.6/site-packages/learning
[6.238s] byte-compiling /home/mi/workplace/install/learning/lib/python3.6/site-packages/learning/realsense_cam_suber.py to realsense_cam_suber.cpython-36.pyc
[6.245s] running install_data
[6.247s] running install_egg_info
[6.257s] removing '/home/mi/workplace/install/learning/lib/python3.6/site-packages/learning-0.0.0-py3.6.egg-info' (and everything under it)
[6.259s] Copying ../../build/learning/learning.egg-info to /home/mi/workplace/install/learning/lib/python3.6/site-packages/learning-0.0.0-py3.6.egg-info
[6.264s] running install_scripts
[6.376s] Installing camera script to /home/mi/workplace/install/learning/lib/learning
[6.380s] Installing data_receive script to /home/mi/workplace/install/learning/lib/learning
[6.381s] Installing get_data script to /home/mi/workplace/install/learning/lib/learning
[6.386s] Installing keeper script to /home/mi/workplace/install/learning/lib/learning
[6.386s] Installing move_horizontal script to /home/mi/workplace/install/learning/lib/learning
[6.389s] Installing realsense_cam_suber script to /home/mi/workplace/install/learning/lib/learning
[6.390s] Installing rgb_cam_suber script to /home/mi/workplace/install/learning/lib/learning
[6.391s] Installing stand script to /home/mi/workplace/install/learning/lib/learning
[6.391s] Installing track script to /home/mi/workplace/install/learning/lib/learning
[6.392s] writing list of installed files to '/home/mi/workplace/build/learning/install.log'
[6.535s] Invoked command in '/home/mi/workplace/src/learning' returned '0': PYTHONPATH=/home/mi/workplace/install/learning/lib/python3.6/site-packages:${PYTHONPATH} /usr/bin/python3 setup.py egg_info --egg-base ../../build/learning build --build-base /home/mi/workplace/build/learning/build install --prefix /home/mi/workplace/install/learning --record /home/mi/workplace/build/learning/install.log --single-version-externally-managed
