2024-05-17 22:15:05.582 [info] 日志级别: Info
2024-05-17 22:15:05.582 [info] 正在验证在以下位置找到的 git: "git"
2024-05-17 22:15:05.583 [info] 将使用位于 "2.17.1" 的 Git "git"
2024-05-17 22:15:05.583 [info] > git rev-parse --show-toplevel [422ms]
2024-05-17 22:15:05.583 [info] fatal: not a git repository (or any of the parent directories): .git
2024-05-17 22:15:05.583 [info] > git rev-parse --show-toplevel [1906ms]
2024-05-17 22:15:05.583 [info] fatal: not a git repository (or any of the parent directories): .git
2024-05-17 22:15:05.583 [info] > git rev-parse --show-toplevel [48ms]
2024-05-17 22:15:05.584 [info] fatal: not a git repository (or any of the parent directories): .git
2024-05-17 22:15:05.594 [info] > git rev-parse --show-toplevel [17ms]
2024-05-17 22:15:05.594 [info] fatal: not a git repository (or any of the parent directories): .git
2024-05-17 22:15:07.458 [info] > git rev-parse --show-toplevel [1816ms]
2024-05-17 22:15:07.458 [info] fatal: not a git repository (or any of the parent directories): .git
2024-05-17 22:15:07.549 [info] > git rev-parse --show-toplevel [41ms]
2024-05-17 22:15:07.549 [info] fatal: not a git repository (or any of the parent directories): .git
2024-05-17 22:15:07.641 [info] > git rev-parse --show-toplevel [61ms]
2024-05-17 22:15:07.641 [info] fatal: not a git repository (or any of the parent directories): .git
2024-05-17 22:15:08.173 [info] > git rev-parse --show-toplevel [516ms]
2024-05-17 22:15:08.174 [info] fatal: not a git repository (or any of the parent directories): .git
2024-05-17 22:15:08.387 [info] > git rev-parse --show-toplevel [192ms]
2024-05-17 22:15:08.388 [info] fatal: not a git repository (or any of the parent directories): .git
2024-05-17 22:15:08.753 [info] > git rev-parse --show-toplevel [343ms]
2024-05-17 22:15:08.753 [info] fatal: not a git repository (or any of the parent directories): .git
2024-05-17 22:15:08.788 [info] > git rev-parse --show-toplevel [7ms]
2024-05-17 22:15:08.788 [info] fatal: not a git repository (or any of the parent directories): .git
2024-05-17 22:15:08.819 [info] > git rev-parse --show-toplevel [11ms]
2024-05-17 22:15:08.819 [info] fatal: not a git repository (or any of the parent directories): .git
2024-05-17 22:15:08.856 [info] > git rev-parse --show-toplevel [9ms]
2024-05-17 22:15:08.857 [info] fatal: not a git repository (or any of the parent directories): .git
2024-05-17 22:15:08.915 [info] > git rev-parse --show-toplevel [32ms]
2024-05-17 22:15:08.915 [info] fatal: not a git repository (or any of the parent directories): .git
2024-05-17 22:15:09.124 [info] > git rev-parse --show-toplevel [174ms]
2024-05-17 22:15:09.124 [info] fatal: not a git repository (or any of the parent directories): .git
2024-05-17 22:15:09.196 [info] > git rev-parse --show-toplevel [44ms]
2024-05-17 22:15:09.196 [info] fatal: not a git repository (or any of the parent directories): .git
2024-05-17 22:15:09.627 [info] > git rev-parse --show-toplevel [189ms]
2024-05-17 22:15:09.627 [info] fatal: not a git repository (or any of the parent directories): .git
2024-05-17 22:15:09.698 [info] > git rev-parse --show-toplevel [24ms]
2024-05-17 22:15:09.698 [info] fatal: not a git repository (or any of the parent directories): .git
2024-05-17 22:15:10.302 [info] > git rev-parse --show-toplevel [573ms]
2024-05-17 22:15:10.303 [info] fatal: not a git repository (or any of the parent directories): .git
2024-05-17 22:15:10.328 [info] > git rev-parse --show-toplevel [6ms]
2024-05-17 22:15:10.328 [info] fatal: not a git repository (or any of the parent directories): .git
2024-05-17 22:15:10.352 [info] > git rev-parse --show-toplevel [4ms]
2024-05-17 22:15:10.352 [info] fatal: not a git repository (or any of the parent directories): .git
2024-05-17 22:15:10.378 [info] > git rev-parse --show-toplevel [5ms]
2024-05-17 22:15:10.379 [info] fatal: not a git repository (or any of the parent directories): .git
2024-05-17 22:15:10.404 [info] > git rev-parse --show-toplevel [5ms]
2024-05-17 22:15:10.404 [info] fatal: not a git repository (or any of the parent directories): .git
2024-05-17 22:15:10.432 [info] > git rev-parse --show-toplevel [7ms]
2024-05-17 22:15:10.433 [info] fatal: not a git repository (or any of the parent directories): .git
2024-05-17 22:15:10.458 [info] > git rev-parse --show-toplevel [5ms]
2024-05-17 22:15:10.459 [info] fatal: not a git repository (or any of the parent directories): .git
2024-05-17 22:15:10.485 [info] > git rev-parse --show-toplevel [4ms]
2024-05-17 22:15:10.485 [info] fatal: not a git repository (or any of the parent directories): .git
2024-05-17 22:19:23.402 [info] > git rev-parse --show-toplevel [4ms]
2024-05-17 22:19:23.435 [info] > git rev-parse --git-dir --git-common-dir [4ms]
2024-05-17 22:19:23.528 [info] Open repository: /home/mi
2024-05-17 22:19:23.583 [info] No remotes found in the git config file.
2024-05-17 22:19:23.611 [info] > git for-each-ref --format=%(refname)%00%(upstream:short)%00%(objectname)%00%(upstream:track)%00%(upstream:remotename)%00%(upstream:remoteref) refs/heads/master refs/remotes/master [34ms]
2024-05-17 22:19:23.613 [warning] No such branch: master.
2024-05-17 22:19:23.616 [info] > git config --get commit.template [57ms]
2024-05-17 22:19:23.771 [info] > git status -z -uall [135ms]
2024-05-17 22:19:25.636 [info] > git check-ignore -v -z --stdin [97ms]
2024-05-17 22:19:25.664 [info] > git config --get commit.template [37ms]
2024-05-17 22:19:25.688 [info] No remotes found in the git config file.
2024-05-17 22:19:25.724 [info] > git for-each-ref --format=%(refname)%00%(upstream:short)%00%(objectname)%00%(upstream:track)%00%(upstream:remotename)%00%(upstream:remoteref) refs/heads/master refs/remotes/master [37ms]
2024-05-17 22:19:25.725 [warning] No such branch: master.
2024-05-17 22:19:25.826 [info] > git status -z -uall [82ms]
2024-05-17 22:19:27.348 [info] > git show --textconv :.bashrc [42ms]
2024-05-17 22:19:27.358 [info] > git ls-files --stage -- /home/mi/.bashrc [30ms]
2024-05-17 22:24:40.482 [info] > git ls-files --stage -- /home/mi/.bashrc [9ms]
2024-05-17 22:24:40.580 [info] > git show --textconv :.bashrc [5ms]
2024-05-17 22:25:19.514 [info] > git ls-files --stage -- /home/mi/.bashrc [4ms]
2024-05-17 22:25:19.571 [info] > git show --textconv :.bashrc [5ms]
2024-05-17 22:25:34.342 [info] > git ls-files --stage -- /home/mi/.bashrc [5ms]
2024-05-17 22:25:34.402 [info] > git show --textconv :.bashrc [3ms]
2024-05-17 22:26:03.469 [info] > git check-ignore -v -z --stdin [5ms]
2024-05-17 22:26:30.034 [info] > git ls-files --stage -- /home/mi/.bashrc [7ms]
2024-05-17 22:26:30.089 [info] > git show --textconv :.bashrc [5ms]
2024-05-17 22:27:16.596 [info] > git config --get commit.template [7ms]
2024-05-17 22:27:16.621 [info] > git for-each-ref --format=%(refname)%00%(upstream:short)%00%(objectname)%00%(upstream:track)%00%(upstream:remotename)%00%(upstream:remoteref) refs/heads/master refs/remotes/master [5ms]
2024-05-17 22:27:16.711 [info] > git status -z -uall [72ms]
