[4.478s] Invoking command in '/home/mi/workplace/src/learning': PYTHONPATH=/home/mi/workplace/install/learning/lib/python3.6/site-packages:${PYTHONPATH} /usr/bin/python3 setup.py egg_info --egg-base ../../build/learning build --build-base /home/mi/workplace/build/learning/build install --prefix /home/mi/workplace/install/learning --record /home/mi/workplace/build/learning/install.log --single-version-externally-managed
[6.146s] running egg_info
[6.150s] writing ../../build/learning/learning.egg-info/PKG-INFO
[6.153s] writing dependency_links to ../../build/learning/learning.egg-info/dependency_links.txt
[6.154s] writing entry points to ../../build/learning/learning.egg-info/entry_points.txt
[6.154s] writing requirements to ../../build/learning/learning.egg-info/requires.txt
[6.155s] writing top-level names to ../../build/learning/learning.egg-info/top_level.txt
[6.177s] reading manifest file '../../build/learning/learning.egg-info/SOURCES.txt'
[6.184s] writing manifest file '../../build/learning/learning.egg-info/SOURCES.txt'
[6.185s] running build
[6.185s] running build_py
[6.187s] copying learning/move_horizontal.py -> /home/mi/workplace/build/learning/build/lib/learning
[6.190s] running install
[6.192s] /usr/local/lib/python3.6/dist-packages/setuptools/command/install.py:37: SetuptoolsDeprecationWarning: setup.py install is deprecated. Use build and pip and other standards-based tools.
[6.193s]   setuptools.SetuptoolsDeprecationWarning,
[6.195s] running install_lib
[6.199s] copying /home/mi/workplace/build/learning/build/lib/learning/move_horizontal.py -> /home/mi/workplace/install/learning/lib/python3.6/site-packages/learning
[6.203s] byte-compiling /home/mi/workplace/install/learning/lib/python3.6/site-packages/learning/move_horizontal.py to move_horizontal.cpython-36.pyc
[6.212s] running install_data
[6.214s] running install_egg_info
[6.220s] removing '/home/mi/workplace/install/learning/lib/python3.6/site-packages/learning-0.0.0-py3.6.egg-info' (and everything under it)
[6.223s] Copying ../../build/learning/learning.egg-info to /home/mi/workplace/install/learning/lib/python3.6/site-packages/learning-0.0.0-py3.6.egg-info
[6.236s] running install_scripts
[6.321s] Installing camera script to /home/mi/workplace/install/learning/lib/learning
[6.322s] Installing data_receive script to /home/mi/workplace/install/learning/lib/learning
[6.324s] Installing get_data script to /home/mi/workplace/install/learning/lib/learning
[6.325s] Installing keeper script to /home/mi/workplace/install/learning/lib/learning
[6.326s] Installing move_horizontal script to /home/mi/workplace/install/learning/lib/learning
[6.328s] Installing stand script to /home/mi/workplace/install/learning/lib/learning
[6.329s] Installing track script to /home/mi/workplace/install/learning/lib/learning
[6.340s] writing list of installed files to '/home/mi/workplace/build/learning/install.log'
[6.458s] Invoked command in '/home/mi/workplace/src/learning' returned '0': PYTHONPATH=/home/mi/workplace/install/learning/lib/python3.6/site-packages:${PYTHONPATH} /usr/bin/python3 setup.py egg_info --egg-base ../../build/learning build --build-base /home/mi/workplace/build/learning/build install --prefix /home/mi/workplace/install/learning --record /home/mi/workplace/build/learning/install.log --single-version-externally-managed
