2024-05-23 00:28:18.085 [info] Log level: Info
2024-05-23 00:28:18.086 [info] Validating found git in: "D:\app2\git\Git\cmd\git.exe"
2024-05-23 00:28:18.086 [info] Unable to find git on the PATH: "D:\app2\git\Git\cmd\git.exe". Error: spawn D:\app2\git\Git\cmd\git.exe ENOENT
2024-05-23 00:28:18.086 [info] Validating found git in: "git"
2024-05-23 00:28:18.086 [info] Using git "2.17.1" from "git"
2024-05-23 00:28:18.086 [info] > git rev-parse --show-toplevel [1869ms]
2024-05-23 00:28:18.086 [info] > git rev-parse --git-dir --git-common-dir [103ms]
2024-05-23 00:28:18.086 [info] Open repository: /home/mi
2024-05-23 00:28:18.086 [info] > git rev-parse --show-toplevel [161ms]
2024-05-23 00:28:18.086 [info] > git config --get commit.template [184ms]
2024-05-23 00:28:18.278 [info] > git rev-parse --show-toplevel [168ms]
2024-05-23 00:28:18.322 [info] > git for-each-ref --format=%(refname)%00%(upstream:short)%00%(objectname)%00%(upstream:track)%00%(upstream:remotename)%00%(upstream:remoteref) refs/heads/master refs/remotes/master [175ms]
2024-05-23 00:28:20.074 [info] > git rev-parse --show-toplevel [1762ms]
2024-05-23 00:28:21.024 [info] > git check-ignore -v -z --stdin [927ms]
2024-05-23 00:28:21.033 [info] > git rev-parse --show-toplevel [906ms]
2024-05-23 00:28:21.134 [info] > git log --format=%H%n%aN%n%aE%n%at%n%ct%n%P%n%D%n%B -z -n120 --follow -- /home/mi/workplace/readme.md [1065ms]
2024-05-23 00:28:21.655 [info] > git status -z -uall [602ms]
2024-05-23 00:28:21.660 [info] > git rev-parse --show-toplevel [586ms]
2024-05-23 00:28:22.389 [info] > git merge-base refs/heads/master refs/remotes/origin/master [694ms]
2024-05-23 00:28:22.883 [info] > git config --get commit.template [632ms]
2024-05-23 00:28:22.884 [info] > git rev-parse --show-toplevel [653ms]
2024-05-23 00:28:23.043 [info] > git rev-list --count --left-right refs/heads/master...refs/remotes/origin/master [631ms]
2024-05-23 00:28:23.590 [info] > git diff --name-status -z --diff-filter=ADMR 7fe3a803ce6102ce89f79eb3d61e53c5b1046660...refs/remotes/origin/master [527ms]
2024-05-23 00:28:23.593 [info] > git rev-parse --show-toplevel [688ms]
2024-05-23 00:28:23.718 [info] > git for-each-ref --format=%(refname)%00%(upstream:short)%00%(objectname)%00%(upstream:track)%00%(upstream:remotename)%00%(upstream:remoteref) refs/heads/master refs/remotes/master [636ms]
2024-05-23 00:28:23.730 [info] > git rev-parse --show-toplevel [115ms]
2024-05-23 00:28:23.793 [info] > git rev-parse --show-toplevel [42ms]
2024-05-23 00:28:24.290 [info] > git status -z -uall [467ms]
2024-05-23 00:28:24.301 [info] > git rev-parse --show-toplevel [457ms]
2024-05-23 00:28:24.492 [info] > git rev-parse --show-toplevel [173ms]
2024-05-23 00:28:25.061 [info] > git rev-parse --show-toplevel [267ms]
2024-05-23 00:28:25.098 [info] > git rev-parse --show-toplevel [14ms]
2024-05-23 00:28:25.122 [info] > git rev-parse --show-toplevel [5ms]
2024-05-23 00:28:25.158 [info] > git rev-parse --show-toplevel [12ms]
2024-05-23 00:28:25.197 [info] > git rev-parse --show-toplevel [19ms]
2024-05-23 00:28:25.238 [info] > git rev-parse --show-toplevel [23ms]
2024-05-23 00:28:25.266 [info] > git rev-parse --show-toplevel [9ms]
2024-05-23 00:28:25.289 [info] > git rev-parse --show-toplevel [6ms]
2024-05-23 00:28:25.315 [info] > git rev-parse --show-toplevel [5ms]
2024-05-23 00:28:25.362 [info] > git rev-parse --show-toplevel [30ms]
2024-05-23 00:28:25.398 [info] > git rev-parse --show-toplevel [12ms]
2024-05-23 00:28:25.432 [info] > git rev-parse --show-toplevel [15ms]
2024-05-23 00:28:25.460 [info] > git rev-parse --show-toplevel [9ms]
2024-05-23 00:28:25.485 [info] > git rev-parse --show-toplevel [6ms]
2024-05-23 00:28:25.508 [info] > git rev-parse --show-toplevel [6ms]
2024-05-23 00:28:25.532 [info] > git rev-parse --show-toplevel [6ms]
2024-05-23 00:28:25.575 [info] > git rev-parse --show-toplevel [22ms]
2024-05-23 00:28:25.675 [info] > git show --textconv :workplace/readme.md [60ms]
2024-05-23 00:28:25.689 [info] > git rev-parse --show-toplevel [34ms]
2024-05-23 00:28:25.690 [info] > git ls-files --stage -- /home/mi/workplace/readme.md [56ms]
2024-05-23 00:28:25.926 [info] > git cat-file -s d6302f1fe87ecf35a15e13fe68aa7df80789d6e1 [218ms]
2024-05-23 00:43:33.685 [info] > git log --format=%H%n%aN%n%aE%n%at%n%ct%n%P%n%D%n%B -z -n120 --follow -- /home/mi/workplace/src/learning/learning/track.py [73ms]
2024-05-23 00:43:33.801 [info] > git show --textconv :workplace/src/learning/learning/track.py [24ms]
2024-05-23 00:43:33.805 [info] > git ls-files --stage -- /home/mi/workplace/src/learning/learning/track.py [8ms]
2024-05-23 00:43:33.850 [info] > git cat-file -s f60747abe8d7a5eb5217f22bef3c88073fdec74a [21ms]
2024-05-23 00:43:34.145 [info] > git check-ignore -v -z --stdin [4ms]
2024-05-23 00:46:45.013 [info] > git log --format=%H%n%aN%n%aE%n%at%n%ct%n%P%n%D%n%B -z -n120 --follow -- /home/mi/workplace/readme.md [63ms]
2024-05-23 00:46:45.143 [info] > git show --textconv :workplace/readme.md [33ms]
2024-05-23 00:46:45.153 [info] > git ls-files --stage -- /home/mi/workplace/readme.md [17ms]
2024-05-23 00:46:45.181 [info] > git cat-file -s d6302f1fe87ecf35a15e13fe68aa7df80789d6e1 [7ms]
2024-05-23 00:50:10.898 [info] > git log --format=%H%n%aN%n%aE%n%at%n%ct%n%P%n%D%n%B -z -n120 --follow -- /home/mi/workplace/src/learning/learning/track.py [71ms]
2024-05-23 00:50:11.025 [info] > git show --textconv :workplace/src/learning/learning/track.py [46ms]
2024-05-23 00:50:11.034 [info] > git ls-files --stage -- /home/mi/workplace/src/learning/learning/track.py [23ms]
2024-05-23 00:50:11.067 [info] > git cat-file -s f60747abe8d7a5eb5217f22bef3c88073fdec74a [5ms]
2024-05-23 00:50:32.658 [info] > git log --format=%H%n%aN%n%aE%n%at%n%ct%n%P%n%D%n%B -z -n120 --follow -- /home/mi/workplace/readme.md [64ms]
2024-05-23 00:50:32.801 [info] > git show --textconv :workplace/readme.md [36ms]
2024-05-23 00:50:32.802 [info] > git ls-files --stage -- /home/mi/workplace/readme.md [14ms]
2024-05-23 00:50:32.837 [info] > git cat-file -s d6302f1fe87ecf35a15e13fe68aa7df80789d6e1 [11ms]
2024-05-23 00:50:33.941 [info] > git log --format=%H%n%aN%n%aE%n%at%n%ct%n%P%n%D%n%B -z -n120 --follow -- /home/mi/workplace/src/learning/learning/track.py [69ms]
2024-05-23 00:50:34.119 [info] > git show --textconv :workplace/src/learning/learning/track.py [28ms]
2024-05-23 00:50:34.127 [info] > git ls-files --stage -- /home/mi/workplace/src/learning/learning/track.py [13ms]
2024-05-23 00:50:34.156 [info] > git cat-file -s f60747abe8d7a5eb5217f22bef3c88073fdec74a [6ms]
2024-05-23 00:53:09.148 [info] > git log --format=%H%n%aN%n%aE%n%at%n%ct%n%P%n%D%n%B -z -n120 --follow -- /home/mi/workplace/src/learning/learning/keeper.py [70ms]
2024-05-23 00:53:09.305 [info] > git show --textconv :workplace/src/learning/learning/keeper.py [34ms]
2024-05-23 00:53:09.309 [info] > git ls-files --stage -- /home/mi/workplace/src/learning/learning/keeper.py [13ms]
2024-05-23 00:53:09.347 [info] > git cat-file -s 2991628a82f194739b56b3a0cf8e206d4b839cd9 [14ms]
2024-05-23 00:53:11.814 [info] > git log --format=%H%n%aN%n%aE%n%at%n%ct%n%P%n%D%n%B -z -n120 --follow -- /home/mi/workplace/src/learning/learning/move_x.py [82ms]
2024-05-23 00:53:11.926 [info] > git show --textconv :workplace/src/learning/learning/move_x.py [36ms]
2024-05-23 00:53:11.945 [info] > git ls-files --stage -- /home/mi/workplace/src/learning/learning/move_x.py [27ms]
2024-05-23 00:53:11.975 [info] > git cat-file -s edb32e0c9cdc767e9aa018b1c5d25c59d3f3f09f [5ms]
2024-05-23 00:53:17.850 [info] > git log --format=%H%n%aN%n%aE%n%at%n%ct%n%P%n%D%n%B -z -n120 --follow -- /home/mi/workplace/src/learning/learning/data_receive.py [72ms]
2024-05-23 00:53:17.960 [info] > git show --textconv :workplace/src/learning/learning/data_receive.py [31ms]
2024-05-23 00:53:17.974 [info] > git ls-files --stage -- /home/mi/workplace/src/learning/learning/data_receive.py [18ms]
2024-05-23 00:53:18.002 [info] > git cat-file -s 1b9583a4100c824a06dd995fb1e3affd51231d41 [6ms]
2024-05-23 00:54:23.186 [info] > git check-ignore -v -z --stdin [8ms]
2024-05-23 00:57:32.089 [info] > git log --format=%H%n%aN%n%aE%n%at%n%ct%n%P%n%D%n%B -z -n120 --follow -- /home/mi/workplace/src/learning/learning/stand.py [29ms]
2024-05-23 00:57:32.286 [info] > git show --textconv :workplace/src/learning/learning/stand.py [41ms]
2024-05-23 00:57:32.292 [info] > git ls-files --stage -- /home/mi/workplace/src/learning/learning/stand.py [12ms]
2024-05-23 00:57:32.327 [info] > git cat-file -s 7cb3046d76b85887768792615ae962a43ae669a4 [7ms]
2024-05-23 00:59:14.277 [info] > git log --format=%H%n%aN%n%aE%n%at%n%ct%n%P%n%D%n%B -z -n120 --follow -- /home/mi/workplace/readme.md [66ms]
2024-05-23 00:59:14.413 [info] > git show --textconv :workplace/readme.md [40ms]
2024-05-23 00:59:14.426 [info] > git ls-files --stage -- /home/mi/workplace/readme.md [21ms]
2024-05-23 00:59:14.470 [info] > git cat-file -s d6302f1fe87ecf35a15e13fe68aa7df80789d6e1 [14ms]
