2024-05-22 23:22:18.578 [info] Log level: Info
2024-05-22 23:22:18.579 [info] Validating found git in: "D:\app2\git\Git\cmd\git.exe"
2024-05-22 23:22:18.579 [info] Unable to find git on the PATH: "D:\app2\git\Git\cmd\git.exe". Error: spawn D:\app2\git\Git\cmd\git.exe ENOENT
2024-05-22 23:22:18.579 [info] Validating found git in: "git"
2024-05-22 23:22:18.579 [info] Using git "2.17.1" from "git"
2024-05-22 23:22:18.579 [info] > git rev-parse --show-toplevel [1266ms]
2024-05-22 23:22:18.626 [info] > git rev-parse --git-dir --git-common-dir [28ms]
2024-05-22 23:22:18.699 [info] Open repository: /home/mi
2024-05-22 23:22:18.875 [info] > git rev-parse --show-toplevel [128ms]
2024-05-22 23:22:18.880 [info] > git config --get commit.template [148ms]
2024-05-22 23:22:18.952 [info] > git rev-parse --show-toplevel [55ms]
2024-05-22 23:22:19.041 [info] > git for-each-ref --format=%(refname)%00%(upstream:short)%00%(objectname)%00%(upstream:track)%00%(upstream:remotename)%00%(upstream:remoteref) refs/heads/master refs/remotes/master [104ms]
2024-05-22 23:22:21.160 [info] > git rev-parse --show-toplevel [2156ms]
2024-05-22 23:22:21.374 [info] > git rev-parse --show-toplevel [187ms]
2024-05-22 23:22:21.647 [info] > git status -z -uall [246ms]
2024-05-22 23:22:21.648 [info] > git rev-parse --show-toplevel [162ms]
2024-05-22 23:22:22.524 [info] > git check-ignore -v -z --stdin [852ms]
2024-05-22 23:22:22.536 [info] > git merge-base refs/heads/master refs/remotes/origin/master [726ms]
2024-05-22 23:22:22.557 [info] > git rev-parse --show-toplevel [854ms]
2024-05-22 23:22:23.332 [info] > git rev-list --count --left-right refs/heads/master...refs/remotes/origin/master [778ms]
2024-05-22 23:22:23.365 [info] > git config --get commit.template [956ms]
2024-05-22 23:22:23.379 [info] > git diff --name-status -z --diff-filter=ADMR 7fe3a803ce6102ce89f79eb3d61e53c5b1046660...refs/remotes/origin/master [20ms]
2024-05-22 23:22:23.386 [info] > git rev-parse --show-toplevel [210ms]
2024-05-22 23:22:23.568 [info] > git rev-parse --show-toplevel [64ms]
2024-05-22 23:22:23.572 [info] > git for-each-ref --format=%(refname)%00%(upstream:short)%00%(objectname)%00%(upstream:track)%00%(upstream:remotename)%00%(upstream:remoteref) refs/heads/master refs/remotes/master [166ms]
2024-05-22 23:22:23.727 [info] > git rev-parse --show-toplevel [131ms]
2024-05-22 23:22:23.800 [info] > git rev-parse --show-toplevel [46ms]
2024-05-22 23:22:24.236 [info] > git status -z -uall [443ms]
2024-05-22 23:22:24.237 [info] > git rev-parse --show-toplevel [399ms]
2024-05-22 23:22:24.442 [info] > git rev-parse --show-toplevel [186ms]
2024-05-22 23:22:24.828 [info] > git rev-parse --show-toplevel [134ms]
2024-05-22 23:22:24.853 [info] > git rev-parse --show-toplevel [7ms]
2024-05-22 23:22:24.888 [info] > git rev-parse --show-toplevel [17ms]
2024-05-22 23:22:24.915 [info] > git rev-parse --show-toplevel [9ms]
2024-05-22 23:22:24.941 [info] > git rev-parse --show-toplevel [6ms]
2024-05-22 23:22:24.965 [info] > git rev-parse --show-toplevel [5ms]
2024-05-22 23:22:24.989 [info] > git rev-parse --show-toplevel [5ms]
2024-05-22 23:22:25.026 [info] > git rev-parse --show-toplevel [18ms]
2024-05-22 23:22:25.053 [info] > git rev-parse --show-toplevel [9ms]
2024-05-22 23:22:25.077 [info] > git rev-parse --show-toplevel [5ms]
2024-05-22 23:22:25.100 [info] > git rev-parse --show-toplevel [4ms]
2024-05-22 23:22:25.125 [info] > git rev-parse --show-toplevel [8ms]
2024-05-22 23:22:25.149 [info] > git rev-parse --show-toplevel [5ms]
2024-05-22 23:22:25.171 [info] > git rev-parse --show-toplevel [4ms]
2024-05-22 23:22:25.197 [info] > git rev-parse --show-toplevel [7ms]
2024-05-22 23:22:25.220 [info] > git rev-parse --show-toplevel [5ms]
2024-05-22 23:22:25.300 [info] > git show --textconv :workplace/src/learning/learning/keeper.py [44ms]
2024-05-22 23:22:25.340 [info] > git rev-parse --show-toplevel [43ms]
2024-05-22 23:22:25.341 [info] > git ls-files --stage -- /home/mi/workplace/src/learning/learning/keeper.py [64ms]
2024-05-22 23:22:25.396 [info] > git cat-file -s 2991628a82f194739b56b3a0cf8e206d4b839cd9 [35ms]
2024-05-22 23:24:06.621 [info] > git config --get commit.template [11ms]
2024-05-22 23:24:06.657 [info] > git for-each-ref --format=%(refname)%00%(upstream:short)%00%(objectname)%00%(upstream:track)%00%(upstream:remotename)%00%(upstream:remoteref) refs/heads/master refs/remotes/master [6ms]
2024-05-22 23:24:06.769 [info] > git status -z -uall [89ms]
2024-05-22 23:27:55.257 [info] > git show --textconv :workplace/readme.md [41ms]
2024-05-22 23:27:55.268 [info] > git ls-files --stage -- /home/mi/workplace/readme.md [29ms]
2024-05-22 23:27:55.302 [info] > git cat-file -s d6302f1fe87ecf35a15e13fe68aa7df80789d6e1 [15ms]
