[4.464s] Invoking command in '/home/mi/workplace/src/learning': PYTHONPATH=/home/mi/workplace/install/learning/lib/python3.6/site-packages:${PYTHONPATH} /usr/bin/python3 setup.py egg_info --egg-base ../../build/learning build --build-base /home/mi/workplace/build/learning/build install --prefix /home/mi/workplace/install/learning --record /home/mi/workplace/build/learning/install.log --single-version-externally-managed
[6.218s] running egg_info
[6.224s] writing ../../build/learning/learning.egg-info/PKG-INFO
[6.226s] writing dependency_links to ../../build/learning/learning.egg-info/dependency_links.txt
[6.229s] writing entry points to ../../build/learning/learning.egg-info/entry_points.txt
[6.229s] writing requirements to ../../build/learning/learning.egg-info/requires.txt
[6.230s] writing top-level names to ../../build/learning/learning.egg-info/top_level.txt
[6.247s] reading manifest file '../../build/learning/learning.egg-info/SOURCES.txt'
[6.255s] writing manifest file '../../build/learning/learning.egg-info/SOURCES.txt'
[6.256s] running build
[6.257s] running build_py
[6.258s] copying learning/track.py -> /home/mi/workplace/build/learning/build/lib/learning
[6.261s] running install
[6.262s] /usr/local/lib/python3.6/dist-packages/setuptools/command/install.py:37: SetuptoolsDeprecationWarning: setup.py install is deprecated. Use build and pip and other standards-based tools.
[6.263s]   setuptools.SetuptoolsDeprecationWarning,
[6.263s] running install_lib
[6.266s] copying /home/mi/workplace/build/learning/build/lib/learning/track.py -> /home/mi/workplace/install/learning/lib/python3.6/site-packages/learning
[6.268s] byte-compiling /home/mi/workplace/install/learning/lib/python3.6/site-packages/learning/track.py to track.cpython-36.pyc
[6.276s] running install_data
[6.278s] running install_egg_info
[6.288s] removing '/home/mi/workplace/install/learning/lib/python3.6/site-packages/learning-0.0.0-py3.6.egg-info' (and everything under it)
[6.289s] Copying ../../build/learning/learning.egg-info to /home/mi/workplace/install/learning/lib/python3.6/site-packages/learning-0.0.0-py3.6.egg-info
[6.291s] running install_scripts
[6.383s] Installing camera script to /home/mi/workplace/install/learning/lib/learning
[6.384s] Installing data_receive script to /home/mi/workplace/install/learning/lib/learning
[6.385s] Installing keeper script to /home/mi/workplace/install/learning/lib/learning
[6.391s] Installing move_x script to /home/mi/workplace/install/learning/lib/learning
[6.392s] Installing stand script to /home/mi/workplace/install/learning/lib/learning
[6.392s] Installing track script to /home/mi/workplace/install/learning/lib/learning
[6.393s] writing list of installed files to '/home/mi/workplace/build/learning/install.log'
[6.509s] Invoked command in '/home/mi/workplace/src/learning' returned '0': PYTHONPATH=/home/mi/workplace/install/learning/lib/python3.6/site-packages:${PYTHONPATH} /usr/bin/python3 setup.py egg_info --egg-base ../../build/learning build --build-base /home/mi/workplace/build/learning/build install --prefix /home/mi/workplace/install/learning --record /home/mi/workplace/build/learning/install.log --single-version-externally-managed
