2024-05-26 00:01:32.006 [info] Log level: Info
2024-05-26 00:01:32.006 [info] Validating found git in: "D:\app2\git\Git\cmd\git.exe"
2024-05-26 00:01:32.006 [info] Unable to find git on the PATH: "D:\app2\git\Git\cmd\git.exe". Error: spawn D:\app2\git\Git\cmd\git.exe ENOENT
2024-05-26 00:01:32.006 [info] Validating found git in: "git"
2024-05-26 00:01:32.006 [info] Using git "2.17.1" from "git"
2024-05-26 00:01:32.006 [info] > git rev-parse --show-toplevel [1030ms]
2024-05-26 00:01:32.007 [info] > git rev-parse --git-dir --git-common-dir [724ms]
2024-05-26 00:01:32.007 [info] Open repository: /home/mi
2024-05-26 00:01:32.007 [info] > git rev-parse --show-toplevel [1602ms]
2024-05-26 00:01:32.007 [info] > git config --get commit.template [1623ms]
2024-05-26 00:01:32.139 [info] > git check-ignore -v -z --stdin [177ms]
2024-05-26 00:01:32.148 [info] > git rev-parse --show-toplevel [119ms]
2024-05-26 00:01:32.510 [info] > git for-each-ref --format=%(refname)%00%(upstream:short)%00%(objectname)%00%(upstream:track)%00%(upstream:remotename)%00%(upstream:remoteref) refs/heads/master refs/remotes/master [388ms]
2024-05-26 00:01:33.335 [info] > git rev-parse --show-toplevel [973ms]
2024-05-26 00:01:33.606 [info] > git log --format=%H%n%aN%n%aE%n%at%n%ct%n%P%n%D%n%B -z -n130 --follow -- /home/mi/workplace/src/learning/learning/track.py [1060ms]
2024-05-26 00:01:34.022 [info] > git rev-parse --show-toplevel [565ms]
2024-05-26 00:01:34.215 [info] > git status -z -uall [164ms]
2024-05-26 00:01:34.216 [info] > git rev-parse --show-toplevel [133ms]
2024-05-26 00:01:35.371 [info] > git merge-base refs/heads/master refs/remotes/origin/master [1004ms]
2024-05-26 00:01:35.403 [info] > git rev-parse --show-toplevel [1151ms]
2024-05-26 00:01:35.488 [info] > git rev-list --count --left-right refs/heads/master...refs/remotes/origin/master [86ms]
2024-05-26 00:01:35.520 [info] > git config --get commit.template [289ms]
2024-05-26 00:01:35.597 [info] > git diff --name-status -z --diff-filter=ADMR 7fe3a803ce6102ce89f79eb3d61e53c5b1046660...refs/remotes/origin/master [85ms]
2024-05-26 00:01:35.602 [info] > git rev-parse --show-toplevel [167ms]
2024-05-26 00:01:35.669 [info] > git rev-parse --show-toplevel [18ms]
2024-05-26 00:01:35.670 [info] > git for-each-ref --format=%(refname)%00%(upstream:short)%00%(objectname)%00%(upstream:track)%00%(upstream:remotename)%00%(upstream:remoteref) refs/heads/master refs/remotes/master [43ms]
2024-05-26 00:01:35.702 [info] > git rev-parse --show-toplevel [9ms]
2024-05-26 00:01:35.872 [info] > git status -z -uall [122ms]
2024-05-26 00:01:35.873 [info] > git rev-parse --show-toplevel [147ms]
2024-05-26 00:01:36.121 [info] > git rev-parse --show-toplevel [225ms]
2024-05-26 00:01:37.142 [info] > git rev-parse --show-toplevel [434ms]
2024-05-26 00:01:37.601 [info] > git rev-parse --show-toplevel [433ms]
2024-05-26 00:01:37.673 [info] > git rev-parse --show-toplevel [46ms]
2024-05-26 00:01:37.709 [info] > git rev-parse --show-toplevel [8ms]
2024-05-26 00:01:37.744 [info] > git rev-parse --show-toplevel [12ms]
2024-05-26 00:01:37.840 [info] > git rev-parse --show-toplevel [56ms]
2024-05-26 00:01:37.907 [info] > git rev-parse --show-toplevel [42ms]
2024-05-26 00:01:37.947 [info] > git rev-parse --show-toplevel [11ms]
2024-05-26 00:01:37.981 [info] > git rev-parse --show-toplevel [12ms]
2024-05-26 00:01:38.011 [info] > git rev-parse --show-toplevel [6ms]
2024-05-26 00:01:38.038 [info] > git rev-parse --show-toplevel [6ms]
2024-05-26 00:01:38.067 [info] > git rev-parse --show-toplevel [5ms]
2024-05-26 00:01:38.100 [info] > git rev-parse --show-toplevel [8ms]
2024-05-26 00:01:38.160 [info] > git rev-parse --show-toplevel [37ms]
2024-05-26 00:01:38.192 [info] > git rev-parse --show-toplevel [7ms]
2024-05-26 00:01:38.221 [info] > git rev-parse --show-toplevel [6ms]
2024-05-26 00:01:38.265 [info] > git rev-parse --show-toplevel [21ms]
2024-05-26 00:01:38.393 [info] > git show --textconv :workplace/src/learning/learning/track.py [78ms]
2024-05-26 00:01:38.401 [info] > git ls-files --stage -- /home/mi/workplace/src/learning/learning/track.py [52ms]
2024-05-26 00:01:38.673 [info] > git cat-file -s f60747abe8d7a5eb5217f22bef3c88073fdec74a [244ms]
2024-05-26 00:01:59.144 [info] > git log --format=%H%n%aN%n%aE%n%at%n%ct%n%P%n%D%n%B -z -n130 --follow -- /home/mi/workplace/readme.md [596ms]
2024-05-26 00:01:59.417 [info] > git show --textconv :workplace/readme.md [65ms]
2024-05-26 00:01:59.419 [info] > git ls-files --stage -- /home/mi/workplace/readme.md [24ms]
2024-05-26 00:01:59.454 [info] > git cat-file -s 1915dcc75bf2568d2926be2950118e50adb002f2 [9ms]
2024-05-26 00:04:19.510 [info] > git config --get commit.template [34ms]
2024-05-26 00:04:19.516 [info] > git for-each-ref --format=%(refname)%00%(upstream:short)%00%(objectname)%00%(upstream:track)%00%(upstream:remotename)%00%(upstream:remoteref) refs/heads/master refs/remotes/master [13ms]
2024-05-26 00:04:19.624 [info] > git status -z -uall [80ms]
