2024-05-26 00:05:12.329 [info] Log level: Info
2024-05-26 00:05:12.329 [info] Validating found git in: "D:\app2\git\Git\cmd\git.exe"
2024-05-26 00:05:12.329 [info] Unable to find git on the PATH: "D:\app2\git\Git\cmd\git.exe". Error: spawn D:\app2\git\Git\cmd\git.exe ENOENT
2024-05-26 00:05:12.329 [info] Validating found git in: "git"
2024-05-26 00:05:12.329 [info] Using git "2.17.1" from "git"
2024-05-26 00:05:12.329 [info] > git rev-parse --show-toplevel [1129ms]
2024-05-26 00:05:12.329 [info] > git rev-parse --git-dir --git-common-dir [1671ms]
2024-05-26 00:05:12.329 [info] Open repository: /home/mi
2024-05-26 00:05:12.329 [info] > git rev-parse --show-toplevel [912ms]
2024-05-26 00:05:12.329 [info] > git config --get commit.template [942ms]
2024-05-26 00:05:12.612 [info] > git check-ignore -v -z --stdin [289ms]
2024-05-26 00:05:12.621 [info] > git rev-parse --show-toplevel [265ms]
2024-05-26 00:05:13.490 [info] > git for-each-ref --format=%(refname)%00%(upstream:short)%00%(objectname)%00%(upstream:track)%00%(upstream:remotename)%00%(upstream:remoteref) refs/heads/master refs/remotes/master [917ms]
2024-05-26 00:05:14.214 [info] > git rev-parse --show-toplevel [855ms]
2024-05-26 00:05:14.425 [info] > git rev-parse --show-toplevel [75ms]
2024-05-26 00:05:14.495 [info] > git log --format=%H%n%aN%n%aE%n%at%n%ct%n%P%n%D%n%B -z -n120 --follow -- /home/mi/workplace/readme.md [175ms]
2024-05-26 00:05:14.834 [info] > git status -z -uall [382ms]
2024-05-26 00:05:14.844 [info] > git rev-parse --show-toplevel [363ms]
2024-05-26 00:05:15.916 [info] > git merge-base refs/heads/master refs/remotes/origin/master [1009ms]
2024-05-26 00:05:16.039 [info] > git rev-list --count --left-right refs/heads/master...refs/remotes/origin/master [89ms]
2024-05-26 00:05:16.081 [info] > git config --get commit.template [361ms]
2024-05-26 00:05:16.082 [info] > git rev-parse --show-toplevel [397ms]
2024-05-26 00:05:16.193 [info] > git diff --name-status -z --diff-filter=ADMR 7fe3a803ce6102ce89f79eb3d61e53c5b1046660...refs/remotes/origin/master [118ms]
2024-05-26 00:05:16.399 [info] > git rev-parse --show-toplevel [290ms]
2024-05-26 00:05:16.531 [info] > git for-each-ref --format=%(refname)%00%(upstream:short)%00%(objectname)%00%(upstream:track)%00%(upstream:remotename)%00%(upstream:remoteref) refs/heads/master refs/remotes/master [307ms]
2024-05-26 00:05:16.683 [info] > git rev-parse --show-toplevel [258ms]
2024-05-26 00:05:16.900 [info] > git rev-parse --show-toplevel [175ms]
2024-05-26 00:05:17.408 [info] > git status -z -uall [554ms]
2024-05-26 00:05:17.409 [info] > git rev-parse --show-toplevel [51ms]
2024-05-26 00:05:17.533 [info] > git rev-parse --show-toplevel [16ms]
2024-05-26 00:05:18.160 [info] > git rev-parse --show-toplevel [87ms]
2024-05-26 00:05:18.201 [info] > git rev-parse --show-toplevel [9ms]
2024-05-26 00:05:18.235 [info] > git rev-parse --show-toplevel [8ms]
2024-05-26 00:05:18.284 [info] > git rev-parse --show-toplevel [19ms]
2024-05-26 00:05:18.319 [info] > git rev-parse --show-toplevel [5ms]
2024-05-26 00:05:18.351 [info] > git rev-parse --show-toplevel [4ms]
2024-05-26 00:05:18.416 [info] > git rev-parse --show-toplevel [34ms]
2024-05-26 00:05:18.453 [info] > git rev-parse --show-toplevel [7ms]
2024-05-26 00:05:18.487 [info] > git rev-parse --show-toplevel [6ms]
2024-05-26 00:05:18.521 [info] > git rev-parse --show-toplevel [9ms]
2024-05-26 00:05:18.551 [info] > git rev-parse --show-toplevel [5ms]
2024-05-26 00:05:18.586 [info] > git rev-parse --show-toplevel [7ms]
2024-05-26 00:05:18.619 [info] > git rev-parse --show-toplevel [4ms]
2024-05-26 00:05:18.678 [info] > git rev-parse --show-toplevel [32ms]
2024-05-26 00:05:18.954 [info] > git rev-parse --show-toplevel [231ms]
2024-05-26 00:05:19.072 [info] > git rev-parse --show-toplevel [90ms]
2024-05-26 00:05:19.123 [info] > git rev-parse --show-toplevel [24ms]
2024-05-26 00:05:19.252 [info] > git show --textconv :workplace/readme.md [87ms]
2024-05-26 00:05:19.262 [info] > git ls-files --stage -- /home/mi/workplace/readme.md [63ms]
2024-05-26 00:05:19.295 [info] > git cat-file -s 1915dcc75bf2568d2926be2950118e50adb002f2 [6ms]
2024-05-26 00:09:35.016 [info] > git config --get commit.template [33ms]
2024-05-26 00:09:35.018 [info] > git for-each-ref --format=%(refname)%00%(upstream:short)%00%(objectname)%00%(upstream:track)%00%(upstream:remotename)%00%(upstream:remoteref) refs/heads/master refs/remotes/master [13ms]
2024-05-26 00:09:35.149 [info] > git status -z -uall [99ms]
2024-05-26 00:10:48.379 [info] > git log --format=%H%n%aN%n%aE%n%at%n%ct%n%P%n%D%n%B -z -n120 --follow -- /home/mi/workplace/src/learning/learning/realsense_cam_suber.py [21ms]
2024-05-26 00:10:48.588 [info] > git show --textconv :workplace/src/learning/learning/realsense_cam_suber.py [75ms]
2024-05-26 00:10:48.590 [info] > git ls-files --stage -- /home/mi/workplace/src/learning/learning/realsense_cam_suber.py [30ms]
2024-05-26 00:10:48.726 [info] > git check-ignore -v -z --stdin [23ms]
2024-05-26 00:12:08.601 [info] > git config --get commit.template [4340ms]
2024-05-26 00:12:08.621 [info] > git log --format=%H%n%aN%n%aE%n%at%n%ct%n%P%n%D%n%B -z -n120 --follow -- /home/mi/workplace/src/learning/setup.py [126ms]
2024-05-26 00:12:08.651 [info] > git log --format=%H%n%aN%n%aE%n%at%n%ct%n%P%n%D%n%B -z -n120 --follow -- /home/mi/workplace/readme.md [208ms]
2024-05-26 00:12:08.805 [info] > git show --textconv :workplace/src/learning/setup.py [57ms]
2024-05-26 00:12:08.819 [info] > git for-each-ref --format=%(refname)%00%(upstream:short)%00%(objectname)%00%(upstream:track)%00%(upstream:remotename)%00%(upstream:remoteref) refs/heads/master refs/remotes/master [120ms]
2024-05-26 00:12:09.393 [info] > git ls-files --stage -- /home/mi/workplace/src/learning/setup.py [598ms]
2024-05-26 00:12:09.444 [info] > git cat-file -s 1f44bee359b424d4b2d6e195d435209324e9cf87 [10ms]
2024-05-26 00:12:09.576 [info] > git status -z -uall [85ms]
2024-05-26 00:12:13.030 [info] > git log --format=%H%n%aN%n%aE%n%at%n%ct%n%P%n%D%n%B -z -n120 --follow -- /home/mi/workplace/src/learning/learning/realsense_cam_suber.py [10ms]
2024-05-26 00:12:13.265 [info] > git show --textconv :workplace/src/learning/learning/realsense_cam_suber.py [62ms]
2024-05-26 00:12:13.272 [info] > git ls-files --stage -- /home/mi/workplace/src/learning/learning/realsense_cam_suber.py [21ms]
2024-05-26 00:12:37.558 [info] > git config --get commit.template [6ms]
2024-05-26 00:12:37.614 [info] > git for-each-ref --format=%(refname)%00%(upstream:short)%00%(objectname)%00%(upstream:track)%00%(upstream:remotename)%00%(upstream:remoteref) refs/heads/master refs/remotes/master [7ms]
2024-05-26 00:12:37.765 [info] > git status -z -uall [100ms]
2024-05-26 00:12:40.363 [info] > git log --format=%H%n%aN%n%aE%n%at%n%ct%n%P%n%D%n%B -z -n120 --follow -- /home/mi/workplace/src/learning/learning/keeper.py [65ms]
2024-05-26 00:12:40.536 [info] > git show --textconv :workplace/src/learning/learning/keeper.py [55ms]
2024-05-26 00:12:40.540 [info] > git ls-files --stage -- /home/mi/workplace/src/learning/learning/keeper.py [10ms]
2024-05-26 00:12:40.597 [info] > git cat-file -s d009c29ab076d3fcf35823c4836a768bdb1a13c3 [14ms]
2024-05-26 00:12:45.418 [info] > git log --format=%H%n%aN%n%aE%n%at%n%ct%n%P%n%D%n%B -z -n120 --follow -- /home/mi/workplace/src/learning/learning/realsense_cam_suber.py [24ms]
2024-05-26 00:12:45.569 [info] > git show --textconv :workplace/src/learning/learning/realsense_cam_suber.py [53ms]
2024-05-26 00:12:45.581 [info] > git ls-files --stage -- /home/mi/workplace/src/learning/learning/realsense_cam_suber.py [18ms]
2024-05-26 00:13:42.358 [info] > git log --format=%H%n%aN%n%aE%n%at%n%ct%n%P%n%D%n%B -z -n120 --follow -- /home/mi/workplace/src/learning/learning/rgb_cam_suber.py [15ms]
2024-05-26 00:13:42.543 [info] > git show --textconv :workplace/src/learning/learning/rgb_cam_suber.py [51ms]
2024-05-26 00:13:42.548 [info] > git ls-files --stage -- /home/mi/workplace/src/learning/learning/rgb_cam_suber.py [13ms]
2024-05-26 00:13:44.922 [info] > git log --format=%H%n%aN%n%aE%n%at%n%ct%n%P%n%D%n%B -z -n120 --follow -- /home/mi/workplace/src/learning/learning/realsense_cam_suber.py [11ms]
2024-05-26 00:13:45.098 [info] > git show --textconv :workplace/src/learning/learning/realsense_cam_suber.py [54ms]
2024-05-26 00:13:45.107 [info] > git ls-files --stage -- /home/mi/workplace/src/learning/learning/realsense_cam_suber.py [17ms]
2024-05-26 00:13:59.090 [info] > git log --format=%H%n%aN%n%aE%n%at%n%ct%n%P%n%D%n%B -z -n120 --follow -- /home/mi/workplace/src/learning/learning/keeper.py [76ms]
2024-05-26 00:13:59.262 [info] > git show --textconv :workplace/src/learning/learning/keeper.py [57ms]
2024-05-26 00:13:59.266 [info] > git ls-files --stage -- /home/mi/workplace/src/learning/learning/keeper.py [19ms]
2024-05-26 00:13:59.314 [info] > git cat-file -s d009c29ab076d3fcf35823c4836a768bdb1a13c3 [8ms]
2024-05-26 00:14:03.177 [info] > git log --format=%H%n%aN%n%aE%n%at%n%ct%n%P%n%D%n%B -z -n120 --follow -- /home/mi/workplace/src/learning/learning/realsense_cam_suber.py [16ms]
2024-05-26 00:14:03.817 [info] > git show --textconv :workplace/src/learning/learning/realsense_cam_suber.py [53ms]
2024-05-26 00:14:03.824 [info] > git ls-files --stage -- /home/mi/workplace/src/learning/learning/realsense_cam_suber.py [12ms]
2024-05-26 00:14:05.410 [info] > git config --get commit.template [9ms]
2024-05-26 00:14:05.460 [info] > git for-each-ref --format=%(refname)%00%(upstream:short)%00%(objectname)%00%(upstream:track)%00%(upstream:remotename)%00%(upstream:remoteref) refs/heads/master refs/remotes/master [8ms]
2024-05-26 00:14:05.602 [info] > git status -z -uall [95ms]
2024-05-26 00:14:13.652 [info] > git log --format=%H%n%aN%n%aE%n%at%n%ct%n%P%n%D%n%B -z -n120 --follow -- /home/mi/workplace/src/learning/learning/rgb_cam_suber.py [15ms]
2024-05-26 00:14:13.867 [info] > git show --textconv :workplace/src/learning/learning/rgb_cam_suber.py [47ms]
2024-05-26 00:14:13.872 [info] > git ls-files --stage -- /home/mi/workplace/src/learning/learning/rgb_cam_suber.py [13ms]
2024-05-26 00:14:15.143 [info] > git log --format=%H%n%aN%n%aE%n%at%n%ct%n%P%n%D%n%B -z -n120 --follow -- /home/mi/workplace/src/learning/learning/move_horizontal.py [18ms]
2024-05-26 00:14:15.349 [info] > git show --textconv :workplace/src/learning/learning/move_horizontal.py [53ms]
2024-05-26 00:14:15.354 [info] > git ls-files --stage -- /home/mi/workplace/src/learning/learning/move_horizontal.py [11ms]
2024-05-26 00:16:47.903 [info] > git log --format=%H%n%aN%n%aE%n%at%n%ct%n%P%n%D%n%B -z -n120 --follow -- /home/mi/workplace/src/learning/learning/realsense_cam_suber.py [17ms]
2024-05-26 00:16:48.102 [info] > git show --textconv :workplace/src/learning/learning/realsense_cam_suber.py [54ms]
2024-05-26 00:16:48.110 [info] > git ls-files --stage -- /home/mi/workplace/src/learning/learning/realsense_cam_suber.py [17ms]
2024-05-26 00:16:49.950 [info] > git log --format=%H%n%aN%n%aE%n%at%n%ct%n%P%n%D%n%B -z -n120 --follow -- /home/mi/workplace/src/learning/learning/rgb_cam_suber.py [15ms]
2024-05-26 00:16:50.170 [info] > git show --textconv :workplace/src/learning/learning/rgb_cam_suber.py [50ms]
2024-05-26 00:16:50.176 [info] > git ls-files --stage -- /home/mi/workplace/src/learning/learning/rgb_cam_suber.py [13ms]
2024-05-26 00:16:51.278 [info] > git log --format=%H%n%aN%n%aE%n%at%n%ct%n%P%n%D%n%B -z -n120 --follow -- /home/mi/workplace/src/learning/learning/move_horizontal.py [10ms]
2024-05-26 00:16:51.419 [info] > git show --textconv :workplace/src/learning/learning/move_horizontal.py [53ms]
2024-05-26 00:16:51.420 [info] > git ls-files --stage -- /home/mi/workplace/src/learning/learning/move_horizontal.py [16ms]
2024-05-26 00:17:26.615 [info] > git log --format=%H%n%aN%n%aE%n%at%n%ct%n%P%n%D%n%B -z -n120 --follow -- /home/mi/workplace/src/learning/learning/realsense_cam_suber.py [12ms]
2024-05-26 00:17:26.742 [info] > git show --textconv :workplace/src/learning/learning/realsense_cam_suber.py [50ms]
2024-05-26 00:17:26.748 [info] > git ls-files --stage -- /home/mi/workplace/src/learning/learning/realsense_cam_suber.py [13ms]
2024-05-26 00:17:32.762 [info] > git log --format=%H%n%aN%n%aE%n%at%n%ct%n%P%n%D%n%B -z -n120 --follow -- /home/mi/workplace/src/learning/learning/move_horizontal.py [15ms]
2024-05-26 00:17:32.906 [info] > git show --textconv :workplace/src/learning/learning/move_horizontal.py [52ms]
2024-05-26 00:17:32.912 [info] > git ls-files --stage -- /home/mi/workplace/src/learning/learning/move_horizontal.py [15ms]
2024-05-26 00:17:47.694 [info] > git log --format=%H%n%aN%n%aE%n%at%n%ct%n%P%n%D%n%B -z -n120 --follow -- /home/mi/workplace/src/learning/learning/realsense_cam_suber.py [12ms]
2024-05-26 00:17:47.873 [info] > git show --textconv :workplace/src/learning/learning/realsense_cam_suber.py [49ms]
2024-05-26 00:17:47.878 [info] > git ls-files --stage -- /home/mi/workplace/src/learning/learning/realsense_cam_suber.py [15ms]
2024-05-26 00:17:58.382 [info] > git log --format=%H%n%aN%n%aE%n%at%n%ct%n%P%n%D%n%B -z -n120 --follow -- /home/mi/workplace/src/learning/learning/rgb_cam_suber.py [10ms]
2024-05-26 00:17:58.578 [info] > git show --textconv :workplace/src/learning/learning/rgb_cam_suber.py [51ms]
2024-05-26 00:17:58.585 [info] > git ls-files --stage -- /home/mi/workplace/src/learning/learning/rgb_cam_suber.py [16ms]
2024-05-26 00:18:00.915 [info] > git log --format=%H%n%aN%n%aE%n%at%n%ct%n%P%n%D%n%B -z -n120 --follow -- /home/mi/workplace/src/learning/learning/move_horizontal.py [12ms]
2024-05-26 00:18:01.094 [info] > git show --textconv :workplace/src/learning/learning/move_horizontal.py [45ms]
2024-05-26 00:18:01.105 [info] > git ls-files --stage -- /home/mi/workplace/src/learning/learning/move_horizontal.py [19ms]
2024-05-26 00:18:05.303 [info] > git log --format=%H%n%aN%n%aE%n%at%n%ct%n%P%n%D%n%B -z -n120 --follow -- /home/mi/workplace/src/learning/learning/realsense_cam_suber.py [7ms]
2024-05-26 00:18:05.493 [info] > git show --textconv :workplace/src/learning/learning/realsense_cam_suber.py [53ms]
2024-05-26 00:18:05.499 [info] > git ls-files --stage -- /home/mi/workplace/src/learning/learning/realsense_cam_suber.py [15ms]
2024-05-26 00:18:17.501 [info] > git log --format=%H%n%aN%n%aE%n%at%n%ct%n%P%n%D%n%B -z -n120 --follow -- /home/mi/workplace/src/learning/learning/move_horizontal.py [18ms]
2024-05-26 00:18:17.718 [info] > git show --textconv :workplace/src/learning/learning/move_horizontal.py [49ms]
2024-05-26 00:18:17.725 [info] > git ls-files --stage -- /home/mi/workplace/src/learning/learning/move_horizontal.py [14ms]
2024-05-26 00:18:42.089 [info] > git log --format=%H%n%aN%n%aE%n%at%n%ct%n%P%n%D%n%B -z -n120 --follow -- /home/mi/workplace/src/learning/learning/realsense_cam_suber.py [8ms]
2024-05-26 00:18:42.298 [info] > git show --textconv :workplace/src/learning/learning/realsense_cam_suber.py [47ms]
2024-05-26 00:18:42.303 [info] > git ls-files --stage -- /home/mi/workplace/src/learning/learning/realsense_cam_suber.py [13ms]
2024-05-26 00:19:07.632 [info] > git log --format=%H%n%aN%n%aE%n%at%n%ct%n%P%n%D%n%B -z -n120 --follow -- /home/mi/workplace/src/learning/learning/move_horizontal.py [11ms]
2024-05-26 00:19:07.852 [info] > git show --textconv :workplace/src/learning/learning/move_horizontal.py [54ms]
2024-05-26 00:19:07.859 [info] > git ls-files --stage -- /home/mi/workplace/src/learning/learning/move_horizontal.py [18ms]
2024-05-26 00:20:00.187 [info] > git config --get commit.template [7ms]
2024-05-26 00:20:00.237 [info] > git for-each-ref --format=%(refname)%00%(upstream:short)%00%(objectname)%00%(upstream:track)%00%(upstream:remotename)%00%(upstream:remoteref) refs/heads/master refs/remotes/master [7ms]
2024-05-26 00:20:00.367 [info] > git status -z -uall [84ms]
2024-05-26 00:20:05.526 [info] > git config --get commit.template [45ms]
2024-05-26 00:20:05.528 [info] > git for-each-ref --format=%(refname)%00%(upstream:short)%00%(objectname)%00%(upstream:track)%00%(upstream:remotename)%00%(upstream:remoteref) refs/heads/master refs/remotes/master [9ms]
2024-05-26 00:20:05.654 [info] > git status -z -uall [84ms]
2024-05-26 00:20:06.188 [info] > git log --format=%H%n%aN%n%aE%n%at%n%ct%n%P%n%D%n%B -z -n120 --follow -- /home/mi/workplace/src/learning/learning/realsense_cam_suber.py [16ms]
2024-05-26 00:20:06.514 [info] > git show --textconv :workplace/src/learning/learning/realsense_cam_suber.py [44ms]
2024-05-26 00:20:06.518 [info] > git ls-files --stage -- /home/mi/workplace/src/learning/learning/realsense_cam_suber.py [8ms]
2024-05-26 00:20:15.797 [info] > git config --get commit.template [5ms]
2024-05-26 00:20:15.854 [info] > git for-each-ref --format=%(refname)%00%(upstream:short)%00%(objectname)%00%(upstream:track)%00%(upstream:remotename)%00%(upstream:remoteref) refs/heads/master refs/remotes/master [10ms]
2024-05-26 00:20:16.026 [info] > git status -z -uall [123ms]
2024-05-26 00:20:24.549 [info] > git log --format=%H%n%aN%n%aE%n%at%n%ct%n%P%n%D%n%B -z -n120 --follow -- /home/mi/workplace/src/learning/learning/move_horizontal.py [11ms]
2024-05-26 00:20:24.862 [info] > git show --textconv :workplace/src/learning/learning/move_horizontal.py [80ms]
2024-05-26 00:20:24.880 [info] > git ls-files --stage -- /home/mi/workplace/src/learning/learning/move_horizontal.py [27ms]
2024-05-26 00:20:27.736 [info] > git log --format=%H%n%aN%n%aE%n%at%n%ct%n%P%n%D%n%B -z -n120 --follow -- /home/mi/workplace/src/learning/learning/realsense_cam_suber.py [8ms]
2024-05-26 00:20:27.911 [info] > git show --textconv :workplace/src/learning/learning/realsense_cam_suber.py [55ms]
2024-05-26 00:20:27.917 [info] > git ls-files --stage -- /home/mi/workplace/src/learning/learning/realsense_cam_suber.py [13ms]
2024-05-26 00:20:39.482 [info] > git config --get commit.template [7ms]
2024-05-26 00:20:39.535 [info] > git for-each-ref --format=%(refname)%00%(upstream:short)%00%(objectname)%00%(upstream:track)%00%(upstream:remotename)%00%(upstream:remoteref) refs/heads/master refs/remotes/master [9ms]
2024-05-26 00:20:39.662 [info] > git status -z -uall [84ms]
2024-05-26 00:20:41.620 [info] > git log --format=%H%n%aN%n%aE%n%at%n%ct%n%P%n%D%n%B -z -n120 --follow -- /home/mi/workplace/src/learning/learning/move_horizontal.py [10ms]
2024-05-26 00:20:41.842 [info] > git show --textconv :workplace/src/learning/learning/move_horizontal.py [50ms]
2024-05-26 00:20:41.848 [info] > git ls-files --stage -- /home/mi/workplace/src/learning/learning/move_horizontal.py [13ms]
2024-05-26 00:20:45.284 [info] > git log --format=%H%n%aN%n%aE%n%at%n%ct%n%P%n%D%n%B -z -n120 --follow -- /home/mi/workplace/src/learning/learning/realsense_cam_suber.py [11ms]
2024-05-26 00:20:45.483 [info] > git show --textconv :workplace/src/learning/learning/realsense_cam_suber.py [51ms]
2024-05-26 00:20:45.489 [info] > git ls-files --stage -- /home/mi/workplace/src/learning/learning/realsense_cam_suber.py [15ms]
2024-05-26 00:20:53.076 [info] > git log --format=%H%n%aN%n%aE%n%at%n%ct%n%P%n%D%n%B -z -n120 --follow -- /home/mi/workplace/src/learning/learning/move_horizontal.py [15ms]
2024-05-26 00:20:53.257 [info] > git show --textconv :workplace/src/learning/learning/move_horizontal.py [50ms]
2024-05-26 00:20:53.262 [info] > git ls-files --stage -- /home/mi/workplace/src/learning/learning/move_horizontal.py [11ms]
2024-05-26 00:20:56.590 [info] > git log --format=%H%n%aN%n%aE%n%at%n%ct%n%P%n%D%n%B -z -n120 --follow -- /home/mi/workplace/src/learning/learning/realsense_cam_suber.py [10ms]
2024-05-26 00:20:56.815 [info] > git show --textconv :workplace/src/learning/learning/realsense_cam_suber.py [54ms]
2024-05-26 00:20:56.832 [info] > git ls-files --stage -- /home/mi/workplace/src/learning/learning/realsense_cam_suber.py [28ms]
2024-05-26 00:21:03.526 [info] > git log --format=%H%n%aN%n%aE%n%at%n%ct%n%P%n%D%n%B -z -n120 --follow -- /home/mi/workplace/src/learning/learning/move_horizontal.py [13ms]
2024-05-26 00:21:03.732 [info] > git show --textconv :workplace/src/learning/learning/move_horizontal.py [48ms]
2024-05-26 00:21:03.754 [info] > git ls-files --stage -- /home/mi/workplace/src/learning/learning/move_horizontal.py [31ms]
2024-05-26 00:21:06.738 [info] > git log --format=%H%n%aN%n%aE%n%at%n%ct%n%P%n%D%n%B -z -n120 --follow -- /home/mi/workplace/src/learning/learning/realsense_cam_suber.py [17ms]
2024-05-26 00:21:06.948 [info] > git show --textconv :workplace/src/learning/learning/realsense_cam_suber.py [51ms]
2024-05-26 00:21:06.953 [info] > git ls-files --stage -- /home/mi/workplace/src/learning/learning/realsense_cam_suber.py [12ms]
2024-05-26 00:21:15.948 [info] > git log --format=%H%n%aN%n%aE%n%at%n%ct%n%P%n%D%n%B -z -n120 --follow -- /home/mi/workplace/src/learning/learning/move_horizontal.py [11ms]
2024-05-26 00:21:16.238 [info] > git show --textconv :workplace/src/learning/learning/move_horizontal.py [89ms]
2024-05-26 00:21:16.240 [info] > git ls-files --stage -- /home/mi/workplace/src/learning/learning/move_horizontal.py [15ms]
2024-05-26 00:21:19.012 [info] > git log --format=%H%n%aN%n%aE%n%at%n%ct%n%P%n%D%n%B -z -n120 --follow -- /home/mi/workplace/src/learning/learning/realsense_cam_suber.py [8ms]
2024-05-26 00:21:19.242 [info] > git show --textconv :workplace/src/learning/learning/realsense_cam_suber.py [51ms]
2024-05-26 00:21:19.248 [info] > git ls-files --stage -- /home/mi/workplace/src/learning/learning/realsense_cam_suber.py [17ms]
2024-05-26 00:21:22.734 [info] > git log --format=%H%n%aN%n%aE%n%at%n%ct%n%P%n%D%n%B -z -n120 --follow -- /home/mi/workplace/src/learning/learning/move_horizontal.py [10ms]
2024-05-26 00:21:22.925 [info] > git show --textconv :workplace/src/learning/learning/move_horizontal.py [53ms]
2024-05-26 00:21:22.930 [info] > git ls-files --stage -- /home/mi/workplace/src/learning/learning/move_horizontal.py [13ms]
2024-05-26 00:21:28.490 [info] > git log --format=%H%n%aN%n%aE%n%at%n%ct%n%P%n%D%n%B -z -n120 --follow -- /home/mi/workplace/src/learning/learning/realsense_cam_suber.py [24ms]
2024-05-26 00:21:28.690 [info] > git show --textconv :workplace/src/learning/learning/realsense_cam_suber.py [46ms]
2024-05-26 00:21:28.695 [info] > git ls-files --stage -- /home/mi/workplace/src/learning/learning/realsense_cam_suber.py [12ms]
2024-05-26 00:21:59.336 [info] > git log --format=%H%n%aN%n%aE%n%at%n%ct%n%P%n%D%n%B -z -n120 --follow -- /home/mi/workplace/src/learning/learning/move_horizontal.py [32ms]
2024-05-26 00:21:59.440 [info] > git show --textconv :workplace/src/learning/learning/move_horizontal.py [50ms]
2024-05-26 00:21:59.445 [info] > git ls-files --stage -- /home/mi/workplace/src/learning/learning/move_horizontal.py [9ms]
2024-05-26 00:22:01.854 [info] > git log --format=%H%n%aN%n%aE%n%at%n%ct%n%P%n%D%n%B -z -n120 --follow -- /home/mi/workplace/src/learning/learning/realsense_cam_suber.py [11ms]
2024-05-26 00:22:02.074 [info] > git show --textconv :workplace/src/learning/learning/realsense_cam_suber.py [53ms]
2024-05-26 00:22:02.081 [info] > git ls-files --stage -- /home/mi/workplace/src/learning/learning/realsense_cam_suber.py [14ms]
2024-05-26 00:22:06.071 [info] > git log --format=%H%n%aN%n%aE%n%at%n%ct%n%P%n%D%n%B -z -n120 --follow -- /home/mi/workplace/readme.md [63ms]
2024-05-26 00:22:06.243 [info] > git show --textconv :workplace/readme.md [59ms]
2024-05-26 00:22:06.253 [info] > git ls-files --stage -- /home/mi/workplace/readme.md [27ms]
2024-05-26 00:22:06.299 [info] > git cat-file -s 1915dcc75bf2568d2926be2950118e50adb002f2 [5ms]
2024-05-26 00:22:08.315 [info] > git log --format=%H%n%aN%n%aE%n%at%n%ct%n%P%n%D%n%B -z -n120 --follow -- /home/mi/workplace/src/learning/setup.py [15ms]
2024-05-26 00:22:08.490 [info] > git show --textconv :workplace/src/learning/setup.py [52ms]
2024-05-26 00:22:08.496 [info] > git ls-files --stage -- /home/mi/workplace/src/learning/setup.py [15ms]
2024-05-26 00:22:08.545 [info] > git cat-file -s 1f44bee359b424d4b2d6e195d435209324e9cf87 [7ms]
2024-05-26 00:22:13.843 [info] > git config --get commit.template [12ms]
2024-05-26 00:22:13.895 [info] > git for-each-ref --format=%(refname)%00%(upstream:short)%00%(objectname)%00%(upstream:track)%00%(upstream:remotename)%00%(upstream:remoteref) refs/heads/master refs/remotes/master [7ms]
2024-05-26 00:22:14.029 [info] > git status -z -uall [88ms]
2024-05-26 00:22:15.225 [info] > git log --format=%H%n%aN%n%aE%n%at%n%ct%n%P%n%D%n%B -z -n120 --follow -- /home/mi/workplace/readme.md [73ms]
2024-05-26 00:22:15.370 [info] > git show --textconv :workplace/readme.md [56ms]
2024-05-26 00:22:15.385 [info] > git ls-files --stage -- /home/mi/workplace/readme.md [25ms]
2024-05-26 00:22:15.453 [info] > git cat-file -s 1915dcc75bf2568d2926be2950118e50adb002f2 [18ms]
2024-05-26 00:22:16.633 [info] > git log --format=%H%n%aN%n%aE%n%at%n%ct%n%P%n%D%n%B -z -n120 --follow -- /home/mi/workplace/src/learning/learning/realsense_cam_suber.py [9ms]
2024-05-26 00:22:16.838 [info] > git show --textconv :workplace/src/learning/learning/realsense_cam_suber.py [52ms]
2024-05-26 00:22:16.844 [info] > git ls-files --stage -- /home/mi/workplace/src/learning/learning/realsense_cam_suber.py [15ms]
2024-05-26 00:22:29.625 [info] > git log --format=%H%n%aN%n%aE%n%at%n%ct%n%P%n%D%n%B -z -n120 --follow -- /home/mi/workplace/src/learning/setup.py [12ms]
2024-05-26 00:22:29.856 [info] > git show --textconv :workplace/src/learning/setup.py [61ms]
2024-05-26 00:22:29.861 [info] > git ls-files --stage -- /home/mi/workplace/src/learning/setup.py [20ms]
2024-05-26 00:22:29.910 [info] > git cat-file -s 1f44bee359b424d4b2d6e195d435209324e9cf87 [5ms]
2024-05-26 00:22:31.062 [info] > git log --format=%H%n%aN%n%aE%n%at%n%ct%n%P%n%D%n%B -z -n120 --follow -- /home/mi/workplace/src/learning/learning/realsense_cam_suber.py [11ms]
2024-05-26 00:22:31.278 [info] > git show --textconv :workplace/src/learning/learning/realsense_cam_suber.py [60ms]
2024-05-26 00:22:31.284 [info] > git ls-files --stage -- /home/mi/workplace/src/learning/learning/realsense_cam_suber.py [22ms]
2024-05-26 00:23:05.256 [info] > git log --format=%H%n%aN%n%aE%n%at%n%ct%n%P%n%D%n%B -z -n120 --follow -- /home/mi/workplace/src/learning/learning/move_horizontal.py [10ms]
2024-05-26 00:23:05.424 [info] > git show --textconv :workplace/src/learning/learning/move_horizontal.py [53ms]
2024-05-26 00:23:05.431 [info] > git ls-files --stage -- /home/mi/workplace/src/learning/learning/move_horizontal.py [16ms]
2024-05-26 00:23:09.444 [info] > git log --format=%H%n%aN%n%aE%n%at%n%ct%n%P%n%D%n%B -z -n120 --follow -- /home/mi/workplace/src/learning/learning/realsense_cam_suber.py [12ms]
2024-05-26 00:23:09.647 [info] > git show --textconv :workplace/src/learning/learning/realsense_cam_suber.py [48ms]
2024-05-26 00:23:09.653 [info] > git ls-files --stage -- /home/mi/workplace/src/learning/learning/realsense_cam_suber.py [12ms]
2024-05-26 00:23:44.877 [info] > git log --format=%H%n%aN%n%aE%n%at%n%ct%n%P%n%D%n%B -z -n120 --follow -- /home/mi/workplace/src/learning/learning/move_horizontal.py [16ms]
2024-05-26 00:23:45.084 [info] > git show --textconv :workplace/src/learning/learning/move_horizontal.py [49ms]
2024-05-26 00:23:45.089 [info] > git ls-files --stage -- /home/mi/workplace/src/learning/learning/move_horizontal.py [11ms]
2024-05-26 00:23:52.090 [info] > git log --format=%H%n%aN%n%aE%n%at%n%ct%n%P%n%D%n%B -z -n120 --follow -- /home/mi/workplace/src/learning/learning/realsense_cam_suber.py [20ms]
2024-05-26 00:23:52.298 [info] > git show --textconv :workplace/src/learning/learning/realsense_cam_suber.py [52ms]
2024-05-26 00:23:52.304 [info] > git ls-files --stage -- /home/mi/workplace/src/learning/learning/realsense_cam_suber.py [14ms]
2024-05-26 00:23:56.838 [info] > git log --format=%H%n%aN%n%aE%n%at%n%ct%n%P%n%D%n%B -z -n120 --follow -- /home/mi/workplace/src/learning/learning/move_horizontal.py [12ms]
2024-05-26 00:23:56.969 [info] > git show --textconv :workplace/src/learning/learning/move_horizontal.py [48ms]
2024-05-26 00:23:56.975 [info] > git ls-files --stage -- /home/mi/workplace/src/learning/learning/move_horizontal.py [13ms]
2024-05-26 00:24:08.786 [info] > git log --format=%H%n%aN%n%aE%n%at%n%ct%n%P%n%D%n%B -z -n120 --follow -- /home/mi/workplace/src/learning/learning/realsense_cam_suber.py [16ms]
2024-05-26 00:24:09.006 [info] > git show --textconv :workplace/src/learning/learning/realsense_cam_suber.py [54ms]
2024-05-26 00:24:09.011 [info] > git ls-files --stage -- /home/mi/workplace/src/learning/learning/realsense_cam_suber.py [11ms]
2024-05-26 00:24:35.033 [info] > git log --format=%H%n%aN%n%aE%n%at%n%ct%n%P%n%D%n%B -z -n120 --follow -- /home/mi/workplace/src/learning/learning/move_horizontal.py [10ms]
2024-05-26 00:24:35.242 [info] > git show --textconv :workplace/src/learning/learning/move_horizontal.py [48ms]
2024-05-26 00:24:35.247 [info] > git ls-files --stage -- /home/mi/workplace/src/learning/learning/move_horizontal.py [12ms]
2024-05-26 00:24:38.436 [info] > git log --format=%H%n%aN%n%aE%n%at%n%ct%n%P%n%D%n%B -z -n120 --follow -- /home/mi/workplace/src/learning/learning/realsense_cam_suber.py [9ms]
2024-05-26 00:24:38.668 [info] > git show --textconv :workplace/src/learning/learning/realsense_cam_suber.py [56ms]
2024-05-26 00:24:38.674 [info] > git ls-files --stage -- /home/mi/workplace/src/learning/learning/realsense_cam_suber.py [13ms]
2024-05-26 00:25:22.766 [info] > git config --get commit.template [16ms]
2024-05-26 00:25:22.826 [info] > git for-each-ref --format=%(refname)%00%(upstream:short)%00%(objectname)%00%(upstream:track)%00%(upstream:remotename)%00%(upstream:remoteref) refs/heads/master refs/remotes/master [7ms]
2024-05-26 00:25:22.995 [info] > git status -z -uall [116ms]
2024-05-26 00:25:45.946 [info] > git show --textconv :workplace/src/learning/learning/move_horizontal.py [67ms]
2024-05-26 00:25:45.955 [info] > git ls-files --stage -- /home/mi/workplace/src/learning/learning/move_horizontal.py [24ms]
2024-05-26 00:25:58.082 [info] > git show --textconv :workplace/src/learning/learning/realsense_cam_suber.py [54ms]
2024-05-26 00:25:58.087 [info] > git ls-files --stage -- /home/mi/workplace/src/learning/learning/realsense_cam_suber.py [10ms]
2024-05-26 00:26:25.437 [info] > git show --textconv :workplace/src/learning/learning/move_horizontal.py [64ms]
2024-05-26 00:26:25.444 [info] > git ls-files --stage -- /home/mi/workplace/src/learning/learning/move_horizontal.py [15ms]
2024-05-26 00:26:49.194 [info] > git show --textconv :workplace/src/learning/learning/realsense_cam_suber.py [57ms]
2024-05-26 00:26:49.200 [info] > git ls-files --stage -- /home/mi/workplace/src/learning/learning/realsense_cam_suber.py [16ms]
2024-05-26 00:29:55.469 [info] > git show --textconv :workplace/readme.md [60ms]
2024-05-26 00:29:55.490 [info] > git ls-files --stage -- /home/mi/workplace/readme.md [34ms]
2024-05-26 00:29:55.557 [info] > git cat-file -s 1915dcc75bf2568d2926be2950118e50adb002f2 [20ms]
2024-05-26 00:37:30.401 [info] > git config --get commit.template [4ms]
2024-05-26 00:37:30.453 [info] > git for-each-ref --format=%(refname)%00%(upstream:short)%00%(objectname)%00%(upstream:track)%00%(upstream:remotename)%00%(upstream:remoteref) refs/heads/master refs/remotes/master [5ms]
2024-05-26 00:37:30.584 [info] > git status -z -uall [85ms]
2024-05-26 00:40:50.813 [info] > git config --get commit.template [3ms]
2024-05-26 00:40:50.880 [info] > git for-each-ref --format=%(refname)%00%(upstream:short)%00%(objectname)%00%(upstream:track)%00%(upstream:remotename)%00%(upstream:remoteref) refs/heads/master refs/remotes/master [7ms]
2024-05-26 00:40:51.020 [info] > git status -z -uall [85ms]
2024-05-26 00:40:58.387 [info] > git show --textconv :workplace/src/learning/learning/realsense_cam_suber.py [54ms]
2024-05-26 00:40:58.392 [info] > git ls-files --stage -- /home/mi/workplace/src/learning/learning/realsense_cam_suber.py [14ms]
2024-05-26 00:44:08.717 [info] > git show --textconv :workplace/readme.md [59ms]
2024-05-26 00:44:08.732 [info] > git ls-files --stage -- /home/mi/workplace/readme.md [27ms]
2024-05-26 00:44:08.798 [info] > git cat-file -s 1915dcc75bf2568d2926be2950118e50adb002f2 [15ms]
2024-05-26 00:45:36.431 [info] > git show --textconv :workplace/src/learning/learning/realsense_cam_suber.py [50ms]
2024-05-26 00:45:36.440 [info] > git ls-files --stage -- /home/mi/workplace/src/learning/learning/realsense_cam_suber.py [16ms]
2024-05-26 00:45:43.432 [info] > git show --textconv :workplace/readme.md [72ms]
2024-05-26 00:45:43.433 [info] > git ls-files --stage -- /home/mi/workplace/readme.md [23ms]
2024-05-26 00:45:43.490 [info] > git cat-file -s 1915dcc75bf2568d2926be2950118e50adb002f2 [10ms]
2024-05-26 00:45:51.246 [info] > git show --textconv :workplace/src/learning/learning/realsense_cam_suber.py [50ms]
2024-05-26 00:45:51.251 [info] > git ls-files --stage -- /home/mi/workplace/src/learning/learning/realsense_cam_suber.py [11ms]
2024-05-26 00:46:00.209 [info] > git config --get commit.template [18ms]
2024-05-26 00:46:00.298 [info] > git for-each-ref --format=%(refname)%00%(upstream:short)%00%(objectname)%00%(upstream:track)%00%(upstream:remotename)%00%(upstream:remoteref) refs/heads/master refs/remotes/master [14ms]
2024-05-26 00:46:00.457 [info] > git status -z -uall [106ms]
2024-05-26 00:46:15.695 [info] > git config --get commit.template [57ms]
2024-05-26 00:46:15.698 [info] > git for-each-ref --format=%(refname)%00%(upstream:short)%00%(objectname)%00%(upstream:track)%00%(upstream:remotename)%00%(upstream:remoteref) refs/heads/master refs/remotes/master [8ms]
2024-05-26 00:46:15.867 [info] > git status -z -uall [120ms]
2024-05-26 00:51:44.852 [info] > git show --textconv :workplace/src/learning/learning/rgb_cam_suber.py [56ms]
2024-05-26 00:51:44.857 [info] > git ls-files --stage -- /home/mi/workplace/src/learning/learning/rgb_cam_suber.py [12ms]
2024-05-26 00:51:45.693 [info] > git show --textconv :workplace/readme.md [58ms]
2024-05-26 00:51:45.704 [info] > git ls-files --stage -- /home/mi/workplace/readme.md [21ms]
2024-05-26 00:51:45.755 [info] > git cat-file -s 1915dcc75bf2568d2926be2950118e50adb002f2 [9ms]
2024-05-26 00:51:52.184 [info] > git show --textconv :workplace/src/learning/learning/rgb_cam_suber.py [62ms]
2024-05-26 00:51:52.192 [info] > git ls-files --stage -- /home/mi/workplace/src/learning/learning/rgb_cam_suber.py [22ms]
2024-05-26 00:52:01.646 [info] > git show --textconv :workplace/readme.md [53ms]
2024-05-26 00:52:01.659 [info] > git ls-files --stage -- /home/mi/workplace/readme.md [22ms]
2024-05-26 00:52:01.706 [info] > git cat-file -s 1915dcc75bf2568d2926be2950118e50adb002f2 [5ms]
2024-05-26 00:52:51.693 [info] > git show --textconv :workplace/src/learning/setup.py [55ms]
2024-05-26 00:52:51.697 [info] > git ls-files --stage -- /home/mi/workplace/src/learning/setup.py [11ms]
2024-05-26 00:52:51.745 [info] > git cat-file -s 1f44bee359b424d4b2d6e195d435209324e9cf87 [6ms]
2024-05-26 00:52:52.678 [info] > git show --textconv :workplace/src/learning/learning/realsense_cam_suber.py [56ms]
2024-05-26 00:52:52.684 [info] > git ls-files --stage -- /home/mi/workplace/src/learning/learning/realsense_cam_suber.py [13ms]
2024-05-26 00:55:12.936 [info] > git show --textconv :workplace/readme.md [52ms]
2024-05-26 00:55:12.945 [info] > git ls-files --stage -- /home/mi/workplace/readme.md [15ms]
2024-05-26 00:55:12.996 [info] > git cat-file -s 1915dcc75bf2568d2926be2950118e50adb002f2 [5ms]
2024-05-26 00:57:28.196 [info] > git config --get commit.template [6ms]
2024-05-26 00:57:28.247 [info] > git for-each-ref --format=%(refname)%00%(upstream:short)%00%(objectname)%00%(upstream:track)%00%(upstream:remotename)%00%(upstream:remoteref) refs/heads/master refs/remotes/master [8ms]
2024-05-26 00:57:28.389 [info] > git status -z -uall [91ms]
2024-05-26 00:58:57.760 [info] > git show --textconv :workplace/src/learning/learning/realsense_cam_suber.py [48ms]
2024-05-26 00:58:57.765 [info] > git ls-files --stage -- /home/mi/workplace/src/learning/learning/realsense_cam_suber.py [10ms]
2024-05-26 01:00:59.340 [info] > git config --get commit.template [7ms]
2024-05-26 01:00:59.393 [info] > git for-each-ref --format=%(refname)%00%(upstream:short)%00%(objectname)%00%(upstream:track)%00%(upstream:remotename)%00%(upstream:remoteref) refs/heads/master refs/remotes/master [5ms]
2024-05-26 01:00:59.518 [info] > git status -z -uall [81ms]
2024-05-26 01:01:29.406 [info] > git config --get commit.template [49ms]
2024-05-26 01:01:29.409 [info] > git for-each-ref --format=%(refname)%00%(upstream:short)%00%(objectname)%00%(upstream:track)%00%(upstream:remotename)%00%(upstream:remoteref) refs/heads/master refs/remotes/master [6ms]
2024-05-26 01:01:29.540 [info] > git status -z -uall [81ms]
