[4.301s] Invoking command in '/home/mi/workplace/src/learning': PYTHONPATH=/home/mi/workplace/install/learning/lib/python3.6/site-packages:${PYTHONPATH} /usr/bin/python3 setup.py egg_info --egg-base ../../build/learning build --build-base /home/mi/workplace/build/learning/build install --prefix /home/mi/workplace/install/learning --record /home/mi/workplace/build/learning/install.log --single-version-externally-managed
[6.046s] running egg_info
[6.049s] writing ../../build/learning/learning.egg-info/PKG-INFO
[6.052s] writing dependency_links to ../../build/learning/learning.egg-info/dependency_links.txt
[6.053s] writing entry points to ../../build/learning/learning.egg-info/entry_points.txt
[6.053s] writing requirements to ../../build/learning/learning.egg-info/requires.txt
[6.056s] writing top-level names to ../../build/learning/learning.egg-info/top_level.txt
[6.075s] reading manifest file '../../build/learning/learning.egg-info/SOURCES.txt'
[6.082s] writing manifest file '../../build/learning/learning.egg-info/SOURCES.txt'
[6.083s] running build
[6.084s] running build_py
[6.085s] copying learning/move_x.py -> /home/mi/workplace/build/learning/build/lib/learning
[6.088s] running install
[6.094s] /usr/local/lib/python3.6/dist-packages/setuptools/command/install.py:37: SetuptoolsDeprecationWarning: setup.py install is deprecated. Use build and pip and other standards-based tools.
[6.095s]   setuptools.SetuptoolsDeprecationWarning,
[6.096s] running install_lib
[6.099s] copying /home/mi/workplace/build/learning/build/lib/learning/move_x.py -> /home/mi/workplace/install/learning/lib/python3.6/site-packages/learning
[6.102s] byte-compiling /home/mi/workplace/install/learning/lib/python3.6/site-packages/learning/move_x.py to move_x.cpython-36.pyc
[6.111s] running install_data
[6.114s] running install_egg_info
[6.123s] removing '/home/mi/workplace/install/learning/lib/python3.6/site-packages/learning-0.0.0-py3.6.egg-info' (and everything under it)
[6.131s] Copying ../../build/learning/learning.egg-info to /home/mi/workplace/install/learning/lib/python3.6/site-packages/learning-0.0.0-py3.6.egg-info
[6.134s] running install_scripts
[6.245s] Installing camera script to /home/mi/workplace/install/learning/lib/learning
[6.246s] Installing data_receive script to /home/mi/workplace/install/learning/lib/learning
[6.247s] Installing keeper script to /home/mi/workplace/install/learning/lib/learning
[6.249s] Installing move_x script to /home/mi/workplace/install/learning/lib/learning
[6.250s] Installing stand script to /home/mi/workplace/install/learning/lib/learning
[6.254s] Installing track script to /home/mi/workplace/install/learning/lib/learning
[6.255s] writing list of installed files to '/home/mi/workplace/build/learning/install.log'
[6.403s] Invoked command in '/home/mi/workplace/src/learning' returned '0': PYTHONPATH=/home/mi/workplace/install/learning/lib/python3.6/site-packages:${PYTHONPATH} /usr/bin/python3 setup.py egg_info --egg-base ../../build/learning build --build-base /home/mi/workplace/build/learning/build install --prefix /home/mi/workplace/install/learning --record /home/mi/workplace/build/learning/install.log --single-version-externally-managed
