[1.787s] DEBUG:colcon:Command line arguments: ['/usr/bin/colcon', 'build']
[1.787s] DEBUG:colcon:Parsed command line arguments: Namespace(allow_overriding=[], ament_cmake_args=None, base_paths=['.'], build_base='build', catkin_cmake_args=None, catkin_skip_building_tests=False, cmake_args=None, cmake_clean_cache=False, cmake_clean_first=False, cmake_force_configure=False, cmake_target=None, cmake_target_skip_unavailable=False, continue_on_error=False, event_handlers=None, executor='parallel', ignore_user_meta=False, install_base='install', log_base=None, log_level=None, main=<bound method BuildVerb.main of <colcon_core.verb.build.BuildVerb object at 0x7f8642bf98>>, merge_install=False, metas=['./colcon.meta'], packages_above=None, packages_above_and_dependencies=None, packages_above_depth=None, packages_end=None, packages_ignore=None, packages_ignore_regex=None, packages_select=None, packages_select_build_failed=False, packages_select_by_dep=None, packages_select_regex=None, packages_select_test_failures=False, packages_skip=None, packages_skip_build_finished=False, packages_skip_by_dep=None, packages_skip_regex=None, packages_skip_test_passed=False, packages_skip_up_to=None, packages_start=None, packages_up_to=None, packages_up_to_regex=None, parallel_workers=6, paths=None, symlink_install=False, test_result_base=None, verb_extension=<colcon_core.verb.build.BuildVerb object at 0x7f8642bf98>, verb_name='build', verb_parser=<colcon_defaults.argument_parser.defaults.DefaultArgumentsDecorator object at 0x7f8639e240>)
[1.813s] Level 1:colcon.colcon_core.package_discovery:discover_packages(colcon_meta) check parameters
[1.813s] Level 1:colcon.colcon_core.package_discovery:discover_packages(recursive) check parameters
[1.814s] Level 1:colcon.colcon_core.package_discovery:discover_packages(ignore) check parameters
[1.814s] Level 1:colcon.colcon_core.package_discovery:discover_packages(path) check parameters
[1.814s] Level 1:colcon.colcon_core.package_discovery:discover_packages(colcon_meta) discover
[1.816s] Level 1:colcon.colcon_core.package_discovery:discover_packages(recursive) discover
[1.816s] INFO:colcon.colcon_core.package_discovery:Crawling recursively for packages in '/home/mi/workplace'
[1.817s] Level 1:colcon.colcon_core.package_identification:_identify(.) by extensions ['ignore', 'ignore_ament_install']
[1.818s] Level 1:colcon.colcon_core.package_identification:_identify(.) by extension 'ignore'
[1.818s] Level 1:colcon.colcon_core.package_identification:_identify(.) by extension 'ignore_ament_install'
[1.819s] Level 1:colcon.colcon_core.package_identification:_identify(.) by extensions ['colcon_pkg']
[1.819s] Level 1:colcon.colcon_core.package_identification:_identify(.) by extension 'colcon_pkg'
[1.819s] Level 1:colcon.colcon_core.package_identification:_identify(.) by extensions ['colcon_meta']
[1.819s] Level 1:colcon.colcon_core.package_identification:_identify(.) by extension 'colcon_meta'
[1.820s] Level 1:colcon.colcon_core.package_identification:_identify(.) by extensions ['ros']
[1.820s] Level 1:colcon.colcon_core.package_identification:_identify(.) by extension 'ros'
[2.235s] Level 1:colcon.colcon_core.package_identification:_identify(.) by extensions ['cmake', 'python']
[2.236s] Level 1:colcon.colcon_core.package_identification:_identify(.) by extension 'cmake'
[2.236s] Level 1:colcon.colcon_core.package_identification:_identify(.) by extension 'python'
[2.237s] Level 1:colcon.colcon_core.package_identification:_identify(.) by extensions ['python_setup_py']
[2.237s] Level 1:colcon.colcon_core.package_identification:_identify(.) by extension 'python_setup_py'
[2.238s] Level 1:colcon.colcon_core.package_identification:_identify(build) by extensions ['ignore', 'ignore_ament_install']
[2.238s] Level 1:colcon.colcon_core.package_identification:_identify(build) by extension 'ignore'
[2.239s] Level 1:colcon.colcon_core.package_identification:_identify(build) ignored
[2.241s] Level 1:colcon.colcon_core.package_identification:_identify(install) by extensions ['ignore', 'ignore_ament_install']
[2.242s] Level 1:colcon.colcon_core.package_identification:_identify(install) by extension 'ignore'
[2.242s] Level 1:colcon.colcon_core.package_identification:_identify(install) ignored
[2.243s] Level 1:colcon.colcon_core.package_identification:_identify(log) by extensions ['ignore', 'ignore_ament_install']
[2.243s] Level 1:colcon.colcon_core.package_identification:_identify(log) by extension 'ignore'
[2.244s] Level 1:colcon.colcon_core.package_identification:_identify(log) ignored
[2.244s] Level 1:colcon.colcon_core.package_identification:_identify(src) by extensions ['ignore', 'ignore_ament_install']
[2.246s] Level 1:colcon.colcon_core.package_identification:_identify(src) by extension 'ignore'
[2.246s] Level 1:colcon.colcon_core.package_identification:_identify(src) by extension 'ignore_ament_install'
[2.247s] Level 1:colcon.colcon_core.package_identification:_identify(src) by extensions ['colcon_pkg']
[2.247s] Level 1:colcon.colcon_core.package_identification:_identify(src) by extension 'colcon_pkg'
[2.247s] Level 1:colcon.colcon_core.package_identification:_identify(src) by extensions ['colcon_meta']
[2.247s] Level 1:colcon.colcon_core.package_identification:_identify(src) by extension 'colcon_meta'
[2.248s] Level 1:colcon.colcon_core.package_identification:_identify(src) by extensions ['ros']
[2.248s] Level 1:colcon.colcon_core.package_identification:_identify(src) by extension 'ros'
[2.249s] Level 1:colcon.colcon_core.package_identification:_identify(src) by extensions ['cmake', 'python']
[2.249s] Level 1:colcon.colcon_core.package_identification:_identify(src) by extension 'cmake'
[2.249s] Level 1:colcon.colcon_core.package_identification:_identify(src) by extension 'python'
[2.250s] Level 1:colcon.colcon_core.package_identification:_identify(src) by extensions ['python_setup_py']
[2.250s] Level 1:colcon.colcon_core.package_identification:_identify(src) by extension 'python_setup_py'
[2.251s] Level 1:colcon.colcon_core.package_identification:_identify(src/learning) by extensions ['ignore', 'ignore_ament_install']
[2.251s] Level 1:colcon.colcon_core.package_identification:_identify(src/learning) by extension 'ignore'
[2.252s] Level 1:colcon.colcon_core.package_identification:_identify(src/learning) by extension 'ignore_ament_install'
[2.252s] Level 1:colcon.colcon_core.package_identification:_identify(src/learning) by extensions ['colcon_pkg']
[2.252s] Level 1:colcon.colcon_core.package_identification:_identify(src/learning) by extension 'colcon_pkg'
[2.253s] Level 1:colcon.colcon_core.package_identification:_identify(src/learning) by extensions ['colcon_meta']
[2.253s] Level 1:colcon.colcon_core.package_identification:_identify(src/learning) by extension 'colcon_meta'
[2.253s] Level 1:colcon.colcon_core.package_identification:_identify(src/learning) by extensions ['ros']
[2.254s] Level 1:colcon.colcon_core.package_identification:_identify(src/learning) by extension 'ros'
[2.267s] DEBUG:colcon.colcon_core.package_identification:Package 'src/learning' with type 'ros.ament_python' and name 'learning'
[2.268s] Level 1:colcon.colcon_core.package_discovery:discover_packages(recursive) using defaults
[2.269s] Level 1:colcon.colcon_core.package_discovery:discover_packages(ignore) discover
[2.269s] Level 1:colcon.colcon_core.package_discovery:discover_packages(ignore) using defaults
[2.270s] Level 1:colcon.colcon_core.package_discovery:discover_packages(path) discover
[2.270s] Level 1:colcon.colcon_core.package_discovery:discover_packages(path) using defaults
[2.413s] Level 5:colcon.colcon_core.verb:set package 'learning' build argument 'cmake_args' from command line to 'None'
[2.413s] Level 5:colcon.colcon_core.verb:set package 'learning' build argument 'cmake_target' from command line to 'None'
[2.413s] Level 5:colcon.colcon_core.verb:set package 'learning' build argument 'cmake_target_skip_unavailable' from command line to 'False'
[2.414s] Level 5:colcon.colcon_core.verb:set package 'learning' build argument 'cmake_clean_cache' from command line to 'False'
[2.414s] Level 5:colcon.colcon_core.verb:set package 'learning' build argument 'cmake_clean_first' from command line to 'False'
[2.414s] Level 5:colcon.colcon_core.verb:set package 'learning' build argument 'cmake_force_configure' from command line to 'False'
[2.414s] Level 5:colcon.colcon_core.verb:set package 'learning' build argument 'ament_cmake_args' from command line to 'None'
[2.415s] Level 5:colcon.colcon_core.verb:set package 'learning' build argument 'catkin_cmake_args' from command line to 'None'
[2.415s] Level 5:colcon.colcon_core.verb:set package 'learning' build argument 'catkin_skip_building_tests' from command line to 'False'
[2.415s] DEBUG:colcon.colcon_core.verb:Building package 'learning' with the following arguments: {'ament_cmake_args': None, 'build_base': '/home/mi/workplace/build/learning', 'catkin_cmake_args': None, 'catkin_skip_building_tests': False, 'cmake_args': None, 'cmake_clean_cache': False, 'cmake_clean_first': False, 'cmake_force_configure': False, 'cmake_target': None, 'cmake_target_skip_unavailable': False, 'install_base': '/home/mi/workplace/install/learning', 'merge_install': False, 'path': '/home/mi/workplace/src/learning', 'symlink_install': False, 'test_result_base': None}
[2.472s] INFO:colcon.colcon_core.executor:Executing jobs using 'parallel' executor
[2.498s] DEBUG:colcon.colcon_parallel_executor.executor.parallel:run_until_complete
[2.500s] INFO:colcon.colcon_ros.task.ament_python.build:Building ROS package in '/home/mi/workplace/src/learning' with build type 'ament_python'
[2.501s] Level 1:colcon.colcon_core.shell:create_environment_hook('learning', 'ament_prefix_path')
[2.531s] INFO:colcon.colcon_core.plugin_system:Skipping extension 'colcon_core.shell.bat': Not used on non-Windows systems
[2.533s] INFO:colcon.colcon_core.shell:Creating environment hook '/home/mi/workplace/install/learning/share/learning/hook/ament_prefix_path.ps1'
[2.536s] INFO:colcon.colcon_core.shell:Creating environment descriptor '/home/mi/workplace/install/learning/share/learning/hook/ament_prefix_path.dsv'
[2.539s] INFO:colcon.colcon_core.shell:Creating environment hook '/home/mi/workplace/install/learning/share/learning/hook/ament_prefix_path.sh'
[2.547s] INFO:colcon.colcon_core.shell:Skip shell extension 'powershell' for command environment: Not usable outside of PowerShell
[2.547s] DEBUG:colcon.colcon_core.shell:Skip shell extension 'dsv' for command environment
[4.422s] INFO:colcon.colcon_core.task.python.build:Building Python package in '/home/mi/workplace/src/learning'
[4.429s] INFO:colcon.colcon_core.shell:Skip shell extension 'powershell' for command environment: Not usable outside of PowerShell
[4.430s] DEBUG:colcon.colcon_core.shell:Skip shell extension 'dsv' for command environment
[6.643s] DEBUG:colcon.colcon_core.event_handler.log_command:Invoking command in '/home/mi/workplace/src/learning': PYTHONPATH=/home/mi/workplace/install/learning/lib/python3.6/site-packages:${PYTHONPATH} /usr/bin/python3 setup.py egg_info --egg-base ../../build/learning build --build-base /home/mi/workplace/build/learning/build install --prefix /home/mi/workplace/install/learning --record /home/mi/workplace/build/learning/install.log --single-version-externally-managed
[8.596s] DEBUG:colcon.colcon_core.event_handler.log_command:Invoked command in '/home/mi/workplace/src/learning' returned '0': PYTHONPATH=/home/mi/workplace/install/learning/lib/python3.6/site-packages:${PYTHONPATH} /usr/bin/python3 setup.py egg_info --egg-base ../../build/learning build --build-base /home/mi/workplace/build/learning/build install --prefix /home/mi/workplace/install/learning --record /home/mi/workplace/build/learning/install.log --single-version-externally-managed
[8.622s] Level 1:colcon.colcon_core.environment:checking '/home/mi/workplace/install/learning' for CMake module files
[8.625s] Level 1:colcon.colcon_core.environment:checking '/home/mi/workplace/install/learning' for CMake config files
[8.632s] Level 1:colcon.colcon_core.environment:checking '/home/mi/workplace/install/learning/lib'
[8.635s] Level 1:colcon.colcon_core.environment:checking '/home/mi/workplace/install/learning/bin'
[8.635s] Level 1:colcon.colcon_core.environment:checking '/home/mi/workplace/install/learning/lib/pkgconfig/learning.pc'
[8.636s] Level 1:colcon.colcon_core.environment:checking '/home/mi/workplace/install/learning/lib/python3.6/site-packages'
[8.636s] Level 1:colcon.colcon_core.shell:create_environment_hook('learning', 'pythonpath')
[8.639s] INFO:colcon.colcon_core.shell:Creating environment hook '/home/mi/workplace/install/learning/share/learning/hook/pythonpath.ps1'
[8.642s] INFO:colcon.colcon_core.shell:Creating environment descriptor '/home/mi/workplace/install/learning/share/learning/hook/pythonpath.dsv'
[8.644s] INFO:colcon.colcon_core.shell:Creating environment hook '/home/mi/workplace/install/learning/share/learning/hook/pythonpath.sh'
[8.646s] Level 1:colcon.colcon_core.environment:create_environment_scripts_only(learning)
[8.653s] INFO:colcon.colcon_core.shell:Creating package script '/home/mi/workplace/install/learning/share/learning/package.ps1'
[8.659s] INFO:colcon.colcon_core.shell:Creating package descriptor '/home/mi/workplace/install/learning/share/learning/package.dsv'
[8.663s] INFO:colcon.colcon_core.shell:Creating package script '/home/mi/workplace/install/learning/share/learning/package.sh'
[8.667s] INFO:colcon.colcon_core.shell:Creating package script '/home/mi/workplace/install/learning/share/learning/package.bash'
[8.672s] INFO:colcon.colcon_core.shell:Creating package script '/home/mi/workplace/install/learning/share/learning/package.zsh'
[8.678s] Level 1:colcon.colcon_core.environment:create_file_with_runtime_dependencies(/home/mi/workplace/install/learning/share/colcon-core/packages/learning)
[8.683s] DEBUG:colcon.colcon_parallel_executor.executor.parallel:closing loop
[8.685s] DEBUG:colcon.colcon_parallel_executor.executor.parallel:loop closed
[8.687s] DEBUG:colcon.colcon_parallel_executor.executor.parallel:run_until_complete finished with '0'
[8.688s] DEBUG:colcon.colcon_core.event_reactor:joining thread
[8.723s] INFO:colcon.colcon_core.plugin_system:Skipping extension 'colcon_notification.desktop_notification.terminal_notifier': Not used on non-Darwin systems
[8.724s] INFO:colcon.colcon_core.plugin_system:Skipping extension 'colcon_notification.desktop_notification.win32': Not used on non-Windows systems
[8.724s] INFO:colcon.colcon_notification.desktop_notification:Sending desktop notification using 'notify2'
[8.796s] DEBUG:colcon.colcon_core.event_reactor:joined thread
[8.800s] INFO:colcon.colcon_core.shell:Creating prefix script '/home/mi/workplace/install/local_setup.ps1'
[8.808s] INFO:colcon.colcon_core.shell:Creating prefix util module '/home/mi/workplace/install/_local_setup_util_ps1.py'
[8.818s] INFO:colcon.colcon_core.shell:Creating prefix chain script '/home/mi/workplace/install/setup.ps1'
[8.825s] INFO:colcon.colcon_core.shell:Creating prefix script '/home/mi/workplace/install/local_setup.sh'
[8.829s] INFO:colcon.colcon_core.shell:Creating prefix util module '/home/mi/workplace/install/_local_setup_util_sh.py'
[8.832s] INFO:colcon.colcon_core.shell:Creating prefix chain script '/home/mi/workplace/install/setup.sh'
[8.839s] INFO:colcon.colcon_core.shell:Creating prefix script '/home/mi/workplace/install/local_setup.bash'
[8.842s] INFO:colcon.colcon_core.shell:Creating prefix chain script '/home/mi/workplace/install/setup.bash'
[8.851s] INFO:colcon.colcon_core.shell:Creating prefix script '/home/mi/workplace/install/local_setup.zsh'
[8.854s] INFO:colcon.colcon_core.shell:Creating prefix chain script '/home/mi/workplace/install/setup.zsh'
