[4.321s] Invoking command in '/home/mi/workplace/src/learning': PYTHONPATH=/home/mi/workplace/install/learning/lib/python3.6/site-packages:${PYTHONPATH} /usr/bin/python3 setup.py egg_info --egg-base ../../build/learning build --build-base /home/mi/workplace/build/learning/build install --prefix /home/mi/workplace/install/learning --record /home/mi/workplace/build/learning/install.log --single-version-externally-managed
[5.870s] running egg_info
[5.871s] writing ../../build/learning/learning.egg-info/PKG-INFO
[5.872s] writing dependency_links to ../../build/learning/learning.egg-info/dependency_links.txt
[5.874s] writing entry points to ../../build/learning/learning.egg-info/entry_points.txt
[5.875s] writing requirements to ../../build/learning/learning.egg-info/requires.txt
[5.876s] writing top-level names to ../../build/learning/learning.egg-info/top_level.txt
[5.894s] reading manifest file '../../build/learning/learning.egg-info/SOURCES.txt'
[5.902s] writing manifest file '../../build/learning/learning.egg-info/SOURCES.txt'
[5.903s] running build
[5.903s] running build_py
[5.903s] copying learning/realsense_cam_suber.py -> /home/mi/workplace/build/learning/build/lib/learning
[5.911s] running install
[5.912s] /usr/local/lib/python3.6/dist-packages/setuptools/command/install.py:37: SetuptoolsDeprecationWarning: setup.py install is deprecated. Use build and pip and other standards-based tools.
[5.913s]   setuptools.SetuptoolsDeprecationWarning,
[5.920s] running install_lib
[5.922s] copying /home/mi/workplace/build/learning/build/lib/learning/realsense_cam_suber.py -> /home/mi/workplace/install/learning/lib/python3.6/site-packages/learning
[5.923s] byte-compiling /home/mi/workplace/install/learning/lib/python3.6/site-packages/learning/realsense_cam_suber.py to realsense_cam_suber.cpython-36.pyc
[5.924s] running install_data
[5.925s] running install_egg_info
[5.929s] removing '/home/mi/workplace/install/learning/lib/python3.6/site-packages/learning-0.0.0-py3.6.egg-info' (and everything under it)
[5.931s] Copying ../../build/learning/learning.egg-info to /home/mi/workplace/install/learning/lib/python3.6/site-packages/learning-0.0.0-py3.6.egg-info
[5.937s] running install_scripts
[6.026s] Installing camera script to /home/mi/workplace/install/learning/lib/learning
[6.028s] Installing data_receive script to /home/mi/workplace/install/learning/lib/learning
[6.031s] Installing get_data script to /home/mi/workplace/install/learning/lib/learning
[6.034s] Installing keeper script to /home/mi/workplace/install/learning/lib/learning
[6.034s] Installing move_horizontal script to /home/mi/workplace/install/learning/lib/learning
[6.040s] Installing realsense_cam_suber script to /home/mi/workplace/install/learning/lib/learning
[6.040s] Installing rgb_cam_suber script to /home/mi/workplace/install/learning/lib/learning
[6.041s] Installing stand script to /home/mi/workplace/install/learning/lib/learning
[6.041s] Installing track script to /home/mi/workplace/install/learning/lib/learning
[6.042s] writing list of installed files to '/home/mi/workplace/build/learning/install.log'
[6.153s] Invoked command in '/home/mi/workplace/src/learning' returned '0': PYTHONPATH=/home/mi/workplace/install/learning/lib/python3.6/site-packages:${PYTHONPATH} /usr/bin/python3 setup.py egg_info --egg-base ../../build/learning build --build-base /home/mi/workplace/build/learning/build install --prefix /home/mi/workplace/install/learning --record /home/mi/workplace/build/learning/install.log --single-version-externally-managed
