2024-05-22 23:53:53.901 [info] Log level: Info
2024-05-22 23:53:53.901 [info] Validating found git in: "D:\app2\git\Git\cmd\git.exe"
2024-05-22 23:53:53.901 [info] Unable to find git on the PATH: "D:\app2\git\Git\cmd\git.exe". Error: spawn D:\app2\git\Git\cmd\git.exe ENOENT
2024-05-22 23:53:53.901 [info] Validating found git in: "git"
2024-05-22 23:53:53.901 [info] Using git "2.17.1" from "git"
2024-05-22 23:53:53.901 [info] > git rev-parse --show-toplevel [1157ms]
2024-05-22 23:53:53.901 [info] > git rev-parse --git-dir --git-common-dir [372ms]
2024-05-22 23:53:53.901 [info] Open repository: /home/mi
2024-05-22 23:53:53.937 [info] > git rev-parse --show-toplevel [116ms]
2024-05-22 23:53:53.942 [info] > git config --get commit.template [142ms]
2024-05-22 23:53:54.044 [info] > git rev-parse --show-toplevel [82ms]
2024-05-22 23:53:54.081 [info] > git for-each-ref --format=%(refname)%00%(upstream:short)%00%(objectname)%00%(upstream:track)%00%(upstream:remotename)%00%(upstream:remoteref) refs/heads/master refs/remotes/master [83ms]
2024-05-22 23:53:55.803 [info] > git check-ignore -v -z --stdin [239ms]
2024-05-22 23:53:55.821 [info] > git rev-parse --show-toplevel [1704ms]
2024-05-22 23:53:55.916 [info] > git log --format=%H%n%aN%n%aE%n%at%n%ct%n%P%n%D%n%B -z -n120 --follow -- /home/mi/workplace/readme.md [269ms]
2024-05-22 23:53:56.396 [info] > git status -z -uall [194ms]
2024-05-22 23:53:56.406 [info] > git rev-parse --show-toplevel [528ms]
2024-05-22 23:53:57.735 [info] > git merge-base refs/heads/master refs/remotes/origin/master [691ms]
2024-05-22 23:53:57.774 [info] > git config --get commit.template [184ms]
2024-05-22 23:53:57.775 [info] > git rev-parse --show-toplevel [208ms]
2024-05-22 23:53:57.794 [info] > git rev-list --count --left-right refs/heads/master...refs/remotes/origin/master [36ms]
2024-05-22 23:53:58.225 [info] > git for-each-ref --format=%(refname)%00%(upstream:short)%00%(objectname)%00%(upstream:track)%00%(upstream:remotename)%00%(upstream:remoteref) refs/heads/master refs/remotes/master [350ms]
2024-05-22 23:53:58.227 [info] > git rev-parse --show-toplevel [387ms]
2024-05-22 23:53:58.229 [info] > git diff --name-status -z --diff-filter=ADMR 7fe3a803ce6102ce89f79eb3d61e53c5b1046660...refs/remotes/origin/master [410ms]
2024-05-22 23:53:58.463 [info] > git rev-parse --show-toplevel [205ms]
2024-05-22 23:53:58.808 [info] > git status -z -uall [184ms]
2024-05-22 23:53:58.812 [info] > git rev-parse --show-toplevel [304ms]
2024-05-22 23:53:58.986 [info] > git rev-parse --show-toplevel [138ms]
2024-05-22 23:53:59.884 [info] > git rev-parse --show-toplevel [540ms]
2024-05-22 23:53:59.919 [info] > git rev-parse --show-toplevel [10ms]
2024-05-22 23:53:59.954 [info] > git rev-parse --show-toplevel [9ms]
2024-05-22 23:53:59.999 [info] > git rev-parse --show-toplevel [19ms]
2024-05-22 23:54:00.041 [info] > git rev-parse --show-toplevel [24ms]
2024-05-22 23:54:00.098 [info] > git rev-parse --show-toplevel [35ms]
2024-05-22 23:54:00.124 [info] > git rev-parse --show-toplevel [5ms]
2024-05-22 23:54:00.151 [info] > git rev-parse --show-toplevel [7ms]
2024-05-22 23:54:00.182 [info] > git rev-parse --show-toplevel [10ms]
2024-05-22 23:54:00.214 [info] > git rev-parse --show-toplevel [9ms]
2024-05-22 23:54:00.240 [info] > git rev-parse --show-toplevel [5ms]
2024-05-22 23:54:00.268 [info] > git rev-parse --show-toplevel [7ms]
2024-05-22 23:54:00.291 [info] > git rev-parse --show-toplevel [5ms]
2024-05-22 23:54:00.319 [info] > git rev-parse --show-toplevel [7ms]
2024-05-22 23:54:00.347 [info] > git rev-parse --show-toplevel [7ms]
2024-05-22 23:54:00.372 [info] > git rev-parse --show-toplevel [4ms]
2024-05-22 23:54:00.395 [info] > git rev-parse --show-toplevel [5ms]
2024-05-22 23:54:00.422 [info] > git rev-parse --show-toplevel [5ms]
2024-05-22 23:54:00.447 [info] > git rev-parse --show-toplevel [5ms]
2024-05-22 23:54:00.534 [info] > git show --textconv :workplace/readme.md [49ms]
2024-05-22 23:54:00.543 [info] > git ls-files --stage -- /home/mi/workplace/readme.md [37ms]
2024-05-22 23:54:00.596 [info] > git cat-file -s d6302f1fe87ecf35a15e13fe68aa7df80789d6e1 [36ms]
2024-05-23 00:19:39.784 [info] > git show --textconv :workplace/src/learning/learning/move_x.py [48ms]
2024-05-23 00:19:39.796 [info] > git ls-files --stage -- /home/mi/workplace/src/learning/learning/move_x.py [17ms]
2024-05-23 00:19:39.836 [info] > git cat-file -s edb32e0c9cdc767e9aa018b1c5d25c59d3f3f09f [9ms]
2024-05-23 00:19:40.141 [info] > git log --format=%H%n%aN%n%aE%n%at%n%ct%n%P%n%D%n%B -z -n120 --follow -- /home/mi/workplace/src/learning/learning/move_x.py [600ms]
2024-05-23 00:19:40.437 [info] > git check-ignore -v -z --stdin [22ms]
2024-05-23 00:19:42.882 [info] > git log --format=%H%n%aN%n%aE%n%at%n%ct%n%P%n%D%n%B -z -n120 --follow -- /home/mi/workplace/readme.md [87ms]
2024-05-23 00:19:42.986 [info] > git show --textconv :workplace/readme.md [36ms]
2024-05-23 00:19:42.992 [info] > git ls-files --stage -- /home/mi/workplace/readme.md [17ms]
2024-05-23 00:19:43.027 [info] > git cat-file -s d6302f1fe87ecf35a15e13fe68aa7df80789d6e1 [9ms]
2024-05-23 00:19:43.332 [info] > git check-ignore -v -z --stdin [7ms]
2024-05-23 00:24:51.497 [info] > git log --format=%H%n%aN%n%aE%n%at%n%ct%n%P%n%D%n%B -z -n142 --follow -- /home/mi/.bashrc [69ms]
2024-05-23 00:24:51.634 [info] > git show --textconv :.bashrc [36ms]
2024-05-23 00:24:51.640 [info] > git ls-files --stage -- /home/mi/.bashrc [15ms]
2024-05-23 00:24:51.672 [info] > git cat-file -s 9c6245862bf0ff6bb49d9f20c0e5ee98513eb140 [6ms]
2024-05-23 00:24:51.985 [info] > git check-ignore -v -z --stdin [13ms]
2024-05-23 00:24:59.611 [info] > git log --format=%H%n%aN%n%aE%n%at%n%ct%n%P%n%D%n%B -z -n142 --follow -- /home/mi/workplace/src/learning/setup.py [26ms]
2024-05-23 00:24:59.798 [info] > git show --textconv :workplace/src/learning/setup.py [61ms]
2024-05-23 00:24:59.808 [info] > git ls-files --stage -- /home/mi/workplace/src/learning/setup.py [38ms]
2024-05-23 00:24:59.847 [info] > git cat-file -s 546dd794d4a390e65314c01f2dd0a9ef736f5718 [14ms]
2024-05-23 00:25:02.272 [info] > git log --format=%H%n%aN%n%aE%n%at%n%ct%n%P%n%D%n%B -z -n142 --follow -- /home/mi/workplace/src/learning/learning/move_x.py [87ms]
2024-05-23 00:25:02.405 [info] > git show --textconv :workplace/src/learning/learning/move_x.py [47ms]
2024-05-23 00:25:02.413 [info] > git ls-files --stage -- /home/mi/workplace/src/learning/learning/move_x.py [21ms]
2024-05-23 00:25:02.446 [info] > git cat-file -s edb32e0c9cdc767e9aa018b1c5d25c59d3f3f09f [8ms]
2024-05-23 00:25:02.847 [info] > git log --format=%H%n%aN%n%aE%n%at%n%ct%n%P%n%D%n%B -z -n142 --follow -- /home/mi/workplace/src/learning/learning/keeper.py [72ms]
2024-05-23 00:25:02.982 [info] > git show --textconv :workplace/src/learning/learning/keeper.py [34ms]
2024-05-23 00:25:02.988 [info] > git ls-files --stage -- /home/mi/workplace/src/learning/learning/keeper.py [14ms]
2024-05-23 00:25:03.024 [info] > git cat-file -s 2991628a82f194739b56b3a0cf8e206d4b839cd9 [12ms]
2024-05-23 00:25:03.611 [info] > git log --format=%H%n%aN%n%aE%n%at%n%ct%n%P%n%D%n%B -z -n142 --follow -- /home/mi/workplace/src/learning/learning/move_x.py [74ms]
2024-05-23 00:25:03.765 [info] > git show --textconv :workplace/src/learning/learning/move_x.py [43ms]
2024-05-23 00:25:03.773 [info] > git ls-files --stage -- /home/mi/workplace/src/learning/learning/move_x.py [17ms]
2024-05-23 00:25:03.806 [info] > git cat-file -s edb32e0c9cdc767e9aa018b1c5d25c59d3f3f09f [7ms]
2024-05-23 00:25:04.339 [info] > git log --format=%H%n%aN%n%aE%n%at%n%ct%n%P%n%D%n%B -z -n142 --follow -- /home/mi/workplace/src/learning/learning/stand.py [14ms]
2024-05-23 00:25:04.563 [info] > git show --textconv :workplace/src/learning/learning/stand.py [30ms]
2024-05-23 00:25:04.567 [info] > git ls-files --stage -- /home/mi/workplace/src/learning/learning/stand.py [7ms]
2024-05-23 00:25:04.600 [info] > git cat-file -s 7cb3046d76b85887768792615ae962a43ae669a4 [6ms]
2024-05-23 00:25:04.877 [info] > git check-ignore -v -z --stdin [8ms]
2024-05-23 00:25:10.387 [info] > git check-ignore -v -z --stdin [10ms]
2024-05-23 00:25:11.021 [info] > git log --format=%H%n%aN%n%aE%n%at%n%ct%n%P%n%D%n%B -z -n120 --follow -- /home/mi/workplace/src/learning/learning/track.py [96ms]
2024-05-23 00:25:11.228 [info] > git show --textconv :workplace/src/learning/learning/track.py [43ms]
2024-05-23 00:25:11.232 [info] > git ls-files --stage -- /home/mi/workplace/src/learning/learning/track.py [13ms]
2024-05-23 00:25:11.268 [info] > git cat-file -s f60747abe8d7a5eb5217f22bef3c88073fdec74a [9ms]
