2024-05-18 23:16:31.464 [info] 日志级别: Info
2024-05-18 23:16:31.464 [info] 正在验证在以下位置找到的 git: "git"
2024-05-18 23:16:31.464 [info] 将使用位于 "2.17.1" 的 Git "git"
2024-05-18 23:16:31.464 [info] > git rev-parse --show-toplevel [1586ms]
2024-05-18 23:16:31.464 [info] > git rev-parse --git-dir --git-common-dir [138ms]
2024-05-18 23:16:31.464 [info] Open repository: /home/mi
2024-05-18 23:16:31.522 [info] > git rev-parse --show-toplevel [275ms]
2024-05-18 23:16:31.527 [info] > git config --get commit.template [308ms]
2024-05-18 23:16:31.677 [info] > git rev-parse --show-toplevel [118ms]
2024-05-18 23:16:31.939 [info] > git for-each-ref --format=%(refname)%00%(upstream:short)%00%(objectname)%00%(upstream:track)%00%(upstream:remotename)%00%(upstream:remoteref) refs/heads/master refs/remotes/master [309ms]
2024-05-18 23:16:32.758 [info] > git check-ignore -v -z --stdin [710ms]
2024-05-18 23:16:32.771 [info] > git rev-parse --show-toplevel [1066ms]
2024-05-18 23:16:33.076 [info] > git status -z -uall [1099ms]
2024-05-18 23:16:33.078 [info] > git rev-parse --show-toplevel [51ms]
2024-05-18 23:16:35.002 [info] > git config --get commit.template [70ms]
2024-05-18 23:16:35.003 [info] > git rev-parse --show-toplevel [94ms]
2024-05-18 23:16:35.915 [info] > git check-ignore -v -z --stdin [94ms]
2024-05-18 23:16:35.922 [info] > git for-each-ref --format=%(refname)%00%(upstream:short)%00%(objectname)%00%(upstream:track)%00%(upstream:remotename)%00%(upstream:remoteref) refs/heads/master refs/remotes/master [60ms]
2024-05-18 23:16:35.945 [info] > git rev-parse --show-toplevel [104ms]
2024-05-18 23:16:35.976 [info] > git rev-parse --show-toplevel [10ms]
2024-05-18 23:16:36.020 [info] > git status -z -uall [79ms]
2024-05-18 23:16:36.022 [info] > git rev-parse --show-toplevel [25ms]
2024-05-18 23:16:37.570 [info] > git rev-parse --show-toplevel [1520ms]
2024-05-18 23:16:37.653 [info] > git check-ignore -v -z --stdin [60ms]
2024-05-18 23:16:37.661 [info] > git rev-parse --show-toplevel [46ms]
2024-05-18 23:16:37.695 [info] > git rev-parse --show-toplevel [14ms]
2024-05-18 23:16:37.724 [info] > git rev-parse --show-toplevel [6ms]
2024-05-18 23:16:37.847 [info] > git rev-parse --show-toplevel [102ms]
2024-05-18 23:16:37.873 [info] > git rev-parse --show-toplevel [7ms]
2024-05-18 23:16:37.901 [info] > git rev-parse --show-toplevel [3ms]
2024-05-18 23:16:37.993 [info] > git rev-parse --show-toplevel [68ms]
2024-05-18 23:16:38.021 [info] > git rev-parse --show-toplevel [8ms]
2024-05-18 23:16:38.051 [info] > git rev-parse --show-toplevel [7ms]
2024-05-18 23:16:38.082 [info] > git rev-parse --show-toplevel [8ms]
2024-05-18 23:16:38.112 [info] > git rev-parse --show-toplevel [10ms]
2024-05-18 23:16:38.148 [info] > git rev-parse --show-toplevel [17ms]
2024-05-18 23:16:38.180 [info] > git rev-parse --show-toplevel [10ms]
2024-05-18 23:16:38.206 [info] > git rev-parse --show-toplevel [5ms]
2024-05-18 23:16:38.253 [info] > git rev-parse --show-toplevel [27ms]
2024-05-18 23:17:02.033 [info] > git check-ignore -v -z --stdin [5ms]
2024-05-18 23:17:03.494 [info] > git show --textconv :workplace/build/learning/build/lib/learning/stand.py [27ms]
2024-05-18 23:17:03.500 [info] > git ls-files --stage -- /home/mi/workplace/build/learning/build/lib/learning/stand.py [9ms]
2024-05-18 23:17:03.523 [info] > git cat-file -s 7cb3046d76b85887768792615ae962a43ae669a4 [6ms]
2024-05-18 23:17:03.710 [info] > git check-ignore -v -z --stdin [6ms]
2024-05-18 23:19:46.151 [info] > git config --get commit.template [7ms]
2024-05-18 23:19:46.179 [info] > git for-each-ref --format=%(refname)%00%(upstream:short)%00%(objectname)%00%(upstream:track)%00%(upstream:remotename)%00%(upstream:remoteref) refs/heads/master refs/remotes/master [11ms]
2024-05-18 23:19:46.272 [info] > git status -z -uall [75ms]
2024-05-18 23:19:51.503 [info] > git config --get commit.template [5ms]
2024-05-18 23:19:51.530 [info] > git for-each-ref --format=%(refname)%00%(upstream:short)%00%(objectname)%00%(upstream:track)%00%(upstream:remotename)%00%(upstream:remoteref) refs/heads/master refs/remotes/master [6ms]
2024-05-18 23:19:51.623 [info] > git status -z -uall [75ms]
2024-05-18 23:19:59.912 [info] > git check-ignore -v -z --stdin [4ms]
2024-05-18 23:20:57.274 [info] > git show --textconv :workplace/build/learning/build/lib/learning/__init__.py [28ms]
2024-05-18 23:20:57.281 [info] > git ls-files --stage -- /home/mi/workplace/build/learning/build/lib/learning/__init__.py [16ms]
2024-05-18 23:20:57.305 [info] > git cat-file -s e69de29bb2d1d6434b8b29ae775ad8c2e48c5391 [4ms]
2024-05-18 23:20:59.239 [info] > git show --textconv :workplace/build/learning/build/lib/learning/stand.py [27ms]
2024-05-18 23:20:59.244 [info] > git ls-files --stage -- /home/mi/workplace/build/learning/build/lib/learning/stand.py [9ms]
2024-05-18 23:20:59.266 [info] > git cat-file -s 7cb3046d76b85887768792615ae962a43ae669a4 [5ms]
2024-05-18 23:23:03.733 [info] > git show --textconv :workplace/build/learning/build/lib/learning/move_x [24ms]
2024-05-18 23:23:03.744 [info] > git ls-files --stage -- /home/mi/workplace/build/learning/build/lib/learning/move_x [17ms]
2024-05-18 23:23:03.946 [info] > git check-ignore -v -z --stdin [6ms]
2024-05-18 23:23:12.812 [info] > git show --textconv :workplace/build/learning/build/lib/learning/move_x.py [29ms]
2024-05-18 23:23:12.818 [info] > git ls-files --stage -- /home/mi/workplace/build/learning/build/lib/learning/move_x.py [11ms]
2024-05-18 23:23:13.024 [info] > git check-ignore -v -z --stdin [5ms]
2024-05-18 23:24:03.340 [info] > git show --textconv :readme.md [102ms]
2024-05-18 23:24:03.341 [info] > git ls-files --stage -- /home/mi/readme.md [85ms]
2024-05-18 23:25:02.029 [info] > git show --textconv :workplace/build/learning/build/lib/learning/move_x.py [26ms]
2024-05-18 23:25:02.035 [info] > git ls-files --stage -- /home/mi/workplace/build/learning/build/lib/learning/move_x.py [11ms]
2024-05-18 23:25:08.413 [info] > git show --textconv :readme.md [28ms]
2024-05-18 23:25:08.421 [info] > git ls-files --stage -- /home/mi/readme.md [14ms]
2024-05-18 23:25:21.782 [info] > git show --textconv :workplace/build/learning/build/lib/learning/move_x.py [26ms]
2024-05-18 23:25:21.788 [info] > git ls-files --stage -- /home/mi/workplace/build/learning/build/lib/learning/move_x.py [13ms]
2024-05-18 23:25:24.372 [info] > git show --textconv :workplace/build/learning/build/lib/learning/stand.py [27ms]
2024-05-18 23:25:24.373 [info] > git ls-files --stage -- /home/mi/workplace/build/learning/build/lib/learning/stand.py [9ms]
2024-05-18 23:25:24.401 [info] > git cat-file -s 7cb3046d76b85887768792615ae962a43ae669a4 [11ms]
2024-05-18 23:25:27.825 [info] > git show --textconv :workplace/build/learning/build/lib/learning/move_x.py [24ms]
2024-05-18 23:25:27.830 [info] > git ls-files --stage -- /home/mi/workplace/build/learning/build/lib/learning/move_x.py [9ms]
2024-05-18 23:25:37.526 [info] > git show --textconv :workplace/build/learning/build/lib/learning/stand.py [24ms]
2024-05-18 23:25:37.528 [info] > git ls-files --stage -- /home/mi/workplace/build/learning/build/lib/learning/stand.py [7ms]
2024-05-18 23:25:37.553 [info] > git cat-file -s 7cb3046d76b85887768792615ae962a43ae669a4 [8ms]
2024-05-18 23:25:39.785 [info] > git check-ignore -v -z --stdin [6ms]
2024-05-18 23:25:41.495 [info] > git check-ignore -v -z --stdin [4ms]
2024-05-18 23:25:49.841 [info] > git show --textconv :workplace/src/learning/learning/move_x.py [23ms]
2024-05-18 23:25:49.846 [info] > git ls-files --stage -- /home/mi/workplace/src/learning/learning/move_x.py [8ms]
2024-05-18 23:25:50.030 [info] > git check-ignore -v -z --stdin [4ms]
2024-05-18 23:25:53.723 [info] > git show --textconv :readme.md [30ms]
2024-05-18 23:25:53.729 [info] > git ls-files --stage -- /home/mi/readme.md [17ms]
2024-05-18 23:26:27.286 [info] > git show --textconv :workplace/src/learning/learning/keeper.py [28ms]
2024-05-18 23:26:27.295 [info] > git ls-files --stage -- /home/mi/workplace/src/learning/learning/keeper.py [13ms]
2024-05-18 23:26:27.509 [info] > git check-ignore -v -z --stdin [5ms]
2024-05-18 23:26:35.420 [info] > git show --textconv :workplace/src/learning/learning/move_x.py [24ms]
2024-05-18 23:26:35.425 [info] > git ls-files --stage -- /home/mi/workplace/src/learning/learning/move_x.py [7ms]
2024-05-18 23:27:01.309 [info] > git show --textconv :workplace/src/learning/learning/keeper.py [27ms]
2024-05-18 23:27:01.314 [info] > git ls-files --stage -- /home/mi/workplace/src/learning/learning/keeper.py [9ms]
2024-05-18 23:27:22.381 [info] > git show --textconv :workplace/src/learning/learning/move_x.py [25ms]
2024-05-18 23:27:22.389 [info] > git ls-files --stage -- /home/mi/workplace/src/learning/learning/move_x.py [14ms]
2024-05-18 23:27:32.673 [info] > git config --get commit.template [9ms]
2024-05-18 23:27:32.699 [info] > git for-each-ref --format=%(refname)%00%(upstream:short)%00%(objectname)%00%(upstream:track)%00%(upstream:remotename)%00%(upstream:remoteref) refs/heads/master refs/remotes/master [6ms]
2024-05-18 23:27:32.798 [info] > git status -z -uall [79ms]
2024-05-18 23:27:33.990 [info] > git show --textconv :readme.md [42ms]
2024-05-18 23:27:34.005 [info] > git ls-files --stage -- /home/mi/readme.md [26ms]
2024-05-18 23:31:39.789 [info] > git show --textconv :workplace/src/learning/learning/move_x.py [30ms]
2024-05-18 23:31:39.795 [info] > git ls-files --stage -- /home/mi/workplace/src/learning/learning/move_x.py [10ms]
2024-05-18 23:34:27.964 [info] > git check-ignore -v -z --stdin [6ms]
2024-05-18 23:34:43.854 [info] > git show --textconv :readme.md [24ms]
2024-05-18 23:34:43.860 [info] > git ls-files --stage -- /home/mi/readme.md [12ms]
2024-05-18 23:44:33.910 [info] > git show --textconv :workplace/build/learning/colcon_command_prefix_setup_py.sh [39ms]
2024-05-18 23:44:33.914 [info] > git ls-files --stage -- /home/mi/workplace/build/learning/colcon_command_prefix_setup_py.sh [21ms]
2024-05-18 23:44:33.941 [info] > git cat-file -s f9867d51322a8ef47d4951080db6e3cfd048835e [5ms]
2024-05-18 23:44:41.482 [info] > git show --textconv :workplace/src/learning/learning/track.py [29ms]
2024-05-18 23:44:41.483 [info] > git ls-files --stage -- /home/mi/workplace/src/learning/learning/track.py [6ms]
2024-05-18 23:44:41.667 [info] > git check-ignore -v -z --stdin [7ms]
2024-05-18 23:45:08.496 [info] > git show --textconv :workplace/src/learning/setup.py [27ms]
2024-05-18 23:45:08.497 [info] > git ls-files --stage -- /home/mi/workplace/src/learning/setup.py [5ms]
2024-05-18 23:45:08.525 [info] > git cat-file -s 43ffd3762b18085f424bb9ae62b700da23eaa62b [6ms]
2024-05-18 23:45:25.000 [info] > git check-ignore -v -z --stdin [4ms]
2024-05-18 23:46:02.602 [info] > git show --textconv :workplace/src/learning/learning/sensor_node.py [31ms]
2024-05-18 23:46:02.608 [info] > git ls-files --stage -- /home/mi/workplace/src/learning/learning/sensor_node.py [9ms]
2024-05-18 23:46:02.778 [info] > git check-ignore -v -z --stdin [6ms]
2024-05-18 23:46:15.856 [info] > git show --textconv :workplace/src/learning/setup.py [30ms]
2024-05-18 23:46:15.860 [info] > git ls-files --stage -- /home/mi/workplace/src/learning/setup.py [11ms]
2024-05-18 23:46:15.884 [info] > git cat-file -s 43ffd3762b18085f424bb9ae62b700da23eaa62b [5ms]
2024-05-18 23:50:18.097 [info] > git show --textconv :workplace/src/learning/learning/track.py [36ms]
2024-05-18 23:50:18.105 [info] > git ls-files --stage -- /home/mi/workplace/src/learning/learning/track.py [16ms]
2024-05-18 23:56:12.780 [info] > git show --textconv :workplace/src/learning/learning/data_receive.py [29ms]
2024-05-18 23:56:12.781 [info] > git ls-files --stage -- /home/mi/workplace/src/learning/learning/data_receive.py [6ms]
2024-05-18 23:56:12.913 [info] > git check-ignore -v -z --stdin [7ms]
2024-05-18 23:56:44.378 [info] > git show --textconv :workplace/src/learning/setup.py [34ms]
2024-05-18 23:56:44.379 [info] > git ls-files --stage -- /home/mi/workplace/src/learning/setup.py [10ms]
2024-05-18 23:56:44.413 [info] > git cat-file -s 43ffd3762b18085f424bb9ae62b700da23eaa62b [8ms]
2024-05-18 23:57:49.476 [info] > git show --textconv :workplace/src/learning/learning/data_receive.py [25ms]
2024-05-18 23:57:49.483 [info] > git ls-files --stage -- /home/mi/workplace/src/learning/learning/data_receive.py [11ms]
2024-05-18 23:58:50.267 [info] > git show --textconv :readme.md [34ms]
2024-05-18 23:58:50.277 [info] > git ls-files --stage -- /home/mi/readme.md [17ms]
2024-05-18 23:59:45.136 [info] > git show --textconv :workplace/src/learning/learning/data_receive.py [43ms]
2024-05-18 23:59:45.137 [info] > git ls-files --stage -- /home/mi/workplace/src/learning/learning/data_receive.py [18ms]
2024-05-19 00:00:44.913 [info] > git show --textconv :workplace/src/learning/learning/keeper.py [43ms]
2024-05-19 00:00:44.934 [info] > git ls-files --stage -- /home/mi/workplace/src/learning/learning/keeper.py [31ms]
2024-05-19 00:00:45.991 [info] > git show --textconv :workplace/src/learning/learning/move_x.py [35ms]
2024-05-19 00:00:45.992 [info] > git ls-files --stage -- /home/mi/workplace/src/learning/learning/move_x.py [10ms]
2024-05-19 00:00:48.695 [info] > git show --textconv :workplace/src/learning/learning/keeper.py [31ms]
2024-05-19 00:00:48.701 [info] > git ls-files --stage -- /home/mi/workplace/src/learning/learning/keeper.py [10ms]
2024-05-19 00:00:50.092 [info] > git config --get commit.template [34ms]
2024-05-19 00:00:50.113 [info] > git for-each-ref --format=%(refname)%00%(upstream:short)%00%(objectname)%00%(upstream:track)%00%(upstream:remotename)%00%(upstream:remoteref) refs/heads/master refs/remotes/master [28ms]
2024-05-19 00:00:50.294 [info] > git status -z -uall [159ms]
2024-05-19 00:00:51.733 [info] > git show --textconv :workplace/src/learning/learning/data_receive.py [45ms]
2024-05-19 00:00:51.751 [info] > git ls-files --stage -- /home/mi/workplace/src/learning/learning/data_receive.py [25ms]
2024-05-19 00:02:10.816 [info] > git show --textconv :workplace/src/learning/learning/camera.py [28ms]
2024-05-19 00:02:10.824 [info] > git ls-files --stage -- /home/mi/workplace/src/learning/learning/camera.py [13ms]
2024-05-19 00:02:10.956 [info] > git check-ignore -v -z --stdin [4ms]
2024-05-19 00:02:33.398 [info] > git check-ignore -v -z --stdin [5ms]
2024-05-19 00:02:36.438 [info] > git show --textconv :workplace/src/learning/learning/data_receive.py [25ms]
2024-05-19 00:02:36.444 [info] > git ls-files --stage -- /home/mi/workplace/src/learning/learning/data_receive.py [10ms]
2024-05-19 00:02:37.414 [info] > git show --textconv :workplace/src/learning/learning/keeper.py [28ms]
2024-05-19 00:02:37.419 [info] > git ls-files --stage -- /home/mi/workplace/src/learning/learning/keeper.py [8ms]
2024-05-19 00:02:38.337 [info] > git show --textconv :workplace/src/learning/learning/move_x.py [25ms]
2024-05-19 00:02:38.338 [info] > git ls-files --stage -- /home/mi/workplace/src/learning/learning/move_x.py [5ms]
2024-05-19 00:02:39.238 [info] > git show --textconv :workplace/src/learning/learning/stand.py [24ms]
2024-05-19 00:02:39.244 [info] > git ls-files --stage -- /home/mi/workplace/src/learning/learning/stand.py [9ms]
2024-05-19 00:02:39.268 [info] > git cat-file -s 7cb3046d76b85887768792615ae962a43ae669a4 [5ms]
2024-05-19 00:02:39.844 [info] > git config --get commit.template [32ms]
2024-05-19 00:02:39.848 [info] > git for-each-ref --format=%(refname)%00%(upstream:short)%00%(objectname)%00%(upstream:track)%00%(upstream:remotename)%00%(upstream:remoteref) refs/heads/master refs/remotes/master [10ms]
2024-05-19 00:02:39.960 [info] > git status -z -uall [92ms]
2024-05-19 00:04:57.646 [info] > git show --textconv :workplace/src/learning/learning/data_receive.py [29ms]
2024-05-19 00:04:57.652 [info] > git ls-files --stage -- /home/mi/workplace/src/learning/learning/data_receive.py [8ms]
2024-05-19 00:05:05.072 [info] > git show --textconv :workplace/src/learning/learning/track.py [30ms]
2024-05-19 00:05:05.077 [info] > git ls-files --stage -- /home/mi/workplace/src/learning/learning/track.py [10ms]
2024-05-19 00:05:19.741 [info] > git show --textconv :readme.md [26ms]
2024-05-19 00:05:19.751 [info] > git ls-files --stage -- /home/mi/readme.md [16ms]
2024-05-19 00:06:00.655 [info] > git show --textconv :workplace/src/learning/learning/stand.py [30ms]
2024-05-19 00:06:00.657 [info] > git ls-files --stage -- /home/mi/workplace/src/learning/learning/stand.py [7ms]
2024-05-19 00:06:00.691 [info] > git cat-file -s 7cb3046d76b85887768792615ae962a43ae669a4 [11ms]
2024-05-19 00:06:45.714 [info] > git config --get commit.template [34ms]
2024-05-19 00:06:45.716 [info] > git for-each-ref --format=%(refname)%00%(upstream:short)%00%(objectname)%00%(upstream:track)%00%(upstream:remotename)%00%(upstream:remoteref) refs/heads/master refs/remotes/master [8ms]
2024-05-19 00:06:45.847 [info] > git status -z -uall [100ms]
2024-05-19 00:07:01.110 [info] > git show --textconv :readme.md [38ms]
2024-05-19 00:07:01.113 [info] > git ls-files --stage -- /home/mi/readme.md [13ms]
2024-05-19 00:09:10.997 [info] > git show --textconv :workplace/src/learning/learning/camera.py [32ms]
2024-05-19 00:09:10.998 [info] > git ls-files --stage -- /home/mi/workplace/src/learning/learning/camera.py [10ms]
2024-05-19 00:09:16.679 [info] > git show --textconv :workplace/src/learning/setup.py [25ms]
2024-05-19 00:09:16.684 [info] > git ls-files --stage -- /home/mi/workplace/src/learning/setup.py [9ms]
2024-05-19 00:09:16.708 [info] > git cat-file -s 43ffd3762b18085f424bb9ae62b700da23eaa62b [5ms]
2024-05-19 00:12:08.955 [info] > git config --get commit.template [8ms]
2024-05-19 00:12:08.986 [info] > git for-each-ref --format=%(refname)%00%(upstream:short)%00%(objectname)%00%(upstream:track)%00%(upstream:remotename)%00%(upstream:remoteref) refs/heads/master refs/remotes/master [7ms]
2024-05-19 00:12:09.104 [info] > git status -z -uall [97ms]
