2024-05-25 21:47:21.936 [info] Log level: Info
2024-05-25 21:47:21.936 [info] Validating found git in: "D:\app2\git\Git\cmd\git.exe"
2024-05-25 21:47:21.936 [info] Unable to find git on the PATH: "D:\app2\git\Git\cmd\git.exe". Error: spawn D:\app2\git\Git\cmd\git.exe ENOENT
2024-05-25 21:47:21.937 [info] Validating found git in: "git"
2024-05-25 21:47:21.937 [info] Using git "2.17.1" from "git"
2024-05-25 21:47:21.937 [info] > git rev-parse --show-toplevel [1543ms]
2024-05-25 21:47:21.949 [info] > git rev-parse --git-dir --git-common-dir [59ms]
2024-05-25 21:47:22.117 [info] Open repository: /home/mi
2024-05-25 21:47:22.297 [info] > git rev-parse --show-toplevel [96ms]
2024-05-25 21:47:22.305 [info] > git config --get commit.template [126ms]
2024-05-25 21:47:25.010 [info] > git check-ignore -v -z --stdin [26ms]
2024-05-25 21:47:25.031 [info] > git for-each-ref --format=%(refname)%00%(upstream:short)%00%(objectname)%00%(upstream:track)%00%(upstream:remotename)%00%(upstream:remoteref) refs/heads/master refs/remotes/master [1265ms]
2024-05-25 21:47:25.034 [info] > git rev-parse --show-toplevel [2674ms]
2024-05-25 21:47:25.202 [info] > git rev-parse --show-toplevel [92ms]
2024-05-25 21:47:25.425 [info] > git log --format=%H%n%aN%n%aE%n%at%n%ct%n%P%n%D%n%B -z -n120 --follow -- /home/mi/workplace/src/learning/learning/move_horizontal.py [186ms]
2024-05-25 21:47:25.642 [info] > git status -z -uall [310ms]
2024-05-25 21:47:25.842 [info] > git rev-parse --show-toplevel [536ms]
2024-05-25 21:47:27.471 [info] > git merge-base refs/heads/master refs/remotes/origin/master [1775ms]
2024-05-25 21:47:27.812 [info] > git rev-list --count --left-right refs/heads/master...refs/remotes/origin/master [313ms]
2024-05-25 21:47:27.841 [info] > git rev-parse --show-toplevel [490ms]
2024-05-25 21:47:27.849 [info] > git config --get commit.template [513ms]
2024-05-25 21:47:27.878 [info] > git diff --name-status -z --diff-filter=ADMR 7fe3a803ce6102ce89f79eb3d61e53c5b1046660...refs/remotes/origin/master [38ms]
2024-05-25 21:47:28.077 [info] > git rev-parse --show-toplevel [203ms]
2024-05-25 21:47:28.363 [info] > git for-each-ref --format=%(refname)%00%(upstream:short)%00%(objectname)%00%(upstream:track)%00%(upstream:remotename)%00%(upstream:remoteref) refs/heads/master refs/remotes/master [434ms]
2024-05-25 21:47:28.379 [info] > git rev-parse --show-toplevel [258ms]
2024-05-25 21:47:28.427 [info] > git rev-parse --show-toplevel [11ms]
2024-05-25 21:47:28.550 [info] > git rev-parse --show-toplevel [20ms]
2024-05-25 21:47:28.653 [info] > git rev-parse --show-toplevel [75ms]
2024-05-25 21:47:28.781 [info] > git status -z -uall [324ms]
2024-05-25 21:47:30.415 [info] > git rev-parse --show-toplevel [473ms]
2024-05-25 21:47:30.484 [info] > git rev-parse --show-toplevel [14ms]
2024-05-25 21:47:30.588 [info] > git rev-parse --show-toplevel [75ms]
2024-05-25 21:47:30.732 [info] > git rev-parse --show-toplevel [94ms]
2024-05-25 21:47:30.782 [info] > git rev-parse --show-toplevel [11ms]
2024-05-25 21:47:30.831 [info] > git rev-parse --show-toplevel [13ms]
2024-05-25 21:47:30.898 [info] > git rev-parse --show-toplevel [22ms]
2024-05-25 21:47:30.964 [info] > git rev-parse --show-toplevel [28ms]
2024-05-25 21:47:31.052 [info] > git rev-parse --show-toplevel [48ms]
2024-05-25 21:47:31.132 [info] > git rev-parse --show-toplevel [11ms]
2024-05-25 21:47:31.192 [info] > git rev-parse --show-toplevel [25ms]
2024-05-25 21:47:31.225 [info] > git rev-parse --show-toplevel [3ms]
2024-05-25 21:47:31.265 [info] > git rev-parse --show-toplevel [4ms]
2024-05-25 21:47:31.318 [info] > git rev-parse --show-toplevel [6ms]
2024-05-25 21:47:31.391 [info] > git rev-parse --show-toplevel [12ms]
2024-05-25 21:47:31.457 [info] > git rev-parse --show-toplevel [19ms]
2024-05-25 21:47:31.496 [info] > git rev-parse --show-toplevel [13ms]
2024-05-25 21:47:31.555 [info] > git rev-parse --show-toplevel [16ms]
2024-05-25 21:47:31.680 [info] > git show --textconv :workplace/src/learning/learning/move_horizontal.py [35ms]
2024-05-25 21:47:31.735 [info] > git ls-files --stage -- /home/mi/workplace/src/learning/learning/move_horizontal.py [63ms]
2024-05-25 21:47:35.262 [info] > git config --get commit.template [94ms]
2024-05-25 21:47:35.532 [info] > git for-each-ref --format=%(refname)%00%(upstream:short)%00%(objectname)%00%(upstream:track)%00%(upstream:remotename)%00%(upstream:remoteref) refs/heads/master refs/remotes/master [221ms]
2024-05-25 21:47:35.838 [info] > git status -z -uall [204ms]
2024-05-25 21:49:28.436 [info] > git config --get commit.template [7ms]
2024-05-25 21:49:28.467 [info] > git for-each-ref --format=%(refname)%00%(upstream:short)%00%(objectname)%00%(upstream:track)%00%(upstream:remotename)%00%(upstream:remoteref) refs/heads/master refs/remotes/master [6ms]
2024-05-25 21:49:28.571 [info] > git status -z -uall [81ms]
2024-05-25 21:50:06.906 [info] > git check-ignore -v -z --stdin [8ms]
2024-05-25 21:50:08.024 [info] > git log --format=%H%n%aN%n%aE%n%at%n%ct%n%P%n%D%n%B -z -n120 --follow -- /home/mi/workplace/readme.md [752ms]
2024-05-25 21:50:08.408 [info] > git show --textconv :workplace/readme.md [42ms]
2024-05-25 21:50:08.413 [info] > git ls-files --stage -- /home/mi/workplace/readme.md [21ms]
2024-05-25 21:50:08.445 [info] > git cat-file -s 1915dcc75bf2568d2926be2950118e50adb002f2 [10ms]
2024-05-25 21:57:05.067 [info] > git config --get commit.template [7ms]
2024-05-25 21:57:05.115 [info] > git for-each-ref --format=%(refname)%00%(upstream:short)%00%(objectname)%00%(upstream:track)%00%(upstream:remotename)%00%(upstream:remoteref) refs/heads/master refs/remotes/master [7ms]
2024-05-25 21:57:05.222 [info] > git status -z -uall [75ms]
2024-05-25 22:18:32.360 [info] > git config --get commit.template [6ms]
2024-05-25 22:18:32.395 [info] > git for-each-ref --format=%(refname)%00%(upstream:short)%00%(objectname)%00%(upstream:track)%00%(upstream:remotename)%00%(upstream:remoteref) refs/heads/master refs/remotes/master [5ms]
2024-05-25 22:18:32.507 [info] > git status -z -uall [84ms]
2024-05-25 22:18:39.257 [info] > git config --get commit.template [27ms]
2024-05-25 22:18:39.258 [info] > git for-each-ref --format=%(refname)%00%(upstream:short)%00%(objectname)%00%(upstream:track)%00%(upstream:remotename)%00%(upstream:remoteref) refs/heads/master refs/remotes/master [12ms]
2024-05-25 22:18:39.363 [info] > git status -z -uall [79ms]
2024-05-25 22:40:00.558 [info] > git config --get commit.template [30ms]
2024-05-25 22:40:00.560 [info] > git for-each-ref --format=%(refname)%00%(upstream:short)%00%(objectname)%00%(upstream:track)%00%(upstream:remotename)%00%(upstream:remoteref) refs/heads/master refs/remotes/master [9ms]
2024-05-25 22:40:00.671 [info] > git status -z -uall [86ms]
2024-05-25 22:40:05.804 [info] > git config --get commit.template [26ms]
2024-05-25 22:40:05.844 [info] > git for-each-ref --format=%(refname)%00%(upstream:short)%00%(objectname)%00%(upstream:track)%00%(upstream:remotename)%00%(upstream:remoteref) refs/heads/master refs/remotes/master [14ms]
2024-05-25 22:40:05.957 [info] > git status -z -uall [86ms]
2024-05-25 22:42:35.769 [info] > git config --get commit.template [5ms]
2024-05-25 22:42:35.805 [info] > git for-each-ref --format=%(refname)%00%(upstream:short)%00%(objectname)%00%(upstream:track)%00%(upstream:remotename)%00%(upstream:remoteref) refs/heads/master refs/remotes/master [6ms]
2024-05-25 22:42:35.910 [info] > git status -z -uall [77ms]
2024-05-25 22:42:41.028 [info] > git config --get commit.template [6ms]
2024-05-25 22:42:41.058 [info] > git for-each-ref --format=%(refname)%00%(upstream:short)%00%(objectname)%00%(upstream:track)%00%(upstream:remotename)%00%(upstream:remoteref) refs/heads/master refs/remotes/master [7ms]
2024-05-25 22:42:41.164 [info] > git status -z -uall [77ms]
2024-05-25 22:42:57.196 [info] > git log --format=%H%n%aN%n%aE%n%at%n%ct%n%P%n%D%n%B -z -n120 --follow -- /home/mi/workplace/readme.md [66ms]
2024-05-25 22:50:44.145 [info] > git check-ignore -v -z --stdin [7ms]
2024-05-25 22:50:46.200 [info] > git log --format=%H%n%aN%n%aE%n%at%n%ct%n%P%n%D%n%B -z -n186 --follow -- /home/mi/workplace/src/learning/setup.py [22ms]
2024-05-25 22:50:46.391 [info] > git show --textconv :workplace/src/learning/setup.py [37ms]
2024-05-25 22:50:46.395 [info] > git ls-files --stage -- /home/mi/workplace/src/learning/setup.py [13ms]
2024-05-25 22:50:46.425 [info] > git cat-file -s 1f44bee359b424d4b2d6e195d435209324e9cf87 [6ms]
2024-05-25 22:51:05.010 [info] > git log --format=%H%n%aN%n%aE%n%at%n%ct%n%P%n%D%n%B -z -n186 --follow -- /home/mi/workplace/src/learning/learning/__init__.py [11ms]
2024-05-25 22:51:05.236 [info] > git show --textconv :workplace/src/learning/learning/__init__.py [31ms]
2024-05-25 22:51:05.240 [info] > git ls-files --stage -- /home/mi/workplace/src/learning/learning/__init__.py [7ms]
2024-05-25 22:51:05.270 [info] > git cat-file -s e69de29bb2d1d6434b8b29ae775ad8c2e48c5391 [5ms]
2024-05-25 22:51:07.000 [info] > git check-ignore -v -z --stdin [10ms]
2024-05-25 22:51:26.400 [info] > git log --format=%H%n%aN%n%aE%n%at%n%ct%n%P%n%D%n%B -z -n164 --follow -- /home/mi/workplace/src/learning/learning/realsense_cam_suber [10ms]
2024-05-25 22:51:26.611 [info] > git show --textconv :workplace/src/learning/learning/realsense_cam_suber [29ms]
2024-05-25 22:51:26.619 [info] > git ls-files --stage -- /home/mi/workplace/src/learning/learning/realsense_cam_suber [11ms]
2024-05-25 22:51:26.840 [info] > git check-ignore -v -z --stdin [8ms]
2024-05-25 22:51:27.551 [info] > git check-ignore -v -z --stdin [9ms]
2024-05-25 22:51:34.266 [info] > git log --format=%H%n%aN%n%aE%n%at%n%ct%n%P%n%D%n%B -z -n142 --follow -- /home/mi/workplace/src/learning/learning/realsense_cam_suber.py [11ms]
2024-05-25 22:51:34.490 [info] > git show --textconv :workplace/src/learning/learning/realsense_cam_suber.py [32ms]
2024-05-25 22:51:34.497 [info] > git ls-files --stage -- /home/mi/workplace/src/learning/learning/realsense_cam_suber.py [11ms]
2024-05-25 22:51:34.711 [info] > git check-ignore -v -z --stdin [7ms]
2024-05-25 22:51:37.057 [info] > git log --format=%H%n%aN%n%aE%n%at%n%ct%n%P%n%D%n%B -z -n142 --follow -- /home/mi/workplace/src/learning/learning/rgb_cam_suber.py [13ms]
2024-05-25 22:51:37.275 [info] > git show --textconv :workplace/src/learning/learning/rgb_cam_suber.py [40ms]
2024-05-25 22:51:37.284 [info] > git ls-files --stage -- /home/mi/workplace/src/learning/learning/rgb_cam_suber.py [22ms]
2024-05-25 22:51:43.268 [info] > git log --format=%H%n%aN%n%aE%n%at%n%ct%n%P%n%D%n%B -z -n142 --follow -- /home/mi/workplace/src/learning/learning/realsense_cam_suber.py [10ms]
2024-05-25 22:51:43.470 [info] > git show --textconv :workplace/src/learning/learning/realsense_cam_suber.py [29ms]
2024-05-25 22:51:43.475 [info] > git ls-files --stage -- /home/mi/workplace/src/learning/learning/realsense_cam_suber.py [8ms]
2024-05-25 22:51:55.461 [info] > git config --get commit.template [21ms]
2024-05-25 22:51:55.496 [info] > git for-each-ref --format=%(refname)%00%(upstream:short)%00%(objectname)%00%(upstream:track)%00%(upstream:remotename)%00%(upstream:remoteref) refs/heads/master refs/remotes/master [6ms]
2024-05-25 22:51:55.608 [info] > git status -z -uall [81ms]
2024-05-25 22:52:00.718 [info] > git config --get commit.template [5ms]
2024-05-25 22:52:00.883 [info] > git for-each-ref --format=%(refname)%00%(upstream:short)%00%(objectname)%00%(upstream:track)%00%(upstream:remotename)%00%(upstream:remoteref) refs/heads/master refs/remotes/master [128ms]
2024-05-25 22:52:01.014 [info] > git status -z -uall [86ms]
2024-05-25 22:52:12.258 [info] > git config --get commit.template [38ms]
2024-05-25 22:52:12.261 [info] > git for-each-ref --format=%(refname)%00%(upstream:short)%00%(objectname)%00%(upstream:track)%00%(upstream:remotename)%00%(upstream:remoteref) refs/heads/master refs/remotes/master [10ms]
2024-05-25 22:52:12.378 [info] > git status -z -uall [84ms]
2024-05-25 22:53:51.114 [info] > git log --format=%H%n%aN%n%aE%n%at%n%ct%n%P%n%D%n%B -z -n142 --follow -- /home/mi/workplace/readme.md [72ms]
2024-05-25 22:53:51.312 [info] > git show --textconv :workplace/readme.md [38ms]
2024-05-25 22:53:51.318 [info] > git ls-files --stage -- /home/mi/workplace/readme.md [12ms]
2024-05-25 22:53:51.353 [info] > git cat-file -s 1915dcc75bf2568d2926be2950118e50adb002f2 [7ms]
2024-05-25 22:54:20.414 [info] > git config --get commit.template [34ms]
2024-05-25 22:54:20.417 [info] > git for-each-ref --format=%(refname)%00%(upstream:short)%00%(objectname)%00%(upstream:track)%00%(upstream:remotename)%00%(upstream:remoteref) refs/heads/master refs/remotes/master [7ms]
2024-05-25 22:54:20.529 [info] > git status -z -uall [82ms]
2024-05-25 22:55:01.527 [info] > git config --get commit.template [7ms]
2024-05-25 22:55:01.562 [info] > git for-each-ref --format=%(refname)%00%(upstream:short)%00%(objectname)%00%(upstream:track)%00%(upstream:remotename)%00%(upstream:remoteref) refs/heads/master refs/remotes/master [6ms]
2024-05-25 22:55:01.672 [info] > git status -z -uall [80ms]
2024-05-25 22:59:11.103 [info] > git config --get commit.template [32ms]
2024-05-25 22:59:11.106 [info] > git for-each-ref --format=%(refname)%00%(upstream:short)%00%(objectname)%00%(upstream:track)%00%(upstream:remotename)%00%(upstream:remoteref) refs/heads/master refs/remotes/master [5ms]
2024-05-25 22:59:11.218 [info] > git status -z -uall [78ms]
2024-05-25 23:00:50.452 [info] > git config --get commit.template [34ms]
2024-05-25 23:00:50.457 [info] > git for-each-ref --format=%(refname)%00%(upstream:short)%00%(objectname)%00%(upstream:track)%00%(upstream:remotename)%00%(upstream:remoteref) refs/heads/master refs/remotes/master [8ms]
2024-05-25 23:00:50.574 [info] > git status -z -uall [79ms]
2024-05-25 23:02:37.254 [info] > git config --get commit.template [8ms]
2024-05-25 23:02:37.293 [info] > git for-each-ref --format=%(refname)%00%(upstream:short)%00%(objectname)%00%(upstream:track)%00%(upstream:remotename)%00%(upstream:remoteref) refs/heads/master refs/remotes/master [6ms]
2024-05-25 23:02:37.403 [info] > git status -z -uall [80ms]
2024-05-25 23:34:06.386 [info] > git log --format=%H%n%aN%n%aE%n%at%n%ct%n%P%n%D%n%B -z -n142 --follow -- /home/mi/workplace/src/learning/learning/realsense_cam_suber.py [9ms]
2024-05-25 23:34:06.568 [info] > git show --textconv :workplace/src/learning/learning/realsense_cam_suber.py [39ms]
2024-05-25 23:34:06.576 [info] > git ls-files --stage -- /home/mi/workplace/src/learning/learning/realsense_cam_suber.py [14ms]
2024-05-25 23:35:04.110 [info] > git log --format=%H%n%aN%n%aE%n%at%n%ct%n%P%n%D%n%B -z -n142 --follow -- /home/mi/workplace/src/learning/learning/rgb_cam_suber.py [12ms]
2024-05-25 23:35:04.286 [info] > git show --textconv :workplace/src/learning/learning/rgb_cam_suber.py [37ms]
2024-05-25 23:35:04.292 [info] > git ls-files --stage -- /home/mi/workplace/src/learning/learning/rgb_cam_suber.py [11ms]
2024-05-25 23:35:10.236 [info] > git log --format=%H%n%aN%n%aE%n%at%n%ct%n%P%n%D%n%B -z -n142 --follow -- /home/mi/workplace/src/learning/learning/realsense_cam_suber.py [10ms]
2024-05-25 23:35:10.434 [info] > git show --textconv :workplace/src/learning/learning/realsense_cam_suber.py [36ms]
2024-05-25 23:35:10.440 [info] > git ls-files --stage -- /home/mi/workplace/src/learning/learning/realsense_cam_suber.py [10ms]
2024-05-25 23:35:19.790 [info] > git log --format=%H%n%aN%n%aE%n%at%n%ct%n%P%n%D%n%B -z -n142 --follow -- /home/mi/workplace/readme.md [79ms]
2024-05-25 23:35:19.924 [info] > git show --textconv :workplace/readme.md [38ms]
2024-05-25 23:35:19.932 [info] > git ls-files --stage -- /home/mi/workplace/readme.md [13ms]
2024-05-25 23:35:19.967 [info] > git cat-file -s 1915dcc75bf2568d2926be2950118e50adb002f2 [6ms]
2024-05-25 23:35:26.678 [info] > git log --format=%H%n%aN%n%aE%n%at%n%ct%n%P%n%D%n%B -z -n142 --follow -- /home/mi/workplace/src/learning/learning/__init__.py [11ms]
2024-05-25 23:35:26.875 [info] > git show --textconv :workplace/src/learning/learning/__init__.py [35ms]
2024-05-25 23:35:26.886 [info] > git ls-files --stage -- /home/mi/workplace/src/learning/learning/__init__.py [14ms]
2024-05-25 23:35:26.927 [info] > git cat-file -s e69de29bb2d1d6434b8b29ae775ad8c2e48c5391 [6ms]
2024-05-25 23:35:30.092 [info] > git log --format=%H%n%aN%n%aE%n%at%n%ct%n%P%n%D%n%B -z -n142 --follow -- /home/mi/workplace/readme.md [70ms]
2024-05-25 23:35:30.213 [info] > git show --textconv :workplace/readme.md [43ms]
2024-05-25 23:35:30.220 [info] > git ls-files --stage -- /home/mi/workplace/readme.md [18ms]
2024-05-25 23:35:30.257 [info] > git cat-file -s 1915dcc75bf2568d2926be2950118e50adb002f2 [7ms]
2024-05-25 23:35:35.436 [info] > git log --format=%H%n%aN%n%aE%n%at%n%ct%n%P%n%D%n%B -z -n164 --follow -- /home/mi/workplace/src/learning/learning/rgb_cam_suber.py [13ms]
2024-05-25 23:35:35.622 [info] > git show --textconv :workplace/src/learning/learning/rgb_cam_suber.py [35ms]
2024-05-25 23:35:35.627 [info] > git ls-files --stage -- /home/mi/workplace/src/learning/learning/rgb_cam_suber.py [11ms]
2024-05-25 23:36:01.994 [info] > git log --format=%H%n%aN%n%aE%n%at%n%ct%n%P%n%D%n%B -z -n164 --follow -- /home/mi/workplace/src/learning/learning/realsense_cam_suber.py [11ms]
2024-05-25 23:36:02.136 [info] > git show --textconv :workplace/src/learning/learning/realsense_cam_suber.py [38ms]
2024-05-25 23:36:02.145 [info] > git ls-files --stage -- /home/mi/workplace/src/learning/learning/realsense_cam_suber.py [15ms]
2024-05-25 23:36:05.405 [info] > git log --format=%H%n%aN%n%aE%n%at%n%ct%n%P%n%D%n%B -z -n164 --follow -- /home/mi/workplace/readme.md [64ms]
2024-05-25 23:36:05.578 [info] > git show --textconv :workplace/readme.md [42ms]
2024-05-25 23:36:05.585 [info] > git ls-files --stage -- /home/mi/workplace/readme.md [18ms]
2024-05-25 23:36:05.619 [info] > git cat-file -s 1915dcc75bf2568d2926be2950118e50adb002f2 [2ms]
2024-05-25 23:36:23.492 [info] > git log --format=%H%n%aN%n%aE%n%at%n%ct%n%P%n%D%n%B -z -n164 --follow -- /home/mi/workplace/src/learning/learning/realsense_cam_suber.py [12ms]
2024-05-25 23:36:23.692 [info] > git show --textconv :workplace/src/learning/learning/realsense_cam_suber.py [42ms]
2024-05-25 23:36:23.697 [info] > git ls-files --stage -- /home/mi/workplace/src/learning/learning/realsense_cam_suber.py [13ms]
2024-05-25 23:36:27.106 [info] > git log --format=%H%n%aN%n%aE%n%at%n%ct%n%P%n%D%n%B -z -n164 --follow -- /home/mi/workplace/readme.md [64ms]
2024-05-25 23:36:27.290 [info] > git show --textconv :workplace/readme.md [41ms]
2024-05-25 23:36:27.298 [info] > git ls-files --stage -- /home/mi/workplace/readme.md [21ms]
2024-05-25 23:36:27.333 [info] > git cat-file -s 1915dcc75bf2568d2926be2950118e50adb002f2 [5ms]
2024-05-25 23:36:32.990 [info] > git log --format=%H%n%aN%n%aE%n%at%n%ct%n%P%n%D%n%B -z -n164 --follow -- /home/mi/workplace/src/learning/learning/realsense_cam_suber.py [8ms]
2024-05-25 23:36:33.191 [info] > git show --textconv :workplace/src/learning/learning/realsense_cam_suber.py [39ms]
2024-05-25 23:36:33.197 [info] > git ls-files --stage -- /home/mi/workplace/src/learning/learning/realsense_cam_suber.py [11ms]
2024-05-25 23:37:45.134 [info] > git log --format=%H%n%aN%n%aE%n%at%n%ct%n%P%n%D%n%B -z -n164 --follow -- /home/mi/workplace/src/learning/learning/rgb_cam_suber.py [10ms]
2024-05-25 23:37:45.361 [info] > git show --textconv :workplace/src/learning/learning/rgb_cam_suber.py [43ms]
2024-05-25 23:37:45.367 [info] > git ls-files --stage -- /home/mi/workplace/src/learning/learning/rgb_cam_suber.py [17ms]
2024-05-25 23:37:52.060 [info] > git log --format=%H%n%aN%n%aE%n%at%n%ct%n%P%n%D%n%B -z -n164 --follow -- /home/mi/workplace/src/learning/learning/realsense_cam_suber.py [13ms]
2024-05-25 23:37:52.266 [info] > git show --textconv :workplace/src/learning/learning/realsense_cam_suber.py [38ms]
2024-05-25 23:37:52.271 [info] > git ls-files --stage -- /home/mi/workplace/src/learning/learning/realsense_cam_suber.py [10ms]
2024-05-25 23:38:10.030 [info] > git config --get commit.template [10ms]
2024-05-25 23:38:10.072 [info] > git for-each-ref --format=%(refname)%00%(upstream:short)%00%(objectname)%00%(upstream:track)%00%(upstream:remotename)%00%(upstream:remoteref) refs/heads/master refs/remotes/master [5ms]
2024-05-25 23:38:10.191 [info] > git status -z -uall [80ms]
2024-05-25 23:45:13.032 [info] > git show --textconv :workplace/readme.md [46ms]
2024-05-25 23:45:13.043 [info] > git ls-files --stage -- /home/mi/workplace/readme.md [19ms]
2024-05-25 23:45:13.087 [info] > git cat-file -s 1915dcc75bf2568d2926be2950118e50adb002f2 [7ms]
2024-05-25 23:47:27.305 [info] > git show --textconv :workplace/src/learning/learning/realsense_cam_suber.py [52ms]
2024-05-25 23:47:27.314 [info] > git ls-files --stage -- /home/mi/workplace/src/learning/learning/realsense_cam_suber.py [21ms]
2024-05-25 23:48:04.623 [info] > git show --textconv :workplace/src/learning/setup.py [54ms]
2024-05-25 23:48:04.629 [info] > git ls-files --stage -- /home/mi/workplace/src/learning/setup.py [20ms]
2024-05-25 23:48:04.668 [info] > git cat-file -s 1f44bee359b424d4b2d6e195d435209324e9cf87 [5ms]
2024-05-25 23:48:33.136 [info] > git config --get commit.template [25ms]
2024-05-25 23:48:33.189 [info] > git for-each-ref --format=%(refname)%00%(upstream:short)%00%(objectname)%00%(upstream:track)%00%(upstream:remotename)%00%(upstream:remoteref) refs/heads/master refs/remotes/master [14ms]
2024-05-25 23:48:33.320 [info] > git status -z -uall [86ms]
2024-05-25 23:48:48.127 [info] > git log --format=%H%n%aN%n%aE%n%at%n%ct%n%P%n%D%n%B -z -n164 --follow -- /home/mi/workplace/src/learning/setup.py [11ms]
2024-05-25 23:48:57.444 [info] > git log --format=%H%n%aN%n%aE%n%at%n%ct%n%P%n%D%n%B -z -n164 --follow -- /home/mi/workplace/src/learning/learning/realsense_cam_suber.py [10ms]
2024-05-25 23:48:57.664 [info] > git show --textconv :workplace/src/learning/learning/realsense_cam_suber.py [45ms]
2024-05-25 23:48:57.669 [info] > git ls-files --stage -- /home/mi/workplace/src/learning/learning/realsense_cam_suber.py [12ms]
2024-05-25 23:49:09.094 [info] > git show --textconv :workplace/src/learning/learning/camera.py [53ms]
2024-05-25 23:49:09.097 [info] > git log --format=%H%n%aN%n%aE%n%at%n%ct%n%P%n%D%n%B -z -n164 --follow -- /home/mi/workplace/src/learning/learning/camera.py [134ms]
2024-05-25 23:49:09.104 [info] > git ls-files --stage -- /home/mi/workplace/src/learning/learning/camera.py [28ms]
2024-05-25 23:49:09.143 [info] > git cat-file -s 57d25ca86ebe15ac4fd13d672c220a5052800460 [5ms]
2024-05-25 23:49:34.019 [info] > git log --format=%H%n%aN%n%aE%n%at%n%ct%n%P%n%D%n%B -z -n142 --follow -- /home/mi/workplace/src/learning/learning/realsense_cam_suber.py [13ms]
2024-05-25 23:49:34.238 [info] > git show --textconv :workplace/src/learning/learning/realsense_cam_suber.py [43ms]
2024-05-25 23:49:34.244 [info] > git ls-files --stage -- /home/mi/workplace/src/learning/learning/realsense_cam_suber.py [14ms]
2024-05-25 23:49:36.952 [info] > git log --format=%H%n%aN%n%aE%n%at%n%ct%n%P%n%D%n%B -z -n164 --follow -- /home/mi/workplace/src/learning/setup.py [18ms]
2024-05-25 23:49:37.121 [info] > git show --textconv :workplace/src/learning/setup.py [59ms]
2024-05-25 23:49:37.126 [info] > git ls-files --stage -- /home/mi/workplace/src/learning/setup.py [12ms]
2024-05-25 23:49:37.168 [info] > git cat-file -s 1f44bee359b424d4b2d6e195d435209324e9cf87 [3ms]
2024-05-25 23:50:05.656 [info] > git config --get commit.template [10ms]
2024-05-25 23:50:05.710 [info] > git for-each-ref --format=%(refname)%00%(upstream:short)%00%(objectname)%00%(upstream:track)%00%(upstream:remotename)%00%(upstream:remoteref) refs/heads/master refs/remotes/master [8ms]
2024-05-25 23:50:05.853 [info] > git status -z -uall [96ms]
2024-05-25 23:50:35.543 [info] > git log --format=%H%n%aN%n%aE%n%at%n%ct%n%P%n%D%n%B -z -n164 --follow -- /home/mi/workplace/src/learning/learning/realsense_cam_suber.py [14ms]
2024-05-25 23:50:35.752 [info] > git show --textconv :workplace/src/learning/learning/realsense_cam_suber.py [52ms]
2024-05-25 23:50:35.758 [info] > git ls-files --stage -- /home/mi/workplace/src/learning/learning/realsense_cam_suber.py [14ms]
2024-05-25 23:50:42.891 [info] > git log --format=%H%n%aN%n%aE%n%at%n%ct%n%P%n%D%n%B -z -n164 --follow -- /home/mi/workplace/readme.md [67ms]
2024-05-25 23:50:43.129 [info] > git show --textconv :workplace/readme.md [66ms]
2024-05-25 23:50:43.140 [info] > git ls-files --stage -- /home/mi/workplace/readme.md [31ms]
2024-05-25 23:50:43.190 [info] > git cat-file -s 1915dcc75bf2568d2926be2950118e50adb002f2 [7ms]
2024-05-25 23:50:43.576 [info] > git log --format=%H%n%aN%n%aE%n%at%n%ct%n%P%n%D%n%B -z -n164 --follow -- /home/mi/workplace/src/learning/setup.py [13ms]
2024-05-25 23:50:43.832 [info] > git show --textconv :workplace/src/learning/setup.py [47ms]
2024-05-25 23:50:43.833 [info] > git ls-files --stage -- /home/mi/workplace/src/learning/setup.py [8ms]
2024-05-25 23:50:43.881 [info] > git cat-file -s 1f44bee359b424d4b2d6e195d435209324e9cf87 [8ms]
2024-05-25 23:50:47.839 [info] > git log --format=%H%n%aN%n%aE%n%at%n%ct%n%P%n%D%n%B -z -n164 --follow -- /home/mi/workplace/src/learning/learning/realsense_cam_suber.py [11ms]
2024-05-25 23:50:48.079 [info] > git show --textconv :workplace/src/learning/learning/realsense_cam_suber.py [67ms]
2024-05-25 23:50:48.088 [info] > git ls-files --stage -- /home/mi/workplace/src/learning/learning/realsense_cam_suber.py [36ms]
2024-05-25 23:51:09.499 [info] > git config --get commit.template [4ms]
2024-05-25 23:51:09.547 [info] > git for-each-ref --format=%(refname)%00%(upstream:short)%00%(objectname)%00%(upstream:track)%00%(upstream:remotename)%00%(upstream:remoteref) refs/heads/master refs/remotes/master [8ms]
2024-05-25 23:51:09.674 [info] > git status -z -uall [83ms]
2024-05-25 23:51:58.970 [info] > git log --format=%H%n%aN%n%aE%n%at%n%ct%n%P%n%D%n%B -z -n164 --follow -- /home/mi/workplace/src/learning/learning/track.py [87ms]
2024-05-25 23:51:59.122 [info] > git show --textconv :workplace/src/learning/learning/track.py [49ms]
2024-05-25 23:51:59.127 [info] > git ls-files --stage -- /home/mi/workplace/src/learning/learning/track.py [7ms]
2024-05-25 23:51:59.166 [info] > git cat-file -s f60747abe8d7a5eb5217f22bef3c88073fdec74a [6ms]
2024-05-25 23:52:14.156 [info] > git log --format=%H%n%aN%n%aE%n%at%n%ct%n%P%n%D%n%B -z -n142 --follow -- /home/mi/workplace/readme.md [70ms]
2024-05-25 23:52:14.302 [info] > git show --textconv :workplace/readme.md [42ms]
2024-05-25 23:52:14.315 [info] > git ls-files --stage -- /home/mi/workplace/readme.md [18ms]
2024-05-25 23:52:14.355 [info] > git cat-file -s 1915dcc75bf2568d2926be2950118e50adb002f2 [7ms]
2024-05-25 23:55:05.980 [info] > git config --get commit.template [14ms]
2024-05-25 23:55:06.022 [info] > git for-each-ref --format=%(refname)%00%(upstream:short)%00%(objectname)%00%(upstream:track)%00%(upstream:remotename)%00%(upstream:remoteref) refs/heads/master refs/remotes/master [6ms]
2024-05-25 23:55:06.185 [info] > git status -z -uall [122ms]
2024-05-25 23:56:30.048 [info] > git log --format=%H%n%aN%n%aE%n%at%n%ct%n%P%n%D%n%B -z -n142 --follow -- /home/mi/workplace/src/learning/learning/track.py [96ms]
2024-05-25 23:56:30.201 [info] > git show --textconv :workplace/src/learning/learning/track.py [46ms]
2024-05-25 23:56:30.211 [info] > git ls-files --stage -- /home/mi/workplace/src/learning/learning/track.py [14ms]
2024-05-25 23:56:30.251 [info] > git cat-file -s f60747abe8d7a5eb5217f22bef3c88073fdec74a [3ms]
2024-05-25 23:59:02.494 [info] > git config --get commit.template [12ms]
2024-05-25 23:59:02.582 [info] > git for-each-ref --format=%(refname)%00%(upstream:short)%00%(objectname)%00%(upstream:track)%00%(upstream:remotename)%00%(upstream:remoteref) refs/heads/master refs/remotes/master [16ms]
2024-05-25 23:59:02.748 [info] > git status -z -uall [102ms]
2024-05-25 23:59:09.663 [info] > git config --get commit.template [8ms]
2024-05-25 23:59:09.721 [info] > git for-each-ref --format=%(refname)%00%(upstream:short)%00%(objectname)%00%(upstream:track)%00%(upstream:remotename)%00%(upstream:remoteref) refs/heads/master refs/remotes/master [7ms]
2024-05-25 23:59:09.887 [info] > git status -z -uall [116ms]
2024-05-26 00:00:01.656 [info] > git config --get commit.template [44ms]
2024-05-26 00:00:01.660 [info] > git for-each-ref --format=%(refname)%00%(upstream:short)%00%(objectname)%00%(upstream:track)%00%(upstream:remotename)%00%(upstream:remoteref) refs/heads/master refs/remotes/master [7ms]
2024-05-26 00:00:01.791 [info] > git status -z -uall [89ms]
