[WARN] [1716044533.493155072] [cyberdog_train_plan]: waitting for access token...
[INFO] [1716044533.630876928] [cyberdog_train_plan]: cyberdog_train node spin
[WARN] [1716044595.190547594] [cyberdog_train_plan]: waitting for access token...
[WARN] [1716044655.194741844] [cyberdog_train_plan]: waitting for access token...
[WARN] [1716044715.208697093] [cyberdog_train_plan]: waitting for access token...
[WARN] [1716044775.215936438] [cyberdog_train_plan]: waitting for access token...
[WARN] [1716044835.221678260] [cyberdog_train_plan]: waitting for access token...
[WARN] [1716044895.232286671] [cyberdog_train_plan]: waitting for access token...
[WARN] [1716044955.237426831] [cyberdog_train_plan]: waitting for access token...
[WARN] [1716045015.241219151] [cyberdog_train_plan]: waitting for access token...
[WARN] [1716045075.253419343] [cyberdog_train_plan]: waitting for access token...
[WARN] [1716045135.264143343] [cyberdog_train_plan]: waitting for access token...
[WARN] [1716045195.271346543] [cyberdog_train_plan]: waitting for access token...
[WARN] [1716045255.279187599] [cyberdog_train_plan]: waitting for access token...
[INFO] [1716045281.677376911] [cyberdog_train_plan]: access token is V3_a4dzHp45b-h2ctBMvpeHRKmQiCR03v8c3OjAcFI0W3wQUa2dzSDYy8wrvSxppXlSedM9pTLyBACa2aLsAAgqNY5czotRo2YFuoksH-tvagsYvGAMoDfTKulqUD_KGg6mYwZ4QeAhy2jsxQ3AbJByh7ppbnr4lKN-tsq5OuD1a3c
[INFO] [1716045282.290506607] [cyberdog_train_plan]: sn is 2H02YPN00035
[INFO] [1716045282.291171215] [cyberdog_train_plan]: sn_: 2H02YPN00035, token: V3_a4dzHp45b-h2ctBMvpeHRKmQiCR03v8c3OjAcFI0W3wQUa2dzSDYy8wrvSxppXlSedM9pTLyBACa2aLsAAgqNY5czotRo2YFuoksH-tvagsYvGAMoDfTKulqUD_KGg6mYwZ4QeAhy2jsxQ3AbJByh7ppbnr4lKN-tsq5OuD1a3c
[INFO] [1716045282.459898351] [cyberdog_train_plan]: res is {"error":{"code":1000,"msg":"{\"code\":2016,\"message\":\"??????????????????????????????\",\"error\":{\"msg\":\"??????????????????????????????\",\"code\":2000,\"debug\":\"service default error\"}}","debug":"?????????????????????"}}
[INFO] [1716045282.619158575] [cyberdog_train_plan]: res is {"error":{"code":1000,"msg":"{\"code\":2016,\"message\":\"??????????????????????????????\",\"error\":{\"msg\":\"??????????????????????????????\",\"code\":2000,\"debug\":\"service default error\"}}","debug":"?????????????????????"}}
[INFO] [1716045282.713734831] [cyberdog_train_plan]: res is {"error":{"code":1000,"msg":"{\"code\":2016,\"message\":\"??????????????????????????????\",\"error\":{\"msg\":\"??????????????????????????????\",\"code\":2000,\"debug\":\"service default error\"}}","debug":"?????????????????????"}}
[INFO] [1716045282.841854159] [cyberdog_train_plan]: res is {"error":{"code":1000,"msg":"{\"code\":2016,\"message\":\"??????????????????????????????\",\"error\":{\"msg\":\"??????????????????????????????\",\"code\":2000,\"debug\":\"service default error\"}}","debug":"?????????????????????"}}
[INFO] [1716045282.977599695] [cyberdog_train_plan]: res is {"error":{"code":1000,"msg":"{\"code\":2016,\"message\":\"??????????????????????????????\",\"error\":{\"msg\":\"??????????????????????????????\",\"code\":2000,\"debug\":\"service default error\"}}","debug":"?????????????????????"}}
[INFO] [1716045283.110523471] [cyberdog_train_plan]: res is {"error":{"code":1000,"msg":"{\"code\":2016,\"message\":\"??????????????????????????????\",\"error\":{\"msg\":\"??????????????????????????????\",\"code\":2000,\"debug\":\"service default error\"}}","debug":"?????????????????????"}}
[INFO] [1716045283.209846767] [cyberdog_train_plan]: res is {"error":{"code":1000,"msg":"{\"code\":2016,\"message\":\"??????????????????????????????\",\"error\":{\"msg\":\"??????????????????????????????\",\"code\":2000,\"debug\":\"service default error\"}}","debug":"?????????????????????"}}
[INFO] [1716045283.387664015] [cyberdog_train_plan]: res is {"error":{"code":1000,"msg":"{\"code\":2016,\"message\":\"??????????????????????????????\",\"error\":{\"msg\":\"??????????????????????????????\",\"code\":2000,\"debug\":\"service default error\"}}","debug":"?????????????????????"}}
[INFO] [1716045283.539057327] [cyberdog_train_plan]: res is {"error":{"code":1000,"msg":"{\"code\":2016,\"message\":\"??????????????????????????????\",\"error\":{\"msg\":\"??????????????????????????????\",\"code\":2000,\"debug\":\"service default error\"}}","debug":"?????????????????????"}}
[INFO] [1716045283.539675279] [cyberdog_train_plan]: start query all plan
[INFO] [1716045283.645827279] [cyberdog_train_plan]: [CyberdogJson] WriteJsonToFile: Msg_size: 560, write 560 bytes!
