[INFO] [1716044535.473516864] [cyberdog_action]: Creating cyberdog_action object(node)
[INFO] [1716044535.474001152] [cyberdog_action]: action node init
[INFO] [1716044535.474119968] [cyberdog_action]: read gesture action toml file
[INFO] [1716044535.483712640] [cyberdog_action]: read toml file successfully
[INFO] [1716044535.667336768] [cyberdog_action cyberdog_model]: cyberdog_model Constructor
[INFO] [1716044535.669708896] [cyberdog_action cyberdog_model]: is_specified_version: 0
[INFO] [1716044535.669875744] [cyberdog_action cyberdog_model]: specified_version: 0.0
[INFO] [1716044535.669991488] [cyberdog_action cyberdog_model]: module_name: gesture_action
[INFO] [1716044535.670107296] [cyberdog_action cyberdog_model]: model_dir: /SDCARD/vision/gesture_action/
[INFO] [1716044535.670262976] [cyberdog_action cyberdog_model]: temp_download_path: /SDCARD/vision/gesture_action/temp/
[INFO] [1716044535.718350816] [cyberdog_action]: init successfully
[INFO] [1716044535.718594880] [cyberdog_action]: cyberdog_action node spin,wait for request
[INFO] [1716044535.781871008] [cyberdog_action]: Camera Operate thread begin
[INFO] [1716044535.782151552] [cyberdog_action]: Inference thread begin
[INFO] [1716044540.803280768] [cyberdog_action]: [WifiSignalCallback] internet is ok!!!
[INFO] [1716044540.803528960] [cyberdog_action cyberdog_model]: update models fuc begin
[INFO] [1716044540.803666336] [cyberdog_action cyberdog_model]: init fuc
[INFO] [1716044541.367029088] [cyberdog_action cyberdog_model]: gesture_action has 2 versions in fsd
[INFO] [1716044541.367313312] [cyberdog_action cyberdog_model]: read model version in toml file
[INFO] [1716044541.367487392] [cyberdog_action cyberdog_model]: Get_Model_Version func 
[INFO] [1716044541.370812992] [cyberdog_action cyberdog_model]: read key value from toml successfully
[INFO] [1716044541.371048352] [cyberdog_action cyberdog_model]: the model version in toml file is 2.0 
[INFO] [1716044541.371225536] [cyberdog_action cyberdog_model]: temp toml path /SDCARD/vision/gesture_action/temp/version.toml do not exist!
[INFO] [1716044541.371375360] [cyberdog_action cyberdog_model]: obj: 1.0/
[INFO] [1716044541.371490368] [cyberdog_action cyberdog_model]: obj: 2.0/
[INFO] [1716044541.371595840] [cyberdog_action cyberdog_model]: ftp_newest_version  is 2.0
[INFO] [1716044541.371707840] [cyberdog_action cyberdog_model]: nx_version  is 2.0
[INFO] [1716044541.372355392] [cyberdog_action cyberdog_model]: nx model version is the newest version
[INFO] [1716044541.372495840] [cyberdog_action cyberdog_model]: DownloadModels fuc
[INFO] [1716044541.372625440] [cyberdog_action cyberdog_model]: do not need download
[ERROR] [1716044541.373122016] [cyberdog_action cyberdog_model]: download failed or do not need download
[INFO] [1716044541.373300672] [cyberdog_action]: download and update gesture_action model from Fds failed or timeout
