[WARN] [1716044638.311234628] [az2.elevation_mapping]: filterChainParametersName_:postprocessor_pipeline
[INFO] [1716044638.316975655] [az2.elevation_mapping]: str_chain_param_name: 0
[WARN] [1716044638.331333103] [az2.elevation_mapping]: Could not configure the filter chain. Will publish the raw elevation map without postprocessing!
[INFO] [1716044638.345501430] [az2.elevation_mapping]: Elevation mapping node started.
[WARN] [1716044638.345750262] [az2.elevation_mapping]: read elemap_yaml_path!
[INFO] [1716044638.355031707] [az2.elevation_mapping]: robot_pose_with_covariance_topic: 
[INFO] [1716044638.355297595] [az2.elevation_mapping]: track_point_frame_id: camera_depth_optical_frame
[INFO] [1716044638.355572155] [az2.elevation_mapping]: track_point_x: 0.000000
[INFO] [1716044638.355773052] [az2.elevation_mapping]: track_point_y: 0.000000
[INFO] [1716044638.355923676] [az2.elevation_mapping]: track_point_z: 0.000000
[INFO] [1716044638.356076572] [az2.elevation_mapping]: robot_pose_cache_size: 500
[INFO] [1716044638.356242556] [az2.elevation_mapping]: minUpdateRate: 2.0
[INFO] [1716044638.356390332] [az2.elevation_mapping]: maxNoUpdateDuration_: 0.500000
[INFO] [1716044638.356548060] [az2.elevation_mapping]: time_tolerance set to defaul value: 0.0
[WARN] [1716044638.356960252] [az2.elevation_mapping]: this param is not used in the ros2 version!
[WARN] [1716044638.357123356] [az2.elevation_mapping]: visibility_cleanup_rate is not used in ros2 version
[INFO] [1716044638.357247388] [az2.elevation_mapping]: map_frame_id: vodom
[INFO] [1716044638.357415484] [az2.elevation_mapping]: length_in_x: 6.000000
[INFO] [1716044638.357565244] [az2.elevation_mapping]: length_in_y: 6.000000
[INFO] [1716044638.357758493] [az2.elevation_mapping]: position_x: 0.000000
[INFO] [1716044638.357947037] [az2.elevation_mapping]: position_y: 0.000000
[INFO] [1716044638.358103037] [az2.elevation_mapping]: resolution: 0.050000
[INFO] [1716044638.359375581] [az2.elevation_mapping]: Elevation map grid resized to 120 rows and 120 columns.
[INFO] [1716044638.359637662] [az2.elevation_mapping]: min_variance set to defaul value: pow(0.003, 2)
[INFO] [1716044638.359869982] [az2.elevation_mapping]: max_variance set to defaul value: pow(0.003, 2)
[INFO] [1716044638.360435454] [az2.elevation_mapping]: mahalanobis_distance_threshold set to defaul value: 2.5
[INFO] [1716044638.360607486] [az2.elevation_mapping]: multi_height_noise set to defaul value: pow(0.003, 2)
[INFO] [1716044638.360766846] [az2.elevation_mapping]: min_horizontal_variance set to defaul value: pow(resolution / 2.0, 2)
[INFO] [1716044638.360980926] [az2.elevation_mapping]: max_horizontal_variance set to defaul value: 0.5
[WARN] [1716044638.361176830] [az2.elevation_mapping]: underlying_map_topic is not used in ros2 version, should not set this param
[WARN] [1716044638.361428191] [az2.elevation_mapping]: enable_visibility_cleanup is not used in ros2 version
[INFO] [1716044638.362187359] [az2.elevation_mapping]: enable_continuous_cleanup: 0
[INFO] [1716044638.362446783] [az2.elevation_mapping]: scanning_duration set to defaul value: 1.0
[WARN] [1716044638.362780575] [az2.elevation_mapping]: masked_replace_service_mask_layer_name is not used in ros2 version
[INFO] [1716044638.362991615] [az2.elevation_mapping]: initialize_elevation_map: 0
[INFO] [1716044638.363180959] [az2.elevation_mapping]: initialization_method: 0
[INFO] [1716044638.363358624] [az2.elevation_mapping]: length_in_x_init_submap: 1.000000
[INFO] [1716044638.363529600] [az2.elevation_mapping]: length_in_y_init_submap: 1.000000
[INFO] [1716044638.363757824] [az2.elevation_mapping]: margin_init_submap: 0.300000
[INFO] [1716044638.364049760] [az2.elevation_mapping]: init_submap_height_offset: 0.010000
[INFO] [1716044638.364252832] [az2.elevation_mapping]: target_frame_init_submap: base_link
[WARN] [1716044638.364370848] [az2.elevation_mapping]: robot_base_frame_id: base_link
[WARN] [1716044638.364555424] [az2.elevation_mapping]: input_data_format: depthimage
[INFO] [1716044638.365801153] [az2.elevation_mapping]: motion_status_topic_n