[INFO] [1716044530.233604160] [MotionManager]: Init on call
[INFO] [1716044539.149989280] [MotionManager MotionAction]: feedback func: St5_BindIFMN8cyberdog6motion13MotionHandlerEFvRKSt10shared_ptrIN8protocol3msg13MotionStatus_ISaIvEEEEEPS2_St12_PlaceholderILi1EEEE
[INFO] [1716044539.158540288] [MotionManager MotionAction]: 1
[INFO] [1716044539.158795392] [MotionManager]: Get Feedback: 5
[INFO] [1716044539.214226976] [MotionManager MotionAction]: feedback func: St5_BindIFMN8cyberdog6motion13MotionHandlerEFvRKSt10shared_ptrIN8protocol3msg13MotionStatus_ISaIvEEEEEPS2_St12_PlaceholderILi1EEEE
[INFO] [1716044539.214510048] [MotionManager MotionAction]: 1
[INFO] [1716044539.214622272] [MotionManager]: Get Feedback: 4
[INFO] [1716044539.214978592] [MotionManager MotionAction]: feedback func: St5_BindIFMN8cyberdog6motion13MotionHandlerEFvRKSt10shared_ptrIN8protocol3msg13MotionStatus_ISaIvEEEEEPS2_St12_PlaceholderILi1EEEE
[INFO] [1716044539.215134656] [MotionManager MotionAction]: 1
[INFO] [1716044539.215240256] [MotionManager]: Get Feedback: 3
[INFO] [1716044539.215366688] [MotionManager MotionAction]: feedback func: St5_BindIFMN8cyberdog6motion13MotionHandlerEFvRKSt10shared_ptrIN8protocol3msg13MotionStatus_ISaIvEEEEEPS2_St12_PlaceholderILi1EEEE
[INFO] [1716044539.215503136] [MotionManager MotionAction]: 1
[INFO] [1716044539.215593728] [MotionManager]: Get Feedback: 2
[INFO] [1716044539.223012128] [MotionManager MotionAction]: feedback func: St5_BindIFMN8cyberdog6motion13MotionHandlerEFvRKSt10shared_ptrIN8protocol3msg13MotionStatus_ISaIvEEEEEPS2_St12_PlaceholderILi1EEEE
[INFO] [1716044539.223275040] [MotionManager MotionAction]: 1
[INFO] [1716044539.223390368] [MotionManager]: Get Feedback: 1
[INFO] [1716044539.529114976] [MotionManager]: [PROTOCOL][INFO] Creat embed protocol[elec_skin], protocol:"can", path:"/opt/ros2/cyberdog/share/elec_skin/toml_config/elec_skin.toml"
[INFO] [1716044539.554575232] [MotionManager]: [CAN_PROTOCOL][INFO] Creat can protocol[elec_skin]: 0 error, 0 warning
[INFO] [1716044539.559679904] [MotionManager]: [CAN_PROTOCOL][INFO][elec_skin] No recv canid, enable send-only mode
[INFO] [1716044539.608096864] [az2.skin_manager]: Default color: 0
[INFO] [1716044539.609428800] [az2.skin_manager]: Start direction: 0
[INFO] [1716044539.609670784] [az2.skin_manager]: Gradual duration: 50
[INFO] [1716044539.609845920] [az2.skin_manager]: defaul_duration: 2000
[INFO] [1716044539.610058208] [az2.skin_manager]: enable: 0
[INFO] [1716044539.967475072] [MotionManager]: MachineActuator Init, config file: /opt/ros2/cyberdog/share/params/toml_config/manager/state_machine_config.toml
[INFO] [1716044540.101521920] [MotionManager]: MachineActuator start on call.
[INFO] [1716044540.113052608] [MotionManager]: MachineActuator checkout state: SetUp.
[INFO] [1716044540.113214144] [MotionManager]: Get fsm: Setup
[INFO] [1716044540.113504960] [MotionManager]: MachineActuator service setup on call.
[INFO] [1716044540.125158848] [MotionManager]: Running on...
[INFO] [1716044544.416012352] [MotionManager]: MachineActuator service callback on call.
	 ===> target_state: SelfCheck
[INFO] [1716044544.427222048] [MotionManager]: MachineActuator checkout state: SelfCheck.
[INFO] [1716044544.427372288] [MotionManager]: Get fsm: SelfCheck
[INFO] [1716044544.427508224] [MotionManager MotionAction]: MR813 LCM: Ready
[INFO] [1716044544.427634144] [MotionManager]: MotionManager SelfCheck OK
[INFO] [1716044557.280841326] [MotionManager]: MachineActuator service callback on call.
	 ===> target_state: Active
[INFO] [1716044557.282026542] [MotionManager]: MachineActuator checkout state: Active.
[INFO] [1716044557.282191758] [MotionManager]: Get fsm: Active
[INFO] [1716044678.624134595] [MotionManager]: MachineActuator service callback on call.
	 ===> target_state: Active
[INFO] [1716044678.624347458] [MotionManager]: MachineActuator checkout state: Active.
[INFO] [1716044678.624502464] [MotionManager]: Get fsm: Active
[INFO] [1716047143.791268406] [MotionManager]: Receive ResultCmd from 0 with motion_id: 111
[INFO] [1716047143.799270136] [MotionManager]: estop: 0
[INFO] [1716047143.800056312] [MotionManager MotionAction]: ResultCmd: 12, 0, 0, 0
[INFO] [1716047146.427154164] [MotionManager]: Motion 111 done
[INFO] [1716047146.427582260] [MotionManager]: Will return HandleResultCmd
[INFO] [1716047146.427768885] [MotionManager]: Will return DecideResultCmd
[INFO] [1716047146.427910133] [MotionManager]: Will return MotionResultCmdCallback
[INFO] [1716047901.177356399] [MotionManager]: Receive ResultCmd from 0 with motion_id: 111
[INFO] [1716047901.177825263] [MotionManager]: estop: 0
[INFO] [1716047901.252423134] [MotionManager MotionAction]: ResultCmd: 12, 0, 1, 0
[INFO] [1716047901.294096262] [MotionManager]: Motion 111 done
[INFO] [1716047901.294635270] [MotionManager]: Will return HandleResultCmd
[INFO] [1716047901.294779494] [MotionManager]: Will return DecideResultCmd
[INFO] [1716047901.295060710] [MotionManager]: Will return MotionResultCmdCallback
