[INFO] [1716044593.885401103] [az2.camera.camera]: 
	camera lifecycle node launched. 
	Waiting on external lifecycle transitions to activate
	See https://design.ros2.org/articles/node_lifecycle.html for more information.
[INFO] [1716046778.794497572] [az2.camera.camera]: RealSense ROS v4.0.4
[INFO] [1716046778.794792580] [az2.camera.camera]: Built with LibRealSense v2.50.0
[INFO] [1716046778.795659396] [az2.camera.camera]: Running with LibRealSense v2.50.0
[INFO] [1716046779.201223666] [az2.camera.camera]: Device with serial number 233522072687 was found.

[INFO] [1716046779.201556530] [az2.camera.camera]: Device with physical ID /sys/devices/3610000.xhci/usb2/2-3/2-3.3/2-3.3:1.0/video4linux/video4 was found.
[INFO] [1716046779.201732178] [az2.camera.camera]: Device with name Intel RealSense D430I was found.
[INFO] [1716046779.203303059] [az2.camera.camera]: Device with port number 2-3.3 was found.
[INFO] [1716046779.203481555] [az2.camera.camera]: Device USB type: 3.2
[INFO] [1716046779.203614643] [az2.camera.camera]: set_devices_changed_callback
[INFO] [1716046779.218006614] [az2.camera.realsense2_camera_node]: getParameters...
[INFO] [1716046779.276276385] [az2.camera.realsense2_camera_node]: JSON file is not provided
[INFO] [1716046779.276542337] [az2.camera.realsense2_camera_node]: Device Name: Intel RealSense D430I
[INFO] [1716046779.276698081] [az2.camera.realsense2_camera_node]: Device Serial No: 233522072687
[INFO] [1716046779.276820929] [az2.camera.realsense2_camera_node]: Device physical port: /sys/devices/3610000.xhci/usb2/2-3/2-3.3/2-3.3:1.0/video4linux/video4
[INFO] [1716046779.276936993] [az2.camera.realsense2_camera_node]: Device FW version: 05.13.00.55
[INFO] [1716046779.277048289] [az2.camera.realsense2_camera_node]: Device Product ID: 0x0B4B
[INFO] [1716046779.277230305] [az2.camera.realsense2_camera_node]: Sync Mode: On
[WARN] [1716046780.075409084] [az2.camera.realsense2_camera_node]: re-enable the stream for the change to take effect.
[WARN] [1716046780.163607469] [az2.camera.realsense2_camera_node]: re-enable the stream for the change to take effect.
[ERROR] [1716046781.251168255] [az2.camera.realsense2_camera_node]: The PointCloudHeightScale is out of range,make PointCloudHeightScale = 5
[INFO] [1716046781.251401151] [az2.camera.realsense2_camera_node]: PointCloudHeightScale = 5
[ERROR] [1716046781.402063260] [az2.camera.realsense2_camera_node]: The PointCloudWeightScale is out of range,make PointCloudWeightScale = 1
[INFO] [1716046781.412423006] [az2.camera.realsense2_camera_node]: PointCloudWeightScale = 1
[ERROR] [1716046781.416786079] [az2.camera.realsense2_camera_node]: The PointCloudPublishFrequency is out of range,make PointCloudPublishFrequency = 1
[INFO] [1716046781.417016703] [az2.camera.realsense2_camera_node]: PointCloudPublishFrequency = 1
[INFO] [1716046781.454184422] [az2.camera.realsense2_camera_node]: PointCloudTop = 0
[ERROR] [1716046781.477803915] [az2.camera.realsense2_camera_node]: The PointCloudBottom is out of range,make PointCloudBottom = 480
[INFO] [1716046781.478055435] [az2.camera.realsense2_camera_node]: PointCloudBottom = 480
[INFO] [1716046781.493201870] [az2.camera.realsense2_camera_node]: Start Sensor: Stereo Module
[INFO] [1716046781.803420010] [az2.camera.realsense2_camera_node]: Open profile: stream_type: Infra(1), Format: Y8, Width: 640, Height: 480, FPS: 30
[INFO] [1716046781.803725514] [az2.camera.realsense2_camera_node]: Open profile: stream_type: Infra(2), Format: Y8, Width: 640, Height: 480, FPS: 30
[INFO] [1716046781.803907306] [az2.camera.realsense2_camera_node]: Open profile: stream_type: Depth(0), Format: Z16, Width: 640, Height: 480, FPS: 30
[INFO] [1716046781.804190122] [az2.camera.realsense2_camera_node]: Start Sensor: Motion Module
[WARN] [1716046781.878131448] [az2.camera.realsense2_camera_node]: 
[INFO] [1716046781.915722688] [az2.camera.realsense2_camera_node]: Open profile: stream_type: Accel(0)Format: MOTION_XYZ32F, FPS: 200
[INFO] [1716046781.916055872] [az2.camera.realsense2_camera_node]: Open profile: stream_type: Gyro(0)Format: MOTION_XYZ32