[INFO] [1716044532.216982016] [RealSenseActuator]: Resetting device...
[INFO] [1716044532.304672640] [RealSenseActuator]: MachineActuator Init, config file: /opt/ros2/cyberdog/share/params/toml_config/manager/state_machine_config.toml
[INFO] [1716044532.331274944] [RealSenseActuator]: ActuatorDemo: RealSenseActuator spin.
[INFO] [1716044532.610831616] [RealSenseActuator]: MachineActuator start on call.
[INFO] [1716044532.619449184] [RealSenseActuator]: MachineActuator checkout state: SetUp.
[INFO] [1716044532.619582688] [RealSenseActuator]: ActuatorDemo on setup.
[INFO] [1716044532.619683264] [RealSenseActuator]: MachineActuator service setup on call.
[INFO] [1716044557.219724782] [RealSenseActuator]: MachineActuator service callback on call.
	 ===> target_state: SelfCheck
[INFO] [1716044557.220001774] [RealSenseActuator]: MachineActuator checkout state: SelfCheck.
[INFO] [1716044557.220135310] [RealSenseActuator]: ActuatorDemo on selfcheck.
[INFO] [1716044557.276525710] [RealSenseActuator]: RealSense was found
[INFO] [1716044557.295624398] [RealSenseActuator]: MachineActuator service callback on call.
	 ===> target_state: Active
[INFO] [1716044557.295889934] [RealSenseActuator]: MachineActuator checkout state: Active.
[INFO] [1716044557.296077294] [RealSenseActuator]: ActuatorDemo on active.
[INFO] [1716044678.669940773] [RealSenseActuator]: MachineActuator service callback on call.
	 ===> target_state: Active
[INFO] [1716044678.670420385] [RealSenseActuator]: MachineActuator checkout state: Active.
[INFO] [1716044678.670633759] [RealSenseActuator]: ActuatorDemo on active.
