[INFO] [1716044529.711246528] [sensor_manager]: sensor manager begin
[INFO] [1716044530.354580096] [sensor_manager]: Parse Self Check config file started, toml file is valid
[INFO] [1716044530.356091904] [sensor_manager]: Self Check init started, parse sensors config succeed
[INFO] [1716044530.356274976] [sensor_manager]: Self Check init started, parse jump array succeed
[INFO] [1716044530.356389120] [sensor_manager]: Self Check init started, parse critical array succeed
[INFO] [1716044530.356532672] [sensor_manager]: critical sensors is empty
[INFO] [1716044530.357187808] [sensor_manager]: sensor manager Configuring begin
[INFO] [1716044530.357312672] [sensor_manager]: gps Configuring beginning
[INFO] [1716044530.472220000] [sensor_manager]: sensor manager Configuring begin
[INFO] [1716044530.519731648] [sensor_manager]: lidar Configuring beginning
[INFO] [1716044530.887466624] [sensor_manager]: ultrasonic Configuring beginning
[INFO] [1716044531.077748960] [sensor_manager]: tof Configuring beginning
[INFO] [1716044531.536589440] [sensor_manager]: sensor_manager Configuring,success
[INFO] [1716044531.537308032] [sensor_manager]: sensor manager Config succeed
[INFO] [1716044531.537452864] [sensor_manager]: SensorManager Initing begin
[INFO] [1716044531.537724352] [sensor_manager]: MachineActuator Init, config file: /opt/ros2/cyberdog/share/params/toml_config/manager/state_machine_config.toml
[INFO] [1716044532.782671680] [sensor_manager]: >>>init:heart run and state actuator start
[INFO] [1716044532.782899904] [sensor_manager]: MachineActuator start on call.
[INFO] [1716044532.783010112] [sensor_manager]: MachineActuator checkout state: SetUp.
[INFO] [1716044532.783114464] [sensor_manager]: sensor on setup
[INFO] [1716044532.804646528] [sensor_manager]: gps is_simulator 0
[INFO] [1716044532.804862496] [sensor_manager]: ultrasonic_ is_simulator 0
[INFO] [1716044532.804973312] [sensor_manager]: tof_ is_simulator 0
[INFO] [1716044532.805067424] [sensor_manager]: lidar_ is_simulator 0
[INFO] [1716044533.886881152] [sensor_manager]: [PROTOCOL][INFO] Creat embed protocol[ultrasonic], protocol:"can", path:"/opt/ros2/cyberdog/share/params/toml_config/sensors/ultrasonic.toml"
[INFO] [1716044533.982797344] [sensor_manager]: [CAN_PROTOCOL][INFO] Creat can protocol[ultrasonic]: 0 error, 0 warning
[INFO] [1716044534.060322144] [sensor_manager]: [CAN_RX][INFO][can1] Start recv thread: ultrasonic
[INFO] [1716044534.386270784] [sensor_manager cyberdog_ultrasonic]: [ultrasonic] opened successfully
[INFO] [1716044535.197505216] [sensor_manager]: [PROTOCOL][INFO] Creat embed protocol[left_head_tof], protocol:"can", path:"/opt/ros2/cyberdog/share/params/toml_config/sensors/tof_left_head.toml"
[INFO] [1716044535.324887008] [sensor_manager]: [CAN_PROTOCOL][INFO] Creat can protocol[left_head_tof]: 0 error, 0 warning
[INFO] [1716044535.360569312] [sensor_manager]: [CAN_RX][INFO][can1] Start recv thread: left_head_tof
[INFO] [1716044536.106380576] [sensor_manager]: [PROTOCOL][INFO] Creat embed protocol[right_head_tof], protocol:"can", path:"/opt/ros2/cyberdog/share/params/toml_config/sensors/tof_right_head.toml"
[INFO] [1716044536.187236416] [sensor_manager]: [CAN_PROTOCOL][INFO] Creat can protocol[right_head_tof]: 0 error, 0 warning
[INFO] [1716044536.260546720] [sensor_manager]: [CAN_RX][INFO][can1] Start recv thread: right_head_tof
[INFO] [1716044536.629352448] [sensor_manager]: [PROTOCOL][INFO] Creat embed protocol[left_rear_tof], protocol:"can", path:"/opt/ros2/cyberdog/share/params/toml_config/sensors/tof_left_rear.toml"
[INFO] [1716044536.661900576] [sensor_manager]: [CAN_PROTOCOL][INFO] Creat can protocol[left_rear_tof]: 0 error, 0 warning
[INFO] [1716044536.744160000] [sensor_manager]: [CAN_RX][INFO][can0] Start recv thread: left_rear_tof
[INFO] [1716044537.534745888] [sensor_manager]: [PROTOCOL][INFO] Creat embed protocol[right_rear_tof], protocol:"can", path:"/opt/ros2/cyberdog/share/params/toml_config/sensors/tof_right_rear.toml"
[INFO] [1716044537.572280992] [sensor_manager]: [CAN_PROTOCOL][INFO] Creat can protocol[right_rear_tof]: 0 error, 0 warning
[INFO] [1716044537.643799872] [sensor_manager]: [CAN_RX][INFO][can0] Start recv thread: right_rear_tof
[INFO] [1716044537.657477536] [sensor_manager cyberdog_tof]: [left_head_tof] opened successfully
[INFO] [1716044537.731723616] [sensor_manager cyberdog_tof]: [left_rear_tof] opened successfully
[INFO] [1716044537.807161664] [sensor_manager cyberdog_tof]: [right_head_tof] opened successfully
[INFO] [1716044537.879033312] [sensor_manager cyberdog_tof]: [right_rear_tof] opened successfully
[INFO] [1716044537.881876672] [sensor_manager Ydlidar]: Open ydlidar ...
[INFO] [1716044537.882348832] [sensor_manager Ydlidar]: Params config file dir:/opt/ros2/cyberdog/share/params/toml_config/sensors/lidar.toml
[INFO] [1716044538.218407968] [sensor_manager Ydlidar]: this->raw_scan_.header.frame_id = laser_frame
[INFO] [1716044538.219066368] [sensor_manager Ydlidar]: [Open] dylidar->port = /dev/ttyTHS0
[INFO] [1716044538.219352256] [sensor_manager Ydlidar]: [Open] dylidar->ignore_array = 
[INFO] [1716044538.219502400] [sensor_manager Ydlidar]: [Open] dylidar->baudrate = 512000
[INFO] [1716044538.219630944] [sensor_manager Ydlidar]: [Open] dylidar->lidar_type = 0
[INFO] [1716044538.219749088] [sensor_manager Ydlidar]: [Open] dylidar->device_type = 0
[INFO] [1716044538.219863040] [sensor_manager Ydlidar]: [Open] dylidar->sample_rate = 10
[INFO] [1716044538.220045056] [sensor_manager Ydlidar]: [Open] dylidar->sample_rate = 4
[INFO] [1716044538.220181088] [sensor_manager Ydlidar]: [Open] dylidar->resolution_fixed = False
[INFO] [1716044538.220321248] [sensor_manager Ydlidar]: [Open] dylidar->reversion = True
[INFO] [1716044538.220448128] [sensor_manager Ydlidar]: [Open] dylidar->inverted = False
[INFO] [1716044538.220572448] [sensor_manager Ydlidar]: [Open] dylidar->auto_reconnect = True
[INFO] [1716044538.220697952] [sensor_manager Ydlidar]: [Open] dylidar->isSingleChannel = False
[INFO] [1716044538.220813312] [sensor_manager Ydlidar]: [Open] dylidar->intensity = True
[INFO] [1716044538.220934080] [sensor_manager Ydlidar]: [Open] dylidar->support_motor_dtr = False
[INFO] [1716044538.221083360] [sensor_manager Ydlidar]: [Open] dylidar->angle_max = 90.000000
[INFO] [1716044538.221217664] [sensor_manager Ydlidar]: [Open] dylidar->angle_min = -90.000000
[INFO] [1716044538.221341888] [sensor_manager Ydlidar]: [Open] dylidar->range_max = 30.000000
[INFO] [1716044538.221459872] [sensor_manager Ydlidar]: [Open] dylidar->range_min = 0.010000
[INFO] [1716044538.221575520] [sensor_manager Ydlidar]: [Open] dylidar->frequency = 10.000000
[INFO] [1716044538.221766720] [sensor_manager Ydlidar]: Ydlidar Open ok
[INFO] [1716044538.260206528] [sensor_manager]: [cyberdog_gps]: BCM_GPS Init
[INFO] [1716044538.537692992] [sensor_manager]: [cyberdog_gps]: Start load patch: /lib/firmware/brcm/bream.patch
[INFO] [1716044538.537994048] [sensor_manager]: [cyberdog_gps]: tty: /dev/spidev2.0
[INFO] [1716044538.542890016] [sensor_manager]: [cyberdog_gps]: down load patch: /lib/firmware/brcm/bream.patch
[INFO] [1716044540.001156640] [sensor_manager]: [cyberdog_gps]: Success load patch: /lib/firmware/brcm/bream.patch
[INFO] [1716044540.013017312] [sensor_manager]: [cyberdog_gps]: MainThread Start
[INFO] [1716044540.251454688] [sensor_manager]: [cyberdog_gps]: ConfigGNSS
[INFO] [1716044540.323998112] [sensor_manager]: [cyberdog_gps]: Finish Config
[INFO] [1716044540.324556576] [sensor_manager]: [cyberdog_gps]: GPS0 Opened
[INFO] [1716044540.325163680] [sensor_manager]: [cyberdog_gps]: GPS0 Success SetCallback PAYLOAD
[INFO] [1716044540.325411136] [sensor_manager cyberdog_gps]: [cyberdog_gps] gps open successfully
[INFO] [1716044540.325558368] [sensor_manager]: SensorManager Running begin
[INFO] [1716044540.325673280] [sensor_manager Ydlidar]: Start ydlidar ...
[INFO] [1716044542.933454720] [sensor_manager Ydlidar]: Ydlidar Start ok
[INFO] [1716044542.933698720] [sensor_manager]: Lidar start success.
[INFO] [1716044542.954911680] [sensor_manager Ydlidar]: UpdateData ydlidar ...
[INFO] [1716044543.988628224] [sensor_manager]: [cyberdog_gps]: GnssStart
[INFO] [1716044543.989008192] [sensor_manager cyberdog_gps]: [cyberdog_gps] gps start successfully
[INFO] [1716044543.989177504] [sensor_manager]: Gps start success.
[INFO] [1716044543.989312256] [sensor_manager cyberdog_ultrasonic]: [ultrasonic] started successfully
[INFO] [1716044543.989429504] [sensor_manager]: Ultrasonic start success.
[INFO] [1716044543.989547840] [sensor_manager cyberdog_tof]: [left_head_tof] started successfully
[INFO] [1716044543.989654272] [sensor_manager cyberdog_tof]: [left_rear_tof] started successfully
[INFO] [1716044543.989760640] [sensor_manager cyberdog_tof]: [right_head_tof] started successfully
[INFO] [1716044543.989880736] [sensor_manager cyberdog_tof]: [right_rear_tof] started successfully
[INFO] [1716044543.990001280] [sensor_manager]: Tof start success.
[INFO] [1716044543.990092704] [sensor_manager]: Sensor manager start success.
[INFO] [1716044543.990184160] [sensor_manager]: sensor setup success
[INFO] [1716044543.990279808] [sensor_manager]: MachineActuator service setup on call.
[INFO] [1716044545.018135104] [sensor_manager]: MachineActuator service callback on call.
	 ===> target_state: SelfCheck
[INFO] [1716044545.018372416] [sensor_manager]: MachineActuator checkout state: SelfCheck.
[INFO] [1716044545.018499584] [sensor_manager]: SensorManager SelfCheck begin
[INFO] [1716044545.018622816] [sensor_manager Ydlidar]: SelfCheck ydlidar ...
[INFO] [1716044545.018780000] [sensor_manager Ydlidar]: Stop ydlidar ...
[INFO] [1716044546.275522848] [sensor_manager Ydlidar]: Ydlidar Stop ok
[INFO] [1716044546.275791968] [sensor_manager Ydlidar]: Start ydlidar ...
[WARN] [1716044546.367683264] [sensor_manager Ydlidar]: Ydlidar update data continue (!start)
[INFO] [1716044553.471980814] [sensor_manager Ydlidar]: Ydlidar Start ok
[INFO] [1716044553.472313262] [sensor_manager Ydlidar]: Stop ydlidar ...
[INFO] [1716044553.478273774] [sensor_manager Ydlidar]: Ydlidar update data ...
[INFO] [1716044554.707293102] [sensor_manager Ydlidar]: Ydlidar Stop ok
[INFO] [1716044554.708361806] [sensor_manager Ydlidar]: Start ydlidar ...
[WARN] [1716044554.802465614] [sensor_manager Ydlidar]: Ydlidar update data continue (!start)
[INFO] [1716044557.213800430] [sensor_manager Ydlidar]: Ydlidar Start ok
[INFO] [1716044557.214028334] [sensor_manager Ydlidar]: Ydlidar self check ok
[INFO] [1716044557.214133966] [sensor_manager]: Lidar selfcheck success.
[INFO] [1716044557.214344654] [sensor_manager cyberdog_tof]: [left_head_tof] started successfully
[INFO] [1716044557.214492686] [sensor_manager cyberdog_tof]: [left_rear_tof] started successfully
[INFO] [1716044557.214591118] [sensor_manager cyberdog_tof]: [right_head_tof] started successfully
[INFO] [1716044557.214685966] [sensor_manager cyberdog_tof]: [right_rear_tof] started successfully
[INFO] [1716044557.214792814] [sensor_manager]: Tof selfcheck success.
[INFO] [1716044557.221253006] [sensor_manager Ydlidar]: Ydlidar update data ...
[INFO] [1716044557.289781902] [sensor_manager]: MachineActuator service callback on call.
	 ===> target_state: Active
[INFO] [1716044557.289988334] [sensor_manager]: MachineActuator checkout state: Active.
[INFO] [1716044557.290132814] [sensor_manager]: SensorManager Running begin
[INFO] [1716044557.290535726] [sensor_manager Ydlidar]: Start ydlidar ...
[INFO] [1716044557.290636334] [sensor_manager cyberdog_ultrasonic]: [ultrasonic] opened successfully
[INFO] [1716044557.290795726] [sensor_manager cyberdog_tof]: [left_head_tof] opened successfully
[INFO] [1716044557.291467790] [sensor_manager cyberdog_tof]: [left_rear_tof] opened successfully
[INFO] [1716044557.291585134] [sensor_manager cyberdog_tof]: [right_head_tof] opened successfully
[INFO] [1716044557.291690350] [sensor_manager cyberdog_tof]: [right_rear_tof] opened successfully
[INFO] [1716044557.290963022] [sensor_manager Ydlidar]: Start ydlidar ok (consistent with the current state)
[INFO] [1716044557.292118670] [sensor_manager]: Lidar start success.
[INFO] [1716044557.292323918] [sensor_manager]: Ultrasonic start success.
[INFO] [1716044557.292438126] [sensor_manager]: Tof start success.
[INFO] [1716044557.292564238] [sensor_manager]: Sensor manager start success.
[INFO] [1716044678.656733843] [sensor_manager]: MachineActuator service callback on call.
	 ===> target_state: Active
[INFO] [1716044678.656946482] [sensor_manager]: MachineActuator checkout state: Active.
[INFO] [1716044678.657060369] [sensor_manager]: SensorManager Running begin
[INFO] [1716044678.657502893] [sensor_manager cyberdog_ultrasonic]: [ultrasonic] opened successfully
[INFO] [1716044678.657878538] [sensor_manager cyberdog_tof]: [left_head_tof] opened successfully
[INFO] [1716044678.658088520] [sensor_manager cyberdog_tof]: [left_rear_tof] opened successfully
[INFO] [1716044678.658249959] [sensor_manager cyberdog_tof]: [right_head_tof] opened successfully
[INFO] [1716044678.658373574] [sensor_manager cyberdog_tof]: [right_rear_tof] opened successfully
[INFO] [1716044678.658692675] [sensor_manager Ydlidar]: Start ydlidar ...
[INFO] [1716044678.658815586] [sensor_manager Ydlidar]: Start ydlidar ok (consistent with the current state)
[INFO] [1716044678.658998753] [sensor_manager]: Lidar start success.
[INFO] [1716044678.659130751] [sensor_manager]: Ultrasonic start success.
[INFO] [1716044678.659230751] [sensor_manager]: Tof start success.
[INFO] [1716044678.659311934] [sensor_manager]: Sensor manager start success.
[WARN] [1716049785.697510219] [sensor_manager cyberdog_tof]: [right_rear_tof] get error data:[1]/[601] ,interval[60000] !
