[INFO] [1716047970.828545330] [STEREO_CAMERA]: on_configure: configure
[INFO] [1716047976.853741663] [STEREO_CAMERA]: on_activate: activate
[INFO] [1716047978.495970333] [StreamConsumer]: StreamConsumer: Stream size: 640x480
[INFO] [1716047978.500006014] [StreamConsumer]: threadInitialize: m_maxBuffersNum = 8
[INFO] [1716047978.724611945] [CameraDispatcher]: getSensorMode: Sendoe Mode 2 existed.
[INFO] [1716047978.725060841] []: startStream: Starting repeat capture requests.

[INFO] [1716047978.980735899] [STEREO_CAMERA]: PublishImage: rgb Publishing image #1
[INFO] [1716047979.026585060] [StreamConsumer]: StreamConsumer: Stream size: 500x400
[INFO] [1716047979.042446183] [StreamConsumer]: threadInitialize: m_maxBuffersNum = 8
[INFO] [1716047979.440031796] [CameraDispatcher]: getBestSensorMode: Found best sensor mode 1 with same aspect ratio (1000/800).
[INFO] [1716047979.441492756] []: startStream: Starting repeat capture requests.

[INFO] [1716047979.965209177] [MONOStream]: processBuffer: [camera1] 19.78 frames per second
[INFO] [1716047980.146919228] [StreamConsumer]: StreamConsumer: Stream size: 500x400
[INFO] [1716047980.178404674] [StreamConsumer]: threadInitialize: m_maxBuffersNum = 8
[INFO] [1716047980.474965148] [CameraDispatcher]: getBestSensorMode: Found best sensor mode 1 with same aspect ratio (1000/800).
[INFO] [1716047980.475321916] []: startStream: Starting repeat capture requests.

[INFO] [1716047980.690990246] [MONOStream]: processBuffer: [camera2] 23.78 frames per second
[INFO] [1716047981.659186049] [MONOStream]: processBuffer: [camera3] 30.06 frames per second
[INFO] [1716047981.722695341] [MONOStream]: processBuffer: [camera2] 30.05 frames per second
[INFO] [1716047981.877673643] [MONOStream]: processBuffer: [camera1] 6.27 frames per second
[INFO] [1716047983.398153009] [MONOStream]: processBuffer: [camera2] 2.98 frames per second
[INFO] [1716047983.405187955] [MONOStream]: processBuffer: [camera3] 4.01 frames per second
[INFO] [1716047983.416463157] [STEREO_CAMERA]: PublishImage: right Publishing image #61
[INFO] [1716047984.425100440] [MONOStream]: processBuffer: [camera2] 31.16 frames per second
[INFO] [1716047984.431757817] [MONOStream]: processBuffer: [camera3] 31.17 frames per second
[INFO] [1716047984.915265239] [MONOStream]: processBuffer: [camera1] 0.66 frames per second
[INFO] [1716047985.429122138] [MONOStream]: processBuffer: [camera2] 29.88 frames per second
[INFO] [1716047985.432216475] [MONOStream]: processBuffer: [camera3] 29.99 frames per second
[INFO] [1716047986.426413147] [STEREO_CAMERA]: PublishImage: right Publishing image #153
[INFO] [1716047986.437871613] [MONOStream]: processBuffer: [camera3] 29.83 frames per second
[INFO] [1716047986.456657153] [MONOStream]: processBuffer: [camera2] 30.17 frames per second
[INFO] [1716047987.463323172] [MONOStream]: processBuffer: [camera2] 28.81 frames per second
[INFO] [1716047987.471937637] [MONOStream]: processBuffer: [camera3] 29.98 frames per second
[INFO] [1716047988.494912939] [MONOStream]: processBuffer: [camera2] 30.05 frames per second
[INFO] [1716047988.505064045] [MONOStream]: processBuffer: [camera3] 30.01 frames per second
[INFO] [1716047989.440935362] [STEREO_CAMERA]: PublishImage: left Publishing image #221
[INFO] [1716047989.498277517] [MONOStream]: processBuffer: [camera2] 29.90 frames per second
[INFO] [1716047989.536080053] [MONOStream]: processBuffer: [camera3] 30.07 frames per second
[INFO] [1716047990.525466516] [MONOStream]: processBuffer: [camera2] 30.18 frames per second
[INFO] [1716047990.537316502] [MONOStream]: processBuffer: [camera3] 29.96 frames per second
[INFO] [1716047991.526980854] [MONOStream]: processBuffer: [camera2] 29.95 frames per second
[INFO] [1716047991.546293818] [MONOStream]: processBuffer: [camera3] 29.73 frames per second
[INFO] [1716047992.441839623] [STEREO_CAMERA]: PublishImage: left Publishing image #311
[INFO] [1716047992.559842814] [MONOStream]: processBuffer: [camera2] 30.01 frames per second
[INFO] [1716047992.577635009] [MONOStream]: processBuffer: [camera3] 30.06 frames per second
[INFO] [1716047993.591905733] [MONOStream]: processBuffer: [camera2] 30.04 frames per second
[INFO] [1716047993.609043369] [MONOStream]: processBuffer: [camera3] 30.06 frames per second
[INFO] [1716047994.598091784] [MONOStream]: processBuffer: [camera2] 29.82 frames per second
[INFO] [1716047994.613705323] [MONOStream]: processBuffer: [camera3] 29.86 frames per second
[INFO] [1716047995.446169612] [STEREO_CAMERA]: PublishImage: left Publishing image #401
[INFO] [1716047995.625551375] [MONOStream]: processBuffer: [camera2] 30.17 frames per second
[INFO] [1716047995.646508115] [MONOStream]: processBuffer: [camera3] 30.02 frames per second
[INFO] [1716047996.630317937] [MONOStream]: processBuffer: [camera2] 29.86 frames per second
[INFO] [1716047996.650085621] [MONOStream]: processBuffer: [camera3] 29.89 frames per second
[INFO] [1716047997.651243351] [MONOStream]: processBuffer: [camera3] 29.97 frames per second
[INFO] [1716047997.664914393] [MONOStream]: processBuffer: [camera2] 29.96 frames per second
[INFO] [1716047998.452570386] [STEREO_CAMERA]: PublishImage: left Publishing image #491
[INFO] [1716047998.682329374] [MONOStream]: processBuffer: [camera3] 30.07 frames per second
[INFO] [1716047998.693536256] [MONOStream]: processBuffer: [camera2] 30.14 frames per second
[INFO] [1716047999.683486624] [MONOStream]: processBuffer: [camera3] 29.96 frames per second
[INFO] [1716047999.702830212] [MONOStream]: processBuffer: [camera2] 29.72 frames per second
[INFO] [1716048000.685308066] [MONOStream]: processBuffer: [camera3] 29.95 frames per second
[INFO] [1716048000.728778122] [MONOStream]: processBuffer: [camera2] 30.22 frames per second
[INFO] [1716048001.455380471] [STEREO_CAMERA]: PublishImage: left Publishing image #581
[INFO] [1716048001.693316933] [MONOStream]: processBuffer: [camera3] 29.76 frames per second
[INFO] [1716048001.761092818] [MONOStream]: processBuffer: [camera2] 30.03 frames per second
[INFO] [1716048002.720948747] [MONOStream]: processBuffer: [camera3] 30.17 frames per second
[INFO] [1716048002.766859988] [MONOStream]: processBuffer: [camera2] 29.83 frames per second
[INFO] [1716048003.730359183] [MONOStream]: processBuffer: [camera3] 29.72 frames per second
[INFO] [1716048003.797079324] [MONOStream]: processBuffer: [camera2] 30.09 frames per second
[INFO] [1716048004.461097340] [STEREO_CAMERA]: PublishImage: left Publishing image #671
[INFO] [1716048004.757216693] [MONOStream]: processBuffer: [camera3] 30.19 frames per second
[INFO] [1716048004.828562915] [MONOStream]: processBuffer: [camera2] 30.05 frames per second
[INFO] [1716048005.760959448] [MONOStream]: processBuffer: [camera3] 29.89 frames per second
[INFO] [1716048005.830691301] [MONOStream]: processBuffer: [camera2] 29.94 frames per second
[INFO] [1716048006.800297793] [MONOStream]: processBuffer: [camera3] 29.83 frames per second
[INFO] [1716048006.834022631] [MONOStream]: processBuffer: [camera2] 29.90 frames per second
[INFO] [1716048007.464093761] [STEREO_CAMERA]: PublishImage: left Publishing image #761
[INFO] [1716048007.802372578] [MONOStream]: processBuffer: [camera3] 29.94 frames per second
[INFO] [1716048007.864473838] [MONOStream]: processBuffer: [camera2] 30.08 frames per second
[INFO] [1716048008.833187690] [MONOStream]: processBuffer: [camera3] 30.07 frames per second
[INFO] [1716048008.898314966] [MONOStream]: processBuffer: [camera2] 29.99 frames per second
[INFO] [1716048009.841349357] [MONOStream]: processBuffer: [camera3] 29.76 frames per second
[INFO] [1716048009.937543935] [MONOStream]: processBuffer: [camera2] 29.83 frames per second
[INFO] [1716048010.464823654] [STEREO_CAMERA]: PublishImage: right Publishing image #873
[INFO] [1716048010.870050452] [MONOStream]: processBuffer: [camera3] 30.13 frames per second
[INFO] [1716048010.965844902] [MONOStream]: processBuffer: [camera2] 30.15 frames per second
[INFO] [1716048011.875837238] [MONOStream]: processBuffer: [camera3] 29.83 frames per second
[INFO] [1716048011.971209609] [MONOStream]: processBuffer: [camera2] 29.84 frames per second
[INFO] [1716048012.882203673] [MONOStream]: processBuffer: [camera3] 29.81 frames per second
[INFO] [1716048013.001525392] [MONOStream]: processBuffer: [camera2] 30.09 frames per second
[INFO] [1716048013.466446986] [STEREO_CAMERA]: PublishImage: right Publishing image #963
[INFO] [1716048013.905301535] [MONOStream]: processBuffer: [camera3] 30.30 frames per second
[INFO] [1716048014.036053944] [MONOStream]: processBuffer: [camera2] 29.97 frames per second
[INFO] [1716048014.907749025] [MONOStream]: processBuffer: [camera3] 29.93 frames per second
[INFO] [1716048015.036326106] [MONOStream]: processBuffer: [camera2] 29.99 frames per second
[INFO] [1716048015.911931779] [MONOStream]: processBuffer: [camera3] 29.88 frames per second
[INFO] [1716048016.084741093] [MONOStream]: processBuffer: [camera2] 29.57 frames per second
[INFO] [1716048016.476694961] [STEREO_CAMERA]: PublishImage: right Publishing image #1051
[INFO] [1716048016.916363686] [MONOStream]: processBuffer: [camera3] 29.87 frames per second
[INFO] [1716048017.108786603] [MONOStream]: processBuffer: [camera2] 29.30 frames per second
[INFO] [1716048017.954689070] [MONOStream]: processBuffer: [camera3] 29.86 frames per second
[INFO] [1716048018.140802066] [MONOStream]: processBuffer: [camera2] 30.04 frames per second
[INFO] [1716048018.979546325] [MONOStream]: processBuffer: [camera3] 30.25 frames per second
[INFO] [1716048019.167137401] [MONOStream]: processBuffer: [camera2] 30.20 frames per second
[INFO] [1716048019.484361558] [STEREO_CAMERA]: PublishImage: left Publishing image #1121
[INFO] [1716048019.992331577] [MONOStream]: processBuffer: [camera3] 29.62 frames per second
[INFO] [1716048020.168942715] [MONOStream]: processBuffer: [camera2] 29.95 frames per second
[INFO] [1716048021.014761918] [MONOStream]: processBuffer: [camera3] 30.32 frames per second
[INFO] [1716048021.200562626] [MONOStream]: processBuffer: [camera2] 30.05 frames per second
[INFO] [1716048022.023526754] [MONOStream]: processBuffer: [camera3] 29.74 frames per second
[INFO] [1716048022.206333861] [MONOStream]: processBuffer: [camera2] 29.83 frames per second
[INFO] [1716048022.485206555] [STEREO_CAMERA]: PublishImage: left Publishing image #1211
[INFO] [1716048023.024086467] [MONOStream]: processBuffer: [camera3] 29.98 frames per second
[INFO] [1716048023.207773575] [MONOStream]: processBuffer: [camera2] 29.96 frames per second
[INFO] [1716048024.053721194] [MONOStream]: processBuffer: [camera3] 30.11 frames per second
[INFO] [1716048024.241407471] [MONOStream]: processBuffer: [camera2] 29.99 frames per second
[INFO] [1716048025.059138573] [MONOStream]: processBuffer: [camera3] 29.84 frames per second
[INFO] [1716048025.270011702] [MONOStream]: processBuffer: [camera2] 29.17 frames per second
[INFO] [1716048025.493794529] [STEREO_CAMERA]: PublishImage: left Publishing image #1301
[INFO] [1716048026.110318872] [MONOStream]: processBuffer: [camera3] 29.54 frames per second
[INFO] [1716048026.293532284] [MONOStream]: processBuffer: [camera2] 29.31 frames per second
[INFO] [1716048027.137591583] [MONOStream]: processBuffer: [camera3] 29.15 frames per second
[INFO] [1716048027.300984799] [MONOStream]: processBuffer: [camera2] 30.77 frames per second
[INFO] [1716048028.165996070] [MONOStream]: processBuffer: [camera3] 30.14 frames per second
[INFO] [1716048028.306882177] [MONOStream]: processBuffer: [camera2] 29.82 frames per second
[INFO] [1716048028.496188134] [STEREO_CAMERA]: PublishImage: left Publishing image #1390
[INFO] [1716048029.168329960] [MONOStream]: processBuffer: [camera3] 29.93 frames per second
[INFO] [1716048029.321791045] [MONOStream]: processBuffer: [camera2] 29.56 frames per second
[INFO] [1716048030.196129359] [MONOStream]: processBuffer: [camera3] 30.16 frames per second
[INFO] [1716048030.340709515] [MONOStream]: processBuffer: [camera2] 30.42 frames per second
[INFO] [1716048031.234260759] [MONOStream]: processBuffer: [camera3] 29.87 frames per second
[INFO] [1716048031.375476691] [MONOStream]: processBuffer: [camera2] 29.96 frames per second
[INFO] [1716048031.502081163] [STEREO_CAMERA]: PublishImage: left Publishing image #1480
[INFO] [1716048032.249843228] [MONOStream]: processBuffer: [camera3] 29.54 frames per second
[INFO] [1716048032.405192314] [MONOStream]: processBuffer: [camera2] 30.11 frames per second
[INFO] [1716048033.264874688] [MONOStream]: processBuffer: [camera3] 30.54 frames per second
[INFO] [1716048033.438985474] [MONOStream]: processBuffer: [camera2] 29.99 frames per second
[INFO] [1716048034.269623075] [MONOStream]: processBuffer: [camera3] 29.86 frames per second
[INFO] [1716048034.440839652] [MONOStream]: processBuffer: [camera2] 29.94 frames per second
[INFO] [1716048034.503954384] [STEREO_CAMERA]: PublishImage: right Publishing image #1592
[INFO] [1716048035.301357418] [MONOStream]: processBuffer: [camera3] 30.05 frames per second
[INFO] [1716048035.444932486] [MONOStream]: processBuffer: [camera2] 29.88 frames per second
[INFO] [1716048036.305984909] [MONOStream]: processBuffer: [camera3] 29.86 frames per second
[INFO] [1716048036.472322413] [MONOStream]: processBuffer: [camera2] 30.17 frames per second
[INFO] [1716048037.306900718] [MONOStream]: processBuffer: [camera3] 29.98 frames per second
[INFO] [1716048037.472416878] [MONOStream]: processBuffer: [camera2] 30.00 frames per second
[INFO] [1716048037.504341652] [STEREO_CAMERA]: PublishImage: right Publishing image #1682
[INFO] [1716048038.341623798] [MONOStream]: processBuffer: [camera3] 29.96 frames per second
[INFO] [1716048038.475062352] [MONOStream]: processBuffer: [camera2] 29.92 frames per second
[INFO] [1716048039.344198584] [MONOStream]: processBuffer: [camera3] 28.93 frames per second
[INFO] [1716048039.475177042] [MONOStream]: processBuffer: [camera2] 30.00 frames per second
[INFO] [1716048040.346863994] [MONOStream]: processBuffer: [camera3] 29.92 frames per second
[INFO] [1716048040.503548153] [MONOStream]: processBuffer: [camera2] 30.14 frames per second
[INFO] [1716048040.510837146] [STEREO_CAMERA]: PublishImage: right Publishing image #1772
[INFO] [1716048041.377657026] [MONOStream]: processBuffer: [camera3] 30.07 frames per second
[INFO] [1716048041.504617658] [MONOStream]: processBuffer: [camera2] 29.97 frames per second
[INFO] [1716048042.378657603] [MONOStream]: processBuffer: [camera3] 29.97 frames per second
[INFO] [1716048042.509496381] [MONOStream]: processBuffer: [camera2] 29.85 frames per second
[INFO] [1716048043.381432165] [MONOStream]: processBuffer: [camera3] 29.92 frames per second
[INFO] [1716048043.509777790] [MONOStream]: processBuffer: [camera2] 29.99 frames per second
[INFO] [1716048043.512775295] [STEREO_CAMERA]: PublishImage: right Publishing image #1862
[INFO] [1716048044.394345225] [MONOStream]: processBuffer: [camera3] 29.62 frames per second
[INFO] [1716048044.541466854] [MONOStream]: processBuffer: [camera2] 30.05 frames per second
[INFO] [1716048045.415771983] [MONOStream]: processBuffer: [camera3] 30.35 frames per second
[INFO] [1716048045.571869517] [MONOStream]: processBuffer: [camera2] 30.09 frames per second
[INFO] [1716048046.416851857] [MONOStream]: processBuffer: [camera3] 29.97 frames per second
[INFO] [1716048046.519004804] [STEREO_CAMERA]: PublishImage: left Publishing image #1929
[INFO] [1716048046.572188975] [MONOStream]: processBuffer: [camera2] 29.99 frames per second
[INFO] [1716048047.437093750] [MONOStream]: processBuffer: [camera3] 29.40 frames per second
[INFO] [1716048047.581700466] [MONOStream]: processBuffer: [camera2] 29.72 frames per second
[INFO] [1716048048.453891995] [MONOStream]: processBuffer: [camera3] 30.49 frames per second
[INFO] [1716048048.610832185] [MONOStream]: processBuffer: [camera2] 30.12 frames per second
[INFO] [1716048050.771159611] [MONOStream]: processBuffer: [camera2] 9.72 frames per second
