[INFO] [1716048452.090155937] [STEREO_CAMERA]: on_configure: configure
[INFO] [1716048457.593385801] [STEREO_CAMERA]: on_activate: activate
[INFO] [1716048458.891993668] [StreamConsumer]: StreamConsumer: Stream size: 640x480
[INFO] [1716048458.902835014] [StreamConsumer]: threadInitialize: m_maxBuffersNum = 8
[INFO] [1716048458.975701013] [CameraDispatcher]: getSensorMode: Sendoe Mode 2 existed.
[INFO] [1716048458.977179221] []: startStream: Starting repeat capture requests.

[INFO] [1716048459.356122974] [STEREO_CAMERA]: PublishImage: rgb Publishing image #1
[INFO] [1716048459.383012643] [StreamConsumer]: StreamConsumer: Stream size: 500x400
[INFO] [1716048459.388610916] [StreamConsumer]: threadInitialize: m_maxBuffersNum = 8
[INFO] [1716048459.480971862] [CameraDispatcher]: getBestSensorMode: Found best sensor mode 1 with same aspect ratio (1000/800).
[INFO] [1716048459.481366934] []: startStream: Starting repeat capture requests.

[INFO] [1716048459.624658354] [StreamConsumer]: StreamConsumer: Stream size: 500x400
[INFO] [1716048459.625232530] [StreamConsumer]: threadInitialize: m_maxBuffersNum = 8
[INFO] [1716048459.747025258] [CameraDispatcher]: getBestSensorMode: Found best sensor mode 1 with same aspect ratio (1000/800).
[INFO] [1716048459.747798122] []: startStream: Starting repeat capture requests.

[INFO] [1716048460.371281987] [MONOStream]: processBuffer: [camera1] 26.32 frames per second
[INFO] [1716048460.679400542] [MONOStream]: processBuffer: [camera2] 29.14 frames per second
[INFO] [1716048460.926326766] [MONOStream]: processBuffer: [camera3] 30.05 frames per second
[INFO] [1716048461.712262374] [MONOStream]: processBuffer: [camera2] 30.01 frames per second
[INFO] [1716048462.261820592] [MONOStream]: processBuffer: [camera1] 6.88 frames per second
[INFO] [1716048463.314956700] [MONOStream]: processBuffer: [camera2] 2.50 frames per second
[INFO] [1716048463.320134205] [STEREO_CAMERA]: PublishImage: right Publishing image #0
