[INFO] [1716048236.918275558] [STEREO_CAMERA]: on_configure: configure
[INFO] [1716048243.186911043] [STEREO_CAMERA]: on_activate: activate
[INFO] [1716048244.280336278] [StreamConsumer]: StreamConsumer: Stream size: 640x480
[INFO] [1716048244.283700247] [StreamConsumer]: threadInitialize: m_maxBuffersNum = 8
[INFO] [1716048244.328485056] [CameraDispatcher]: getSensorMode: Sendoe Mode 2 existed.
[INFO] [1716048244.328902752] []: startStream: Starting repeat capture requests.

[INFO] [1716048244.446413975] [StreamConsumer]: StreamConsumer: Stream size: 500x400
[INFO] [1716048244.447118839] [StreamConsumer]: threadInitialize: m_maxBuffersNum = 8
[INFO] [1716048244.488906847] [CameraDispatcher]: getBestSensorMode: Found best sensor mode 1 with same aspect ratio (1000/800).
[INFO] [1716048244.489237759] []: startStream: Starting repeat capture requests.

[INFO] [1716048244.613146839] [StreamConsumer]: StreamConsumer: Stream size: 500x400
[INFO] [1716048244.617968408] [StreamConsumer]: threadInitialize: m_maxBuffersNum = 8
[INFO] [1716048244.667800737] [CameraDispatcher]: getBestSensorMode: Found best sensor mode 1 with same aspect ratio (1000/800).
[INFO] [1716048244.668156802] []: startStream: Starting repeat capture requests.

[INFO] [1716048244.776899863] [STEREO_CAMERA]: PublishImage: rgb Publishing image #1
[INFO] [1716048245.795639452] [MONOStream]: processBuffer: [camera2] 28.60 frames per second
[INFO] [1716048245.796856476] [MONOStream]: processBuffer: [camera1] 28.25 frames per second
[INFO] [1716048247.933907417] [MONOStream]: processBuffer: [camera1] 8.89 frames per second
[INFO] [1716048247.939490586] [MONOStream]: processBuffer: [camera2] 8.86 frames per second
[INFO] [1716048247.947184348] [STEREO_CAMERA]: PublishImage: rgb Publishing image #49
[INFO] [1716048248.956995519] [MONOStream]: processBuffer: [camera1] 30.30 frames per second
[INFO] [1716048248.962515584] [MONOStream]: processBuffer: [camera2] 30.30 frames per second
[INFO] [1716048249.964188322] [MONOStream]: processBuffer: [camera2] 29.95 frames per second
[INFO] [1716048249.989093191] [MONOStream]: processBuffer: [camera1] 30.04 frames per second
[INFO] [1716048250.959313699] [STEREO_CAMERA]: PublishImage: rgb Publishing image #140
[INFO] [1716048250.964501764] [MONOStream]: processBuffer: [camera2] 29.99 frames per second
[INFO] [1716048250.991776361] [MONOStream]: processBuffer: [camera1] 29.92 frames per second
[INFO] [1716048251.964679749] [MONOStream]: processBuffer: [camera2] 29.99 frames per second
[INFO] [1716048252.023646896] [MONOStream]: processBuffer: [camera1] 30.04 frames per second
[INFO] [1716048252.965100231] [MONOStream]: processBuffer: [camera2] 29.99 frames per second
[INFO] [1716048253.025423378] [MONOStream]: processBuffer: [camera1] 29.95 frames per second
[INFO] [1716048253.966845128] [MONOStream]: processBuffer: [camera2] 29.95 frames per second
[INFO] [1716048253.969132457] [STEREO_CAMERA]: PublishImage: right Publishing image #230
[INFO] [1716048254.055007897] [MONOStream]: processBuffer: [camera1] 30.11 frames per second
[INFO] [1716048254.969021258] [MONOStream]: processBuffer: [camera2] 29.94 frames per second
[INFO] [1716048255.089508898] [MONOStream]: processBuffer: [camera1] 29.97 frames per second
[INFO] [1716048255.969244460] [MONOStream]: processBuffer: [camera2] 29.99 frames per second
[INFO] [1716048256.122148169] [MONOStream]: processBuffer: [camera1] 30.02 frames per second
[INFO] [1716048256.969515277] [MONOStream]: processBuffer: [camera2] 29.99 frames per second
[INFO] [1716048256.971756462] [STEREO_CAMERA]: PublishImage: right Publishing image #320
[INFO] [1716048257.156440721] [MONOStream]: processBuffer: [camera1] 29.97 frames per second
[INFO] [1716048257.974474096] [MONOStream]: processBuffer: [camera2] 29.85 frames per second
[INFO] [1716048258.189114809] [MONOStream]: processBuffer: [camera1] 30.02 frames per second
[INFO] [1716048258.999723926] [MONOStream]: processBuffer: [camera2] 30.24 frames per second
[INFO] [1716048259.190374907] [MONOStream]: processBuffer: [camera1] 29.96 frames per second
[INFO] [1716048259.991528470] [STEREO_CAMERA]: PublishImage: rgb Publishing image #411
[INFO] [1716048260.030874174] [MONOStream]: processBuffer: [camera2] 30.06 frames per second
[INFO] [1716048260.190586812] [MONOStream]: processBuffer: [camera1] 29.99 frames per second
[INFO] [1716048261.031240671] [MONOStream]: processBuffer: [camera2] 29.99 frames per second
[INFO] [1716048261.223612036] [MONOStream]: processBuffer: [camera1] 30.01 frames per second
[INFO] [1716048262.064156391] [MONOStream]: processBuffer: [camera2] 30.01 frames per second
[INFO] [1716048262.223989030] [MONOStream]: processBuffer: [camera1] 29.99 frames per second
[INFO] [1716048262.992539194] [STEREO_CAMERA]: PublishImage: rgb Publishing image #501
[INFO] [1716048263.068972105] [MONOStream]: processBuffer: [camera2] 29.86 frames per second
[INFO] [1716048263.258427374] [MONOStream]: processBuffer: [camera1] 29.97 frames per second
[INFO] [1716048264.114379700] [MONOStream]: processBuffer: [camera2] 29.65 frames per second
[INFO] [1716048264.291091990] [MONOStream]: processBuffer: [camera1] 30.02 frames per second
[INFO] [1716048265.131856440] [MONOStream]: processBuffer: [camera2] 30.47 frames per second
[INFO] [1716048265.291157623] [MONOStream]: processBuffer: [camera1] 30.00 frames per second
[INFO] [1716048265.994845535] [STEREO_CAMERA]: PublishImage: rgb Publishing image #591
[INFO] [1716048266.136429051] [MONOStream]: processBuffer: [camera2] 29.86 frames per second
[INFO] [1716048266.291852793] [MONOStream]: processBuffer: [camera1] 29.98 frames per second
[INFO] [1716048267.165814754] [MONOStream]: processBuffer: [camera2] 30.12 frames per second
[INFO] [1716048267.325788321] [MONOStream]: processBuffer: [camera1] 29.98 frames per second
[INFO] [1716048268.167489892] [MONOStream]: processBuffer: [camera2] 29.95 frames per second
[INFO] [1716048268.326666882] [MONOStream]: processBuffer: [camera1] 29.97 frames per second
[INFO] [1716048268.994931716] [STEREO_CAMERA]: PublishImage: rgb Publishing image #681
[INFO] [1716048269.199620011] [MONOStream]: processBuffer: [camera2] 30.04 frames per second
[INFO] [1716048269.326938020] [MONOStream]: processBuffer: [camera1] 29.99 frames per second
[INFO] [1716048270.200693357] [MONOStream]: processBuffer: [camera2] 29.97 frames per second
[INFO] [1716048270.330660102] [MONOStream]: processBuffer: [camera1] 29.89 frames per second
[INFO] [1716048271.233088789] [MONOStream]: processBuffer: [camera2] 30.03 frames per second
[INFO] [1716048271.330827848] [MONOStream]: processBuffer: [camera1] 30.00 frames per second
[INFO] [1716048271.996859016] [STEREO_CAMERA]: PublishImage: rgb Publishing image #771
[INFO] [1716048272.233345238] [MONOStream]: processBuffer: [camera2] 29.99 frames per second
[INFO] [1716048272.331162249] [MONOStream]: processBuffer: [camera1] 29.99 frames per second
[INFO] [1716048273.233377624] [MONOStream]: processBuffer: [camera2] 30.00 frames per second
[INFO] [1716048273.331695499] [MONOStream]: processBuffer: [camera1] 29.99 frames per second
[INFO] [1716048274.233980249] [MONOStream]: processBuffer: [camera2] 29.98 frames per second
[INFO] [1716048274.364814354] [MONOStream]: processBuffer: [camera1] 30.01 frames per second
[INFO] [1716048275.001539534] [STEREO_CAMERA]: PublishImage: rgb Publishing image #861
[INFO] [1716048275.234973179] [MONOStream]: processBuffer: [camera2] 29.97 frames per second
[INFO] [1716048275.366298068] [MONOStream]: processBuffer: [camera1] 29.96 frames per second
[INFO] [1716048276.236678525] [MONOStream]: processBuffer: [camera2] 29.95 frames per second
[INFO] [1716048276.367379382] [MONOStream]: processBuffer: [camera1] 29.97 frames per second
[INFO] [1716048277.237375678] [MONOStream]: processBuffer: [camera2] 29.98 frames per second
[INFO] [1716048277.397425981] [MONOStream]: processBuffer: [camera1] 30.10 frames per second
[INFO] [1716048278.003787442] [STEREO_CAMERA]: PublishImage: right Publishing image #951
[INFO] [1716048278.268843686] [MONOStream]: processBuffer: [camera2] 30.06 frames per second
[INFO] [1716048278.430093157] [MONOStream]: processBuffer: [camera1] 30.02 frames per second
[INFO] [1716048279.269456647] [MONOStream]: processBuffer: [camera2] 29.98 frames per second
[INFO] [1716048279.463434605] [MONOStream]: processBuffer: [camera1] 30.00 frames per second
[INFO] [1716048280.270985737] [MONOStream]: processBuffer: [camera2] 29.95 frames per second
[INFO] [1716048280.463898190] [MONOStream]: processBuffer: [camera1] 29.99 frames per second
[INFO] [1716048281.006442999] [STEREO_CAMERA]: PublishImage: right Publishing image #1041
[INFO] [1716048281.272021323] [MONOStream]: processBuffer: [camera2] 29.97 frames per second
[INFO] [1716048281.494996438] [MONOStream]: processBuffer: [camera1] 30.06 frames per second
[INFO] [1716048282.273322412] [MONOStream]: processBuffer: [camera2] 29.96 frames per second
[INFO] [1716048282.495288535] [MONOStream]: processBuffer: [camera1] 29.99 frames per second
[INFO] [1716048283.274672398] [MONOStream]: processBuffer: [camera2] 29.96 frames per second
[INFO] [1716048283.495345401] [MONOStream]: processBuffer: [camera1] 30.00 frames per second
[INFO] [1716048284.010534365] [STEREO_CAMERA]: PublishImage: right Publishing image #1131
[INFO] [1716048284.275965168] [MONOStream]: processBuffer: [camera2] 29.96 frames per second
[INFO] [1716048284.495622170] [MONOStream]: processBuffer: [camera1] 29.99 frames per second
[INFO] [1716048285.311054904] [MONOStream]: processBuffer: [camera2] 29.95 frames per second
[INFO] [1716048285.529011394] [MONOStream]: processBuffer: [camera1] 30.00 frames per second
[INFO] [1716048286.338567007] [MONOStream]: processBuffer: [camera2] 30.17 frames per second
[INFO] [1716048286.529594276] [MONOStream]: processBuffer: [camera1] 29.98 frames per second
[INFO] [1716048287.031880613] [STEREO_CAMERA]: PublishImage: rgb Publishing image #1222
[INFO] [1716048287.339648321] [MONOStream]: processBuffer: [camera2] 29.97 frames per second
[INFO] [1716048287.529683557] [MONOStream]: processBuffer: [camera1] 30.00 frames per second
[INFO] [1716048288.370942440] [MONOStream]: processBuffer: [camera2] 30.06 frames per second
[INFO] [1716048288.530198439] [MONOStream]: processBuffer: [camera1] 29.98 frames per second
[INFO] [1716048289.371687594] [MONOStream]: processBuffer: [camera2] 29.98 frames per second
[INFO] [1716048289.530956648] [MONOStream]: processBuffer: [camera1] 29.98 frames per second
[INFO] [1716048290.032502410] [STEREO_CAMERA]: PublishImage: rgb Publishing image #1312
[INFO] [1716048290.404274481] [MONOStream]: processBuffer: [camera2] 30.02 frames per second
[INFO] [1716048290.563553040] [MONOStream]: processBuffer: [camera1] 30.02 frames per second
[INFO] [1716048291.404507187] [MONOStream]: processBuffer: [camera2] 29.99 frames per second
[INFO] [1716048291.563751410] [MONOStream]: processBuffer: [camera1] 29.99 frames per second
[INFO] [1716048292.407193429] [MONOStream]: processBuffer: [camera2] 29.92 frames per second
[INFO] [1716048292.564286643] [MONOStream]: processBuffer: [camera1] 29.98 frames per second
[INFO] [1716048293.034716334] [STEREO_CAMERA]: PublishImage: rgb Publishing image #1402
[INFO] [1716048293.438416988] [MONOStream]: processBuffer: [camera2] 30.06 frames per second
[INFO] [1716048293.564435733] [MONOStream]: processBuffer: [camera1] 30.00 frames per second
[INFO] [1716048294.439400990] [MONOStream]: processBuffer: [camera2] 29.97 frames per second
[INFO] [1716048294.564714998] [MONOStream]: processBuffer: [camera1] 29.99 frames per second
[INFO] [1716048295.473613926] [MONOStream]: processBuffer: [camera2] 29.97 frames per second
[INFO] [1716048295.565056984] [MONOStream]: processBuffer: [camera1] 29.99 frames per second
[INFO] [1716048296.040776500] [STEREO_CAMERA]: PublishImage: right Publishing image #1492
[INFO] [1716048296.505664974] [MONOStream]: processBuffer: [camera2] 30.04 frames per second
[INFO] [1716048296.598404448] [MONOStream]: processBuffer: [camera1] 30.00 frames per second
[INFO] [1716048297.506045231] [MONOStream]: processBuffer: [camera2] 29.99 frames per second
[INFO] [1716048297.599192225] [MONOStream]: processBuffer: [camera1] 29.98 frames per second
[INFO] [1716048298.507788849] [MONOStream]: processBuffer: [camera2] 29.95 frames per second
[INFO] [1716048298.600688963] [MONOStream]: processBuffer: [camera1] 29.96 frames per second
[INFO] [1716048299.041756984] [STEREO_CAMERA]: PublishImage: right Publishing image #1582
[INFO] [1716048299.540236249] [MONOStream]: processBuffer: [camera2] 30.03 frames per second
[INFO] [1716048299.603769733] [MONOStream]: processBuffer: [camera1] 29.91 frames per second
[INFO] [1716048300.574717121] [MONOStream]: processBuffer: [camera2] 29.97 frames per second
[INFO] [1716048300.635503181] [MONOStream]: processBuffer: [camera1] 30.05 frames per second
[INFO] [1716048301.575498115] [MONOStream]: processBuffer: [camera2] 29.98 frames per second
[INFO] [1716048301.636513326] [MONOStream]: processBuffer: [camera1] 29.97 frames per second
[INFO] [1716048302.042413597] [STEREO_CAMERA]: PublishImage: right Publishing image #1672
[INFO] [1716048302.608120522] [MONOStream]: processBuffer: [camera2] 30.02 frames per second
[INFO] [1716048302.638404880] [MONOStream]: processBuffer: [camera1] 29.94 frames per second
[INFO] [1716048303.608446828] [MONOStream]: processBuffer: [camera2] 29.99 frames per second
[INFO] [1716048303.639404562] [MONOStream]: processBuffer: [camera1] 29.97 frames per second
[INFO] [1716048304.609569262] [MONOStream]: processBuffer: [camera2] 29.97 frames per second
[INFO] [1716048304.640740596] [MONOStream]: processBuffer: [camera1] 29.96 frames per second
[INFO] [1716048305.043447521] [STEREO_CAMERA]: PublishImage: rgb Publishing image #1762
[INFO] [1716048305.611160655] [MONOStream]: processBuffer: [camera2] 29.95 frames per second
[INFO] [1716048305.642130581] [MONOStream]: processBuffer: [camera1] 29.96 frames per second
[INFO] [1716048306.642543895] [MONOStream]: processBuffer: [camera2] 30.06 frames per second
[INFO] [1716048306.669402812] [MONOStream]: processBuffer: [camera1] 30.18 frames per second
[INFO] [1716048307.642836312] [MONOStream]: processBuffer: [camera2] 29.99 frames per second
[INFO] [1716048307.669775198] [MONOStream]: processBuffer: [camera1] 29.99 frames per second
[INFO] [1716048308.047912167] [STEREO_CAMERA]: PublishImage: rgb Publishing image #1852
[INFO] [1716048308.646071482] [MONOStream]: processBuffer: [camera2] 29.90 frames per second
[INFO] [1716048308.671616415] [MONOStream]: processBuffer: [camera1] 29.94 frames per second
[INFO] [1716048309.647924892] [MONOStream]: processBuffer: [camera2] 29.94 frames per second
[INFO] [1716048309.715534249] [MONOStream]: processBuffer: [camera1] 29.70 frames per second
[INFO] [1716048310.683074468] [MONOStream]: processBuffer: [camera2] 29.95 frames per second
[INFO] [1716048310.735117487] [MONOStream]: processBuffer: [camera1] 30.40 frames per second
[INFO] [1716048311.050862572] [STEREO_CAMERA]: PublishImage: right Publishing image #1942
[INFO] [1716048311.683331174] [MONOStream]: processBuffer: [camera2] 29.99 frames per second
[INFO] [1716048311.735592336] [MONOStream]: processBuffer: [camera1] 29.99 frames per second
[INFO] [1716048312.715550350] [MONOStream]: processBuffer: [camera2] 30.03 frames per second
[INFO] [1716048312.735982194] [MONOStream]: processBuffer: [camera1] 29.99 frames per second
[INFO] [1716048313.735987923] [MONOStream]: processBuffer: [camera1] 30.00 frames per second
[INFO] [1716048313.750329878] [MONOStream]: processBuffer: [camera2] 29.96 frames per second
[INFO] [1716048314.073231860] [STEREO_CAMERA]: PublishImage: rgb Publishing image #2033
[INFO] [1716048314.769537371] [MONOStream]: processBuffer: [camera1] 29.99 frames per second
[INFO] [1716048314.779517789] [MONOStream]: processBuffer: [camera2] 30.12 frames per second
[INFO] [1716048315.769583164] [MONOStream]: processBuffer: [camera1] 30.00 frames per second
[INFO] [1716048315.813627557] [MONOStream]: processBuffer: [camera2] 29.98 frames per second
[INFO] [1716048316.771562110] [MONOStream]: processBuffer: [camera1] 29.94 frames per second
[INFO] [1716048316.845050733] [MONOStream]: processBuffer: [camera2] 30.06 frames per second
[INFO] [1716048317.073831033] [STEREO_CAMERA]: PublishImage: rgb Publishing image #2123
[INFO] [1716048317.775863937] [MONOStream]: processBuffer: [camera1] 29.87 frames per second
[INFO] [1716048317.879370805] [MONOStream]: processBuffer: [camera2] 29.97 frames per second
[INFO] [1716048318.804330344] [MONOStream]: processBuffer: [camera1] 30.15 frames per second
[INFO] [1716048318.911279484] [MONOStream]: processBuffer: [camera2] 30.04 frames per second
[INFO] [1716048319.805074217] [MONOStream]: processBuffer: [camera1] 29.98 frames per second
[INFO] [1716048319.911686750] [MONOStream]: processBuffer: [camera2] 29.99 frames per second
[INFO] [1716048320.074656861] [STEREO_CAMERA]: PublishImage: rgb Publishing image #2213
[INFO] [1716048320.837844337] [MONOStream]: processBuffer: [camera1] 30.01 frames per second
[INFO] [1716048320.912087519] [MONOStream]: processBuffer: [camera2] 29.99 frames per second
[INFO] [1716048321.840305747] [MONOStream]: processBuffer: [camera1] 29.93 frames per second
[INFO] [1716048321.912647553] [MONOStream]: processBuffer: [camera2] 29.98 frames per second
[INFO] [1716048322.871367194] [MONOStream]: processBuffer: [camera1] 30.07 frames per second
[INFO] [1716048322.912806274] [MONOStream]: processBuffer: [camera2] 30.00 frames per second
[INFO] [1716048323.083778979] [STEREO_CAMERA]: PublishImage: rgb Publishing image #2303
[INFO] [1716048323.871723772] [MONOStream]: processBuffer: [camera1] 29.99 frames per second
[INFO] [1716048323.945589290] [MONOStream]: processBuffer: [camera2] 30.02 frames per second
[INFO] [1716048324.872922686] [MONOStream]: processBuffer: [camera1] 29.96 frames per second
[INFO] [1716048324.946488012] [MONOStream]: processBuffer: [camera2] 29.97 frames per second
[INFO] [1716048325.905517861] [MONOStream]: processBuffer: [camera1] 30.02 frames per second
[INFO] [1716048325.980091796] [MONOStream]: processBuffer: [camera2] 29.99 frames per second
[INFO] [1716048326.109650093] [STEREO_CAMERA]: PublishImage: rgb Publishing image #2394
[INFO] [1716048326.907666119] [MONOStream]: processBuffer: [camera1] 29.94 frames per second
[INFO] [1716048326.980406037] [MONOStream]: processBuffer: [camera2] 29.99 frames per second
[INFO] [1716048327.943675632] [MONOStream]: processBuffer: [camera1] 29.92 frames per second
[INFO] [1716048327.981395031] [MONOStream]: processBuffer: [camera2] 29.97 frames per second
[INFO] [1716048328.975639415] [MONOStream]: processBuffer: [camera1] 30.04 frames per second
[INFO] [1716048328.982415833] [MONOStream]: processBuffer: [camera2] 29.97 frames per second
[INFO] [1716048329.111207698] [STEREO_CAMERA]: PublishImage: rgb Publishing image #2484
[INFO] [1716048329.976697497] [MONOStream]: processBuffer: [camera1] 29.97 frames per second
[INFO] [1716048330.015139488] [MONOStream]: processBuffer: [camera2] 30.02 frames per second
[INFO] [1716048330.978160795] [MONOStream]: processBuffer: [camera1] 29.96 frames per second
[INFO] [1716048331.048084200] [MONOStream]: processBuffer: [camera2] 30.01 frames per second
[INFO] [1716048331.979675708] [MONOStream]: processBuffer: [camera1] 29.95 frames per second
[INFO] [1716048332.048882122] [MONOStream]: processBuffer: [camera2] 29.98 frames per second
[INFO] [1716048332.115485687] [STEREO_CAMERA]: PublishImage: rgb Publishing image #2574
[INFO] [1716048332.981125694] [MONOStream]: processBuffer: [camera1] 29.96 frames per second
[INFO] [1716048333.053851116] [MONOStream]: processBuffer: [camera2] 29.85 frames per second
[INFO] [1716048334.011419717] [MONOStream]: processBuffer: [camera1] 30.09 frames per second
[INFO] [1716048334.093484469] [MONOStream]: processBuffer: [camera2] 29.82 frames per second
[INFO] [1716048335.042941421] [MONOStream]: processBuffer: [camera1] 30.05 frames per second
[INFO] [1716048335.116964379] [MONOStream]: processBuffer: [camera2] 30.29 frames per second
[INFO] [1716048335.121662620] [STEREO_CAMERA]: PublishImage: right Publishing image #2664
[INFO] [1716048336.043648847] [MONOStream]: processBuffer: [camera1] 29.98 frames per second
[INFO] [1716048336.117689181] [MONOStream]: processBuffer: [camera2] 29.98 frames per second
[INFO] [1716048337.044917744] [MONOStream]: processBuffer: [camera1] 29.96 frames per second
[INFO] [1716048337.119217087] [MONOStream]: processBuffer: [camera2] 29.95 frames per second
[INFO] [1716048338.049064883] [MONOStream]: processBuffer: [camera1] 29.88 frames per second
[INFO] [1716048338.120110432] [MONOStream]: processBuffer: [camera2] 29.97 frames per second
[INFO] [1716048338.122151041] [STEREO_CAMERA]: PublishImage: right Publishing image #2754
[INFO] [1716048339.075897465] [MONOStream]: processBuffer: [camera1] 30.19 frames per second
[INFO] [1716048339.120561794] [MONOStream]: processBuffer: [camera2] 29.99 frames per second
[INFO] [1716048340.076516955] [MONOStream]: processBuffer: [camera1] 29.98 frames per second
[INFO] [1716048340.121998724] [MONOStream]: processBuffer: [camera2] 29.96 frames per second
[INFO] [1716048341.110196163] [MONOStream]: processBuffer: [camera1] 29.99 frames per second
[INFO] [1716048341.122457445] [MONOStream]: processBuffer: [camera2] 29.99 frames per second
[INFO] [1716048341.125935558] [STEREO_CAMERA]: PublishImage: right Publishing image #2844
[INFO] [1716048342.110398212] [MONOStream]: processBuffer: [camera1] 29.99 frames per second
[INFO] [1716048342.124140359] [MONOStream]: processBuffer: [camera2] 29.94 frames per second
[INFO] [1716048343.143127372] [MONOStream]: processBuffer: [camera1] 30.02 frames per second
[INFO] [1716048343.153888302] [MONOStream]: processBuffer: [camera2] 30.10 frames per second
[INFO] [1716048344.143319918] [MONOStream]: processBuffer: [camera1] 29.99 frames per second
[INFO] [1716048344.145723886] [STEREO_CAMERA]: PublishImage: rgb Publishing image #2935
[INFO] [1716048344.183890453] [MONOStream]: processBuffer: [camera2] 30.10 frames per second
[INFO] [1716048345.143516687] [MONOStream]: processBuffer: [camera1] 29.99 frames per second
[INFO] [1716048345.184200887] [MONOStream]: processBuffer: [camera2] 29.99 frames per second
[INFO] [1716048346.144231537] [MONOStream]: processBuffer: [camera1] 29.98 frames per second
[INFO] [1716048346.184495256] [MONOStream]: processBuffer: [camera2] 29.99 frames per second
[INFO] [1716048347.144481682] [MONOStream]: processBuffer: [camera1] 29.99 frames per second
[INFO] [1716048347.148480659] [STEREO_CAMERA]: PublishImage: rgb Publishing image #3025
[INFO] [1716048347.185202618] [MONOStream]: processBuffer: [camera2] 29.99 frames per second
[INFO] [1716048348.145302772] [MONOStream]: processBuffer: [camera1] 29.98 frames per second
[INFO] [1716048348.185289979] [MONOStream]: processBuffer: [camera2] 29.98 frames per second
[INFO] [1716048349.178095644] [MONOStream]: processBuffer: [camera1] 30.01 frames per second
[INFO] [1716048349.188904446] [MONOStream]: processBuffer: [camera2] 29.89 frames per second
[INFO] [1716048350.153755768] [STEREO_CAMERA]: PublishImage: right Publishing image #3115
[INFO] [1716048350.211579588] [MONOStream]: processBuffer: [camera1] 30.00 frames per second
[INFO] [1716048350.220679973] [MONOStream]: processBuffer: [camera2] 30.05 frames per second
[INFO] [1716048351.211595557] [MONOStream]: processBuffer: [camera1] 30.00 frames per second
[INFO] [1716048351.252564269] [MONOStream]: processBuffer: [camera2] 30.05 frames per second
[INFO] [1716048352.212931751] [MONOStream]: processBuffer: [camera1] 29.96 frames per second
[INFO] [1716048352.253274414] [MONOStream]: processBuffer: [camera2] 29.98 frames per second
[INFO] [1716048353.155415549] [STEREO_CAMERA]: PublishImage: right Publishing image #3205
[INFO] [1716048353.245497582] [MONOStream]: processBuffer: [camera1] 30.02 frames per second
[INFO] [1716048353.254512048] [MONOStream]: processBuffer: [camera2] 29.96 frames per second
[INFO] [1716048354.246064112] [MONOStream]: processBuffer: [camera1] 29.98 frames per second
[INFO] [1716048354.287142072] [MONOStream]: processBuffer: [camera2] 30.02 frames per second
[INFO] [1716048355.248758898] [MONOStream]: processBuffer: [camera1] 29.92 frames per second
[INFO] [1716048355.320607296] [MONOStream]: processBuffer: [camera2] 30.00 frames per second
[INFO] [1716048356.184206087] [STEREO_CAMERA]: PublishImage: rgb Publishing image #3296
[INFO] [1716048356.281262970] [MONOStream]: processBuffer: [camera1] 30.02 frames per second
[INFO] [1716048356.322420450] [MONOStream]: processBuffer: [camera2] 29.95 frames per second
[INFO] [1716048357.282637819] [MONOStream]: processBuffer: [camera1] 29.96 frames per second
[INFO] [1716048357.353885641] [MONOStream]: processBuffer: [camera2] 30.05 frames per second
[INFO] [1716048358.283627197] [MONOStream]: processBuffer: [camera1] 29.97 frames per second
[INFO] [1716048358.387750161] [MONOStream]: processBuffer: [camera2] 29.98 frames per second
[INFO] [1716048359.189103724] [STEREO_CAMERA]: PublishImage: rgb Publishing image #3386
[INFO] [1716048359.285065695] [MONOStream]: processBuffer: [camera1] 29.96 frames per second
[INFO] [1716048359.387793107] [MONOStream]: processBuffer: [camera2] 30.00 frames per second
[INFO] [1716048360.286575873] [MONOStream]: processBuffer: [camera1] 29.96 frames per second
[INFO] [1716048360.388950100] [MONOStream]: processBuffer: [camera2] 29.97 frames per second
[INFO] [1716048361.287902722] [MONOStream]: processBuffer: [camera1] 29.96 frames per second
[INFO] [1716048361.391021238] [MONOStream]: processBuffer: [camera2] 29.94 frames per second
[INFO] [1716048362.192357425] [STEREO_CAMERA]: PublishImage: rgb Publishing image #3476
[INFO] [1716048362.317699081] [MONOStream]: processBuffer: [camera1] 30.10 frames per second
[INFO] [1716048362.391740056] [MONOStream]: processBuffer: [camera2] 29.98 frames per second
[INFO] [1716048363.349102449] [MONOStream]: processBuffer: [camera1] 30.06 frames per second
[INFO] [1716048363.425176768] [MONOStream]: processBuffer: [camera2] 30.00 frames per second
[INFO] [1716048364.349665139] [MONOStream]: processBuffer: [camera1] 29.98 frames per second
[INFO] [1716048364.456710183] [MONOStream]: processBuffer: [camera2] 30.05 frames per second
[INFO] [1716048365.192572758] [STEREO_CAMERA]: PublishImage: right Publishing image #3566
[INFO] [1716048365.350910580] [MONOStream]: processBuffer: [camera1] 29.96 frames per second
[INFO] [1716048365.460209993] [MONOStream]: processBuffer: [camera2] 29.90 frames per second
[INFO] [1716048366.382447292] [MONOStream]: processBuffer: [camera1] 30.05 frames per second
[INFO] [1716048366.492943505] [MONOStream]: processBuffer: [camera2] 30.02 frames per second
[INFO] [1716048367.383406973] [MONOStream]: processBuffer: [camera1] 29.97 frames per second
[INFO] [1716048367.494286867] [MONOStream]: processBuffer: [camera2] 29.96 frames per second
[INFO] [1716048368.198352955] [STEREO_CAMERA]: PublishImage: right Publishing image #3656
[INFO] [1716048368.416261829] [MONOStream]: processBuffer: [camera1] 30.01 frames per second
[INFO] [1716048368.496025621] [MONOStream]: processBuffer: [camera2] 29.95 frames per second
[INFO] [1716048369.449394669] [MONOStream]: processBuffer: [camera1] 30.01 frames per second
[INFO] [1716048369.528809501] [MONOStream]: processBuffer: [camera2] 30.01 frames per second
[INFO] [1716048370.483015989] [MONOStream]: processBuffer: [camera1] 29.99 frames per second
[INFO] [1716048370.558859748] [MONOStream]: processBuffer: [camera2] 30.10 frames per second
[INFO] [1716048371.219159300] [STEREO_CAMERA]: PublishImage: rgb Publishing image #3747
[INFO] [1716048371.483079095] [MONOStream]: processBuffer: [camera1] 30.00 frames per second
[INFO] [1716048371.560261030] [MONOStream]: processBuffer: [camera2] 29.96 frames per second
[INFO] [1716048372.483188728] [MONOStream]: processBuffer: [camera1] 30.00 frames per second
[INFO] [1716048372.591023789] [MONOStream]: processBuffer: [camera2] 30.08 frames per second
[INFO] [1716048373.483790586] [MONOStream]: processBuffer: [camera1] 29.99 frames per second
[INFO] [1716048373.591045198] [MONOStream]: processBuffer: [camera2] 30.00 frames per second
[INFO] [1716048374.220506344] [STEREO_CAMERA]: PublishImage: rgb Publishing image #3837
[INFO] [1716048374.484656091] [MONOStream]: processBuffer: [camera1] 29.97 frames per second
[INFO] [1716048374.592332048] [MONOStream]: processBuffer: [camera2] 29.96 frames per second
[INFO] [1716048375.517379043] [MONOStream]: processBuffer: [camera1] 30.02 frames per second
[INFO] [1716048375.624887032] [MONOStream]: processBuffer: [camera2] 30.02 frames per second
[INFO] [1716048376.517747685] [MONOStream]: processBuffer: [camera1] 29.99 frames per second
[INFO] [1716048376.625089241] [MONOStream]: processBuffer: [camera2] 29.99 frames per second
[INFO] [1716048377.220615885] [STEREO_CAMERA]: PublishImage: rgb Publishing image #3927
[INFO] [1716048377.518058150] [MONOStream]: processBuffer: [camera1] 29.99 frames per second
[INFO] [1716048377.625127067] [MONOStream]: processBuffer: [camera2] 30.00 frames per second
[INFO] [1716048378.518165608] [MONOStream]: processBuffer: [camera1] 30.00 frames per second
[INFO] [1716048378.625642012] [MONOStream]: processBuffer: [camera2] 29.98 frames per second
[INFO] [1716048379.518968777] [MONOStream]: processBuffer: [camera1] 29.98 frames per second
[INFO] [1716048379.626528670] [MONOStream]: processBuffer: [camera2] 29.97 frames per second
[INFO] [1716048380.221632273] [STEREO_CAMERA]: PublishImage: rgb Publishing image #4017
[INFO] [1716048380.519011403] [MONOStream]: processBuffer: [camera1] 30.00 frames per second
[INFO] [1716048380.659497830] [MONOStream]: processBuffer: [camera2] 30.01 frames per second
[INFO] [1716048381.552747987] [MONOStream]: processBuffer: [camera1] 29.99 frames per second
[INFO] [1716048381.659751751] [MONOStream]: processBuffer: [camera2] 29.99 frames per second
[INFO] [1716048382.586409691] [MONOStream]: processBuffer: [camera1] 29.99 frames per second
[INFO] [1716048382.659958537] [MONOStream]: processBuffer: [camera2] 29.99 frames per second
[INFO] [1716048383.222518774] [STEREO_CAMERA]: PublishImage: rgb Publishing image #4107
[INFO] [1716048383.588027612] [MONOStream]: processBuffer: [camera1] 29.95 frames per second
[INFO] [1716048383.660293066] [MONOStream]: processBuffer: [camera2] 29.99 frames per second
[INFO] [1716048384.621591716] [MONOStream]: processBuffer: [camera1] 29.99 frames per second
[INFO] [1716048384.660587020] [MONOStream]: processBuffer: [camera2] 29.99 frames per second
[INFO] [1716048385.622703526] [MONOStream]: processBuffer: [camera1] 29.97 frames per second
[INFO] [1716048385.660639341] [MONOStream]: processBuffer: [camera2] 30.00 frames per second
[INFO] [1716048386.225716891] [STEREO_CAMERA]: PublishImage: rgb Publishing image #4197
[INFO] [1716048386.624091688] [MONOStream]: processBuffer: [camera1] 29.96 frames per second
[INFO] [1716048386.661922319] [MONOStream]: processBuffer: [camera2] 29.96 frames per second
[INFO] [1716048387.625206857] [MONOStream]: processBuffer: [camera1] 29.97 frames per second
[INFO] [1716048387.695675607] [MONOStream]: processBuffer: [camera2] 29.99 frames per second
[INFO] [1716048388.627319435] [MONOStream]: processBuffer: [camera1] 29.94 frames per second
[INFO] [1716048388.695967737] [MONOStream]: processBuffer: [camera2] 29.99 frames per second
[INFO] [1716048389.231401504] [STEREO_CAMERA]: PublishImage: rgb Publishing image #4287
[INFO] [1716048389.627958605] [MONOStream]: processBuffer: [camera1] 29.98 frames per second
[INFO] [1716048389.696976986] [MONOStream]: processBuffer: [camera2] 29.97 frames per second
[INFO] [1716048390.656523508] [MONOStream]: processBuffer: [camera1] 30.15 frames per second
[INFO] [1716048390.699509276] [MONOStream]: processBuffer: [camera2] 29.92 frames per second
[INFO] [1716048391.689362108] [MONOStream]: processBuffer: [camera1] 30.01 frames per second
[INFO] [1716048391.729589763] [MONOStream]: processBuffer: [camera2] 30.10 frames per second
[INFO] [1716048392.231874981] [STEREO_CAMERA]: PublishImage: right Publishing image #4377
[INFO] [1716048392.689643805] [MONOStream]: processBuffer: [camera1] 29.99 frames per second
[INFO] [1716048392.731928581] [MONOStream]: processBuffer: [camera2] 29.93 frames per second
[INFO] [1716048393.691261279] [MONOStream]: processBuffer: [camera1] 29.95 frames per second
[INFO] [1716048393.731986343] [MONOStream]: processBuffer: [camera2] 30.00 frames per second
[INFO] [1716048394.692197185] [MONOStream]: processBuffer: [camera1] 29.97 frames per second
[INFO] [1716048394.733321384] [MONOStream]: processBuffer: [camera2] 29.96 frames per second
[INFO] [1716048395.235252778] [STEREO_CAMERA]: PublishImage: right Publishing image #4467
[INFO] [1716048395.722582152] [MONOStream]: processBuffer: [camera1] 30.08 frames per second
[INFO] [1716048395.734509706] [MONOStream]: processBuffer: [camera2] 29.96 frames per second
[INFO] [1716048396.736195180] [MONOStream]: processBuffer: [camera2] 29.95 frames per second
[INFO] [1716048396.756770000] [MONOStream]: processBuffer: [camera1] 29.98 frames per second
[INFO] [1716048397.736718478] [MONOStream]: processBuffer: [camera2] 29.98 frames per second
[INFO] [1716048397.789791864] [MONOStream]: processBuffer: [camera1] 30.01 frames per second
[INFO] [1716048398.237664430] [STEREO_CAMERA]: PublishImage: right Publishing image #4557
[INFO] [1716048398.765895381] [MONOStream]: processBuffer: [camera2] 30.12 frames per second
[INFO] [1716048398.790771833] [MONOStream]: processBuffer: [camera1] 29.97 frames per second
[INFO] [1716048399.799915005] [MONOStream]: processBuffer: [camera2] 29.98 frames per second
[INFO] [1716048399.823915425] [MONOStream]: processBuffer: [camera1] 30.01 frames per second
[INFO] [1716048400.831978212] [MONOStream]: processBuffer: [camera2] 30.04 frames per second
[INFO] [1716048400.857718633] [MONOStream]: processBuffer: [camera1] 29.99 frames per second
[INFO] [1716048401.259269527] [STEREO_CAMERA]: PublishImage: rgb Publishing image #4648
[INFO] [1716048401.832663206] [MONOStream]: processBuffer: [camera2] 29.98 frames per second
[INFO] [1716048401.891586417] [MONOStream]: processBuffer: [camera1] 29.98 frames per second
[INFO] [1716048402.832806023] [MONOStream]: processBuffer: [camera2] 30.00 frames per second
[INFO] [1716048402.924233497] [MONOStream]: processBuffer: [camera1] 30.02 frames per second
[INFO] [1716048403.864889519] [MONOStream]: processBuffer: [camera2] 30.04 frames per second
[INFO] [1716048403.924416027] [MONOStream]: processBuffer: [camera1] 29.99 frames per second
[INFO] [1716048404.260176668] [STEREO_CAMERA]: PublishImage: rgb Publishing image #4738
[INFO] [1716048404.865717073] [MONOStream]: processBuffer: [camera2] 29.98 frames per second
[INFO] [1716048404.924859068] [MONOStream]: processBuffer: [camera1] 29.99 frames per second
[INFO] [1716048405.877621972] [MONOStream]: processBuffer: [camera2] 29.65 frames per second
[INFO] [1716048405.925858110] [MONOStream]: processBuffer: [camera1] 29.97 frames per second
[INFO] [1716048406.904894203] [MONOStream]: processBuffer: [camera2] 30.18 frames per second
[INFO] [1716048406.926446879] [MONOStream]: processBuffer: [camera1] 29.98 frames per second
[INFO] [1716048407.266058433] [STEREO_CAMERA]: PublishImage: rgb Publishing image #4828
[INFO] [1716048407.934500450] [MONOStream]: processBuffer: [camera2] 30.11 frames per second
[INFO] [1716048407.965318280] [MONOStream]: processBuffer: [camera1] 29.84 frames per second
[INFO] [1716048408.966367498] [MONOStream]: processBuffer: [camera2] 30.04 frames per second
[INFO] [1716048408.995111472] [MONOStream]: processBuffer: [camera1] 30.10 frames per second
[INFO] [1716048409.968242284] [MONOStream]: processBuffer: [camera2] 29.94 frames per second
[INFO] [1716048410.026524887] [MONOStream]: processBuffer: [camera1] 30.06 frames per second
[INFO] [1716048410.268361030] [STEREO_CAMERA]: PublishImage: right Publishing image #4918
[INFO] [1716048411.002683380] [MONOStream]: processBuffer: [camera2] 29.97 frames per second
[INFO] [1716048411.028627801] [MONOStream]: processBuffer: [camera1] 29.94 frames per second
[INFO] [1716048412.034426939] [MONOStream]: processBuffer: [camera1] 29.83 frames per second
[INFO] [1716048412.036871708] [MONOStream]: processBuffer: [camera2] 29.98 frames per second
[INFO] [1716048413.065478499] [MONOStream]: processBuffer: [camera1] 30.07 frames per second
[INFO] [1716048413.071490820] [MONOStream]: processBuffer: [camera2] 29.96 frames per second
[INFO] [1716048413.270142827] [STEREO_CAMERA]: PublishImage: right Publishing image #5008
[INFO] [1716048414.098376491] [MONOStream]: processBuffer: [camera1] 30.01 frames per second
[INFO] [1716048414.102588332] [MONOStream]: processBuffer: [camera2] 30.06 frames per second
[INFO] [1716048415.107656398] [MONOStream]: processBuffer: [camera2] 29.85 frames per second
[INFO] [1716048415.134341619] [MONOStream]: processBuffer: [camera1] 29.92 frames per second
[INFO] [1716048416.135737141] [MONOStream]: processBuffer: [camera2] 30.15 frames per second
[INFO] [1716048416.166126235] [MONOStream]: processBuffer: [camera1] 30.05 frames per second
[INFO] [1716048416.270849231] [STEREO_CAMERA]: PublishImage: rgb Publishing image #5098
[INFO] [1716048417.136916663] [MONOStream]: processBuffer: [camera2] 29.96 frames per second
[INFO] [1716048417.168438685] [MONOStream]: processBuffer: [camera1] 29.93 frames per second
[INFO] [1716048418.138567256] [MONOStream]: processBuffer: [camera2] 29.95 frames per second
[INFO] [1716048418.168526462] [MONOStream]: processBuffer: [camera1] 30.00 frames per second
[INFO] [1716048419.168979008] [MONOStream]: processBuffer: [camera2] 30.08 frames per second
[INFO] [1716048419.202940166] [MONOStream]: processBuffer: [camera1] 29.97 frames per second
[INFO] [1716048419.270906803] [STEREO_CAMERA]: PublishImage: right Publishing image #5188
[INFO] [1716048420.170322497] [MONOStream]: processBuffer: [camera2] 29.96 frames per second
[INFO] [1716048420.230743789] [MONOStream]: processBuffer: [camera1] 30.16 frames per second
[INFO] [1716048421.173470947] [MONOStream]: processBuffer: [camera2] 29.91 frames per second
[INFO] [1716048421.231258415] [MONOStream]: processBuffer: [camera1] 29.98 frames per second
[INFO] [1716048422.205510827] [MONOStream]: processBuffer: [camera2] 30.04 frames per second
[INFO] [1716048422.232701520] [MONOStream]: processBuffer: [camera1] 29.96 frames per second
[INFO] [1716048422.273792376] [STEREO_CAMERA]: PublishImage: right Publishing image #5278
[INFO] [1716048423.207962349] [MONOStream]: processBuffer: [camera2] 29.93 frames per second
[INFO] [1716048423.262588696] [MONOStream]: processBuffer: [camera1] 30.10 frames per second
[INFO] [1716048424.208481199] [MONOStream]: processBuffer: [camera2] 29.98 frames per second
[INFO] [1716048424.263082745] [MONOStream]: processBuffer: [camera1] 29.99 frames per second
[INFO] [1716048425.209515504] [MONOStream]: processBuffer: [camera2] 29.97 frames per second
[INFO] [1716048425.263791931] [MONOStream]: processBuffer: [camera1] 29.98 frames per second
[INFO] [1716048425.279555454] [STEREO_CAMERA]: PublishImage: right Publishing image #5368
[INFO] [1716048426.211489234] [MONOStream]: processBuffer: [camera2] 29.94 frames per second
[INFO] [1716048426.296732707] [MONOStream]: processBuffer: [camera1] 30.01 frames per second
[INFO] [1716048427.243967930] [MONOStream]: processBuffer: [camera2] 30.02 frames per second
[INFO] [1716048427.297286308] [MONOStream]: processBuffer: [camera1] 29.98 frames per second
[INFO] [1716048428.272900673] [MONOStream]: processBuffer: [camera2] 30.13 frames per second
[INFO] [1716048428.299360454] [STEREO_CAMERA]: PublishImage: rgb Publishing image #5459
[INFO] [1716048428.330275148] [MONOStream]: processBuffer: [camera1] 30.01 frames per second
[INFO] [1716048429.306106057] [MONOStream]: processBuffer: [camera2] 30.00 frames per second
[INFO] [1716048429.331793646] [MONOStream]: processBuffer: [camera1] 29.95 frames per second
[INFO] [1716048430.342384113] [MONOStream]: processBuffer: [camera2] 29.91 frames per second
[INFO] [1716048430.343024401] [MONOStream]: processBuffer: [camera1] 29.67 frames per second
[INFO] [1716048431.315109005] [STEREO_CAMERA]: PublishImage: rgb Publishing image #5549
[INFO] [1716048431.352300597] [MONOStream]: processBuffer: [camera2] 29.71 frames per second
[INFO] [1716048431.372117432] [MONOStream]: processBuffer: [camera1] 30.12 frames per second
[INFO] [1716048432.374424090] [MONOStream]: processBuffer: [camera2] 30.33 frames per second
[INFO] [1716048432.398870559] [MONOStream]: processBuffer: [camera1] 30.19 frames per second
[INFO] [1716048433.376411196] [MONOStream]: processBuffer: [camera2] 29.94 frames per second
[INFO] [1716048433.421864805] [MONOStream]: processBuffer: [camera1] 29.33 frames per second
[INFO] [1716048434.333405397] [STEREO_CAMERA]: PublishImage: rgb Publishing image #5640
[INFO] [1716048434.406852388] [MONOStream]: processBuffer: [camera2] 30.08 frames per second
[INFO] [1716048434.432325736] [MONOStream]: processBuffer: [camera1] 30.68 frames per second
[INFO] [1716048435.439429515] [MONOStream]: processBuffer: [camera2] 30.02 frames per second
[INFO] [1716048435.465474832] [MONOStream]: processBuffer: [camera1] 30.01 frames per second
[INFO] [1716048436.440238381] [MONOStream]: processBuffer: [camera2] 29.98 frames per second
[INFO] [1716048436.465850226] [MONOStream]: processBuffer: [camera1] 29.99 frames per second
[INFO] [1716048437.336865562] [STEREO_CAMERA]: PublishImage: rgb Publishing image #5730
[INFO] [1716048437.445050575] [MONOStream]: processBuffer: [camera2] 29.86 frames per second
[INFO] [1716048437.467116436] [MONOStream]: processBuffer: [camera1] 29.96 frames per second
[INFO] [1716048438.452330258] [MONOStream]: processBuffer: [camera2] 29.78 frames per second
[INFO] [1716048438.491390810] [MONOStream]: processBuffer: [camera1] 29.29 frames per second
[INFO] [1716048439.460193589] [MONOStream]: processBuffer: [camera2] 29.77 frames per second
[INFO] [1716048439.498437725] [MONOStream]: processBuffer: [camera1] 29.79 frames per second
[INFO] [1716048440.339243999] [STEREO_CAMERA]: PublishImage: rgb Publishing image #5820
[INFO] [1716048440.474529433] [MONOStream]: processBuffer: [camera2] 30.56 frames per second
[INFO] [1716048440.502966975] [MONOStream]: processBuffer: [camera1] 30.86 frames per second
[INFO] [1716048441.475464507] [MONOStream]: processBuffer: [camera2] 29.97 frames per second
[INFO] [1716048441.503782817] [MONOStream]: processBuffer: [camera1] 29.98 frames per second
[INFO] [1716048442.475559037] [MONOStream]: processBuffer: [camera2] 30.00 frames per second
[INFO] [1716048442.537422376] [MONOStream]: processBuffer: [camera1] 29.99 frames per second
[INFO] [1716048443.341986116] [STEREO_CAMERA]: PublishImage: rgb Publishing image #5910
[INFO] [1716048443.476649886] [MONOStream]: processBuffer: [camera2] 29.97 frames per second
[INFO] [1716048443.537891306] [MONOStream]: processBuffer: [camera1] 29.99 frames per second
[INFO] [1716048444.478051648] [MONOStream]: processBuffer: [camera2] 29.96 frames per second
[INFO] [1716048444.539627244] [MONOStream]: processBuffer: [camera1] 29.95 frames per second
[INFO] [1716048445.509945224] [MONOStream]: processBuffer: [camera2] 30.04 frames per second
[INFO] [1716048445.540798509] [MONOStream]: processBuffer: [camera1] 29.96 frames per second
[INFO] [1716048446.348552458] [STEREO_CAMERA]: PublishImage: right Publishing image #6000
[INFO] [1716048446.512478313] [MONOStream]: processBuffer: [camera2] 29.92 frames per second
[INFO] [1716048446.547570448] [MONOStream]: processBuffer: [camera1] 29.80 frames per second
[INFO] [1716048447.542996401] [MONOStream]: processBuffer: [camera2] 30.08 frames per second
[INFO] [1716048447.569269686] [MONOStream]: processBuffer: [camera1] 30.34 frames per second
[INFO] [1716048448.543551442] [MONOStream]: processBuffer: [camera2] 29.98 frames per second
[INFO] [1716048448.570585208] [MONOStream]: processBuffer: [camera1] 29.96 frames per second
[INFO] [1716048449.372602707] [STEREO_CAMERA]: PublishImage: rgb Publishing image #6091
[INFO] [1716048449.544892852] [MONOStream]: processBuffer: [camera2] 29.96 frames per second
[INFO] [1716048449.603815424] [MONOStream]: processBuffer: [camera1] 30.00 frames per second
[INFO] [1716048450.551477751] [MONOStream]: processBuffer: [camera2] 29.80 frames per second
[INFO] [1716048450.616170723] [MONOStream]: processBuffer: [camera1] 29.63 frames per second
[INFO] [1716048451.581701278] [MONOStream]: processBuffer: [camera2] 30.09 frames per second
[INFO] [1716048451.637311113] [MONOStream]: processBuffer: [camera1] 30.36 frames per second
[WARN] [1716048452.063640443] [rcl_lifecycle]: No transition matching 1 found for current state active
[ERROR] [1716048452.064223227] []: Unable to start transition 1 from current state active: Transition is not registered., at /home/mi/ros_src/src/ros2/rcl/rcl_lifecycle/src/rcl_lifecycle.c:356
[INFO] [1716048452.390979195] [STEREO_CAMERA]: PublishImage: right Publishing image #6178
[INFO] [1716048452.582136064] [MONOStream]: processBuffer: [camera2] 26.99 frames per second
[INFO] [1716048452.654572206] [MONOStream]: processBuffer: [camera1] 26.54 frames per second
[INFO] [1716048453.583299585] [MONOStream]: processBuffer: [camera2] 29.96 frames per second
[INFO] [1716048453.679634324] [MONOStream]: processBuffer: [camera1] 30.24 frames per second
[INFO] [1716048454.583576803] [MONOStream]: processBuffer: [camera2] 29.99 frames per second
[INFO] [1716048454.703345690] [MONOStream]: processBuffer: [camera1] 30.28 frames per second
[INFO] [1716048455.405571842] [STEREO_CAMERA]: PublishImage: rgb Publishing image #6269
[INFO] [1716048455.585382949] [MONOStream]: processBuffer: [camera2] 29.95 frames per second
[INFO] [1716048455.704289148] [MONOStream]: processBuffer: [camera1] 29.97 frames per second
[INFO] [1716048456.616069324] [MONOStream]: processBuffer: [camera2] 30.08 frames per second
[INFO] [1716048456.706915870] [MONOStream]: processBuffer: [camera1] 29.92 frames per second
[WARN] [1716048457.590940745] [rcl_lifecycle]: No transition matching 3 found for current state active
[ERROR] [1716048457.591389449] []: Unable to start transition 3 from current state active: Transition is not registered., at /home/mi/ros_src/src/ros2/rcl/rcl_lifecycle/src/rcl_lifecycle.c:356
[INFO] [1716048457.617682062] [MONOStream]: processBuffer: [camera2] 28.95 frames per second
[INFO] [1716048457.709261792] [MONOStream]: processBuffer: [camera1] 28.93 frames per second
[INFO] [1716048458.412608424] [STEREO_CAMERA]: PublishImage: right Publishing image #6357
[INFO] [1716048458.626574449] [MONOStream]: processBuffer: [camera2] 29.74 frames per second
[INFO] [1716048458.723202724] [MONOStream]: processBuffer: [camera1] 28.60 frames per second
[INFO] [1716048460.726776231] [MONOStream]: processBuffer: [camera1] 7.99 frames per second
