[INFO] [1716044536.267574816] [vision_manager cyberdog_model]: cyberdog_model Constructor
[INFO] [1716044536.268132064] [vision_manager cyberdog_model]: is_specified_version: 0
[INFO] [1716044536.268261536] [vision_manager cyberdog_model]: specified_version: 0.0
[INFO] [1716044536.268368256] [vision_manager cyberdog_model]: module_name: auto_track
[INFO] [1716044536.268466016] [vision_manager cyberdog_model]: model_dir: /SDCARD/vision/auto_track/
[INFO] [1716044536.268581536] [vision_manager cyberdog_model]: temp_download_path: /SDCARD/vision/auto_track/temp/
[INFO] [1716044536.269624032] [vision_manager cyberdog_model]: cyberdog_model Constructor
[INFO] [1716044536.269785920] [vision_manager cyberdog_model]: is_specified_version: 0
[INFO] [1716044536.269893152] [vision_manager cyberdog_model]: specified_version: 0.0
[INFO] [1716044536.270001120] [vision_manager cyberdog_model]: module_name: body_gesture
[INFO] [1716044536.270106624] [vision_manager cyberdog_model]: model_dir: /SDCARD/vision/body_gesture/
[INFO] [1716044536.270219296] [vision_manager cyberdog_model]: temp_download_path: /SDCARD/vision/body_gesture/temp/
[INFO] [1716044536.271189888] [vision_manager cyberdog_model]: cyberdog_model Constructor
[INFO] [1716044536.271341120] [vision_manager cyberdog_model]: is_specified_version: 0
[INFO] [1716044536.271448352] [vision_manager cyberdog_model]: specified_version: 0.0
[INFO] [1716044536.271549792] [vision_manager cyberdog_model]: module_name: face_recognition/age
[INFO] [1716044536.271650784] [vision_manager cyberdog_model]: model_dir: /SDCARD/vision/face_recognition/age/
[INFO] [1716044536.271760768] [vision_manager cyberdog_model]: temp_download_path: /SDCARD/vision/face_recognition/age/temp/
[INFO] [1716044536.405002400] [vision_manager cyberdog_model]: cyberdog_model Constructor
[INFO] [1716044536.405252288] [vision_manager cyberdog_model]: is_specified_version: 0
[INFO] [1716044536.405370656] [vision_manager cyberdog_model]: specified_version: 0.0
[INFO] [1716044536.405471520] [vision_manager cyberdog_model]: module_name: face_recognition/detect
[INFO] [1716044536.405577344] [vision_manager cyberdog_model]: model_dir: /SDCARD/vision/face_recognition/detect/
[INFO] [1716044536.405684480] [vision_manager cyberdog_model]: temp_download_path: /SDCARD/vision/face_recognition/detect/temp/
[INFO] [1716044536.406718336] [vision_manager cyberdog_model]: cyberdog_model Constructor
[INFO] [1716044536.406873568] [vision_manager cyberdog_model]: is_specified_version: 0
[INFO] [1716044536.406989600] [vision_manager cyberdog_model]: specified_version: 0.0
[INFO] [1716044536.407090080] [vision_manager cyberdog_model]: module_name: face_recognition/emotion
[INFO] [1716044536.407197632] [vision_manager cyberdog_model]: model_dir: /SDCARD/vision/face_recognition/emotion/
[INFO] [1716044536.407304096] [vision_manager cyberdog_model]: temp_download_path: /SDCARD/vision/face_recognition/emotion/temp/
[INFO] [1716044536.489095360] [vision_manager cyberdog_model]: cyberdog_model Constructor
[INFO] [1716044536.492353312] [vision_manager cyberdog_model]: is_specified_version: 0
[INFO] [1716044536.492485824] [vision_manager cyberdog_model]: specified_version: 0.0
[INFO] [1716044536.492588352] [vision_manager cyberdog_model]: module_name: face_recognition/feature
[INFO] [1716044536.492694688] [vision_manager cyberdog_model]: model_dir: /SDCARD/vision/face_recognition/feature/
[INFO] [1716044536.502619840] [vision_manager cyberdog_model]: temp_download_path: /SDCARD/vision/face_recognition/feature/temp/
[INFO] [1716044536.562854560] [vision_manager cyberdog_model]: cyberdog_model Constructor
[INFO] [1716044536.570577472] [vision_manager cyberdog_model]: is_specified_version: 0
[INFO] [1716044536.588156512] [vision_manager cyberdog_model]: specified_version: 0.0
[INFO] [1716044536.588321760] [vision_manager cyberdog_model]: module_name: face_recognition/landmark
[INFO] [1716044536.588438720] [vision_manager cyberdog_model]: model_dir: /SDCARD/vision/face_recognition/landmark/
[INFO] [1716044536.588551392] [vision_manager cyberdog_model]: temp_download_path: /SDCARD/vision/face_recognition/landmark/temp/
[INFO] [1716044536.590782656] [vision_manager cyberdog_model]: cyberdog_model Constructor
[INFO] [1716044536.590991264] [vision_manager cyberdog_model]: is_specified_version: 0
[INFO] [1716044536.591111808] [vision_manager cyberdog_model]: specified_version: 0.0
[INFO] [1716044536.591249280] [vision_manager cyberdog_model]: module_name: keypoints_detection
[INFO] [1716044536.591358336] [vision_manager cyberdog_model]: model_dir: /SDCARD/vision/keypoints_detection/
[INFO] [1716044536.591471712] [vision_manager cyberdog_model]: temp_download_path: /SDCARD/vision/keypoints_detection/temp/
[INFO] [1716044536.748985824] [vision_manager cyberdog_model]: cyberdog_model Constructor
[INFO] [1716044536.749254976] [vision_manager cyberdog_model]: is_specified_version: 0
[INFO] [1716044536.749373120] [vision_manager cyberdog_model]: specified_version: 0.0
[INFO] [1716044536.749487232] [vision_manager cyberdog_model]: module_name: person_reid
[INFO] [1716044536.749606432] [vision_manager cyberdog_model]: model_dir: /SDCARD/vision/person_reid/
[INFO] [1716044536.749723136] [vision_manager cyberdog_model]: temp_download_path: /SDCARD/vision/person_reid/temp/
[INFO] [1716044537.136502112] [az2.vision_manager]: Vision manager constructor complated.
[INFO] [1716044540.804781728] [az2.vision_manager]: Received signal to download model. 
[INFO] [1716044540.806358176] [az2.vision_manager]: Internet is ready, begin to download model.
[INFO] [1716044540.806586720] [vision_manager cyberdog_model]: update models fuc begin
[INFO] [1716044540.806698336] [vision_manager cyberdog_model]: init fuc
[INFO] [1716044541.367710720] [vision_manager cyberdog_model]: auto_track has 2 versions in fsd
[INFO] [1716044541.368005056] [vision_manager cyberdog_model]: read model version in toml file
[INFO] [1716044541.368151616] [vision_manager cyberdog_model]: Get_Model_Version func 
[INFO] [1716044541.371704032] [vision_manager cyberdog_model]: read key value from toml successfully
[INFO] [1716044541.371987424] [vision_manager cyberdog_model]: the model version in toml file is 1.1 
[INFO] [1716044541.372172032] [vision_manager cyberdog_model]: temp toml path /SDCARD/vision/auto_track/temp/version.toml do not exist!
[INFO] [1716044541.372295552] [vision_manager cyberdog_model]: obj: 1.0/
[INFO] [1716044541.372412896] [vision_manager cyberdog_model]: obj: 1.1/
[INFO] [1716044541.372515040] [vision_manager cyberdog_model]: ftp_newest_version  is 1.1
[INFO] [1716044541.372618464] [vision_manager cyberdog_model]: nx_version  is 1.1
[INFO] [1716044541.372715936] [vision_manager cyberdog_model]: nx model version is the newest version
[INFO] [1716044541.372819232] [vision_manager cyberdog_model]: DownloadModels fuc
[INFO] [1716044541.372924960] [vision_manager cyberdog_model]: do not need download
[ERROR] [1716044541.373026496] [vision_manager cyberdog_model]: download failed or do not need download
[ERROR] [1716044541.373173056] [az2.vision_manager]: Download model from Fds fail. 
[INFO] [1716044541.374023264] [vision_manager cyberdog_model]: update models fuc begin
[INFO] [1716044541.374182240] [vision_manager cyberdog_model]: init fuc
[INFO] [1716044541.729870208] [vision_manager cyberdog_model]: body_gesture has 2 versions in fsd
[INFO] [1716044541.730128672] [vision_manager cyberdog_model]: read model version in toml file
[INFO] [1716044541.730295232] [vision_manager cyberdog_model]: Get_Model_Version func 
[INFO] [1716044541.735690880] [vision_manager cyberdog_model]: read key value from toml successfully
[INFO] [1716044541.736017152] [vision_manager cyberdog_model]: the model version in toml file is 1.1 
[INFO] [1716044541.736226592] [vision_manager cyberdog_model]: temp toml path /SDCARD/vision/body_gesture/temp/version.toml do not exist!
[INFO] [1716044541.736355776] [vision_manager cyberdog_model]: obj: 1.0/
[INFO] [1716044541.736460160] [vision_manager cyberdog_model]: obj: 1.1/
[INFO] [1716044541.736562976] [vision_manager cyberdog_model]: ftp_newest_version  is 1.1
[INFO] [1716044541.736663360] [vision_manager cyberdog_model]: nx_version  is 1.1
[INFO] [1716044541.736795968] [vision_manager cyberdog_model]: nx model version is the newest version
[INFO] [1716044541.736909536] [vision_manager cyberdog_model]: DownloadModels fuc
[INFO] [1716044541.737028832] [vision_manager cyberdog_model]: do not need download
[ERROR] [1716044541.737128480] [vision_manager cyberdog_model]: download failed or do not need download
[ERROR] [1716044541.737236768] [az2.vision_manager]: Download model from Fds fail. 
[INFO] [1716044541.737479456] [vision_manager cyberdog_model]: update models fuc begin
[INFO] [1716044541.737578048] [vision_manager cyberdog_model]: init fuc
[INFO] [1716044541.882621792] [vision_manager cyberdog_model]: face_recognition/age has 2 versions in fsd
[INFO] [1716044541.883202368] [vision_manager cyberdog_model]: read model version in toml file
[INFO] [1716044541.883404160] [vision_manager cyberdog_model]: Get_Model_Version func 
[INFO] [1716044541.887438144] [vision_manager cyberdog_model]: read key value from toml successfully
[INFO] [1716044541.887663328] [vision_manager cyberdog_model]: the model version in toml file is 1.1 
[INFO] [1716044541.888122752] [vision_manager cyberdog_model]: temp toml path /SDCARD/vision/face_recognition/age/temp/version.toml do not exist!
[INFO] [1716044541.888307424] [vision_manager cyberdog_model]: obj: 1.0/
[INFO] [1716044541.888432064] [vision_manager cyberdog_model]: obj: 1.1/
[INFO] [1716044541.888567648] [vision_manager cyberdog_model]: ftp_newest_version  is 1.1
[INFO] [1716044541.889095328] [vision_manager cyberdog_model]: nx_version  is 1.1
[INFO] [1716044541.889228992] [vision_manager cyberdog_model]: nx model version is the newest version
[INFO] [1716044541.889402368] [vision_manager cyberdog_model]: DownloadModels fuc
[INFO] [1716044541.889528832] [vision_manager cyberdog_model]: do not need download
[ERROR] [1716044541.889629376] [vision_manager cyberdog_model]: download failed or do not need download
[ERROR] [1716044541.889738656] [az2.vision_manager]: Download model from Fds fail. 
[INFO] [1716044541.891086816] [vision_manager cyberdog_model]: update models fuc begin
[INFO] [1716044541.891242400] [vision_manager cyberdog_model]: init fuc
[INFO] [1716044542.423686656] [vision_manager cyberdog_model]: face_recognition/detect has 2 versions in fsd
[INFO] [1716044542.424005696] [vision_manager cyberdog_model]: read model version in toml file
[INFO] [1716044542.424238752] [vision_manager cyberdog_model]: Get_Model_Version func 
[INFO] [1716044542.434454432] [vision_manager cyberdog_model]: read key value from toml successfully
[INFO] [1716044542.434776480] [vision_manager cyberdog_model]: the model version in toml file is 1.1 
[INFO] [1716044542.434973984] [vision_manager cyberdog_model]: temp toml path /SDCARD/vision/face_recognition/detect/temp/version.toml do not exist!
[INFO] [1716044542.435118112] [vision_manager cyberdog_model]: obj: 1.0/
[INFO] [1716044542.435233088] [vision_manager cyberdog_model]: obj: 1.1/
[INFO] [1716044542.435434912] [vision_manager cyberdog_model]: ftp_newest_version  is 1.1
[INFO] [1716044542.435545920] [vision_manager cyberdog_model]: nx_version  is 1.1
[INFO] [1716044542.435645664] [vision_manager cyberdog_model]: nx model version is the newest version
[INFO] [1716044542.435747904] [vision_manager cyberdog_model]: DownloadModels fuc
[INFO] [1716044542.436068576] [vision_manager cyberdog_model]: do not need download
[ERROR] [1716044542.444895200] [vision_manager cyberdog_model]: download failed or do not need download
[ERROR] [1716044542.445088768] [az2.vision_manager]: Download model from Fds fail. 
[INFO] [1716044542.445387136] [vision_manager cyberdog_model]: update models fuc begin
[INFO] [1716044542.445502976] [vision_manager cyberdog_model]: init fuc
[INFO] [1716044542.591706336] [vision_manager cyberdog_model]: face_recognition/emotion has 1 versions in fsd
[INFO] [1716044542.599703040] [vision_manager cyberdog_model]: read model version in toml file
[INFO] [1716044542.607780480] [vision_manager cyberdog_model]: Get_Model_Version func 
[INFO] [1716044542.612539744] [vision_manager cyberdog_model]: read key value from toml successfully
[INFO] [1716044542.702544928] [vision_manager cyberdog_model]: the model version in toml file is 1.1 
[INFO] [1716044542.702774592] [vision_manager cyberdog_model]: temp toml path /SDCARD/vision/face_recognition/emotion/temp/version.toml do not exist!
[INFO] [1716044542.702932672] [vision_manager cyberdog_model]: obj: 1.1/
[INFO] [1716044542.703070784] [vision_manager cyberdog_model]: ftp_newest_version  is 1.1
[INFO] [1716044542.703218752] [vision_manager cyberdog_model]: nx_version  is 1.1
[INFO] [1716044542.703326272] [vision_manager cyberdog_model]: nx model version is the newest version
[INFO] [1716044542.703434016] [vision_manager cyberdog_model]: DownloadModels fuc
[INFO] [1716044542.703536896] [vision_manager cyberdog_model]: do not need download
[ERROR] [1716044542.703633856] [vision_manager cyberdog_model]: download failed or do not need download
[ERROR] [1716044542.703747104] [az2.vision_manager]: Download model from Fds fail. 
[INFO] [1716044542.704018304] [vision_manager cyberdog_model]: update models fuc begin
[INFO] [1716044542.704702176] [vision_manager cyberdog_model]: init fuc
[INFO] [1716044542.984532448] [vision_manager cyberdog_model]: face_recognition/feature has 2 versions in fsd
[INFO] [1716044542.984797120] [vision_manager cyberdog_model]: read model version in toml file
[INFO] [1716044542.984976224] [vision_manager cyberdog_model]: Get_Model_Version func 
[INFO] [1716044542.990365248] [vision_manager cyberdog_model]: read key value from toml successfully
[INFO] [1716044542.991157856] [vision_manager cyberdog_model]: the model version in toml file is 1.1 
[INFO] [1716044542.991371488] [vision_manager cyberdog_model]: temp toml path /SDCARD/vision/face_recognition/feature/temp/version.toml do not exist!
[INFO] [1716044542.991514848] [vision_manager cyberdog_model]: obj: 1.1/
[INFO] [1716044543.001625568] [vision_manager cyberdog_model]: obj: 1/
[INFO] [1716044543.001779840] [vision_manager cyberdog_model]: ftp_newest_version  is 1.1
[INFO] [1716044543.001890784] [vision_manager cyberdog_model]: nx_version  is 1.1
[INFO] [1716044543.001992192] [vision_manager cyberdog_model]: nx model version is the newest version
[INFO] [1716044543.002101536] [vision_manager cyberdog_model]: DownloadModels fuc
[INFO] [1716044543.002218880] [vision_manager cyberdog_model]: do not need download
[ERROR] [1716044543.002342336] [vision_manager cyberdog_model]: download failed or do not need download
[ERROR] [1716044543.002453248] [az2.vision_manager]: Download model from Fds fail. 
[INFO] [1716044543.007173408] [vision_manager cyberdog_model]: update models fuc begin
[INFO] [1716044543.007311488] [vision_manager cyberdog_model]: init fuc
[INFO] [1716044543.598609376] [vision_manager cyberdog_model]: face_recognition/landmark has 1 versions in fsd
[INFO] [1716044543.640939488] [vision_manager cyberdog_model]: read model version in toml file
[INFO] [1716044543.641160768] [vision_manager cyberdog_model]: Get_Model_Version func 
[INFO] [1716044543.695616704] [vision_manager cyberdog_model]: read key value from toml successfully
[INFO] [1716044543.695876768] [vision_manager cyberdog_model]: the model version in toml file is 1.1 
[INFO] [1716044543.699817440] [vision_manager cyberdog_model]: temp toml path /SDCARD/vision/face_recognition/landmark/temp/version.toml do not exist!
[INFO] [1716044543.705061120] [vision_manager cyberdog_model]: obj: 1.1/
[INFO] [1716044543.705682016] [vision_manager cyberdog_model]: ftp_newest_version  is 1.1
[INFO] [1716044543.710771200] [vision_manager cyberdog_model]: nx_version  is 1.1
[INFO] [1716044543.710968640] [vision_manager cyberdog_model]: nx model version is the newest version
[INFO] [1716044543.711110016] [vision_manager cyberdog_model]: DownloadModels fuc
[INFO] [1716044543.711216000] [vision_manager cyberdog_model]: do not need download
[ERROR] [1716044543.711312448] [vision_manager cyberdog_model]: download failed or do not need download
[ERROR] [1716044543.711969312] [az2.vision_manager]: Download model from Fds fail. 
[INFO] [1716044543.712319712] [vision_manager cyberdog_model]: update models fuc begin
[INFO] [1716044543.712441088] [vision_manager cyberdog_model]: init fuc
[INFO] [1716044544.097132320] [vision_manager cyberdog_model]: keypoints_detection has 2 versions in fsd
[INFO] [1716044544.097382208] [vision_manager cyberdog_model]: read model version in toml file
[INFO] [1716044544.097549536] [vision_manager cyberdog_model]: Get_Model_Version func 
[INFO] [1716044544.134989280] [vision_manager cyberdog_model]: read key value from toml successfully
[INFO] [1716044544.135251936] [vision_manager cyberdog_model]: the model version in toml file is 1.1 
[INFO] [1716044544.147703616] [vision_manager cyberdog_model]: temp toml path /SDCARD/vision/keypoints_detection/temp/version.toml do not exist!
[INFO] [1716044544.147942848] [vision_manager cyberdog_model]: obj: 1.0/
[INFO] [1716044544.148077024] [vision_manager cyberdog_model]: obj: 1.1/
[INFO] [1716044544.148187712] [vision_manager cyberdog_model]: ftp_newest_version  is 1.1
[INFO] [1716044544.148292224] [vision_manager cyberdog_model]: nx_version  is 1.1
[INFO] [1716044544.148389088] [vision_manager cyberdog_model]: nx model version is the newest version
[INFO] [1716044544.148503072] [vision_manager cyberdog_model]: DownloadModels fuc
[INFO] [1716044544.158958304] [vision_manager cyberdog_model]: do not need download
[ERROR] [1716044544.159168960] [vision_manager cyberdog_model]: download failed or do not need download
[ERROR] [1716044544.159291424] [az2.vision_manager]: Download model from Fds fail. 
[INFO] [1716044544.159526240] [vision_manager cyberdog_model]: update models fuc begin
[INFO] [1716044544.159627584] [vision_manager cyberdog_model]: init fuc
[INFO] [1716044544.847987072] [vision_manager cyberdog_model]: person_reid has 2 versions in fsd
[INFO] [1716044544.848223712] [vision_manager cyberdog_model]: read model version in toml file
[INFO] [1716044544.848400992] [vision_manager cyberdog_model]: Get_Model_Version func 
[INFO] [1716044544.868113728] [vision_manager cyberdog_model]: read key value from toml successfully
[INFO] [1716044544.868413952] [vision_manager cyberdog_model]: the model version in toml file is 1.1 
[INFO] [1716044544.869654976] [vision_manager cyberdog_model]: temp toml path /SDCARD/vision/person_reid/temp/version.toml do not exist!
[INFO] [1716044544.869870784] [vision_manager cyberdog_model]: obj: 1.0/
[INFO] [1716044544.869992416] [vision_manager cyberdog_model]: obj: 1.1/
[INFO] [1716044544.870178272] [vision_manager cyberdog_model]: ftp_newest_version  is 1.1
[INFO] [1716044544.870279296] [vision_manager cyberdog_model]: nx_version  is 1.1
[INFO] [1716044544.870402880] [vision_manager cyberdog_model]: nx model version is the newest version
[INFO] [1716044544.870506688] [vision_manager cyberdog_model]: DownloadModels fuc
[INFO] [1716044544.873180800] [vision_manager cyberdog_model]: do not need download
[ERROR] [1716044544.873318080] [vision_manager cyberdog_model]: download failed or do not need download
[ERROR] [1716044544.873444256] [az2.vision_manager]: Download model from Fds fail. 
[INFO] [1716044570.688544366] [az2.vision_manager]: Configuring vision_manager. 
[INFO] [1716044570.693625422] [az2.vision_manager]: Create ROS object. 
[INFO] [1716044570.740060206] [az2.vision_manager]: Configure complated. 
