[4.244s] Invoking command in '/home/mi/workplace/src/learning': PYTHONPATH=/home/mi/workplace/install/learning/lib/python3.6/site-packages:${PYTHONPATH} /usr/bin/python3 setup.py egg_info --egg-base ../../build/learning build --build-base /home/mi/workplace/build/learning/build install --prefix /home/mi/workplace/install/learning --record /home/mi/workplace/build/learning/install.log --single-version-externally-managed
[5.947s] running egg_info
[5.950s] creating ../../build/learning/learning.egg-info
[5.951s] writing ../../build/learning/learning.egg-info/PKG-INFO
[5.953s] writing dependency_links to ../../build/learning/learning.egg-info/dependency_links.txt
[5.954s] writing entry points to ../../build/learning/learning.egg-info/entry_points.txt
[5.954s] writing requirements to ../../build/learning/learning.egg-info/requires.txt
[5.955s] writing top-level names to ../../build/learning/learning.egg-info/top_level.txt
[5.967s] writing manifest file '../../build/learning/learning.egg-info/SOURCES.txt'
[5.978s] reading manifest file '../../build/learning/learning.egg-info/SOURCES.txt'
[5.985s] writing manifest file '../../build/learning/learning.egg-info/SOURCES.txt'
[5.985s] running build
[5.986s] running build_py
[5.988s] creating /home/mi/workplace/build/learning/build
[5.990s] creating /home/mi/workplace/build/learning/build/lib
[5.990s] creating /home/mi/workplace/build/learning/build/lib/learning
[5.991s] copying learning/stand.py -> /home/mi/workplace/build/learning/build/lib/learning
[5.992s] copying learning/__init__.py -> /home/mi/workplace/build/learning/build/lib/learning
[5.992s] running install
[5.993s] /usr/local/lib/python3.6/dist-packages/setuptools/command/install.py:37: SetuptoolsDeprecationWarning: setup.py install is deprecated. Use build and pip and other standards-based tools.
[5.993s]   setuptools.SetuptoolsDeprecationWarning,
[5.994s] running install_lib
[5.998s] creating /home/mi/workplace/install/learning/lib/python3.6/site-packages/learning
[5.998s] copying /home/mi/workplace/build/learning/build/lib/learning/stand.py -> /home/mi/workplace/install/learning/lib/python3.6/site-packages/learning
[5.999s] copying /home/mi/workplace/build/learning/build/lib/learning/__init__.py -> /home/mi/workplace/install/learning/lib/python3.6/site-packages/learning
[6.001s] byte-compiling /home/mi/workplace/install/learning/lib/python3.6/site-packages/learning/stand.py to stand.cpython-36.pyc
[6.003s] byte-compiling /home/mi/workplace/install/learning/lib/python3.6/site-packages/learning/__init__.py to __init__.cpython-36.pyc
[6.004s] running install_data
[6.008s] creating /home/mi/workplace/install/learning/share/ament_index
[6.008s] creating /home/mi/workplace/install/learning/share/ament_index/resource_index
[6.009s] creating /home/mi/workplace/install/learning/share/ament_index/resource_index/packages
[6.009s] copying resource/learning -> /home/mi/workplace/install/learning/share/ament_index/resource_index/packages
[6.010s] copying package.xml -> /home/mi/workplace/install/learning/share/learning
[6.010s] running install_egg_info
[6.022s] Copying ../../build/learning/learning.egg-info to /home/mi/workplace/install/learning/lib/python3.6/site-packages/learning-0.0.0-py3.6.egg-info
[6.026s] running install_scripts
[6.138s] Installing stand script to /home/mi/workplace/install/learning/lib/learning
[6.140s] writing list of installed files to '/home/mi/workplace/build/learning/install.log'
[6.280s] Invoked command in '/home/mi/workplace/src/learning' returned '0': PYTHONPATH=/home/mi/workplace/install/learning/lib/python3.6/site-packages:${PYTHONPATH} /usr/bin/python3 setup.py egg_info --egg-base ../../build/learning build --build-base /home/mi/workplace/build/learning/build install --prefix /home/mi/workplace/install/learning --record /home/mi/workplace/build/learning/install.log --single-version-externally-managed
