2024-05-17 22:10:19.472 [info] 日志级别: Info
2024-05-17 22:10:19.472 [info] 正在验证在以下位置找到的 git: "git"
2024-05-17 22:10:19.472 [info] 将使用位于 "2.17.1" 的 Git "git"
2024-05-17 22:10:19.472 [info] > git rev-parse --show-toplevel [25ms]
2024-05-17 22:10:19.472 [info] fatal: not a git repository (or any of the parent directories): .git
2024-05-17 22:10:19.472 [info] > git rev-parse --show-toplevel [40ms]
2024-05-17 22:10:19.472 [info] fatal: not a git repository (or any of the parent directories): .git
2024-05-17 22:10:19.472 [info] > git rev-parse --show-toplevel [10ms]
2024-05-17 22:10:19.472 [info] fatal: not a git repository (or any of the parent directories): .git
2024-05-17 22:10:19.483 [info] > git rev-parse --show-toplevel [326ms]
2024-05-17 22:10:19.483 [info] fatal: not a git repository (or any of the parent directories): .git
2024-05-17 22:10:19.505 [info] > git rev-parse --show-toplevel [7ms]
2024-05-17 22:10:19.505 [info] fatal: not a git repository (or any of the parent directories): .git
2024-05-17 22:10:19.523 [info] > git rev-parse --show-toplevel [3ms]
2024-05-17 22:10:19.523 [info] fatal: not a git repository (or any of the parent directories): .git
2024-05-17 22:10:19.542 [info] > git rev-parse --show-toplevel [4ms]
2024-05-17 22:10:19.543 [info] fatal: not a git repository (or any of the parent directories): .git
2024-05-17 22:10:19.561 [info] > git rev-parse --show-toplevel [5ms]
2024-05-17 22:10:19.561 [info] fatal: not a git repository (or any of the parent directories): .git
2024-05-17 22:10:19.583 [info] > git rev-parse --show-toplevel [5ms]
2024-05-17 22:10:19.583 [info] fatal: not a git repository (or any of the parent directories): .git
2024-05-17 22:10:19.601 [info] > git rev-parse --show-toplevel [5ms]
2024-05-17 22:10:19.601 [info] fatal: not a git repository (or any of the parent directories): .git
2024-05-17 22:10:19.620 [info] > git rev-parse --show-toplevel [4ms]
2024-05-17 22:10:19.620 [info] fatal: not a git repository (or any of the parent directories): .git
2024-05-17 22:10:19.640 [info] > git rev-parse --show-toplevel [6ms]
2024-05-17 22:10:19.640 [info] fatal: not a git repository (or any of the parent directories): .git
2024-05-17 22:10:19.659 [info] > git rev-parse --show-toplevel [4ms]
2024-05-17 22:10:19.659 [info] fatal: not a git repository (or any of the parent directories): .git
2024-05-17 22:10:19.677 [info] > git rev-parse --show-toplevel [4ms]
2024-05-17 22:10:19.677 [info] fatal: not a git repository (or any of the parent directories): .git
2024-05-17 22:10:19.694 [info] > git rev-parse --show-toplevel [4ms]
2024-05-17 22:10:19.694 [info] fatal: not a git repository (or any of the parent directories): .git
2024-05-17 22:10:19.711 [info] > git rev-parse --show-toplevel [4ms]
2024-05-17 22:10:19.711 [info] fatal: not a git repository (or any of the parent directories): .git
2024-05-17 22:10:19.727 [info] > git rev-parse --show-toplevel [4ms]
2024-05-17 22:10:19.727 [info] fatal: not a git repository (or any of the parent directories): .git
2024-05-17 22:10:19.745 [info] > git rev-parse --show-toplevel [5ms]
2024-05-17 22:10:19.745 [info] fatal: not a git repository (or any of the parent directories): .git
2024-05-17 22:10:19.761 [info] > git rev-parse --show-toplevel [5ms]
2024-05-17 22:10:19.761 [info] fatal: not a git repository (or any of the parent directories): .git
2024-05-17 22:10:19.782 [info] > git rev-parse --show-toplevel [4ms]
2024-05-17 22:10:19.782 [info] fatal: not a git repository (or any of the parent directories): .git
2024-05-17 22:10:19.799 [info] > git rev-parse --show-toplevel [4ms]
2024-05-17 22:10:19.799 [info] fatal: not a git repository (or any of the parent directories): .git
2024-05-17 22:10:19.818 [info] > git rev-parse --show-toplevel [4ms]
2024-05-17 22:10:19.818 [info] fatal: not a git repository (or any of the parent directories): .git
2024-05-17 22:10:19.834 [info] > git rev-parse --show-toplevel [5ms]
2024-05-17 22:10:19.834 [info] fatal: not a git repository (or any of the parent directories): .git
2024-05-17 22:10:19.852 [info] > git rev-parse --show-toplevel [4ms]
2024-05-17 22:10:19.852 [info] fatal: not a git repository (or any of the parent directories): .git
2024-05-17 22:10:19.870 [info] > git rev-parse --show-toplevel [4ms]
2024-05-17 22:10:19.870 [info] fatal: not a git repository (or any of the parent directories): .git
2024-05-17 22:10:21.176 [info] > git rev-parse --show-toplevel [3ms]
2024-05-17 22:10:21.176 [info] fatal: not a git repository (or any of the parent directories): .git
2024-05-17 22:10:31.436 [info] > git rev-parse --show-toplevel [6ms]
2024-05-17 22:10:31.436 [info] fatal: not a git repository (or any of the parent directories): .git
2024-05-17 22:12:27.499 [info] > git rev-parse --show-toplevel [18ms]
2024-05-17 22:12:27.500 [info] fatal: not a git repository (or any of the parent directories): .git
