[4.601s] Invoking command in '/home/mi/workplace/src/learning': PYTHONPATH=/home/mi/workplace/install/learning/lib/python3.6/site-packages:${PYTHONPATH} /usr/bin/python3 setup.py egg_info --egg-base ../../build/learning build --build-base /home/mi/workplace/build/learning/build install --prefix /home/mi/workplace/install/learning --record /home/mi/workplace/build/learning/install.log --single-version-externally-managed
[6.661s] running egg_info
[6.670s] writing ../../build/learning/learning.egg-info/PKG-INFO
[6.671s] writing dependency_links to ../../build/learning/learning.egg-info/dependency_links.txt
[6.680s] writing entry points to ../../build/learning/learning.egg-info/entry_points.txt
[6.681s] writing requirements to ../../build/learning/learning.egg-info/requires.txt
[6.682s] writing top-level names to ../../build/learning/learning.egg-info/top_level.txt
[6.690s] reading manifest file '../../build/learning/learning.egg-info/SOURCES.txt'
[6.698s] writing manifest file '../../build/learning/learning.egg-info/SOURCES.txt'
[6.698s] running build
[6.699s] running build_py
[6.703s] copying learning/get_data.py -> /home/mi/workplace/build/learning/build/lib/learning
[6.705s] copying learning/keeper.py -> /home/mi/workplace/build/learning/build/lib/learning
[6.706s] running install
[6.707s] /usr/local/lib/python3.6/dist-packages/setuptools/command/install.py:37: SetuptoolsDeprecationWarning: setup.py install is deprecated. Use build and pip and other standards-based tools.
[6.708s]   setuptools.SetuptoolsDeprecationWarning,
[6.710s] running install_lib
[6.713s] copying /home/mi/workplace/build/learning/build/lib/learning/get_data.py -> /home/mi/workplace/install/learning/lib/python3.6/site-packages/learning
[6.717s] copying /home/mi/workplace/build/learning/build/lib/learning/keeper.py -> /home/mi/workplace/install/learning/lib/python3.6/site-packages/learning
[6.718s] byte-compiling /home/mi/workplace/install/learning/lib/python3.6/site-packages/learning/get_data.py to get_data.cpython-36.pyc
[6.725s] byte-compiling /home/mi/workplace/install/learning/lib/python3.6/site-packages/learning/keeper.py to keeper.cpython-36.pyc
[6.726s] running install_data
[6.730s] running install_egg_info
[6.740s] removing '/home/mi/workplace/install/learning/lib/python3.6/site-packages/learning-0.0.0-py3.6.egg-info' (and everything under it)
[6.740s] Copying ../../build/learning/learning.egg-info to /home/mi/workplace/install/learning/lib/python3.6/site-packages/learning-0.0.0-py3.6.egg-info
[6.746s] running install_scripts
[6.845s] Installing camera script to /home/mi/workplace/install/learning/lib/learning
[6.848s] Installing data_receive script to /home/mi/workplace/install/learning/lib/learning
[6.850s] Installing get_data script to /home/mi/workplace/install/learning/lib/learning
[6.851s] Installing keeper script to /home/mi/workplace/install/learning/lib/learning
[6.851s] Installing move_x script to /home/mi/workplace/install/learning/lib/learning
[6.852s] Installing stand script to /home/mi/workplace/install/learning/lib/learning
[6.853s] Installing track script to /home/mi/workplace/install/learning/lib/learning
[6.854s] writing list of installed files to '/home/mi/workplace/build/learning/install.log'
[6.978s] Invoked command in '/home/mi/workplace/src/learning' returned '0': PYTHONPATH=/home/mi/workplace/install/learning/lib/python3.6/site-packages:${PYTHONPATH} /usr/bin/python3 setup.py egg_info --egg-base ../../build/learning build --build-base /home/mi/workplace/build/learning/build install --prefix /home/mi/workplace/install/learning --record /home/mi/workplace/build/learning/install.log --single-version-externally-managed
