2024-05-22 23:37:32.472 [info] Log level: Info
2024-05-22 23:37:32.472 [info] Validating found git in: "D:\app2\git\Git\cmd\git.exe"
2024-05-22 23:37:32.472 [info] Unable to find git on the PATH: "D:\app2\git\Git\cmd\git.exe". Error: spawn D:\app2\git\Git\cmd\git.exe ENOENT
2024-05-22 23:37:32.472 [info] Validating found git in: "git"
2024-05-22 23:37:32.473 [info] Using git "2.17.1" from "git"
2024-05-22 23:37:32.473 [info] > git rev-parse --show-toplevel [1113ms]
2024-05-22 23:37:32.490 [info] > git rev-parse --git-dir --git-common-dir [515ms]
2024-05-22 23:37:32.549 [info] Open repository: /home/mi
2024-05-22 23:37:32.998 [info] > git rev-parse --show-toplevel [399ms]
2024-05-22 23:37:33.002 [info] > git config --get commit.template [417ms]
2024-05-22 23:37:33.123 [info] > git rev-parse --show-toplevel [98ms]
2024-05-22 23:37:33.187 [info] > git check-ignore -v -z --stdin [41ms]
2024-05-22 23:37:33.204 [info] > git for-each-ref --format=%(refname)%00%(upstream:short)%00%(objectname)%00%(upstream:track)%00%(upstream:remotename)%00%(upstream:remoteref) refs/heads/master refs/remotes/master [92ms]
2024-05-22 23:37:34.701 [info] > git rev-parse --show-toplevel [1518ms]
2024-05-22 23:37:35.087 [info] > git rev-parse --show-toplevel [326ms]
2024-05-22 23:37:35.825 [info] > git status -z -uall [716ms]
2024-05-22 23:37:35.829 [info] > git rev-parse --show-toplevel [652ms]
2024-05-22 23:37:36.609 [info] > git merge-base refs/heads/master refs/remotes/origin/master [711ms]
2024-05-22 23:37:36.633 [info] > git rev-parse --show-toplevel [786ms]
2024-05-22 23:37:36.663 [info] > git config --get commit.template [148ms]
2024-05-22 23:37:36.673 [info] > git rev-parse --show-toplevel [17ms]
2024-05-22 23:37:36.674 [info] > git rev-list --count --left-right refs/heads/master...refs/remotes/origin/master [46ms]
2024-05-22 23:37:37.178 [info] > git rev-parse --show-toplevel [346ms]
2024-05-22 23:37:37.180 [info] > git for-each-ref --format=%(refname)%00%(upstream:short)%00%(objectname)%00%(upstream:track)%00%(upstream:remotename)%00%(upstream:remoteref) refs/heads/master refs/remotes/master [455ms]
2024-05-22 23:37:37.183 [info] > git diff --name-status -z --diff-filter=ADMR 7fe3a803ce6102ce89f79eb3d61e53c5b1046660...refs/remotes/origin/master [483ms]
2024-05-22 23:37:37.236 [info] > git rev-parse --show-toplevel [17ms]
2024-05-22 23:37:37.337 [info] > git rev-parse --show-toplevel [70ms]
2024-05-22 23:37:37.456 [info] > git status -z -uall [162ms]
2024-05-22 23:37:37.458 [info] > git rev-parse --show-toplevel [97ms]
2024-05-22 23:37:38.052 [info] > git rev-parse --show-toplevel [389ms]
2024-05-22 23:37:38.081 [info] > git rev-parse --show-toplevel [8ms]
2024-05-22 23:37:38.107 [info] > git rev-parse --show-toplevel [5ms]
2024-05-22 23:37:38.129 [info] > git rev-parse --show-toplevel [4ms]
2024-05-22 23:37:38.154 [info] > git rev-parse --show-toplevel [4ms]
2024-05-22 23:37:38.177 [info] > git rev-parse --show-toplevel [7ms]
2024-05-22 23:37:38.201 [info] > git rev-parse --show-toplevel [6ms]
2024-05-22 23:37:38.223 [info] > git rev-parse --show-toplevel [5ms]
2024-05-22 23:37:38.247 [info] > git rev-parse --show-toplevel [7ms]
2024-05-22 23:37:38.271 [info] > git rev-parse --show-toplevel [6ms]
2024-05-22 23:37:38.293 [info] > git rev-parse --show-toplevel [5ms]
2024-05-22 23:37:38.315 [info] > git rev-parse --show-toplevel [5ms]
2024-05-22 23:37:38.337 [info] > git rev-parse --show-toplevel [5ms]
2024-05-22 23:37:38.359 [info] > git rev-parse --show-toplevel [5ms]
2024-05-22 23:37:38.380 [info] > git rev-parse --show-toplevel [5ms]
2024-05-22 23:37:38.401 [info] > git rev-parse --show-toplevel [5ms]
2024-05-22 23:37:38.447 [info] > git rev-parse --show-toplevel [27ms]
2024-05-22 23:37:38.508 [info] > git show --textconv :workplace/readme.md [28ms]
2024-05-22 23:37:38.517 [info] > git ls-files --stage -- /home/mi/workplace/readme.md [18ms]
2024-05-22 23:37:38.539 [info] > git cat-file -s d6302f1fe87ecf35a15e13fe68aa7df80789d6e1 [5ms]
2024-05-22 23:48:09.646 [info] > git check-ignore -v -z --stdin [10ms]
2024-05-22 23:48:10.476 [info] > git check-ignore -v -z --stdin [10ms]
2024-05-22 23:48:13.463 [info] > git check-ignore -v -z --stdin [9ms]
2024-05-22 23:48:46.140 [info] > git check-ignore -v -z --stdin [9ms]
2024-05-22 23:50:02.950 [info] > git log --format=%H%n%aN%n%aE%n%at%n%ct%n%P%n%D%n%B -z -n552 --follow -- /home/mi/workplace/readme.md [647ms]
2024-05-22 23:50:49.315 [info] > git config --get commit.template [3ms]
2024-05-22 23:50:49.343 [info] > git for-each-ref --format=%(refname)%00%(upstream:short)%00%(objectname)%00%(upstream:track)%00%(upstream:remotename)%00%(upstream:remoteref) refs/heads/master refs/remotes/master [6ms]
2024-05-22 23:50:49.452 [info] > git status -z -uall [80ms]
