[3.961s] Invoking command in '/home/mi/workplace/src/learning': PYTHONPATH=/home/mi/workplace/install/learning/lib/python3.6/site-packages:${PYTHONPATH} /usr/bin/python3 setup.py egg_info --egg-base ../../build/learning build --build-base /home/mi/workplace/build/learning/build install --prefix /home/mi/workplace/install/learning --record /home/mi/workplace/build/learning/install.log --single-version-externally-managed
[5.523s] running egg_info
[5.526s] writing ../../build/learning/learning.egg-info/PKG-INFO
[5.526s] writing dependency_links to ../../build/learning/learning.egg-info/dependency_links.txt
[5.530s] writing entry points to ../../build/learning/learning.egg-info/entry_points.txt
[5.531s] writing requirements to ../../build/learning/learning.egg-info/requires.txt
[5.532s] writing top-level names to ../../build/learning/learning.egg-info/top_level.txt
[5.543s] reading manifest file '../../build/learning/learning.egg-info/SOURCES.txt'
[5.551s] writing manifest file '../../build/learning/learning.egg-info/SOURCES.txt'
[5.552s] running build
[5.552s] running build_py
[5.553s] copying learning/stand.py -> /home/mi/workplace/build/learning/build/lib/learning
[5.553s] copying learning/move_x.py -> /home/mi/workplace/build/learning/build/lib/learning
[5.554s] copying learning/keeper.py -> /home/mi/workplace/build/learning/build/lib/learning
[5.555s] running install
[5.556s] /usr/local/lib/python3.6/dist-packages/setuptools/command/install.py:37: SetuptoolsDeprecationWarning: setup.py install is deprecated. Use build and pip and other standards-based tools.
[5.556s]   setuptools.SetuptoolsDeprecationWarning,
[5.558s] running install_lib
[5.562s] copying /home/mi/workplace/build/learning/build/lib/learning/stand.py -> /home/mi/workplace/install/learning/lib/python3.6/site-packages/learning
[5.563s] copying /home/mi/workplace/build/learning/build/lib/learning/move_x.py -> /home/mi/workplace/install/learning/lib/python3.6/site-packages/learning
[5.563s] copying /home/mi/workplace/build/learning/build/lib/learning/keeper.py -> /home/mi/workplace/install/learning/lib/python3.6/site-packages/learning
[5.564s] byte-compiling /home/mi/workplace/install/learning/lib/python3.6/site-packages/learning/stand.py to stand.cpython-36.pyc
[5.566s] byte-compiling /home/mi/workplace/install/learning/lib/python3.6/site-packages/learning/move_x.py to move_x.cpython-36.pyc
[5.573s] byte-compiling /home/mi/workplace/install/learning/lib/python3.6/site-packages/learning/keeper.py to keeper.cpython-36.pyc
[5.574s] running install_data
[5.577s] running install_egg_info
[5.585s] removing '/home/mi/workplace/install/learning/lib/python3.6/site-packages/learning-0.0.0-py3.6.egg-info' (and everything under it)
[5.588s] Copying ../../build/learning/learning.egg-info to /home/mi/workplace/install/learning/lib/python3.6/site-packages/learning-0.0.0-py3.6.egg-info
[5.594s] running install_scripts
[5.680s] Installing keeper script to /home/mi/workplace/install/learning/lib/learning
[5.681s] Installing move_x script to /home/mi/workplace/install/learning/lib/learning
[5.682s] Installing stand script to /home/mi/workplace/install/learning/lib/learning
[5.683s] writing list of installed files to '/home/mi/workplace/build/learning/install.log'
[5.800s] Invoked command in '/home/mi/workplace/src/learning' returned '0': PYTHONPATH=/home/mi/workplace/install/learning/lib/python3.6/site-packages:${PYTHONPATH} /usr/bin/python3 setup.py egg_info --egg-base ../../build/learning build --build-base /home/mi/workplace/build/learning/build install --prefix /home/mi/workplace/install/learning --record /home/mi/workplace/build/learning/install.log --single-version-externally-managed
