[4.142s] Invoking command in '/home/mi/workplace/src/learning': PYTHONPATH=/home/mi/workplace/install/learning/lib/python3.6/site-packages:${PYTHONPATH} /usr/bin/python3 setup.py egg_info --egg-base ../../build/learning build --build-base /home/mi/workplace/build/learning/build install --prefix /home/mi/workplace/install/learning --record /home/mi/workplace/build/learning/install.log --single-version-externally-managed
[5.841s] running egg_info
[5.849s] writing ../../build/learning/learning.egg-info/PKG-INFO
[5.850s] writing dependency_links to ../../build/learning/learning.egg-info/dependency_links.txt
[5.850s] writing entry points to ../../build/learning/learning.egg-info/entry_points.txt
[5.851s] writing requirements to ../../build/learning/learning.egg-info/requires.txt
[5.851s] writing top-level names to ../../build/learning/learning.egg-info/top_level.txt
[5.861s] reading manifest file '../../build/learning/learning.egg-info/SOURCES.txt'
[5.866s] writing manifest file '../../build/learning/learning.egg-info/SOURCES.txt'
[5.868s] running build
[5.868s] running build_py
[5.870s] /usr/local/lib/python3.6/dist-packages/setuptools/command/install.py:37: SetuptoolsDeprecationWarning: setup.py install is deprecated. Use build and pip and other standards-based tools.
[5.870s]   setuptools.SetuptoolsDeprecationWarning,
[5.871s] running install
[5.872s] running install_lib
[5.877s] running install_data
[5.880s] running install_egg_info
[5.887s] removing '/home/mi/workplace/install/learning/lib/python3.6/site-packages/learning-0.0.0-py3.6.egg-info' (and everything under it)
[5.889s] Copying ../../build/learning/learning.egg-info to /home/mi/workplace/install/learning/lib/python3.6/site-packages/learning-0.0.0-py3.6.egg-info
[5.895s] running install_scripts
[5.980s] Installing stand script to /home/mi/workplace/install/learning/lib/learning
[5.982s] writing list of installed files to '/home/mi/workplace/build/learning/install.log'
[6.095s] Invoked command in '/home/mi/workplace/src/learning' returned '0': PYTHONPATH=/home/mi/workplace/install/learning/lib/python3.6/site-packages:${PYTHONPATH} /usr/bin/python3 setup.py egg_info --egg-base ../../build/learning build --build-base /home/mi/workplace/build/learning/build install --prefix /home/mi/workplace/install/learning --record /home/mi/workplace/build/learning/install.log --single-version-externally-managed
