[4.387s] Invoking command in '/home/mi/workplace/src/learning': PYTHONPATH=/home/mi/workplace/install/learning/lib/python3.6/site-packages:${PYTHONPATH} /usr/bin/python3 setup.py egg_info --egg-base ../../build/learning build --build-base /home/mi/workplace/build/learning/build install --prefix /home/mi/workplace/install/learning --record /home/mi/workplace/build/learning/install.log --single-version-externally-managed
[6.037s] running egg_info
[6.039s] writing ../../build/learning/learning.egg-info/PKG-INFO
[6.041s] writing dependency_links to ../../build/learning/learning.egg-info/dependency_links.txt
[6.042s] writing entry points to ../../build/learning/learning.egg-info/entry_points.txt
[6.044s] writing requirements to ../../build/learning/learning.egg-info/requires.txt
[6.044s] writing top-level names to ../../build/learning/learning.egg-info/top_level.txt
[6.067s] reading manifest file '../../build/learning/learning.egg-info/SOURCES.txt'
[6.076s] writing manifest file '../../build/learning/learning.egg-info/SOURCES.txt'
[6.076s] running build
[6.077s] running build_py
[6.078s] copying learning/camera.py -> /home/mi/workplace/build/learning/build/lib/learning
[6.081s] running install
[6.083s] /usr/local/lib/python3.6/dist-packages/setuptools/command/install.py:37: SetuptoolsDeprecationWarning: setup.py install is deprecated. Use build and pip and other standards-based tools.
[6.083s]   setuptools.SetuptoolsDeprecationWarning,
[6.085s] running install_lib
[6.090s] copying /home/mi/workplace/build/learning/build/lib/learning/camera.py -> /home/mi/workplace/install/learning/lib/python3.6/site-packages/learning
[6.094s] byte-compiling /home/mi/workplace/install/learning/lib/python3.6/site-packages/learning/camera.py to camera.cpython-36.pyc
[6.096s] running install_data
[6.100s] running install_egg_info
[6.110s] removing '/home/mi/workplace/install/learning/lib/python3.6/site-packages/learning-0.0.0-py3.6.egg-info' (and everything under it)
[6.113s] Copying ../../build/learning/learning.egg-info to /home/mi/workplace/install/learning/lib/python3.6/site-packages/learning-0.0.0-py3.6.egg-info
[6.118s] running install_scripts
[6.231s] Installing camera script to /home/mi/workplace/install/learning/lib/learning
[6.233s] Installing data_receive script to /home/mi/workplace/install/learning/lib/learning
[6.234s] Installing keeper script to /home/mi/workplace/install/learning/lib/learning
[6.234s] Installing move_x script to /home/mi/workplace/install/learning/lib/learning
[6.235s] Installing stand script to /home/mi/workplace/install/learning/lib/learning
[6.236s] Installing track script to /home/mi/workplace/install/learning/lib/learning
[6.239s] writing list of installed files to '/home/mi/workplace/build/learning/install.log'
[6.380s] Invoked command in '/home/mi/workplace/src/learning' returned '0': PYTHONPATH=/home/mi/workplace/install/learning/lib/python3.6/site-packages:${PYTHONPATH} /usr/bin/python3 setup.py egg_info --egg-base ../../build/learning build --build-base /home/mi/workplace/build/learning/build install --prefix /home/mi/workplace/install/learning --record /home/mi/workplace/build/learning/install.log --single-version-externally-managed
