[3.997s] Invoking command in '/home/mi/workplace/src/learning': PYTHONPATH=/home/mi/workplace/install/learning/lib/python3.6/site-packages:${PYTHONPATH} /usr/bin/python3 setup.py egg_info --egg-base ../../build/learning build --build-base /home/mi/workplace/build/learning/build install --prefix /home/mi/workplace/install/learning --record /home/mi/workplace/build/learning/install.log --single-version-externally-managed
[5.644s] running egg_info
[5.646s] writing ../../build/learning/learning.egg-info/PKG-INFO
[5.647s] writing dependency_links to ../../build/learning/learning.egg-info/dependency_links.txt
[5.650s] writing entry points to ../../build/learning/learning.egg-info/entry_points.txt
[5.651s] writing requirements to ../../build/learning/learning.egg-info/requires.txt
[5.652s] writing top-level names to ../../build/learning/learning.egg-info/top_level.txt
[5.667s] reading manifest file '../../build/learning/learning.egg-info/SOURCES.txt'
[5.674s] writing manifest file '../../build/learning/learning.egg-info/SOURCES.txt'
[5.675s] running build
[5.676s] running build_py
[5.678s] running install
[5.680s] /usr/local/lib/python3.6/dist-packages/setuptools/command/install.py:37: SetuptoolsDeprecationWarning: setup.py install is deprecated. Use build and pip and other standards-based tools.
[5.680s]   setuptools.SetuptoolsDeprecationWarning,
[5.682s] running install_lib
[5.688s] running install_data
[5.691s] running install_egg_info
[5.700s] removing '/home/mi/workplace/install/learning/lib/python3.6/site-packages/learning-0.0.0-py3.6.egg-info' (and everything under it)
[5.704s] Copying ../../build/learning/learning.egg-info to /home/mi/workplace/install/learning/lib/python3.6/site-packages/learning-0.0.0-py3.6.egg-info
[5.707s] running install_scripts
[5.810s] Installing camera script to /home/mi/workplace/install/learning/lib/learning
[5.811s] Installing data_receive script to /home/mi/workplace/install/learning/lib/learning
[5.812s] Installing get_data script to /home/mi/workplace/install/learning/lib/learning
[5.812s] Installing keeper script to /home/mi/workplace/install/learning/lib/learning
[5.813s] Installing move_horizontal script to /home/mi/workplace/install/learning/lib/learning
[5.814s] Installing realsense_cam_suber script to /home/mi/workplace/install/learning/lib/learning
[5.814s] Installing rgb_cam_suber script to /home/mi/workplace/install/learning/lib/learning
[5.815s] Installing stand script to /home/mi/workplace/install/learning/lib/learning
[5.817s] Installing track script to /home/mi/workplace/install/learning/lib/learning
[5.817s] writing list of installed files to '/home/mi/workplace/build/learning/install.log'
[5.936s] Invoked command in '/home/mi/workplace/src/learning' returned '0': PYTHONPATH=/home/mi/workplace/install/learning/lib/python3.6/site-packages:${PYTHONPATH} /usr/bin/python3 setup.py egg_info --egg-base ../../build/learning build --build-base /home/mi/workplace/build/learning/build install --prefix /home/mi/workplace/install/learning --record /home/mi/workplace/build/learning/install.log --single-version-externally-managed
