[4.521s] Invoking command in '/home/mi/workplace/src/learning': PYTHONPATH=/home/mi/workplace/install/learning/lib/python3.6/site-packages:${PYTHONPATH} /usr/bin/python3 setup.py egg_info --egg-base ../../build/learning build --build-base /home/mi/workplace/build/learning/build install --prefix /home/mi/workplace/install/learning --record /home/mi/workplace/build/learning/install.log --single-version-externally-managed
[6.367s] running egg_info
[6.370s] writing ../../build/learning/learning.egg-info/PKG-INFO
[6.372s] writing dependency_links to ../../build/learning/learning.egg-info/dependency_links.txt
[6.373s] writing entry points to ../../build/learning/learning.egg-info/entry_points.txt
[6.374s] writing requirements to ../../build/learning/learning.egg-info/requires.txt
[6.376s] writing top-level names to ../../build/learning/learning.egg-info/top_level.txt
[6.397s] reading manifest file '../../build/learning/learning.egg-info/SOURCES.txt'
[6.404s] writing manifest file '../../build/learning/learning.egg-info/SOURCES.txt'
[6.405s] running build
[6.406s] running build_py
[6.407s] copying learning/move_x.py -> /home/mi/workplace/build/learning/build/lib/learning
[6.411s] copying learning/keeper.py -> /home/mi/workplace/build/learning/build/lib/learning
[6.412s] running install
[6.416s] /usr/local/lib/python3.6/dist-packages/setuptools/command/install.py:37: SetuptoolsDeprecationWarning: setup.py install is deprecated. Use build and pip and other standards-based tools.
[6.416s]   setuptools.SetuptoolsDeprecationWarning,
[6.417s] running install_lib
[6.421s] copying /home/mi/workplace/build/learning/build/lib/learning/move_x.py -> /home/mi/workplace/install/learning/lib/python3.6/site-packages/learning
[6.425s] copying /home/mi/workplace/build/learning/build/lib/learning/keeper.py -> /home/mi/workplace/install/learning/lib/python3.6/site-packages/learning
[6.432s] byte-compiling /home/mi/workplace/install/learning/lib/python3.6/site-packages/learning/move_x.py to move_x.cpython-36.pyc
[6.435s] byte-compiling /home/mi/workplace/install/learning/lib/python3.6/site-packages/learning/keeper.py to keeper.cpython-36.pyc
[6.437s] running install_data
[6.440s] running install_egg_info
[6.453s] removing '/home/mi/workplace/install/learning/lib/python3.6/site-packages/learning-0.0.0-py3.6.egg-info' (and everything under it)
[6.457s] Copying ../../build/learning/learning.egg-info to /home/mi/workplace/install/learning/lib/python3.6/site-packages/learning-0.0.0-py3.6.egg-info
[6.463s] running install_scripts
[6.573s] Installing camera script to /home/mi/workplace/install/learning/lib/learning
[6.574s] Installing data_receive script to /home/mi/workplace/install/learning/lib/learning
[6.575s] Installing keeper script to /home/mi/workplace/install/learning/lib/learning
[6.575s] Installing move_x script to /home/mi/workplace/install/learning/lib/learning
[6.576s] Installing stand script to /home/mi/workplace/install/learning/lib/learning
[6.576s] Installing track script to /home/mi/workplace/install/learning/lib/learning
[6.578s] writing list of installed files to '/home/mi/workplace/build/learning/install.log'
[6.717s] Invoked command in '/home/mi/workplace/src/learning' returned '0': PYTHONPATH=/home/mi/workplace/install/learning/lib/python3.6/site-packages:${PYTHONPATH} /usr/bin/python3 setup.py egg_info --egg-base ../../build/learning build --build-base /home/mi/workplace/build/learning/build install --prefix /home/mi/workplace/install/learning --record /home/mi/workplace/build/learning/install.log --single-version-externally-managed
