[4.790s] Invoking command in '/home/mi/workplace/src/learning': PYTHONPATH=/home/mi/workplace/install/learning/lib/python3.6/site-packages:${PYTHONPATH} /usr/bin/python3 setup.py egg_info --egg-base ../../build/learning build --build-base /home/mi/workplace/build/learning/build install --prefix /home/mi/workplace/install/learning --record /home/mi/workplace/build/learning/install.log --single-version-externally-managed
[6.850s] running egg_info
[6.855s] writing ../../build/learning/learning.egg-info/PKG-INFO
[6.859s] writing dependency_links to ../../build/learning/learning.egg-info/dependency_links.txt
[6.860s] writing entry points to ../../build/learning/learning.egg-info/entry_points.txt
[6.861s] writing requirements to ../../build/learning/learning.egg-info/requires.txt
[6.865s] writing top-level names to ../../build/learning/learning.egg-info/top_level.txt
[6.883s] reading manifest file '../../build/learning/learning.egg-info/SOURCES.txt'
[6.893s] writing manifest file '../../build/learning/learning.egg-info/SOURCES.txt'
[6.894s] running build
[6.895s] running build_py
[6.899s] running install
[6.901s] /usr/local/lib/python3.6/dist-packages/setuptools/command/install.py:37: SetuptoolsDeprecationWarning: setup.py install is deprecated. Use build and pip and other standards-based tools.
[6.904s]   setuptools.SetuptoolsDeprecationWarning,
[6.905s] running install_lib
[6.911s] running install_data
[6.917s] running install_egg_info
[6.929s] removing '/home/mi/workplace/install/learning/lib/python3.6/site-packages/learning-0.0.0-py3.6.egg-info' (and everything under it)
[6.932s] Copying ../../build/learning/learning.egg-info to /home/mi/workplace/install/learning/lib/python3.6/site-packages/learning-0.0.0-py3.6.egg-info
[6.938s] running install_scripts
[7.067s] Installing keeper script to /home/mi/workplace/install/learning/lib/learning
[7.073s] Installing move_x script to /home/mi/workplace/install/learning/lib/learning
[7.073s] Installing stand script to /home/mi/workplace/install/learning/lib/learning
[7.075s] Installing track script to /home/mi/workplace/install/learning/lib/learning
[7.080s] writing list of installed files to '/home/mi/workplace/build/learning/install.log'
[7.212s] Invoked command in '/home/mi/workplace/src/learning' returned '0': PYTHONPATH=/home/mi/workplace/install/learning/lib/python3.6/site-packages:${PYTHONPATH} /usr/bin/python3 setup.py egg_info --egg-base ../../build/learning build --build-base /home/mi/workplace/build/learning/build install --prefix /home/mi/workplace/install/learning --record /home/mi/workplace/build/learning/install.log --single-version-externally-managed
