[4.352s] Invoking command in '/home/mi/workplace/src/learning': PYTHONPATH=/home/mi/workplace/install/learning/lib/python3.6/site-packages:${PYTHONPATH} /usr/bin/python3 setup.py egg_info --egg-base ../../build/learning build --build-base /home/mi/workplace/build/learning/build install --prefix /home/mi/workplace/install/learning --record /home/mi/workplace/build/learning/install.log --single-version-externally-managed
[5.932s] running egg_info
[5.935s] writing ../../build/learning/learning.egg-info/PKG-INFO
[5.936s] writing dependency_links to ../../build/learning/learning.egg-info/dependency_links.txt
[5.937s] writing entry points to ../../build/learning/learning.egg-info/entry_points.txt
[5.938s] writing requirements to ../../build/learning/learning.egg-info/requires.txt
[5.938s] writing top-level names to ../../build/learning/learning.egg-info/top_level.txt
[5.959s] reading manifest file '../../build/learning/learning.egg-info/SOURCES.txt'
[5.964s] writing manifest file '../../build/learning/learning.egg-info/SOURCES.txt'
[5.965s] running build
[5.966s] running build_py
[5.967s] copying learning/stand.py -> /home/mi/workplace/build/learning/build/lib/learning
[5.970s] running install
[5.973s] /usr/local/lib/python3.6/dist-packages/setuptools/command/install.py:37: SetuptoolsDeprecationWarning: setup.py install is deprecated. Use build and pip and other standards-based tools.
[5.974s]   setuptools.SetuptoolsDeprecationWarning,
[5.975s] running install_lib
[5.978s] copying /home/mi/workplace/build/learning/build/lib/learning/stand.py -> /home/mi/workplace/install/learning/lib/python3.6/site-packages/learning
[5.981s] byte-compiling /home/mi/workplace/install/learning/lib/python3.6/site-packages/learning/stand.py to stand.cpython-36.pyc
[5.985s] running install_data
[5.988s] running install_egg_info
[5.995s] removing '/home/mi/workplace/install/learning/lib/python3.6/site-packages/learning-0.0.0-py3.6.egg-info' (and everything under it)
[5.998s] Copying ../../build/learning/learning.egg-info to /home/mi/workplace/install/learning/lib/python3.6/site-packages/learning-0.0.0-py3.6.egg-info
[6.005s] running install_scripts
[6.095s] Installing camera script to /home/mi/workplace/install/learning/lib/learning
[6.098s] Installing data_receive script to /home/mi/workplace/install/learning/lib/learning
[6.099s] Installing keeper script to /home/mi/workplace/install/learning/lib/learning
[6.099s] Installing move_x script to /home/mi/workplace/install/learning/lib/learning
[6.100s] Installing stand script to /home/mi/workplace/install/learning/lib/learning
[6.101s] Installing track script to /home/mi/workplace/install/learning/lib/learning
[6.102s] writing list of installed files to '/home/mi/workplace/build/learning/install.log'
[6.209s] Invoked command in '/home/mi/workplace/src/learning' returned '0': PYTHONPATH=/home/mi/workplace/install/learning/lib/python3.6/site-packages:${PYTHONPATH} /usr/bin/python3 setup.py egg_info --egg-base ../../build/learning build --build-base /home/mi/workplace/build/learning/build install --prefix /home/mi/workplace/install/learning --record /home/mi/workplace/build/learning/install.log --single-version-externally-managed
