2024-05-18 23:16:33.910 [info] Log level: Info
2024-05-18 23:16:33.910 [info] Validating found git in: "D:\app2\git\Git\cmd\git.exe"
2024-05-18 23:16:33.910 [info] Unable to find git on the PATH: "D:\app2\git\Git\cmd\git.exe". Error: spawn D:\app2\git\Git\cmd\git.exe ENOENT
2024-05-18 23:16:33.910 [info] Validating found git in: "git"
2024-05-18 23:16:33.910 [info] Using git "2.17.1" from "git"
2024-05-18 23:16:33.910 [info] > git rev-parse --show-toplevel [1273ms]
2024-05-18 23:16:33.911 [info] > git rev-parse --git-dir --git-common-dir [18ms]
2024-05-18 23:16:33.911 [info] Open repository: /home/mi
2024-05-18 23:16:33.979 [info] > git config --get commit.template [45ms]
2024-05-18 23:16:34.008 [info] > git rev-parse --show-toplevel [50ms]
2024-05-18 23:16:34.080 [info] > git rev-parse --show-toplevel [24ms]
2024-05-18 23:16:34.083 [info] > git for-each-ref --format=%(refname)%00%(upstream:short)%00%(objectname)%00%(upstream:track)%00%(upstream:remotename)%00%(upstream:remoteref) refs/heads/master refs/remotes/master [46ms]
2024-05-18 23:16:35.851 [info] > git rev-parse --show-toplevel [1726ms]
2024-05-18 23:16:35.929 [info] > git status -z -uall [1825ms]
2024-05-18 23:16:35.930 [info] > git check-ignore -v -z --stdin [56ms]
2024-05-18 23:16:35.985 [info] > git rev-parse --show-toplevel [89ms]
2024-05-18 23:16:37.888 [info] > git config --get commit.template [196ms]
2024-05-18 23:16:37.890 [info] > git rev-parse --show-toplevel [221ms]
2024-05-18 23:16:37.953 [info] > git rev-parse --show-toplevel [45ms]
2024-05-18 23:16:38.570 [info] > git for-each-ref --format=%(refname)%00%(upstream:short)%00%(objectname)%00%(upstream:track)%00%(upstream:remotename)%00%(upstream:remoteref) refs/heads/master refs/remotes/master [624ms]
2024-05-18 23:16:38.709 [info] > git check-ignore -v -z --stdin [107ms]
2024-05-18 23:16:38.714 [info] > git status -z -uall [130ms]
2024-05-18 23:16:38.715 [info] > git rev-parse --show-toplevel [97ms]
2024-05-18 23:16:40.180 [info] > git rev-parse --show-toplevel [111ms]
2024-05-18 23:16:40.223 [info] > git rev-parse --show-toplevel [14ms]
2024-05-18 23:16:40.265 [info] > git rev-parse --show-toplevel [12ms]
2024-05-18 23:16:40.463 [info] > git rev-parse --show-toplevel [170ms]
2024-05-18 23:16:40.509 [info] > git rev-parse --show-toplevel [16ms]
2024-05-18 23:16:40.548 [info] > git rev-parse --show-toplevel [12ms]
2024-05-18 23:16:40.573 [info] > git rev-parse --show-toplevel [6ms]
2024-05-18 23:16:40.601 [info] > git rev-parse --show-toplevel [8ms]
2024-05-18 23:16:40.633 [info] > git rev-parse --show-toplevel [8ms]
2024-05-18 23:16:40.778 [info] > git rev-parse --show-toplevel [123ms]
2024-05-18 23:16:40.816 [info] > git rev-parse --show-toplevel [18ms]
2024-05-18 23:16:40.842 [info] > git rev-parse --show-toplevel [4ms]
2024-05-18 23:16:40.867 [info] > git rev-parse --show-toplevel [5ms]
2024-05-18 23:16:40.889 [info] > git rev-parse --show-toplevel [5ms]
2024-05-18 23:16:40.912 [info] > git rev-parse --show-toplevel [4ms]
2024-05-18 23:16:40.972 [info] > git check-ignore -v -z --stdin [16ms]
2024-05-18 23:16:40.980 [info] > git rev-parse --show-toplevel [48ms]
2024-05-18 23:16:41.008 [info] > git rev-parse --show-toplevel [9ms]
2024-05-18 23:16:41.880 [info] > git check-ignore -v -z --stdin [19ms]
2024-05-18 23:16:43.454 [info] > git show --textconv :workplace/src/learning/learning/__init__.py [34ms]
2024-05-18 23:16:43.456 [info] > git ls-files --stage -- /home/mi/workplace/src/learning/learning/__init__.py [11ms]
2024-05-18 23:16:43.483 [info] > git cat-file -s e69de29bb2d1d6434b8b29ae775ad8c2e48c5391 [9ms]
2024-05-18 23:16:44.140 [info] > git show --textconv :workplace/src/learning/learning/stand.py [259ms]
2024-05-18 23:16:44.141 [info] > git ls-files --stage -- /home/mi/workplace/src/learning/learning/stand.py [240ms]
2024-05-18 23:16:44.173 [info] > git cat-file -s 7cb3046d76b85887768792615ae962a43ae669a4 [12ms]
2024-05-18 23:17:05.956 [info] > git check-ignore -v -z --stdin [6ms]
2024-05-18 23:17:24.417 [info] > git check-ignore -v -z --stdin [157ms]
2024-05-18 23:17:24.538 [info] > git show --textconv :readme.md [95ms]
2024-05-18 23:17:24.539 [info] > git ls-files --stage -- /home/mi/readme.md [74ms]
2024-05-18 23:17:29.652 [info] > git config --get commit.template [4ms]
2024-05-18 23:17:29.681 [info] > git for-each-ref --format=%(refname)%00%(upstream:short)%00%(objectname)%00%(upstream:track)%00%(upstream:remotename)%00%(upstream:remoteref) refs/heads/master refs/remotes/master [7ms]
2024-05-18 23:17:29.783 [info] > git status -z -uall [77ms]
2024-05-18 23:24:22.777 [info] > git show --textconv :workplace/src/learning/learning/stand.py [29ms]
2024-05-18 23:24:22.781 [info] > git ls-files --stage -- /home/mi/workplace/src/learning/learning/stand.py [9ms]
2024-05-18 23:24:22.808 [info] > git cat-file -s 7cb3046d76b85887768792615ae962a43ae669a4 [4ms]
2024-05-18 23:25:50.679 [info] > git check-ignore -v -z --stdin [5ms]
2024-05-18 23:25:52.379 [info] > git show --textconv :workplace/src/learning/learning/move_x.py [33ms]
2024-05-18 23:25:52.384 [info] > git ls-files --stage -- /home/mi/workplace/src/learning/learning/move_x.py [10ms]
2024-05-18 23:26:28.172 [info] > git check-ignore -v -z --stdin [6ms]
2024-05-18 23:26:35.575 [info] > git show --textconv :workplace/src/learning/learning/keeper.py [36ms]
2024-05-18 23:26:35.579 [info] > git ls-files --stage -- /home/mi/workplace/src/learning/learning/keeper.py [8ms]
2024-05-18 23:26:39.334 [info] > git show --textconv :workplace/src/learning/learning/move_x.py [37ms]
2024-05-18 23:26:39.340 [info] > git ls-files --stage -- /home/mi/workplace/src/learning/learning/move_x.py [12ms]
2024-05-18 23:26:39.911 [info] > git show --textconv :workplace/src/learning/learning/keeper.py [36ms]
2024-05-18 23:26:39.915 [info] > git ls-files --stage -- /home/mi/workplace/src/learning/learning/keeper.py [11ms]
2024-05-18 23:26:52.882 [info] > git show --textconv :workplace/src/learning/setup.py [38ms]
2024-05-18 23:26:52.886 [info] > git ls-files --stage -- /home/mi/workplace/src/learning/setup.py [11ms]
2024-05-18 23:26:52.925 [info] > git cat-file -s 43ffd3762b18085f424bb9ae62b700da23eaa62b [5ms]
2024-05-18 23:27:15.024 [info] > git config --get commit.template [32ms]
2024-05-18 23:27:15.081 [info] > git for-each-ref --format=%(refname)%00%(upstream:short)%00%(objectname)%00%(upstream:track)%00%(upstream:remotename)%00%(upstream:remoteref) refs/heads/master refs/remotes/master [6ms]
2024-05-18 23:27:15.201 [info] > git status -z -uall [79ms]
2024-05-18 23:27:22.141 [info] > git config --get commit.template [84ms]
2024-05-18 23:27:22.191 [info] > git for-each-ref --format=%(refname)%00%(upstream:short)%00%(objectname)%00%(upstream:track)%00%(upstream:remotename)%00%(upstream:remoteref) refs/heads/master refs/remotes/master [9ms]
2024-05-18 23:27:22.308 [info] > git status -z -uall [79ms]
2024-05-18 23:27:29.141 [info] > git config --get commit.template [66ms]
2024-05-18 23:27:29.209 [info] > git for-each-ref --format=%(refname)%00%(upstream:short)%00%(objectname)%00%(upstream:track)%00%(upstream:remotename)%00%(upstream:remoteref) refs/heads/master refs/remotes/master [19ms]
2024-05-18 23:27:29.324 [info] > git status -z -uall [73ms]
2024-05-18 23:27:34.781 [info] > git show --textconv :workplace/src/learning/learning/keeper.py [45ms]
2024-05-18 23:27:34.787 [info] > git ls-files --stage -- /home/mi/workplace/src/learning/learning/keeper.py [12ms]
2024-05-18 23:27:36.313 [info] > git show --textconv :workplace/src/learning/setup.py [45ms]
2024-05-18 23:27:36.317 [info] > git ls-files --stage -- /home/mi/workplace/src/learning/setup.py [10ms]
2024-05-18 23:27:36.360 [info] > git cat-file -s 43ffd3762b18085f424bb9ae62b700da23eaa62b [5ms]
2024-05-18 23:29:20.758 [info] > git check-ignore -v -z --stdin [3ms]
2024-05-18 23:29:22.057 [info] > git check-ignore -v -z --stdin [5ms]
2024-05-18 23:29:27.118 [info] > git check-ignore -v -z --stdin [5ms]
2024-05-18 23:30:26.935 [info] > git show --textconv :workplace/src/learning/learning/move_x.py [47ms]
2024-05-18 23:30:26.943 [info] > git ls-files --stage -- /home/mi/workplace/src/learning/learning/move_x.py [15ms]
2024-05-18 23:30:32.782 [info] > git show --textconv :workplace/src/learning/setup.py [50ms]
2024-05-18 23:30:32.783 [info] > git ls-files --stage -- /home/mi/workplace/src/learning/setup.py [13ms]
2024-05-18 23:30:32.824 [info] > git cat-file -s 43ffd3762b18085f424bb9ae62b700da23eaa62b [8ms]
2024-05-18 23:31:16.987 [info] > git show --textconv :workplace/src/learning/learning/keeper.py [45ms]
2024-05-18 23:31:16.993 [info] > git ls-files --stage -- /home/mi/workplace/src/learning/learning/keeper.py [12ms]
2024-05-18 23:31:36.772 [info] > git config --get commit.template [64ms]
2024-05-18 23:31:37.176 [info] > git for-each-ref --format=%(refname)%00%(upstream:short)%00%(objectname)%00%(upstream:track)%00%(upstream:remotename)%00%(upstream:remoteref) refs/heads/master refs/remotes/master [39ms]
2024-05-18 23:31:37.289 [info] > git status -z -uall [73ms]
2024-05-18 23:32:36.449 [info] > git check-ignore -v -z --stdin [3ms]
2024-05-18 23:32:46.502 [info] > git for-each-ref --format=%(refname)%00%(upstream:short)%00%(objectname)%00%(upstream:track)%00%(upstream:remotename)%00%(upstream:remoteref) refs/heads/master [5ms]
2024-05-18 23:32:46.548 [info] > git for-each-ref --format=%(refname)%00%(upstream:short)%00%(objectname)%00%(upstream:track)%00%(upstream:remotename)%00%(upstream:remoteref) refs/heads/master [7ms]
2024-05-18 23:32:46.596 [info] > git config --local branch.master.vscode-merge-base [4ms]
2024-05-18 23:32:46.597 [warning] git config failed: Failed to execute git
2024-05-18 23:32:46.640 [info] > git reflog refs/heads/master --grep-reflog=branch: Created from *. [7ms]
2024-05-18 23:32:46.679 [info] > git symbolic-ref --short refs/remotes/origin/HEAD [4ms]
2024-05-18 23:32:46.679 [info] fatal: ref refs/remotes/origin/HEAD is not a symbolic ref
2024-05-18 23:32:46.680 [info] GitHistoryProvider:resolveHistoryItemGroupBase - Failed to resolve history item group base for 'refs/heads/master'
2024-05-18 23:32:46.680 [info] GitHistoryProvider:resolveHistoryItemGroupCommonAncestor - Failed to resolve history item group base for 'refs/heads/master'
2024-05-18 23:32:47.050 [info] > git for-each-ref --format=%(refname)%00%(upstream:short)%00%(objectname)%00%(upstream:track)%00%(upstream:remotename)%00%(upstream:remoteref) refs/heads/master [88ms]
2024-05-18 23:32:47.101 [info] > git for-each-ref --format=%(refname)%00%(upstream:short)%00%(objectname)%00%(upstream:track)%00%(upstream:remotename)%00%(upstream:remoteref) refs/heads/master [11ms]
2024-05-18 23:32:47.145 [info] > git config --local branch.master.vscode-merge-base [4ms]
2024-05-18 23:32:47.146 [warning] git config failed: Failed to execute git
2024-05-18 23:32:47.195 [info] > git reflog refs/heads/master --grep-reflog=branch: Created from *. [5ms]
2024-05-18 23:32:47.239 [info] > git symbolic-ref --short refs/remotes/origin/HEAD [4ms]
2024-05-18 23:32:47.239 [info] fatal: ref refs/remotes/origin/HEAD is not a symbolic ref
2024-05-18 23:32:47.239 [info] GitHistoryProvider:resolveHistoryItemGroupBase - Failed to resolve history item group base for 'refs/heads/master'
2024-05-18 23:32:47.240 [info] GitHistoryProvider:resolveHistoryItemGroupCommonAncestor - Failed to resolve history item group base for 'refs/heads/master'
2024-05-18 23:32:47.510 [info] > git check-ignore -v -z --stdin [4ms]
2024-05-18 23:32:49.227 [info] > git for-each-ref --format=%(refname)%00%(upstream:short)%00%(objectname)%00%(upstream:track)%00%(upstream:remotename)%00%(upstream:remoteref) refs/heads/master [5ms]
2024-05-18 23:32:49.270 [info] > git for-each-ref --format=%(refname)%00%(upstream:short)%00%(objectname)%00%(upstream:track)%00%(upstream:remotename)%00%(upstream:remoteref) refs/heads/master [6ms]
2024-05-18 23:32:49.309 [info] > git config --local branch.master.vscode-merge-base [4ms]
2024-05-18 23:32:49.310 [warning] git config failed: Failed to execute git
2024-05-18 23:32:49.348 [info] > git reflog refs/heads/master --grep-reflog=branch: Created from *. [4ms]
2024-05-18 23:32:49.389 [info] > git symbolic-ref --short refs/remotes/origin/HEAD [7ms]
2024-05-18 23:32:49.389 [info] fatal: ref refs/remotes/origin/HEAD is not a symbolic ref
2024-05-18 23:32:49.389 [info] GitHistoryProvider:resolveHistoryItemGroupBase - Failed to resolve history item group base for 'refs/heads/master'
2024-05-18 23:32:49.389 [info] GitHistoryProvider:resolveHistoryItemGroupCommonAncestor - Failed to resolve history item group base for 'refs/heads/master'
2024-05-18 23:33:30.531 [info] > git show --textconv :workplace/src/learning/setup.py [42ms]
2024-05-18 23:33:30.542 [info] > git ls-files --stage -- /home/mi/workplace/src/learning/setup.py [18ms]
2024-05-18 23:33:30.591 [info] > git cat-file -s 43ffd3762b18085f424bb9ae62b700da23eaa62b [6ms]
2024-05-18 23:34:50.719 [info] > git check-ignore -v -z --stdin [4ms]
2024-05-18 23:36:07.140 [info] > git show --textconv :workplace/src/learning/learning/keeper.py [41ms]
2024-05-18 23:36:07.145 [info] > git ls-files --stage -- /home/mi/workplace/src/learning/learning/keeper.py [11ms]
2024-05-18 23:37:16.199 [info] > git show --textconv :readme.md [42ms]
2024-05-18 23:37:16.201 [info] > git ls-files --stage -- /home/mi/readme.md [9ms]
2024-05-18 23:40:46.328 [info] > git config --get commit.template [6ms]
2024-05-18 23:40:46.368 [info] > git for-each-ref --format=%(refname)%00%(upstream:short)%00%(objectname)%00%(upstream:track)%00%(upstream:remotename)%00%(upstream:remoteref) refs/heads/master refs/remotes/master [5ms]
2024-05-18 23:40:46.509 [info] > git status -z -uall [100ms]
2024-05-18 23:41:38.115 [info] > git config --get commit.template [5ms]
2024-05-18 23:41:38.161 [info] > git for-each-ref --format=%(refname)%00%(upstream:short)%00%(objectname)%00%(upstream:track)%00%(upstream:remotename)%00%(upstream:remoteref) refs/heads/master refs/remotes/master [6ms]
2024-05-18 23:41:38.283 [info] > git status -z -uall [83ms]
2024-05-18 23:41:43.529 [info] > git config --get commit.template [5ms]
2024-05-18 23:41:43.576 [info] > git for-each-ref --format=%(refname)%00%(upstream:short)%00%(objectname)%00%(upstream:track)%00%(upstream:remotename)%00%(upstream:remoteref) refs/heads/master refs/remotes/master [8ms]
2024-05-18 23:41:43.713 [info] > git status -z -uall [100ms]
2024-05-18 23:44:42.164 [info] > git check-ignore -v -z --stdin [5ms]
2024-05-18 23:44:47.628 [info] > git show --textconv :workplace/src/learning/setup.py [64ms]
2024-05-18 23:44:47.630 [info] > git ls-files --stage -- /home/mi/workplace/src/learning/setup.py [11ms]
2024-05-18 23:44:47.676 [info] > git cat-file -s 43ffd3762b18085f424bb9ae62b700da23eaa62b [8ms]
2024-05-18 23:45:00.757 [info] > git show --textconv :readme.md [63ms]
2024-05-18 23:45:00.765 [info] > git ls-files --stage -- /home/mi/readme.md [16ms]
2024-05-18 23:45:03.192 [info] > git show --textconv :workplace/src/learning/learning/track.py [57ms]
2024-05-18 23:45:03.192 [info] > git ls-files --stage -- /home/mi/workplace/src/learning/learning/track.py [14ms]
2024-05-18 23:45:06.004 [info] > git show --textconv :readme.md [44ms]
2024-05-18 23:45:06.011 [info] > git ls-files --stage -- /home/mi/readme.md [14ms]
2024-05-18 23:45:08.997 [info] > git show --textconv :workplace/src/learning/learning/track.py [50ms]
2024-05-18 23:45:08.999 [info] > git ls-files --stage -- /home/mi/workplace/src/learning/learning/track.py [8ms]
2024-05-18 23:45:18.479 [info] > git config --get commit.template [78ms]
2024-05-18 23:45:18.482 [info] > git for-each-ref --format=%(refname)%00%(upstream:short)%00%(objectname)%00%(upstream:track)%00%(upstream:remotename)%00%(upstream:remoteref) refs/heads/master refs/remotes/master [9ms]
2024-05-18 23:45:18.646 [info] > git status -z -uall [97ms]
2024-05-18 23:46:03.461 [info] > git check-ignore -v -z --stdin [5ms]
2024-05-18 23:46:09.822 [info] > git show --textconv :readme.md [48ms]
2024-05-18 23:46:09.829 [info] > git ls-files --stage -- /home/mi/readme.md [15ms]
2024-05-18 23:47:06.849 [info] > git show --textconv :workplace/src/learning/learning/keeper.py [58ms]
2024-05-18 23:47:06.850 [info] > git ls-files --stage -- /home/mi/workplace/src/learning/learning/keeper.py [14ms]
2024-05-18 23:56:13.800 [info] > git check-ignore -v -z --stdin [12ms]
2024-05-18 23:56:41.040 [info] > git config --get commit.template [45ms]
2024-05-18 23:56:41.042 [info] > git for-each-ref --format=%(refname)%00%(upstream:short)%00%(objectname)%00%(upstream:track)%00%(upstream:remotename)%00%(upstream:remoteref) refs/heads/master refs/remotes/master [10ms]
2024-05-18 23:56:41.208 [info] > git status -z -uall [125ms]
2024-05-18 23:57:40.219 [info] > git show --textconv :workplace/src/learning/learning/data_receive.py [48ms]
2024-05-18 23:57:40.224 [info] > git ls-files --stage -- /home/mi/workplace/src/learning/learning/data_receive.py [15ms]
2024-05-18 23:59:02.925 [info] > git config --get commit.template [9ms]
2024-05-18 23:59:02.992 [info] > git for-each-ref --format=%(refname)%00%(upstream:short)%00%(objectname)%00%(upstream:track)%00%(upstream:remotename)%00%(upstream:remoteref) refs/heads/master refs/remotes/master [15ms]
2024-05-18 23:59:03.179 [info] > git status -z -uall [142ms]
2024-05-18 23:59:29.472 [info] > git show --textconv :workplace/src/learning/setup.py [47ms]
2024-05-18 23:59:29.477 [info] > git ls-files --stage -- /home/mi/workplace/src/learning/setup.py [13ms]
2024-05-18 23:59:29.537 [info] > git cat-file -s 43ffd3762b18085f424bb9ae62b700da23eaa62b [13ms]
2024-05-18 23:59:58.466 [info] > git show --textconv :workplace/src/learning/learning/data_receive.py [67ms]
2024-05-18 23:59:58.481 [info] > git ls-files --stage -- /home/mi/workplace/src/learning/learning/data_receive.py [13ms]
2024-05-19 00:02:11.772 [info] > git check-ignore -v -z --stdin [4ms]
2024-05-19 00:02:13.198 [info] > git show --textconv :workplace/src/learning/learning/camera.py [44ms]
2024-05-19 00:02:13.204 [info] > git ls-files --stage -- /home/mi/workplace/src/learning/learning/camera.py [10ms]
2024-05-19 00:02:14.007 [info] > git show --textconv :workplace/src/learning/learning/data_receive.py [46ms]
2024-05-19 00:02:14.012 [info] > git ls-files --stage -- /home/mi/workplace/src/learning/learning/data_receive.py [10ms]
2024-05-19 00:02:39.846 [info] > git config --get commit.template [20ms]
2024-05-19 00:02:39.895 [info] > git for-each-ref --format=%(refname)%00%(upstream:short)%00%(objectname)%00%(upstream:track)%00%(upstream:remotename)%00%(upstream:remoteref) refs/heads/master refs/remotes/master [10ms]
2024-05-19 00:02:40.019 [info] > git status -z -uall [87ms]
2024-05-19 00:03:18.694 [info] > git show --textconv :readme.md [54ms]
2024-05-19 00:03:18.699 [info] > git ls-files --stage -- /home/mi/readme.md [15ms]
2024-05-19 00:04:52.980 [info] > git show --textconv :workplace/src/learning/setup.py [60ms]
2024-05-19 00:04:52.985 [info] > git ls-files --stage -- /home/mi/workplace/src/learning/setup.py [17ms]
2024-05-19 00:04:53.037 [info] > git cat-file -s 43ffd3762b18085f424bb9ae62b700da23eaa62b [8ms]
2024-05-19 00:05:02.413 [info] > git show --textconv :workplace/src/learning/learning/data_receive.py [62ms]
2024-05-19 00:05:02.418 [info] > git ls-files --stage -- /home/mi/workplace/src/learning/learning/data_receive.py [20ms]
2024-05-19 00:05:45.994 [info] > git show --textconv :readme.md [50ms]
2024-05-19 00:05:46.003 [info] > git ls-files --stage -- /home/mi/readme.md [14ms]
2024-05-19 00:06:45.763 [info] > git config --get commit.template [67ms]
2024-05-19 00:06:45.766 [info] > git for-each-ref --format=%(refname)%00%(upstream:short)%00%(objectname)%00%(upstream:track)%00%(upstream:remotename)%00%(upstream:remoteref) refs/heads/master refs/remotes/master [13ms]
2024-05-19 00:06:45.932 [info] > git status -z -uall [122ms]
2024-05-19 00:09:00.308 [info] > git show --textconv :workplace/src/learning/setup.py [47ms]
2024-05-19 00:09:00.313 [info] > git ls-files --stage -- /home/mi/workplace/src/learning/setup.py [12ms]
2024-05-19 00:09:00.355 [info] > git cat-file -s 43ffd3762b18085f424bb9ae62b700da23eaa62b [5ms]
2024-05-19 00:09:10.503 [info] > git show --textconv :readme.md [49ms]
2024-05-19 00:09:10.505 [info] > git ls-files --stage -- /home/mi/readme.md [13ms]
2024-05-19 00:09:12.513 [info] > git show --textconv :workplace/src/learning/setup.py [48ms]
2024-05-19 00:09:12.514 [info] > git ls-files --stage -- /home/mi/workplace/src/learning/setup.py [7ms]
2024-05-19 00:09:12.561 [info] > git cat-file -s 43ffd3762b18085f424bb9ae62b700da23eaa62b [8ms]
2024-05-19 00:09:18.910 [info] > git config --get commit.template [5ms]
2024-05-19 00:09:18.955 [info] > git for-each-ref --format=%(refname)%00%(upstream:short)%00%(objectname)%00%(upstream:track)%00%(upstream:remotename)%00%(upstream:remoteref) refs/heads/master refs/remotes/master [6ms]
2024-05-19 00:09:19.069 [info] > git status -z -uall [72ms]
