2024-05-23 22:43:09.926 [info] Log level: Info
2024-05-23 22:43:09.927 [info] Validating found git in: "D:\app2\git\Git\cmd\git.exe"
2024-05-23 22:43:09.928 [info] Unable to find git on the PATH: "D:\app2\git\Git\cmd\git.exe". Error: spawn D:\app2\git\Git\cmd\git.exe ENOENT
2024-05-23 22:43:09.928 [info] Validating found git in: "git"
2024-05-23 22:43:09.928 [info] Using git "2.17.1" from "git"
2024-05-23 22:43:09.928 [info] > git rev-parse --show-toplevel [1912ms]
2024-05-23 22:43:09.928 [info] > git rev-parse --git-dir --git-common-dir [111ms]
2024-05-23 22:43:09.928 [info] Open repository: /home/mi
2024-05-23 22:43:09.928 [info] > git rev-parse --show-toplevel [100ms]
2024-05-23 22:43:09.928 [info] > git config --get commit.template [125ms]
2024-05-23 22:43:11.993 [info] > git rev-parse --show-toplevel [2021ms]
2024-05-23 22:43:12.246 [info] > git for-each-ref --format=%(refname)%00%(upstream:short)%00%(objectname)%00%(upstream:track)%00%(upstream:remotename)%00%(upstream:remoteref) refs/heads/master refs/remotes/master [2214ms]
2024-05-23 22:43:12.429 [info] > git check-ignore -v -z --stdin [414ms]
2024-05-23 22:43:12.445 [info] > git rev-parse --show-toplevel [398ms]
2024-05-23 22:43:12.666 [info] > git rev-parse --show-toplevel [112ms]
2024-05-23 22:43:13.684 [info] > git status -z -uall [981ms]
2024-05-23 22:43:13.697 [info] > git rev-parse --show-toplevel [963ms]
2024-05-23 22:43:14.031 [info] > git log --format=%H%n%aN%n%aE%n%at%n%ct%n%P%n%D%n%B -z -n120 --follow -- /home/mi/workplace/readme.md [1553ms]
2024-05-23 22:43:15.798 [info] > git merge-base refs/heads/master refs/remotes/origin/master [2044ms]
2024-05-23 22:43:15.893 [info] > git rev-list --count --left-right refs/heads/master...refs/remotes/origin/master [72ms]
2024-05-23 22:43:15.921 [info] > git config --get commit.template [476ms]
2024-05-23 22:43:15.922 [info] > git rev-parse --show-toplevel [501ms]
2024-05-23 22:43:16.046 [info] > git diff --name-status -z --diff-filter=ADMR 7fe3a803ce6102ce89f79eb3d61e53c5b1046660...refs/remotes/origin/master [133ms]
2024-05-23 22:43:16.119 [info] > git rev-parse --show-toplevel [107ms]
2024-05-23 22:43:16.129 [info] > git for-each-ref --format=%(refname)%00%(upstream:short)%00%(objectname)%00%(upstream:track)%00%(upstream:remotename)%00%(upstream:remoteref) refs/heads/master refs/remotes/master [36ms]
2024-05-23 22:43:16.521 [info] > git rev-parse --show-toplevel [338ms]
2024-05-23 22:43:16.669 [info] > git rev-parse --show-toplevel [34ms]
2024-05-23 22:43:17.206 [info] > git status -z -uall [629ms]
2024-05-23 22:43:17.292 [info] > git rev-parse --show-toplevel [156ms]
2024-05-23 22:43:17.845 [info] > git rev-parse --show-toplevel [534ms]
2024-05-23 22:43:17.890 [info] > git rev-parse --show-toplevel [4ms]
2024-05-23 22:43:17.927 [info] > git rev-parse --show-toplevel [13ms]
2024-05-23 22:43:17.955 [info] > git rev-parse --show-toplevel [5ms]
2024-05-23 22:43:17.990 [info] > git rev-parse --show-toplevel [12ms]
2024-05-23 22:43:18.021 [info] > git rev-parse --show-toplevel [5ms]
2024-05-23 22:43:18.051 [info] > git rev-parse --show-toplevel [2ms]
2024-05-23 22:43:18.082 [info] > git rev-parse --show-toplevel [10ms]
2024-05-23 22:43:18.208 [info] > git rev-parse --show-toplevel [106ms]
2024-05-23 22:43:18.238 [info] > git rev-parse --show-toplevel [6ms]
2024-05-23 22:43:18.265 [info] > git rev-parse --show-toplevel [6ms]
2024-05-23 22:43:18.292 [info] > git rev-parse --show-toplevel [5ms]
2024-05-23 22:43:18.320 [info] > git rev-parse --show-toplevel [9ms]
2024-05-23 22:43:18.346 [info] > git rev-parse --show-toplevel [6ms]
2024-05-23 22:43:18.371 [info] > git rev-parse --show-toplevel [5ms]
2024-05-23 22:43:18.402 [info] > git rev-parse --show-toplevel [7ms]
2024-05-23 22:43:18.429 [info] > git rev-parse --show-toplevel [7ms]
2024-05-23 22:43:18.454 [info] > git rev-parse --show-toplevel [6ms]
2024-05-23 22:43:18.554 [info] > git show --textconv :workplace/readme.md [58ms]
2024-05-23 22:43:18.569 [info] > git rev-parse --show-toplevel [29ms]
2024-05-23 22:43:18.571 [info] > git ls-files --stage -- /home/mi/workplace/readme.md [51ms]
2024-05-23 22:43:18.633 [info] > git cat-file -s d6302f1fe87ecf35a15e13fe68aa7df80789d6e1 [37ms]
2024-05-23 22:45:36.453 [info] > git log --format=%H%n%aN%n%aE%n%at%n%ct%n%P%n%D%n%B -z -n120 --follow -- /home/mi/workplace/src/learning/learning/keeper.py [69ms]
2024-05-23 22:45:36.575 [info] > git show --textconv :workplace/src/learning/learning/keeper.py [42ms]
2024-05-23 22:45:36.581 [info] > git ls-files --stage -- /home/mi/workplace/src/learning/learning/keeper.py [22ms]
2024-05-23 22:45:36.620 [info] > git cat-file -s 2991628a82f194739b56b3a0cf8e206d4b839cd9 [18ms]
2024-05-23 22:45:36.939 [info] > git check-ignore -v -z --stdin [10ms]
2024-05-23 22:45:40.736 [info] > git log --format=%H%n%aN%n%aE%n%at%n%ct%n%P%n%D%n%B -z -n120 --follow -- /home/mi/workplace/src/learning/learning/move_x.py [106ms]
2024-05-23 22:45:40.894 [info] > git show --textconv :workplace/src/learning/learning/move_x.py [41ms]
2024-05-23 22:45:40.898 [info] > git ls-files --stage -- /home/mi/workplace/src/learning/learning/move_x.py [15ms]
2024-05-23 22:45:40.938 [info] > git cat-file -s edb32e0c9cdc767e9aa018b1c5d25c59d3f3f09f [6ms]
2024-05-23 22:45:47.522 [info] > git log --format=%H%n%aN%n%aE%n%at%n%ct%n%P%n%D%n%B -z -n120 --follow -- /home/mi/workplace/src/learning/learning/keeper.py [66ms]
2024-05-23 22:45:47.709 [info] > git show --textconv :workplace/src/learning/learning/keeper.py [32ms]
2024-05-23 22:45:47.723 [info] > git ls-files --stage -- /home/mi/workplace/src/learning/learning/keeper.py [17ms]
2024-05-23 22:45:47.755 [info] > git cat-file -s 2991628a82f194739b56b3a0cf8e206d4b839cd9 [6ms]
2024-05-23 22:45:55.481 [info] > git log --format=%H%n%aN%n%aE%n%at%n%ct%n%P%n%D%n%B -z -n120 --follow -- /home/mi/workplace/src/learning/learning/move_x.py [76ms]
2024-05-23 22:45:55.613 [info] > git show --textconv :workplace/src/learning/learning/move_x.py [41ms]
2024-05-23 22:45:55.618 [info] > git ls-files --stage -- /home/mi/workplace/src/learning/learning/move_x.py [21ms]
2024-05-23 22:45:55.648 [info] > git cat-file -s edb32e0c9cdc767e9aa018b1c5d25c59d3f3f09f [9ms]
2024-05-23 22:46:51.364 [info] > git log --format=%H%n%aN%n%aE%n%at%n%ct%n%P%n%D%n%B -z -n120 --follow -- /home/mi/workplace/readme.md [118ms]
2024-05-23 22:46:51.517 [info] > git show --textconv :workplace/readme.md [34ms]
2024-05-23 22:46:51.524 [info] > git ls-files --stage -- /home/mi/workplace/readme.md [14ms]
2024-05-23 22:46:51.557 [info] > git cat-file -s d6302f1fe87ecf35a15e13fe68aa7df80789d6e1 [11ms]
2024-05-23 22:46:51.788 [info] > git check-ignore -v -z --stdin [10ms]
2024-05-23 22:56:44.501 [info] > git log --format=%H%n%aN%n%aE%n%at%n%ct%n%P%n%D%n%B -z -n120 --follow -- /home/mi/workplace/src/learning/learning/move_x.py [74ms]
2024-05-23 22:56:44.623 [info] > git show --textconv :workplace/src/learning/learning/move_x.py [29ms]
2024-05-23 22:56:44.632 [info] > git ls-files --stage -- /home/mi/workplace/src/learning/learning/move_x.py [11ms]
2024-05-23 22:56:44.658 [info] > git cat-file -s edb32e0c9cdc767e9aa018b1c5d25c59d3f3f09f [5ms]
2024-05-23 22:57:52.265 [info] > git log --format=%H%n%aN%n%aE%n%at%n%ct%n%P%n%D%n%B -z -n120 --follow -- /home/mi/workplace/src/learning/learning/data_receive.py [66ms]
2024-05-23 22:57:52.427 [info] > git show --textconv :workplace/src/learning/learning/data_receive.py [26ms]
2024-05-23 22:57:52.432 [info] > git ls-files --stage -- /home/mi/workplace/src/learning/learning/data_receive.py [9ms]
2024-05-23 22:57:52.459 [info] > git cat-file -s 1b9583a4100c824a06dd995fb1e3affd51231d41 [5ms]
2024-05-23 23:00:04.711 [info] > git log --format=%H%n%aN%n%aE%n%at%n%ct%n%P%n%D%n%B -z -n120 --follow -- /home/mi/workplace/readme.md [67ms]
2024-05-23 23:00:04.830 [info] > git show --textconv :workplace/readme.md [31ms]
2024-05-23 23:00:04.841 [info] > git ls-files --stage -- /home/mi/workplace/readme.md [20ms]
2024-05-23 23:00:04.865 [info] > git cat-file -s d6302f1fe87ecf35a15e13fe68aa7df80789d6e1 [5ms]
2024-05-23 23:00:18.212 [info] > git log --format=%H%n%aN%n%aE%n%at%n%ct%n%P%n%D%n%B -z -n120 --follow -- /home/mi/workplace/src/learning/learning/data_receive.py [74ms]
2024-05-23 23:00:18.317 [info] > git show --textconv :workplace/src/learning/learning/data_receive.py [34ms]
2024-05-23 23:00:18.323 [info] > git ls-files --stage -- /home/mi/workplace/src/learning/learning/data_receive.py [14ms]
2024-05-23 23:00:18.346 [info] > git cat-file -s 1b9583a4100c824a06dd995fb1e3affd51231d41 [5ms]
2024-05-23 23:00:18.676 [info] > git check-ignore -v -z --stdin [8ms]
2024-05-23 23:00:23.709 [info] > git log --format=%H%n%aN%n%aE%n%at%n%ct%n%P%n%D%n%B -z -n120 --follow -- /home/mi/workplace/readme.md [66ms]
2024-05-23 23:00:23.877 [info] > git show --textconv :workplace/readme.md [33ms]
2024-05-23 23:00:23.886 [info] > git ls-files --stage -- /home/mi/workplace/readme.md [19ms]
2024-05-23 23:00:23.917 [info] > git cat-file -s d6302f1fe87ecf35a15e13fe68aa7df80789d6e1 [9ms]
2024-05-23 23:00:24.633 [info] > git log --format=%H%n%aN%n%aE%n%at%n%ct%n%P%n%D%n%B -z -n120 --follow -- /home/mi/workplace/src/learning/learning/data_receive.py [68ms]
2024-05-23 23:00:24.759 [info] > git show --textconv :workplace/src/learning/learning/data_receive.py [28ms]
2024-05-23 23:00:24.767 [info] > git ls-files --stage -- /home/mi/workplace/src/learning/learning/data_receive.py [12ms]
2024-05-23 23:00:24.794 [info] > git cat-file -s 1b9583a4100c824a06dd995fb1e3affd51231d41 [5ms]
2024-05-23 23:00:28.869 [info] > git log --format=%H%n%aN%n%aE%n%at%n%ct%n%P%n%D%n%B -z -n120 --follow -- /home/mi/workplace/readme.md [72ms]
2024-05-23 23:00:28.992 [info] > git show --textconv :workplace/readme.md [32ms]
2024-05-23 23:00:28.999 [info] > git ls-files --stage -- /home/mi/workplace/readme.md [14ms]
2024-05-23 23:00:29.038 [info] > git cat-file -s d6302f1fe87ecf35a15e13fe68aa7df80789d6e1 [16ms]
2024-05-23 23:02:33.388 [info] > git log --format=%H%n%aN%n%aE%n%at%n%ct%n%P%n%D%n%B -z -n120 --follow -- /home/mi/workplace/src/learning/learning/data_receive.py [67ms]
2024-05-23 23:02:33.559 [info] > git show --textconv :workplace/src/learning/learning/data_receive.py [26ms]
2024-05-23 23:02:33.564 [info] > git ls-files --stage -- /home/mi/workplace/src/learning/learning/data_receive.py [7ms]
2024-05-23 23:02:33.590 [info] > git cat-file -s 1b9583a4100c824a06dd995fb1e3affd51231d41 [4ms]
2024-05-23 23:02:36.918 [info] > git check-ignore -v -z --stdin [7ms]
2024-05-23 23:02:48.871 [info] > git log --format=%H%n%aN%n%aE%n%at%n%ct%n%P%n%D%n%B -z -n120 --follow -- /home/mi/workplace/src/learning/learning/keeper.py [63ms]
2024-05-23 23:02:49.005 [info] > git show --textconv :workplace/src/learning/learning/keeper.py [34ms]
2024-05-23 23:02:49.014 [info] > git ls-files --stage -- /home/mi/workplace/src/learning/learning/keeper.py [18ms]
2024-05-23 23:02:49.042 [info] > git cat-file -s 2991628a82f194739b56b3a0cf8e206d4b839cd9 [6ms]
2024-05-23 23:02:49.428 [info] > git log --format=%H%n%aN%n%aE%n%at%n%ct%n%P%n%D%n%B -z -n120 --follow -- /home/mi/workplace/src/learning/learning/camera.py [67ms]
2024-05-23 23:02:49.575 [info] > git show --textconv :workplace/src/learning/learning/camera.py [28ms]
2024-05-23 23:02:49.579 [info] > git ls-files --stage -- /home/mi/workplace/src/learning/learning/camera.py [11ms]
2024-05-23 23:02:49.603 [info] > git cat-file -s 57d25ca86ebe15ac4fd13d672c220a5052800460 [4ms]
2024-05-23 23:02:57.068 [info] > git log --format=%H%n%aN%n%aE%n%at%n%ct%n%P%n%D%n%B -z -n120 --follow -- /home/mi/workplace/src/learning/learning/get_data.py [11ms]
2024-05-23 23:02:57.294 [info] > git show --textconv :workplace/src/learning/learning/get_data.py [25ms]
2024-05-23 23:02:57.302 [info] > git ls-files --stage -- /home/mi/workplace/src/learning/learning/get_data.py [13ms]
2024-05-23 23:02:57.492 [info] > git check-ignore -v -z --stdin [5ms]
2024-05-23 23:03:09.406 [info] > git log --format=%H%n%aN%n%aE%n%at%n%ct%n%P%n%D%n%B -z -n120 --follow -- /home/mi/workplace/src/learning/learning/move_x.py [65ms]
2024-05-23 23:03:09.556 [info] > git show --textconv :workplace/src/learning/learning/move_x.py [31ms]
2024-05-23 23:03:09.562 [info] > git ls-files --stage -- /home/mi/workplace/src/learning/learning/move_x.py [13ms]
2024-05-23 23:03:09.586 [info] > git cat-file -s edb32e0c9cdc767e9aa018b1c5d25c59d3f3f09f [4ms]
2024-05-23 23:03:18.248 [info] > git log --format=%H%n%aN%n%aE%n%at%n%ct%n%P%n%D%n%B -z -n120 --follow -- /home/mi/workplace/src/learning/learning/get_data.py [13ms]
2024-05-23 23:03:18.385 [info] > git show --textconv :workplace/src/learning/learning/get_data.py [30ms]
2024-05-23 23:03:18.389 [info] > git ls-files --stage -- /home/mi/workplace/src/learning/learning/get_data.py [10ms]
2024-05-23 23:04:48.712 [info] > git config --get commit.template [26ms]
2024-05-23 23:04:48.778 [info] > git for-each-ref --format=%(refname)%00%(upstream:short)%00%(objectname)%00%(upstream:track)%00%(upstream:remotename)%00%(upstream:remoteref) refs/heads/master refs/remotes/master [14ms]
2024-05-23 23:04:49.138 [info] > git status -z -uall [307ms]
2024-05-23 23:12:18.415 [info] > git config --get commit.template [36ms]
2024-05-23 23:12:18.417 [info] > git for-each-ref --format=%(refname)%00%(upstream:short)%00%(objectname)%00%(upstream:track)%00%(upstream:remotename)%00%(upstream:remoteref) refs/heads/master refs/remotes/master [12ms]
2024-05-23 23:12:18.557 [info] > git status -z -uall [107ms]
2024-05-23 23:12:23.738 [info] > git config --get commit.template [36ms]
2024-05-23 23:12:23.740 [info] > git for-each-ref --format=%(refname)%00%(upstream:short)%00%(objectname)%00%(upstream:track)%00%(upstream:remotename)%00%(upstream:remoteref) refs/heads/master refs/remotes/master [11ms]
2024-05-23 23:12:23.865 [info] > git status -z -uall [96ms]
2024-05-23 23:14:35.464 [info] > git config --get commit.template [10ms]
2024-05-23 23:14:35.503 [info] > git for-each-ref --format=%(refname)%00%(upstream:short)%00%(objectname)%00%(upstream:track)%00%(upstream:remotename)%00%(upstream:remoteref) refs/heads/master refs/remotes/master [6ms]
2024-05-23 23:14:35.661 [info] > git status -z -uall [117ms]
2024-05-23 23:15:08.150 [info] > git show --textconv :workplace/src/learning/learning/track.py [67ms]
2024-05-23 23:15:08.155 [info] > git ls-files --stage -- /home/mi/workplace/src/learning/learning/track.py [39ms]
2024-05-23 23:15:08.192 [info] > git cat-file -s f60747abe8d7a5eb5217f22bef3c88073fdec74a [5ms]
2024-05-23 23:15:10.849 [info] > git show --textconv :workplace/src/learning/learning/get_data.py [49ms]
2024-05-23 23:15:10.856 [info] > git ls-files --stage -- /home/mi/workplace/src/learning/learning/get_data.py [26ms]
2024-05-23 23:15:19.133 [info] > git show --textconv :workplace/src/learning/learning/track.py [44ms]
2024-05-23 23:15:19.139 [info] > git ls-files --stage -- /home/mi/workplace/src/learning/learning/track.py [15ms]
2024-05-23 23:15:19.175 [info] > git cat-file -s f60747abe8d7a5eb5217f22bef3c88073fdec74a [5ms]
2024-05-23 23:15:20.703 [info] > git show --textconv :workplace/src/learning/learning/get_data.py [37ms]
2024-05-23 23:15:20.710 [info] > git ls-files --stage -- /home/mi/workplace/src/learning/learning/get_data.py [12ms]
2024-05-23 23:20:51.160 [info] > git show --textconv :workplace/src/learning/learning/track.py [46ms]
2024-05-23 23:20:51.169 [info] > git ls-files --stage -- /home/mi/workplace/src/learning/learning/track.py [18ms]
2024-05-23 23:20:51.204 [info] > git cat-file -s f60747abe8d7a5eb5217f22bef3c88073fdec74a [7ms]
2024-05-23 23:20:58.562 [info] > git show --textconv :workplace/src/learning/learning/get_data.py [43ms]
2024-05-23 23:20:58.563 [info] > git ls-files --stage -- /home/mi/workplace/src/learning/learning/get_data.py [10ms]
2024-05-23 23:21:14.967 [info] > git show --textconv :workplace/src/learning/learning/track.py [40ms]
2024-05-23 23:21:14.973 [info] > git ls-files --stage -- /home/mi/workplace/src/learning/learning/track.py [12ms]
2024-05-23 23:21:15.010 [info] > git cat-file -s f60747abe8d7a5eb5217f22bef3c88073fdec74a [6ms]
2024-05-23 23:21:26.981 [info] > git show --textconv :workplace/src/learning/learning/get_data.py [51ms]
2024-05-23 23:21:26.992 [info] > git ls-files --stage -- /home/mi/workplace/src/learning/learning/get_data.py [25ms]
2024-05-23 23:21:31.595 [info] > git show --textconv :workplace/src/learning/learning/move_x.py [41ms]
2024-05-23 23:21:31.602 [info] > git ls-files --stage -- /home/mi/workplace/src/learning/learning/move_x.py [16ms]
2024-05-23 23:21:31.637 [info] > git cat-file -s edb32e0c9cdc767e9aa018b1c5d25c59d3f3f09f [6ms]
2024-05-23 23:21:33.509 [info] > git show --textconv :workplace/src/learning/learning/track.py [41ms]
2024-05-23 23:21:33.514 [info] > git ls-files --stage -- /home/mi/workplace/src/learning/learning/track.py [12ms]
2024-05-23 23:21:33.552 [info] > git cat-file -s f60747abe8d7a5eb5217f22bef3c88073fdec74a [5ms]
2024-05-23 23:21:37.940 [info] > git show --textconv :workplace/src/learning/learning/get_data.py [46ms]
2024-05-23 23:21:37.945 [info] > git ls-files --stage -- /home/mi/workplace/src/learning/learning/get_data.py [12ms]
2024-05-23 23:21:47.532 [info] > git show --textconv :workplace/src/learning/learning/track.py [41ms]
2024-05-23 23:21:47.537 [info] > git ls-files --stage -- /home/mi/workplace/src/learning/learning/track.py [14ms]
2024-05-23 23:21:47.572 [info] > git cat-file -s f60747abe8d7a5eb5217f22bef3c88073fdec74a [5ms]
2024-05-23 23:21:49.739 [info] > git show --textconv :workplace/src/learning/learning/get_data.py [38ms]
2024-05-23 23:21:49.745 [info] > git ls-files --stage -- /home/mi/workplace/src/learning/learning/get_data.py [12ms]
2024-05-23 23:22:09.473 [info] > git show --textconv :workplace/src/learning/learning/track.py [43ms]
2024-05-23 23:22:09.478 [info] > git ls-files --stage -- /home/mi/workplace/src/learning/learning/track.py [12ms]
2024-05-23 23:22:09.513 [info] > git cat-file -s f60747abe8d7a5eb5217f22bef3c88073fdec74a [5ms]
2024-05-23 23:22:13.250 [info] > git show --textconv :workplace/src/learning/learning/get_data.py [39ms]
2024-05-23 23:22:13.257 [info] > git ls-files --stage -- /home/mi/workplace/src/learning/learning/get_data.py [12ms]
2024-05-23 23:22:20.989 [info] > git show --textconv :workplace/src/learning/learning/track.py [43ms]
2024-05-23 23:22:20.995 [info] > git ls-files --stage -- /home/mi/workplace/src/learning/learning/track.py [14ms]
2024-05-23 23:22:21.034 [info] > git cat-file -s f60747abe8d7a5eb5217f22bef3c88073fdec74a [10ms]
2024-05-23 23:22:23.041 [info] > git show --textconv :workplace/src/learning/learning/get_data.py [40ms]
2024-05-23 23:22:23.047 [info] > git ls-files --stage -- /home/mi/workplace/src/learning/learning/get_data.py [12ms]
2024-05-23 23:22:55.436 [info] > git show --textconv :workplace/src/learning/setup.py [38ms]
2024-05-23 23:22:55.442 [info] > git ls-files --stage -- /home/mi/workplace/src/learning/setup.py [9ms]
2024-05-23 23:22:55.485 [info] > git cat-file -s 546dd794d4a390e65314c01f2dd0a9ef736f5718 [9ms]
2024-05-23 23:23:07.340 [info] > git config --get commit.template [92ms]
2024-05-23 23:23:07.385 [info] > git for-each-ref --format=%(refname)%00%(upstream:short)%00%(objectname)%00%(upstream:track)%00%(upstream:remotename)%00%(upstream:remoteref) refs/heads/master refs/remotes/master [6ms]
2024-05-23 23:23:07.549 [info] > git status -z -uall [125ms]
2024-05-23 23:23:16.681 [info] > git show --textconv :workplace/src/learning/learning/get_data.py [72ms]
2024-05-23 23:23:16.688 [info] > git ls-files --stage -- /home/mi/workplace/src/learning/learning/get_data.py [44ms]
2024-05-23 23:33:01.526 [info] > git config --get commit.template [46ms]
2024-05-23 23:33:01.627 [info] > git for-each-ref --format=%(refname)%00%(upstream:short)%00%(objectname)%00%(upstream:track)%00%(upstream:remotename)%00%(upstream:remoteref) refs/heads/master refs/remotes/master [30ms]
2024-05-23 23:33:01.844 [info] > git status -z -uall [147ms]
2024-05-23 23:34:51.872 [info] > git show --textconv :workplace/src/learning/setup.py [72ms]
2024-05-23 23:34:51.876 [info] > git ls-files --stage -- /home/mi/workplace/src/learning/setup.py [13ms]
2024-05-23 23:34:51.959 [info] > git cat-file -s 546dd794d4a390e65314c01f2dd0a9ef736f5718 [23ms]
2024-05-23 23:34:58.372 [info] > git show --textconv :workplace/src/learning/learning/get_data.py [68ms]
2024-05-23 23:34:58.377 [info] > git ls-files --stage -- /home/mi/workplace/src/learning/learning/get_data.py [15ms]
2024-05-23 23:35:01.385 [info] > git check-ignore -v -z --stdin [27ms]
2024-05-23 23:36:07.940 [info] > git show --textconv :workplace/src/learning/learning/track.py [85ms]
2024-05-23 23:36:07.945 [info] > git ls-files --stage -- /home/mi/workplace/src/learning/learning/track.py [17ms]
2024-05-23 23:36:08.019 [info] > git cat-file -s f60747abe8d7a5eb5217f22bef3c88073fdec74a [9ms]
2024-05-23 23:36:08.267 [info] > git log --format=%H%n%aN%n%aE%n%at%n%ct%n%P%n%D%n%B -z -n120 --follow -- /home/mi/workplace/src/learning/learning/track.py [594ms]
2024-05-23 23:36:13.269 [info] > git log --format=%H%n%aN%n%aE%n%at%n%ct%n%P%n%D%n%B -z -n120 --follow -- /home/mi/workplace/src/learning/learning/data_receive.py [81ms]
2024-05-23 23:36:13.515 [info] > git show --textconv :workplace/src/learning/learning/data_receive.py [71ms]
2024-05-23 23:36:13.522 [info] > git ls-files --stage -- /home/mi/workplace/src/learning/learning/data_receive.py [15ms]
2024-05-23 23:36:13.591 [info] > git cat-file -s 1b9583a4100c824a06dd995fb1e3affd51231d41 [9ms]
2024-05-23 23:36:34.393 [info] > git log --format=%H%n%aN%n%aE%n%at%n%ct%n%P%n%D%n%B -z -n120 --follow -- /home/mi/workplace/src/learning/learning/move_x.py [80ms]
2024-05-23 23:36:34.560 [info] > git show --textconv :workplace/src/learning/learning/move_x.py [73ms]
2024-05-23 23:36:34.567 [info] > git ls-files --stage -- /home/mi/workplace/src/learning/learning/move_x.py [15ms]
2024-05-23 23:36:34.640 [info] > git cat-file -s edb32e0c9cdc767e9aa018b1c5d25c59d3f3f09f [13ms]
2024-05-23 23:37:13.439 [info] > git config --get commit.template [14ms]
2024-05-23 23:37:13.515 [info] > git for-each-ref --format=%(refname)%00%(upstream:short)%00%(objectname)%00%(upstream:track)%00%(upstream:remotename)%00%(upstream:remoteref) refs/heads/master refs/remotes/master [12ms]
2024-05-23 23:37:13.717 [info] > git status -z -uall [134ms]
2024-05-23 23:37:34.891 [info] > git config --get commit.template [27ms]
2024-05-23 23:37:35.004 [info] > git for-each-ref --format=%(refname)%00%(upstream:short)%00%(objectname)%00%(upstream:track)%00%(upstream:remotename)%00%(upstream:remoteref) refs/heads/master refs/remotes/master [30ms]
2024-05-23 23:37:35.363 [info] > git status -z -uall [249ms]
2024-05-23 23:37:48.387 [info] > git config --get commit.template [19ms]
2024-05-23 23:37:48.513 [info] > git for-each-ref --format=%(refname)%00%(upstream:short)%00%(objectname)%00%(upstream:track)%00%(upstream:remotename)%00%(upstream:remoteref) refs/heads/master refs/remotes/master [61ms]
2024-05-23 23:37:49.236 [info] > git status -z -uall [638ms]
2024-05-23 23:40:21.493 [info] > git show --textconv :workplace/src/learning/learning/get_data.py [70ms]
2024-05-23 23:40:21.500 [info] > git ls-files --stage -- /home/mi/workplace/src/learning/learning/get_data.py [11ms]
2024-05-23 23:42:25.293 [info] > git config --get commit.template [77ms]
2024-05-23 23:42:25.296 [info] > git for-each-ref --format=%(refname)%00%(upstream:short)%00%(objectname)%00%(upstream:track)%00%(upstream:remotename)%00%(upstream:remoteref) refs/heads/master refs/remotes/master [20ms]
2024-05-23 23:42:25.520 [info] > git status -z -uall [153ms]
2024-05-23 23:47:29.797 [info] > git config --get commit.template [122ms]
2024-05-23 23:47:29.801 [info] > git for-each-ref --format=%(refname)%00%(upstream:short)%00%(objectname)%00%(upstream:track)%00%(upstream:remotename)%00%(upstream:remoteref) refs/heads/master refs/remotes/master [51ms]
2024-05-23 23:47:30.044 [info] > git status -z -uall [148ms]
2024-05-23 23:51:15.714 [info] > git show --textconv :workplace/src/learning/learning/keeper.py [64ms]
2024-05-23 23:51:15.720 [info] > git ls-files --stage -- /home/mi/workplace/src/learning/learning/keeper.py [15ms]
2024-05-23 23:51:15.789 [info] > git cat-file -s 2991628a82f194739b56b3a0cf8e206d4b839cd9 [11ms]
2024-05-23 23:51:26.626 [info] > git show --textconv :workplace/src/learning/learning/get_data.py [68ms]
2024-05-23 23:51:26.633 [info] > git ls-files --stage -- /home/mi/workplace/src/learning/learning/get_data.py [15ms]
2024-05-23 23:52:29.339 [info] > git show --textconv :workplace/src/learning/learning/keeper.py [70ms]
2024-05-23 23:52:29.344 [info] > git ls-files --stage -- /home/mi/workplace/src/learning/learning/keeper.py [12ms]
2024-05-23 23:52:29.409 [info] > git cat-file -s 2991628a82f194739b56b3a0cf8e206d4b839cd9 [6ms]
2024-05-23 23:52:54.108 [info] > git show --textconv :workplace/src/learning/learning/get_data.py [73ms]
2024-05-23 23:52:54.115 [info] > git ls-files --stage -- /home/mi/workplace/src/learning/learning/get_data.py [13ms]
2024-05-23 23:52:59.313 [info] > git show --textconv :workplace/src/learning/learning/keeper.py [84ms]
2024-05-23 23:52:59.321 [info] > git ls-files --stage -- /home/mi/workplace/src/learning/learning/keeper.py [18ms]
2024-05-23 23:52:59.396 [info] > git cat-file -s 2991628a82f194739b56b3a0cf8e206d4b839cd9 [9ms]
2024-05-23 23:53:14.078 [info] > git show --textconv :workplace/src/learning/learning/get_data.py [96ms]
2024-05-23 23:53:14.080 [info] > git ls-files --stage -- /home/mi/workplace/src/learning/learning/get_data.py [15ms]
2024-05-23 23:53:19.891 [info] > git show --textconv :workplace/src/learning/learning/keeper.py [106ms]
2024-05-23 23:53:19.893 [info] > git ls-files --stage -- /home/mi/workplace/src/learning/learning/keeper.py [35ms]
2024-05-23 23:53:19.971 [info] > git cat-file -s 2991628a82f194739b56b3a0cf8e206d4b839cd9 [11ms]
2024-05-23 23:53:28.845 [info] > git show --textconv :workplace/src/learning/learning/get_data.py [79ms]
2024-05-23 23:53:28.851 [info] > git ls-files --stage -- /home/mi/workplace/src/learning/learning/get_data.py [12ms]
2024-05-23 23:53:33.277 [info] > git show --textconv :workplace/src/learning/learning/keeper.py [72ms]
2024-05-23 23:53:33.283 [info] > git ls-files --stage -- /home/mi/workplace/src/learning/learning/keeper.py [11ms]
2024-05-23 23:53:33.365 [info] > git cat-file -s 2991628a82f194739b56b3a0cf8e206d4b839cd9 [8ms]
2024-05-23 23:53:42.671 [info] > git show --textconv :workplace/src/learning/learning/move_x.py [88ms]
2024-05-23 23:53:42.678 [info] > git ls-files --stage -- /home/mi/workplace/src/learning/learning/move_x.py [17ms]
2024-05-23 23:53:42.767 [info] > git cat-file -s edb32e0c9cdc767e9aa018b1c5d25c59d3f3f09f [16ms]
2024-05-23 23:53:43.174 [info] > git show --textconv :workplace/src/learning/learning/get_data.py [80ms]
2024-05-23 23:53:43.178 [info] > git ls-files --stage -- /home/mi/workplace/src/learning/learning/get_data.py [13ms]
2024-05-23 23:53:50.234 [info] > git show --textconv :workplace/src/learning/learning/keeper.py [79ms]
2024-05-23 23:53:50.239 [info] > git ls-files --stage -- /home/mi/workplace/src/learning/learning/keeper.py [14ms]
2024-05-23 23:53:50.311 [info] > git cat-file -s 2991628a82f194739b56b3a0cf8e206d4b839cd9 [8ms]
2024-05-23 23:53:52.759 [info] > git show --textconv :workplace/src/learning/learning/get_data.py [77ms]
2024-05-23 23:53:52.765 [info] > git ls-files --stage -- /home/mi/workplace/src/learning/learning/get_data.py [14ms]
2024-05-23 23:54:10.910 [info] > git show --textconv :workplace/src/learning/learning/keeper.py [78ms]
2024-05-23 23:54:10.915 [info] > git ls-files --stage -- /home/mi/workplace/src/learning/learning/keeper.py [16ms]
2024-05-23 23:54:10.989 [info] > git cat-file -s 2991628a82f194739b56b3a0cf8e206d4b839cd9 [11ms]
2024-05-23 23:54:14.170 [info] > git show --textconv :workplace/src/learning/learning/get_data.py [79ms]
2024-05-23 23:54:14.177 [info] > git ls-files --stage -- /home/mi/workplace/src/learning/learning/get_data.py [16ms]
2024-05-23 23:54:21.369 [info] > git show --textconv :workplace/src/learning/learning/keeper.py [74ms]
2024-05-23 23:54:21.374 [info] > git ls-files --stage -- /home/mi/workplace/src/learning/learning/keeper.py [10ms]
2024-05-23 23:54:21.446 [info] > git cat-file -s 2991628a82f194739b56b3a0cf8e206d4b839cd9 [6ms]
2024-05-23 23:54:38.169 [info] > git show --textconv :workplace/src/learning/learning/get_data.py [86ms]
2024-05-23 23:54:38.175 [info] > git ls-files --stage -- /home/mi/workplace/src/learning/learning/get_data.py [21ms]
2024-05-23 23:54:39.102 [info] > git show --textconv :workplace/src/learning/setup.py [85ms]
2024-05-23 23:54:39.108 [info] > git ls-files --stage -- /home/mi/workplace/src/learning/setup.py [13ms]
2024-05-23 23:54:39.173 [info] > git cat-file -s 546dd794d4a390e65314c01f2dd0a9ef736f5718 [8ms]
2024-05-23 23:54:40.938 [info] > git show --textconv :workplace/src/learning/learning/get_data.py [78ms]
2024-05-23 23:54:40.944 [info] > git ls-files --stage -- /home/mi/workplace/src/learning/learning/get_data.py [15ms]
2024-05-23 23:54:42.938 [info] > git show --textconv :workplace/src/learning/learning/keeper.py [86ms]
2024-05-23 23:54:42.939 [info] > git ls-files --stage -- /home/mi/workplace/src/learning/learning/keeper.py [13ms]
2024-05-23 23:54:43.030 [info] > git cat-file -s 2991628a82f194739b56b3a0cf8e206d4b839cd9 [25ms]
2024-05-23 23:56:55.225 [info] > git show --textconv :workplace/src/learning/learning/get_data.py [71ms]
2024-05-23 23:56:55.232 [info] > git ls-files --stage -- /home/mi/workplace/src/learning/learning/get_data.py [17ms]
2024-05-23 23:57:01.116 [info] > git show --textconv :workplace/src/learning/learning/keeper.py [70ms]
2024-05-23 23:57:01.120 [info] > git ls-files --stage -- /home/mi/workplace/src/learning/learning/keeper.py [11ms]
2024-05-23 23:57:01.186 [info] > git cat-file -s 2991628a82f194739b56b3a0cf8e206d4b839cd9 [6ms]
2024-05-24 00:01:15.475 [info] > git show --textconv :workplace/src/learning/learning/move_x.py [77ms]
2024-05-24 00:01:15.482 [info] > git ls-files --stage -- /home/mi/workplace/src/learning/learning/move_x.py [17ms]
2024-05-24 00:01:15.545 [info] > git cat-file -s edb32e0c9cdc767e9aa018b1c5d25c59d3f3f09f [4ms]
2024-05-24 00:01:43.794 [info] > git log --format=%H%n%aN%n%aE%n%at%n%ct%n%P%n%D%n%B -z -n120 --follow -- /home/mi/workplace/src/learning/learning/move_horizontal.py [37ms]
2024-05-24 00:01:44.069 [info] > git show --textconv :workplace/src/learning/learning/move_horizontal.py [72ms]
2024-05-24 00:01:44.075 [info] > git ls-files --stage -- /home/mi/workplace/src/learning/learning/move_horizontal.py [12ms]
2024-05-24 00:01:44.217 [info] > git check-ignore -v -z --stdin [6ms]
2024-05-24 00:01:46.068 [info] > git log --format=%H%n%aN%n%aE%n%at%n%ct%n%P%n%D%n%B -z -n120 --follow -- /home/mi/workplace/src/learning/setup.py [48ms]
2024-05-24 00:01:46.266 [info] > git show --textconv :workplace/src/learning/setup.py [78ms]
2024-05-24 00:01:46.270 [info] > git ls-files --stage -- /home/mi/workplace/src/learning/setup.py [9ms]
2024-05-24 00:01:46.346 [info] > git cat-file -s 546dd794d4a390e65314c01f2dd0a9ef736f5718 [7ms]
2024-05-24 00:02:03.064 [info] > git show --textconv :workplace/src/learning/learning/keeper.py [93ms]
2024-05-24 00:02:03.086 [info] > git ls-files --stage -- /home/mi/workplace/src/learning/learning/keeper.py [27ms]
2024-05-24 00:02:03.163 [info] > git cat-file -s 2991628a82f194739b56b3a0cf8e206d4b839cd9 [7ms]
2024-05-24 00:02:03.303 [info] > git log --format=%H%n%aN%n%aE%n%at%n%ct%n%P%n%D%n%B -z -n120 --follow -- /home/mi/workplace/src/learning/learning/keeper.py [526ms]
2024-05-24 00:02:19.180 [info] > git log --format=%H%n%aN%n%aE%n%at%n%ct%n%P%n%D%n%B -z -n120 --follow -- /home/mi/workplace/src/learning/learning/move_horizontal.py [11ms]
2024-05-24 00:02:19.413 [info] > git show --textconv :workplace/src/learning/learning/move_horizontal.py [73ms]
2024-05-24 00:02:19.419 [info] > git ls-files --stage -- /home/mi/workplace/src/learning/learning/move_horizontal.py [15ms]
2024-05-24 00:03:12.057 [info] > git log --format=%H%n%aN%n%aE%n%at%n%ct%n%P%n%D%n%B -z -n120 --follow -- /home/mi/workplace/src/learning/learning/get_data.py [9ms]
2024-05-24 00:03:12.756 [info] > git show --textconv :workplace/src/learning/learning/get_data.py [77ms]
2024-05-24 00:03:12.761 [info] > git ls-files --stage -- /home/mi/workplace/src/learning/learning/get_data.py [15ms]
2024-05-24 00:03:21.992 [info] > git log --format=%H%n%aN%n%aE%n%at%n%ct%n%P%n%D%n%B -z -n120 --follow -- /home/mi/workplace/src/learning/learning/move_horizontal.py [11ms]
2024-05-24 00:03:22.184 [info] > git show --textconv :workplace/src/learning/learning/move_horizontal.py [72ms]
2024-05-24 00:03:22.194 [info] > git ls-files --stage -- /home/mi/workplace/src/learning/learning/move_horizontal.py [19ms]
2024-05-24 00:03:30.152 [info] > git log --format=%H%n%aN%n%aE%n%at%n%ct%n%P%n%D%n%B -z -n120 --follow -- /home/mi/workplace/src/learning/learning/keeper.py [75ms]
2024-05-24 00:03:30.364 [info] > git show --textconv :workplace/src/learning/learning/keeper.py [67ms]
2024-05-24 00:03:30.368 [info] > git ls-files --stage -- /home/mi/workplace/src/learning/learning/keeper.py [10ms]
2024-05-24 00:03:30.433 [info] > git cat-file -s 2991628a82f194739b56b3a0cf8e206d4b839cd9 [6ms]
2024-05-24 00:03:32.761 [info] > git log --format=%H%n%aN%n%aE%n%at%n%ct%n%P%n%D%n%B -z -n120 --follow -- /home/mi/workplace/src/learning/learning/move_horizontal.py [8ms]
2024-05-24 00:03:33.008 [info] > git show --textconv :workplace/src/learning/learning/move_horizontal.py [80ms]
2024-05-24 00:03:33.013 [info] > git ls-files --stage -- /home/mi/workplace/src/learning/learning/move_horizontal.py [22ms]
2024-05-24 00:04:01.306 [info] > git log --format=%H%n%aN%n%aE%n%at%n%ct%n%P%n%D%n%B -z -n120 --follow -- /home/mi/workplace/src/learning/learning/camera.py [75ms]
2024-05-24 00:04:01.573 [info] > git show --textconv :workplace/src/learning/learning/camera.py [76ms]
2024-05-24 00:04:01.577 [info] > git ls-files --stage -- /home/mi/workplace/src/learning/learning/camera.py [10ms]
2024-05-24 00:04:01.645 [info] > git cat-file -s 57d25ca86ebe15ac4fd13d672c220a5052800460 [8ms]
2024-05-24 00:04:12.329 [info] > git log --format=%H%n%aN%n%aE%n%at%n%ct%n%P%n%D%n%B -z -n120 --follow -- /home/mi/workplace/src/learning/learning/keeper.py [72ms]
2024-05-24 00:04:12.532 [info] > git show --textconv :workplace/src/learning/learning/keeper.py [87ms]
2024-05-24 00:04:12.537 [info] > git ls-files --stage -- /home/mi/workplace/src/learning/learning/keeper.py [16ms]
2024-05-24 00:04:12.652 [info] > git cat-file -s 2991628a82f194739b56b3a0cf8e206d4b839cd9 [48ms]
2024-05-24 00:04:14.081 [info] > git log --format=%H%n%aN%n%aE%n%at%n%ct%n%P%n%D%n%B -z -n120 --follow -- /home/mi/workplace/src/learning/learning/camera.py [82ms]
2024-05-24 00:04:14.277 [info] > git show --textconv :workplace/src/learning/learning/camera.py [78ms]
2024-05-24 00:04:14.284 [info] > git ls-files --stage -- /home/mi/workplace/src/learning/learning/camera.py [16ms]
2024-05-24 00:04:14.355 [info] > git cat-file -s 57d25ca86ebe15ac4fd13d672c220a5052800460 [7ms]
2024-05-24 00:04:26.407 [info] > git log --format=%H%n%aN%n%aE%n%at%n%ct%n%P%n%D%n%B -z -n120 --follow -- /home/mi/workplace/src/learning/setup.py [13ms]
2024-05-24 00:04:26.647 [info] > git show --textconv :workplace/src/learning/setup.py [93ms]
2024-05-24 00:04:26.653 [info] > git ls-files --stage -- /home/mi/workplace/src/learning/setup.py [14ms]
2024-05-24 00:04:27.696 [info] > git cat-file -s 546dd794d4a390e65314c01f2dd0a9ef736f5718 [986ms]
2024-05-24 00:04:29.651 [info] > git log --format=%H%n%aN%n%aE%n%at%n%ct%n%P%n%D%n%B -z -n120 --follow -- /home/mi/workplace/src/learning/learning/camera.py [78ms]
2024-05-24 00:04:29.817 [info] > git show --textconv :workplace/src/learning/learning/camera.py [69ms]
2024-05-24 00:04:29.821 [info] > git ls-files --stage -- /home/mi/workplace/src/learning/learning/camera.py [11ms]
2024-05-24 00:04:29.898 [info] > git cat-file -s 57d25ca86ebe15ac4fd13d672c220a5052800460 [9ms]
2024-05-24 00:04:40.041 [info] > git log --format=%H%n%aN%n%aE%n%at%n%ct%n%P%n%D%n%B -z -n120 --follow -- /home/mi/workplace/src/learning/learning/rgb_cam_suber.py [9ms]
2024-05-24 00:04:40.304 [info] > git show --textconv :workplace/src/learning/learning/rgb_cam_suber.py [70ms]
2024-05-24 00:04:40.309 [info] > git ls-files --stage -- /home/mi/workplace/src/learning/learning/rgb_cam_suber.py [11ms]
2024-05-24 00:04:40.505 [info] > git check-ignore -v -z --stdin [9ms]
2024-05-24 00:04:57.171 [info] > git log --format=%H%n%aN%n%aE%n%at%n%ct%n%P%n%D%n%B -z -n120 --follow -- /home/mi/workplace/src/learning/learning/move_horizontal.py [15ms]
2024-05-24 00:04:57.400 [info] > git show --textconv :workplace/src/learning/learning/move_horizontal.py [73ms]
2024-05-24 00:04:57.405 [info] > git ls-files --stage -- /home/mi/workplace/src/learning/learning/move_horizontal.py [13ms]
2024-05-24 00:05:14.678 [info] > git config --get commit.template [40ms]
2024-05-24 00:05:14.804 [info] > git for-each-ref --format=%(refname)%00%(upstream:short)%00%(objectname)%00%(upstream:track)%00%(upstream:remotename)%00%(upstream:remoteref) refs/heads/master refs/remotes/master [27ms]
2024-05-24 00:05:15.544 [info] > git status -z -uall [620ms]
2024-05-24 00:05:26.457 [info] > git log --format=%H%n%aN%n%aE%n%at%n%ct%n%P%n%D%n%B -z -n120 --follow -- /home/mi/workplace/src/learning/learning/rgb_cam_suber.py [9ms]
2024-05-24 00:05:26.713 [info] > git show --textconv :workplace/src/learning/learning/rgb_cam_suber.py [74ms]
2024-05-24 00:05:26.719 [info] > git ls-files --stage -- /home/mi/workplace/src/learning/learning/rgb_cam_suber.py [14ms]
2024-05-24 00:05:52.222 [info] > git show --textconv :workplace/src/learning/learning/move_horizontal.py [79ms]
2024-05-24 00:05:52.228 [info] > git ls-files --stage -- /home/mi/workplace/src/learning/learning/move_horizontal.py [28ms]
2024-05-24 00:06:06.241 [info] > git show --textconv :workplace/src/learning/learning/camera.py [100ms]
2024-05-24 00:06:06.251 [info] > git ls-files --stage -- /home/mi/workplace/src/learning/learning/camera.py [43ms]
2024-05-24 00:06:06.370 [info] > git cat-file -s 57d25ca86ebe15ac4fd13d672c220a5052800460 [10ms]
2024-05-24 00:06:11.278 [info] > git show --textconv :workplace/src/learning/learning/move_horizontal.py [74ms]
2024-05-24 00:06:11.284 [info] > git ls-files --stage -- /home/mi/workplace/src/learning/learning/move_horizontal.py [14ms]
2024-05-24 00:06:11.861 [info] > git show --textconv :workplace/src/learning/learning/rgb_cam_suber.py [79ms]
2024-05-24 00:06:11.871 [info] > git ls-files --stage -- /home/mi/workplace/src/learning/learning/rgb_cam_suber.py [16ms]
2024-05-24 00:06:18.424 [info] > git show --textconv :workplace/src/learning/learning/move_horizontal.py [70ms]
2024-05-24 00:06:18.429 [info] > git ls-files --stage -- /home/mi/workplace/src/learning/learning/move_horizontal.py [14ms]
2024-05-24 00:07:44.214 [info] > git show --textconv :workplace/src/learning/learning/keeper.py [64ms]
2024-05-24 00:07:44.220 [info] > git ls-files --stage -- /home/mi/workplace/src/learning/learning/keeper.py [12ms]
2024-05-24 00:07:44.280 [info] > git cat-file -s 2991628a82f194739b56b3a0cf8e206d4b839cd9 [6ms]
2024-05-24 00:07:47.145 [info] > git show --textconv :workplace/src/learning/learning/move_horizontal.py [97ms]
2024-05-24 00:07:47.152 [info] > git ls-files --stage -- /home/mi/workplace/src/learning/learning/move_horizontal.py [17ms]
2024-05-24 00:08:50.130 [info] > git show --textconv :workplace/src/learning/learning/rgb_cam_suber.py [78ms]
2024-05-24 00:08:50.137 [info] > git ls-files --stage -- /home/mi/workplace/src/learning/learning/rgb_cam_suber.py [18ms]
2024-05-24 00:08:55.788 [info] > git show --textconv :workplace/src/learning/learning/move_horizontal.py [71ms]
2024-05-24 00:08:55.796 [info] > git ls-files --stage -- /home/mi/workplace/src/learning/learning/move_horizontal.py [19ms]
2024-05-24 00:15:47.830 [info] > git show --textconv :workplace/src/learning/learning/get_data.py [70ms]
2024-05-24 00:15:47.837 [info] > git ls-files --stage -- /home/mi/workplace/src/learning/learning/get_data.py [17ms]
2024-05-24 00:15:58.523 [info] > git show --textconv :workplace/src/learning/learning/rgb_cam_suber.py [81ms]
2024-05-24 00:15:58.530 [info] > git ls-files --stage -- /home/mi/workplace/src/learning/learning/rgb_cam_suber.py [23ms]
2024-05-24 00:15:59.681 [info] > git show --textconv :workplace/src/learning/learning/move_horizontal.py [67ms]
2024-05-24 00:15:59.685 [info] > git ls-files --stage -- /home/mi/workplace/src/learning/learning/move_horizontal.py [12ms]
2024-05-24 00:26:15.674 [info] > git show --textconv :workplace/src/learning/learning/get_data.py [72ms]
2024-05-24 00:26:15.681 [info] > git ls-files --stage -- /home/mi/workplace/src/learning/learning/get_data.py [16ms]
2024-05-24 00:26:36.745 [info] > git show --textconv :workplace/src/learning/learning/move_horizontal.py [74ms]
2024-05-24 00:26:36.751 [info] > git ls-files --stage -- /home/mi/workplace/src/learning/learning/move_horizontal.py [17ms]
2024-05-24 00:27:02.722 [info] > git show --textconv :workplace/src/learning/learning/get_data.py [70ms]
2024-05-24 00:27:02.727 [info] > git ls-files --stage -- /home/mi/workplace/src/learning/learning/get_data.py [15ms]
2024-05-24 00:27:04.922 [info] > git show --textconv :workplace/src/learning/learning/move_horizontal.py [78ms]
2024-05-24 00:27:04.927 [info] > git ls-files --stage -- /home/mi/workplace/src/learning/learning/move_horizontal.py [12ms]
2024-05-24 00:28:04.170 [info] > git show --textconv :workplace/src/learning/learning/get_data.py [72ms]
2024-05-24 00:28:04.177 [info] > git ls-files --stage -- /home/mi/workplace/src/learning/learning/get_data.py [15ms]
2024-05-24 00:28:11.799 [info] > git show --textconv :workplace/src/learning/learning/move_horizontal.py [67ms]
2024-05-24 00:28:11.805 [info] > git ls-files --stage -- /home/mi/workplace/src/learning/learning/move_horizontal.py [10ms]
2024-05-24 00:28:14.900 [info] > git show --textconv :workplace/src/learning/learning/get_data.py [71ms]
2024-05-24 00:28:14.906 [info] > git ls-files --stage -- /home/mi/workplace/src/learning/learning/get_data.py [14ms]
2024-05-24 00:28:16.342 [info] > git show --textconv :workplace/src/learning/learning/move_horizontal.py [70ms]
2024-05-24 00:28:16.347 [info] > git ls-files --stage -- /home/mi/workplace/src/learning/learning/move_horizontal.py [14ms]
2024-05-24 00:28:24.409 [info] > git config --get commit.template [49ms]
2024-05-24 00:28:24.508 [info] > git for-each-ref --format=%(refname)%00%(upstream:short)%00%(objectname)%00%(upstream:track)%00%(upstream:remotename)%00%(upstream:remoteref) refs/heads/master refs/remotes/master [23ms]
2024-05-24 00:28:24.736 [info] > git status -z -uall [135ms]
2024-05-24 00:28:39.765 [info] > git show --textconv :workplace/src/learning/learning/get_data.py [80ms]
2024-05-24 00:28:39.771 [info] > git ls-files --stage -- /home/mi/workplace/src/learning/learning/get_data.py [15ms]
2024-05-24 00:28:41.451 [info] > git show --textconv :workplace/src/learning/learning/move_horizontal.py [72ms]
2024-05-24 00:28:41.460 [info] > git ls-files --stage -- /home/mi/workplace/src/learning/learning/move_horizontal.py [17ms]
2024-05-24 00:28:51.428 [info] > git config --get commit.template [131ms]
2024-05-24 00:28:51.530 [info] > git for-each-ref --format=%(refname)%00%(upstream:short)%00%(objectname)%00%(upstream:track)%00%(upstream:remotename)%00%(upstream:remoteref) refs/heads/master refs/remotes/master [28ms]
2024-05-24 00:28:51.785 [info] > git status -z -uall [130ms]
2024-05-24 00:31:09.098 [info] > git show --textconv :workplace/src/learning/learning/rgb_cam_suber.py [74ms]
2024-05-24 00:31:09.104 [info] > git ls-files --stage -- /home/mi/workplace/src/learning/learning/rgb_cam_suber.py [15ms]
2024-05-24 00:31:12.152 [info] > git show --textconv :workplace/src/learning/learning/move_horizontal.py [131ms]
2024-05-24 00:31:12.200 [info] > git ls-files --stage -- /home/mi/workplace/src/learning/learning/move_horizontal.py [65ms]
2024-05-24 00:31:13.044 [info] > git show --textconv :workplace/src/learning/learning/rgb_cam_suber.py [68ms]
2024-05-24 00:31:13.049 [info] > git ls-files --stage -- /home/mi/workplace/src/learning/learning/rgb_cam_suber.py [15ms]
2024-05-24 00:31:18.378 [info] > git show --textconv :workplace/src/learning/learning/move_horizontal.py [75ms]
2024-05-24 00:31:18.383 [info] > git ls-files --stage -- /home/mi/workplace/src/learning/learning/move_horizontal.py [14ms]
2024-05-24 00:31:23.819 [info] > git show --textconv :workplace/src/learning/learning/rgb_cam_suber.py [70ms]
2024-05-24 00:31:23.825 [info] > git ls-files --stage -- /home/mi/workplace/src/learning/learning/rgb_cam_suber.py [16ms]
2024-05-24 00:31:29.850 [info] > git show --textconv :workplace/src/learning/learning/move_horizontal.py [74ms]
2024-05-24 00:31:29.857 [info] > git ls-files --stage -- /home/mi/workplace/src/learning/learning/move_horizontal.py [19ms]
2024-05-24 00:32:38.366 [info] > git show --textconv :workplace/src/learning/setup.py [67ms]
2024-05-24 00:32:38.372 [info] > git ls-files --stage -- /home/mi/workplace/src/learning/setup.py [17ms]
2024-05-24 00:32:38.442 [info] > git cat-file -s 546dd794d4a390e65314c01f2dd0a9ef736f5718 [16ms]
2024-05-24 00:32:40.761 [info] > git show --textconv :workplace/src/learning/learning/keeper.py [91ms]
2024-05-24 00:32:40.767 [info] > git ls-files --stage -- /home/mi/workplace/src/learning/learning/keeper.py [24ms]
2024-05-24 00:32:40.827 [info] > git cat-file -s 2991628a82f194739b56b3a0cf8e206d4b839cd9 [6ms]
2024-05-24 00:32:43.911 [info] > git show --textconv :workplace/src/learning/learning/move_horizontal.py [88ms]
2024-05-24 00:32:43.917 [info] > git ls-files --stage -- /home/mi/workplace/src/learning/learning/move_horizontal.py [32ms]
2024-05-24 00:34:38.375 [info] > git show --textconv :workplace/src/learning/learning/keeper.py [78ms]
2024-05-24 00:34:38.381 [info] > git ls-files --stage -- /home/mi/workplace/src/learning/learning/keeper.py [20ms]
2024-05-24 00:34:38.454 [info] > git cat-file -s 2991628a82f194739b56b3a0cf8e206d4b839cd9 [15ms]
2024-05-24 00:34:43.137 [info] > git show --textconv :workplace/src/learning/learning/move_horizontal.py [66ms]
2024-05-24 00:34:43.144 [info] > git ls-files --stage -- /home/mi/workplace/src/learning/learning/move_horizontal.py [15ms]
2024-05-24 00:35:01.627 [info] > git show --textconv :workplace/src/learning/learning/keeper.py [80ms]
2024-05-24 00:35:01.634 [info] > git ls-files --stage -- /home/mi/workplace/src/learning/learning/keeper.py [17ms]
2024-05-24 00:35:01.707 [info] > git cat-file -s 2991628a82f194739b56b3a0cf8e206d4b839cd9 [8ms]
2024-05-24 00:35:10.825 [info] > git show --textconv :workplace/src/learning/learning/move_horizontal.py [83ms]
2024-05-24 00:35:10.833 [info] > git ls-files --stage -- /home/mi/workplace/src/learning/learning/move_horizontal.py [15ms]
2024-05-24 00:35:28.011 [info] > git show --textconv :workplace/src/learning/learning/keeper.py [66ms]
2024-05-24 00:35:28.017 [info] > git ls-files --stage -- /home/mi/workplace/src/learning/learning/keeper.py [12ms]
2024-05-24 00:35:28.088 [info] > git cat-file -s 2991628a82f194739b56b3a0cf8e206d4b839cd9 [8ms]
2024-05-24 00:35:39.703 [info] > git show --textconv :workplace/src/learning/learning/move_horizontal.py [65ms]
2024-05-24 00:35:39.711 [info] > git ls-files --stage -- /home/mi/workplace/src/learning/learning/move_horizontal.py [18ms]
2024-05-24 00:36:18.247 [info] > git config --get commit.template [596ms]
2024-05-24 00:36:18.345 [info] > git for-each-ref --format=%(refname)%00%(upstream:short)%00%(objectname)%00%(upstream:track)%00%(upstream:remotename)%00%(upstream:remoteref) refs/heads/master refs/remotes/master [22ms]
2024-05-24 00:36:18.662 [info] > git status -z -uall [194ms]
2024-05-24 00:39:03.474 [info] > git show --textconv :workplace/src/learning/learning/get_data.py [73ms]
2024-05-24 00:39:03.482 [info] > git ls-files --stage -- /home/mi/workplace/src/learning/learning/get_data.py [21ms]
2024-05-24 00:39:10.729 [info] > git show --textconv :workplace/src/learning/learning/move_horizontal.py [68ms]
2024-05-24 00:39:10.735 [info] > git ls-files --stage -- /home/mi/workplace/src/learning/learning/move_horizontal.py [15ms]
2024-05-24 00:39:25.591 [info] > git show --textconv :workplace/src/learning/learning/get_data.py [67ms]
2024-05-24 00:39:25.597 [info] > git ls-files --stage -- /home/mi/workplace/src/learning/learning/get_data.py [14ms]
2024-05-24 00:40:16.824 [info] > git show --textconv :workplace/src/learning/learning/move_horizontal.py [78ms]
2024-05-24 00:40:16.829 [info] > git ls-files --stage -- /home/mi/workplace/src/learning/learning/move_horizontal.py [13ms]
2024-05-24 00:43:46.956 [info] > git show --textconv :workplace/src/learning/learning/get_data.py [92ms]
2024-05-24 00:43:46.963 [info] > git ls-files --stage -- /home/mi/workplace/src/learning/learning/get_data.py [32ms]
2024-05-24 00:46:04.701 [info] > git show --textconv :workplace/src/learning/learning/rgb_cam_suber.py [86ms]
2024-05-24 00:46:04.711 [info] > git ls-files --stage -- /home/mi/workplace/src/learning/learning/rgb_cam_suber.py [20ms]
2024-05-24 00:46:27.616 [info] > git show --textconv :workplace/src/learning/learning/move_horizontal.py [84ms]
2024-05-24 00:46:27.623 [info] > git ls-files --stage -- /home/mi/workplace/src/learning/learning/move_horizontal.py [20ms]
2024-05-24 00:48:24.008 [info] > git config --get commit.template [13ms]
2024-05-24 00:48:24.087 [info] > git for-each-ref --format=%(refname)%00%(upstream:short)%00%(objectname)%00%(upstream:track)%00%(upstream:remotename)%00%(upstream:remoteref) refs/heads/master refs/remotes/master [18ms]
2024-05-24 00:48:24.369 [info] > git status -z -uall [158ms]
2024-05-24 00:50:43.241 [info] > git config --get commit.template [13ms]
2024-05-24 00:50:43.316 [info] > git for-each-ref --format=%(refname)%00%(upstream:short)%00%(objectname)%00%(upstream:track)%00%(upstream:remotename)%00%(upstream:remoteref) refs/heads/master refs/remotes/master [7ms]
2024-05-24 00:50:43.502 [info] > git status -z -uall [113ms]
2024-05-24 00:50:56.647 [info] > git config --get commit.template [9ms]
2024-05-24 00:50:56.721 [info] > git for-each-ref --format=%(refname)%00%(upstream:short)%00%(objectname)%00%(upstream:track)%00%(upstream:remotename)%00%(upstream:remoteref) refs/heads/master refs/remotes/master [11ms]
2024-05-24 00:50:56.915 [info] > git status -z -uall [118ms]
2024-05-24 00:51:02.134 [info] > git config --get commit.template [12ms]
2024-05-24 00:51:02.219 [info] > git for-each-ref --format=%(refname)%00%(upstream:short)%00%(objectname)%00%(upstream:track)%00%(upstream:remotename)%00%(upstream:remoteref) refs/heads/master refs/remotes/master [20ms]
2024-05-24 00:51:02.450 [info] > git status -z -uall [148ms]
2024-05-24 00:52:07.491 [info] > git ls-files --stage -- /home/mi/workplace/src/learning/learning/move_horizontal.py [9ms]
2024-05-24 00:52:07.616 [info] > git show --textconv :workplace/src/learning/learning/move_horizontal.py [7ms]
2024-05-24 00:52:18.462 [info] > git ls-files --stage -- /home/mi/workplace/src/learning/learning/move_horizontal.py [7ms]
2024-05-24 00:52:18.555 [info] > git show --textconv :workplace/src/learning/learning/move_horizontal.py [7ms]
2024-05-24 00:53:31.601 [info] > git config --get commit.template [17ms]
2024-05-24 00:53:31.666 [info] > git for-each-ref --format=%(refname)%00%(upstream:short)%00%(objectname)%00%(upstream:track)%00%(upstream:remotename)%00%(upstream:remoteref) refs/heads/master refs/remotes/master [9ms]
2024-05-24 00:53:31.800 [info] > git status -z -uall [73ms]
2024-05-24 00:53:32.198 [info] > git merge-base refs/heads/master refs/remotes/origin/master [322ms]
2024-05-24 00:53:32.257 [info] > git rev-list --count --left-right refs/heads/master...refs/remotes/origin/master [6ms]
2024-05-24 00:53:32.323 [info] > git diff --name-status -z --diff-filter=ADMR 7fe3a803ce6102ce89f79eb3d61e53c5b1046660...refs/remotes/origin/master [7ms]
