/home/mi/install/learning/lib/python3.6/site-packages/learning/stand.py
/home/mi/install/learning/lib/python3.6/site-packages/learning/move_x.py
/home/mi/install/learning/lib/python3.6/site-packages/learning/track.py
/home/mi/install/learning/lib/python3.6/site-packages/learning/keeper.py
/home/mi/install/learning/lib/python3.6/site-packages/learning/__init__.py
/home/mi/install/learning/lib/python3.6/site-packages/learning/__pycache__/stand.cpython-36.pyc
/home/mi/install/learning/lib/python3.6/site-packages/learning/__pycache__/move_x.cpython-36.pyc
/home/mi/install/learning/lib/python3.6/site-packages/learning/__pycache__/track.cpython-36.pyc
/home/mi/install/learning/lib/python3.6/site-packages/learning/__pycache__/keeper.cpython-36.pyc
/home/mi/install/learning/lib/python3.6/site-packages/learning/__pycache__/__init__.cpython-36.pyc
/home/mi/install/learning/share/ament_index/resource_index/packages/learning
/home/mi/install/learning/share/learning/package.xml
/home/mi/install/learning/lib/python3.6/site-packages/learning-0.0.0-py3.6.egg-info/SOURCES.txt
/home/mi/install/learning/lib/python3.6/site-packages/learning-0.0.0-py3.6.egg-info/requires.txt
/home/mi/install/learning/lib/python3.6/site-packages/learning-0.0.0-py3.6.egg-info/PKG-INFO
/home/mi/install/learning/lib/python3.6/site-packages/learning-0.0.0-py3.6.egg-info/top_level.txt
/home/mi/install/learning/lib/python3.6/site-packages/learning-0.0.0-py3.6.egg-info/dependency_links.txt
/home/mi/install/learning/lib/python3.6/site-packages/learning-0.0.0-py3.6.egg-info/entry_points.txt
/home/mi/install/learning/lib/python3.6/site-packages/learning-0.0.0-py3.6.egg-info/zip-safe
/home/mi/install/learning/lib/learning/keeper
/home/mi/install/learning/lib/learning/move_x
/home/mi/install/learning/lib/learning/stand
/home/mi/install/learning/lib/learning/track
