[4.217s] Invoking command in '/home/mi/workplace/src/learning': PYTHONPATH=/home/mi/workplace/install/learning/lib/python3.6/site-packages:${PYTHONPATH} /usr/bin/python3 setup.py egg_info --egg-base ../../build/learning build --build-base /home/mi/workplace/build/learning/build install --prefix /home/mi/workplace/install/learning --record /home/mi/workplace/build/learning/install.log --single-version-externally-managed
[6.077s] running egg_info
[6.088s] writing ../../build/learning/learning.egg-info/PKG-INFO
[6.088s] writing dependency_links to ../../build/learning/learning.egg-info/dependency_links.txt
[6.089s] writing entry points to ../../build/learning/learning.egg-info/entry_points.txt
[6.089s] writing requirements to ../../build/learning/learning.egg-info/requires.txt
[6.090s] writing top-level names to ../../build/learning/learning.egg-info/top_level.txt
[6.102s] reading manifest file '../../build/learning/learning.egg-info/SOURCES.txt'
[6.110s] writing manifest file '../../build/learning/learning.egg-info/SOURCES.txt'
[6.111s] running build
[6.112s] running build_py
[6.112s] copying learning/keeper.py -> /home/mi/workplace/build/learning/build/lib/learning
[6.116s] running install
[6.116s] /usr/local/lib/python3.6/dist-packages/setuptools/command/install.py:37: SetuptoolsDeprecationWarning: setup.py install is deprecated. Use build and pip and other standards-based tools.
[6.117s]   setuptools.SetuptoolsDeprecationWarning,
[6.119s] running install_lib
[6.123s] copying /home/mi/workplace/build/learning/build/lib/learning/keeper.py -> /home/mi/workplace/install/learning/lib/python3.6/site-packages/learning
[6.126s] byte-compiling /home/mi/workplace/install/learning/lib/python3.6/site-packages/learning/keeper.py to keeper.cpython-36.pyc
[6.127s] running install_data
[6.132s] running install_egg_info
[6.139s] removing '/home/mi/workplace/install/learning/lib/python3.6/site-packages/learning-0.0.0-py3.6.egg-info' (and everything under it)
[6.141s] Copying ../../build/learning/learning.egg-info to /home/mi/workplace/install/learning/lib/python3.6/site-packages/learning-0.0.0-py3.6.egg-info
[6.147s] running install_scripts
[6.246s] Installing camera script to /home/mi/workplace/install/learning/lib/learning
[6.247s] Installing data_receive script to /home/mi/workplace/install/learning/lib/learning
[6.247s] Installing get_data script to /home/mi/workplace/install/learning/lib/learning
[6.250s] Installing keeper script to /home/mi/workplace/install/learning/lib/learning
[6.254s] Installing move_x script to /home/mi/workplace/install/learning/lib/learning
[6.257s] Installing stand script to /home/mi/workplace/install/learning/lib/learning
[6.258s] Installing track script to /home/mi/workplace/install/learning/lib/learning
[6.258s] writing list of installed files to '/home/mi/workplace/build/learning/install.log'
[6.365s] Invoked command in '/home/mi/workplace/src/learning' returned '0': PYTHONPATH=/home/mi/workplace/install/learning/lib/python3.6/site-packages:${PYTHONPATH} /usr/bin/python3 setup.py egg_info --egg-base ../../build/learning build --build-base /home/mi/workplace/build/learning/build install --prefix /home/mi/workplace/install/learning --record /home/mi/workplace/build/learning/install.log --single-version-externally-managed
