2024-05-23 22:10:08.542 [info] 日志级别: Info
2024-05-23 22:10:08.544 [info] 正在验证在以下位置找到的 git: "git"
2024-05-23 22:10:08.544 [info] 将使用位于 "2.17.1" 的 Git "git"
2024-05-23 22:10:08.544 [info] > git rev-parse --show-toplevel [2097ms]
2024-05-23 22:10:08.544 [info] > git rev-parse --git-dir --git-common-dir [59ms]
2024-05-23 22:10:08.544 [info] Open repository: /home/mi
2024-05-23 22:10:08.554 [info] > git rev-parse --show-toplevel [77ms]
2024-05-23 22:10:08.560 [info] > git config --get commit.template [94ms]
2024-05-23 22:10:08.608 [info] > git rev-parse --show-toplevel [31ms]
2024-05-23 22:10:09.140 [info] > git for-each-ref --format=%(refname)%00%(upstream:short)%00%(objectname)%00%(upstream:track)%00%(upstream:remotename)%00%(upstream:remoteref) refs/heads/master refs/remotes/master [541ms]
2024-05-23 22:10:09.242 [info] > git check-ignore -v -z --stdin [80ms]
2024-05-23 22:10:09.249 [info] > git rev-parse --show-toplevel [64ms]
2024-05-23 22:10:09.300 [info] > git rev-parse --show-toplevel [30ms]
2024-05-23 22:10:09.538 [info] > git status -z -uall [243ms]
2024-05-23 22:10:09.540 [info] > git rev-parse --show-toplevel [221ms]
2024-05-23 22:10:11.402 [info] > git merge-base refs/heads/master refs/remotes/origin/master [1815ms]
2024-05-23 22:10:11.678 [info] > git rev-list --count --left-right refs/heads/master...refs/remotes/origin/master [254ms]
2024-05-23 22:10:11.707 [info] > git config --get commit.template [385ms]
2024-05-23 22:10:11.708 [info] > git rev-parse --show-toplevel [408ms]
2024-05-23 22:10:11.776 [info] > git diff --name-status -z --diff-filter=ADMR 7fe3a803ce6102ce89f79eb3d61e53c5b1046660...refs/remotes/origin/master [75ms]
2024-05-23 22:10:11.812 [info] > git rev-parse --show-toplevel [85ms]
2024-05-23 22:10:11.820 [info] > git for-each-ref --format=%(refname)%00%(upstream:short)%00%(objectname)%00%(upstream:track)%00%(upstream:remotename)%00%(upstream:remoteref) refs/heads/master refs/remotes/master [22ms]
2024-05-23 22:10:11.841 [info] > git rev-parse --show-toplevel [5ms]
2024-05-23 22:10:11.970 [info] > git status -z -uall [112ms]
2024-05-23 22:10:11.972 [info] > git rev-parse --show-toplevel [93ms]
2024-05-23 22:10:12.205 [info] > git rev-parse --show-toplevel [213ms]
2024-05-23 22:10:12.757 [info] > git rev-parse --show-toplevel [148ms]
2024-05-23 22:10:12.782 [info] > git rev-parse --show-toplevel [7ms]
2024-05-23 22:10:12.807 [info] > git rev-parse --show-toplevel [6ms]
2024-05-23 22:10:12.830 [info] > git rev-parse --show-toplevel [5ms]
2024-05-23 22:10:12.901 [info] > git rev-parse --show-toplevel [54ms]
2024-05-23 22:10:12.929 [info] > git rev-parse --show-toplevel [9ms]
2024-05-23 22:10:12.953 [info] > git rev-parse --show-toplevel [8ms]
2024-05-23 22:10:12.994 [info] > git rev-parse --show-toplevel [25ms]
2024-05-23 22:10:13.018 [info] > git rev-parse --show-toplevel [9ms]
2024-05-23 22:10:13.038 [info] > git rev-parse --show-toplevel [4ms]
2024-05-23 22:10:13.068 [info] > git rev-parse --show-toplevel [11ms]
2024-05-23 22:10:13.091 [info] > git rev-parse --show-toplevel [4ms]
2024-05-23 22:10:13.113 [info] > git rev-parse --show-toplevel [5ms]
2024-05-23 22:10:13.133 [info] > git rev-parse --show-toplevel [4ms]
2024-05-23 22:10:13.153 [info] > git rev-parse --show-toplevel [5ms]
2024-05-23 22:10:13.173 [info] > git rev-parse --show-toplevel [4ms]
2024-05-23 22:10:13.194 [info] > git rev-parse --show-toplevel [5ms]
2024-05-23 22:10:13.213 [info] > git rev-parse --show-toplevel [4ms]
2024-05-23 22:10:13.279 [info] > git show --textconv :workplace/src/learning/setup.py [32ms]
2024-05-23 22:10:13.289 [info] > git ls-files --stage -- /home/mi/workplace/src/learning/setup.py [22ms]
2024-05-23 22:10:13.309 [info] > git cat-file -s 546dd794d4a390e65314c01f2dd0a9ef736f5718 [5ms]
2024-05-23 22:10:19.855 [info] > git config --get commit.template [4ms]
2024-05-23 22:10:19.877 [info] > git for-each-ref --format=%(refname)%00%(upstream:short)%00%(objectname)%00%(upstream:track)%00%(upstream:remotename)%00%(upstream:remoteref) refs/heads/master refs/remotes/master [5ms]
2024-05-23 22:10:19.978 [info] > git status -z -uall [82ms]
2024-05-23 22:10:23.272 [info] > git show --textconv :workplace/src/learning/setup.py [30ms]
2024-05-23 22:10:23.276 [info] > git ls-files --stage -- /home/mi/workplace/src/learning/setup.py [16ms]
2024-05-23 22:10:23.297 [info] > git cat-file -s 546dd794d4a390e65314c01f2dd0a9ef736f5718 [5ms]
2024-05-23 22:10:23.490 [info] > git show --textconv :workplace/src/learning/learning/data_receive.py [23ms]
2024-05-23 22:10:23.494 [info] > git ls-files --stage -- /home/mi/workplace/src/learning/learning/data_receive.py [8ms]
2024-05-23 22:10:23.515 [info] > git cat-file -s 1b9583a4100c824a06dd995fb1e3affd51231d41 [5ms]
2024-05-23 22:10:23.801 [info] > git check-ignore -v -z --stdin [10ms]
2024-05-23 22:10:24.746 [info] > git show --textconv :workplace/src/learning/setup.py [20ms]
2024-05-23 22:10:24.753 [info] > git ls-files --stage -- /home/mi/workplace/src/learning/setup.py [9ms]
2024-05-23 22:10:24.772 [info] > git cat-file -s 546dd794d4a390e65314c01f2dd0a9ef736f5718 [4ms]
2024-05-23 22:10:34.783 [info] > git show --textconv :workplace/readme.md [34ms]
2024-05-23 22:10:34.789 [info] > git ls-files --stage -- /home/mi/workplace/readme.md [19ms]
2024-05-23 22:10:34.818 [info] > git cat-file -s d6302f1fe87ecf35a15e13fe68aa7df80789d6e1 [10ms]
2024-05-23 22:12:44.320 [info] > git show --textconv :workplace/src/learning/learning/stand.py [23ms]
2024-05-23 22:12:44.330 [info] > git ls-files --stage -- /home/mi/workplace/src/learning/learning/stand.py [16ms]
2024-05-23 22:12:44.349 [info] > git cat-file -s 7cb3046d76b85887768792615ae962a43ae669a4 [5ms]
2024-05-23 22:13:01.227 [info] > git config --get commit.template [6ms]
2024-05-23 22:13:01.250 [info] > git for-each-ref --format=%(refname)%00%(upstream:short)%00%(objectname)%00%(upstream:track)%00%(upstream:remotename)%00%(upstream:remoteref) refs/heads/master refs/remotes/master [6ms]
2024-05-23 22:13:01.346 [info] > git status -z -uall [77ms]
2024-05-23 22:21:19.439 [info] > git show --textconv :workplace/readme.md [31ms]
2024-05-23 22:21:19.451 [info] > git ls-files --stage -- /home/mi/workplace/readme.md [22ms]
2024-05-23 22:21:19.474 [info] > git cat-file -s d6302f1fe87ecf35a15e13fe68aa7df80789d6e1 [9ms]
2024-05-23 22:22:00.939 [info] > git config --get commit.template [21ms]
2024-05-23 22:22:00.941 [info] > git for-each-ref --format=%(refname)%00%(upstream:short)%00%(objectname)%00%(upstream:track)%00%(upstream:remotename)%00%(upstream:remoteref) refs/heads/master refs/remotes/master [10ms]
2024-05-23 22:22:01.038 [info] > git status -z -uall [77ms]
2024-05-23 22:22:48.167 [info] > git show --textconv :workplace/src/learning/learning/keeper.py [26ms]
2024-05-23 22:22:48.172 [info] > git ls-files --stage -- /home/mi/workplace/src/learning/learning/keeper.py [12ms]
2024-05-23 22:22:48.194 [info] > git cat-file -s 2991628a82f194739b56b3a0cf8e206d4b839cd9 [5ms]
2024-05-23 22:22:56.215 [info] > git show --textconv :workplace/readme.md [39ms]
2024-05-23 22:22:56.225 [info] > git ls-files --stage -- /home/mi/workplace/readme.md [24ms]
2024-05-23 22:22:56.253 [info] > git cat-file -s d6302f1fe87ecf35a15e13fe68aa7df80789d6e1 [10ms]
2024-05-23 22:24:47.307 [info] > git config --get commit.template [6ms]
2024-05-23 22:24:47.329 [info] > git for-each-ref --format=%(refname)%00%(upstream:short)%00%(objectname)%00%(upstream:track)%00%(upstream:remotename)%00%(upstream:remoteref) refs/heads/master refs/remotes/master [5ms]
2024-05-23 22:24:47.439 [info] > git status -z -uall [90ms]
2024-05-23 22:24:52.645 [info] > git config --get commit.template [30ms]
2024-05-23 22:24:52.648 [info] > git for-each-ref --format=%(refname)%00%(upstream:short)%00%(objectname)%00%(upstream:track)%00%(upstream:remotename)%00%(upstream:remoteref) refs/heads/master refs/remotes/master [15ms]
2024-05-23 22:24:52.762 [info] > git status -z -uall [95ms]
2024-05-23 22:35:13.067 [info] > git config --get commit.template [3ms]
2024-05-23 22:35:13.088 [info] > git for-each-ref --format=%(refname)%00%(upstream:short)%00%(objectname)%00%(upstream:track)%00%(upstream:remotename)%00%(upstream:remoteref) refs/heads/master refs/remotes/master [6ms]
2024-05-23 22:35:13.192 [info] > git status -z -uall [86ms]
2024-05-23 22:35:18.317 [info] > git config --get commit.template [6ms]
2024-05-23 22:35:18.341 [info] > git for-each-ref --format=%(refname)%00%(upstream:short)%00%(objectname)%00%(upstream:track)%00%(upstream:remotename)%00%(upstream:remoteref) refs/heads/master refs/remotes/master [5ms]
2024-05-23 22:35:18.461 [info] > git status -z -uall [98ms]
2024-05-23 22:36:36.001 [info] > git show --textconv :workplace/src/learning/learning/keeper.py [31ms]
2024-05-23 22:36:36.014 [info] > git ls-files --stage -- /home/mi/workplace/src/learning/learning/keeper.py [22ms]
2024-05-23 22:36:36.040 [info] > git cat-file -s 2991628a82f194739b56b3a0cf8e206d4b839cd9 [4ms]
2024-05-23 22:36:39.424 [info] > git show --textconv :workplace/src/learning/learning/move_x.py [23ms]
2024-05-23 22:36:39.432 [info] > git ls-files --stage -- /home/mi/workplace/src/learning/learning/move_x.py [9ms]
2024-05-23 22:36:39.455 [info] > git cat-file -s edb32e0c9cdc767e9aa018b1c5d25c59d3f3f09f [4ms]
2024-05-23 22:36:41.215 [info] > git show --textconv :workplace/src/learning/learning/keeper.py [18ms]
2024-05-23 22:36:41.221 [info] > git ls-files --stage -- /home/mi/workplace/src/learning/learning/keeper.py [7ms]
2024-05-23 22:36:41.244 [info] > git cat-file -s 2991628a82f194739b56b3a0cf8e206d4b839cd9 [8ms]
2024-05-23 22:38:06.681 [info] > git show --textconv :workplace/src/learning/learning/stand.py [26ms]
2024-05-23 22:38:06.686 [info] > git ls-files --stage -- /home/mi/workplace/src/learning/learning/stand.py [14ms]
2024-05-23 22:38:06.711 [info] > git cat-file -s 7cb3046d76b85887768792615ae962a43ae669a4 [9ms]
2024-05-23 22:38:07.382 [info] > git show --textconv :workplace/src/learning/learning/move_x.py [21ms]
2024-05-23 22:38:07.386 [info] > git ls-files --stage -- /home/mi/workplace/src/learning/learning/move_x.py [7ms]
2024-05-23 22:38:07.410 [info] > git cat-file -s edb32e0c9cdc767e9aa018b1c5d25c59d3f3f09f [7ms]
2024-05-23 22:39:56.370 [info] > git show --textconv :workplace/readme.md [27ms]
2024-05-23 22:39:56.381 [info] > git ls-files --stage -- /home/mi/workplace/readme.md [19ms]
2024-05-23 22:39:56.402 [info] > git cat-file -s d6302f1fe87ecf35a15e13fe68aa7df80789d6e1 [4ms]
2024-05-23 22:40:07.216 [info] > git show --textconv :workplace/src/learning/learning/move_x.py [29ms]
2024-05-23 22:40:07.223 [info] > git ls-files --stage -- /home/mi/workplace/src/learning/learning/move_x.py [16ms]
2024-05-23 22:40:07.249 [info] > git cat-file -s edb32e0c9cdc767e9aa018b1c5d25c59d3f3f09f [11ms]
2024-05-23 23:02:58.249 [info] > git check-ignore -v -z --stdin [6ms]
