[4.067s] Invoking command in '/home/mi/workplace/src/learning': PYTHONPATH=/home/mi/workplace/install/learning/lib/python3.6/site-packages:${PYTHONPATH} /usr/bin/python3 setup.py egg_info --egg-base ../../build/learning build --build-base /home/mi/workplace/build/learning/build install --prefix /home/mi/workplace/install/learning --record /home/mi/workplace/build/learning/install.log --single-version-externally-managed
[5.756s] running egg_info
[5.759s] writing ../../build/learning/learning.egg-info/PKG-INFO
[5.763s] writing dependency_links to ../../build/learning/learning.egg-info/dependency_links.txt
[5.764s] writing entry points to ../../build/learning/learning.egg-info/entry_points.txt
[5.764s] writing requirements to ../../build/learning/learning.egg-info/requires.txt
[5.765s] writing top-level names to ../../build/learning/learning.egg-info/top_level.txt
[5.785s] reading manifest file '../../build/learning/learning.egg-info/SOURCES.txt'
[5.794s] writing manifest file '../../build/learning/learning.egg-info/SOURCES.txt'
[5.796s] running build
[5.796s] running build_py
[5.797s] running install
[5.798s] /usr/local/lib/python3.6/dist-packages/setuptools/command/install.py:37: SetuptoolsDeprecationWarning: setup.py install is deprecated. Use build and pip and other standards-based tools.
[5.799s]   setuptools.SetuptoolsDeprecationWarning,
[5.800s] running install_lib
[5.807s] running install_data
[5.811s] running install_egg_info
[5.822s] removing '/home/mi/workplace/install/learning/lib/python3.6/site-packages/learning-0.0.0-py3.6.egg-info' (and everything under it)
[5.824s] Copying ../../build/learning/learning.egg-info to /home/mi/workplace/install/learning/lib/python3.6/site-packages/learning-0.0.0-py3.6.egg-info
[5.831s] running install_scripts
[5.939s] Installing stand script to /home/mi/workplace/install/learning/lib/learning
[5.942s] writing list of installed files to '/home/mi/workplace/build/learning/install.log'
[6.056s] Invoked command in '/home/mi/workplace/src/learning' returned '0': PYTHONPATH=/home/mi/workplace/install/learning/lib/python3.6/site-packages:${PYTHONPATH} /usr/bin/python3 setup.py egg_info --egg-base ../../build/learning build --build-base /home/mi/workplace/build/learning/build install --prefix /home/mi/workplace/install/learning --record /home/mi/workplace/build/learning/install.log --single-version-externally-managed
