[4.450s] Invoking command in '/home/mi/workplace/src/learning': PYTHONPATH=/home/mi/workplace/install/learning/lib/python3.6/site-packages:${PYTHONPATH} /usr/bin/python3 setup.py egg_info --egg-base ../../build/learning build --build-base /home/mi/workplace/build/learning/build install --prefix /home/mi/workplace/install/learning --record /home/mi/workplace/build/learning/install.log --single-version-externally-managed
[6.148s] running egg_info
[6.150s] writing ../../build/learning/learning.egg-info/PKG-INFO
[6.152s] writing dependency_links to ../../build/learning/learning.egg-info/dependency_links.txt
[6.153s] writing entry points to ../../build/learning/learning.egg-info/entry_points.txt
[6.155s] writing requirements to ../../build/learning/learning.egg-info/requires.txt
[6.159s] writing top-level names to ../../build/learning/learning.egg-info/top_level.txt
[6.173s] reading manifest file '../../build/learning/learning.egg-info/SOURCES.txt'
[6.181s] writing manifest file '../../build/learning/learning.egg-info/SOURCES.txt'
[6.185s] running build
[6.186s] running build_py
[6.187s] copying learning/keeper.py -> /home/mi/workplace/build/learning/build/lib/learning
[6.192s] /usr/local/lib/python3.6/dist-packages/setuptools/command/install.py:37: SetuptoolsDeprecationWarning: setup.py install is deprecated. Use build and pip and other standards-based tools.
[6.193s]   setuptools.SetuptoolsDeprecationWarning,
[6.193s] running install
[6.194s] running install_lib
[6.198s] copying /home/mi/workplace/build/learning/build/lib/learning/keeper.py -> /home/mi/workplace/install/learning/lib/python3.6/site-packages/learning
[6.202s] byte-compiling /home/mi/workplace/install/learning/lib/python3.6/site-packages/learning/keeper.py to keeper.cpython-36.pyc
[6.204s] running install_data
[6.205s] running install_egg_info
[6.215s] removing '/home/mi/workplace/install/learning/lib/python3.6/site-packages/learning-0.0.0-py3.6.egg-info' (and everything under it)
[6.217s] Copying ../../build/learning/learning.egg-info to /home/mi/workplace/install/learning/lib/python3.6/site-packages/learning-0.0.0-py3.6.egg-info
[6.222s] running install_scripts
[6.324s] Installing camera script to /home/mi/workplace/install/learning/lib/learning
[6.325s] Installing data_receive script to /home/mi/workplace/install/learning/lib/learning
[6.326s] Installing get_data script to /home/mi/workplace/install/learning/lib/learning
[6.327s] Installing keeper script to /home/mi/workplace/install/learning/lib/learning
[6.327s] Installing move_x script to /home/mi/workplace/install/learning/lib/learning
[6.328s] Installing stand script to /home/mi/workplace/install/learning/lib/learning
[6.330s] Installing track script to /home/mi/workplace/install/learning/lib/learning
[6.330s] writing list of installed files to '/home/mi/workplace/build/learning/install.log'
[6.459s] Invoked command in '/home/mi/workplace/src/learning' returned '0': PYTHONPATH=/home/mi/workplace/install/learning/lib/python3.6/site-packages:${PYTHONPATH} /usr/bin/python3 setup.py egg_info --egg-base ../../build/learning build --build-base /home/mi/workplace/build/learning/build install --prefix /home/mi/workplace/install/learning --record /home/mi/workplace/build/learning/install.log --single-version-externally-managed
